2016-04-18 13:51:31
array (
  'className' => 'Exception',
  'message' => 'SQLSTATE[23000]: Integrity constraint violation: 1048 Column \'user_area_id\' cannot be null',
  'code' => '23000',
  'file' => '/root/apps/90server/Application/apps/dao/BaseDao.php',
  'line' => 67,
  'userAgent' => '',
  'trace' => 
  array (
    0 => 
    array (
      'file' => '/root/apps/90server/Application/apps/dao/BaseDao.php',
      'line' => 67,
      'function' => 'execute',
      'args' => 
      array (
        0 => 'array (
  \'user_id\' => \'2016041813513175645\',
  \'user_name\' => \'Sin柠檬\',
  \'user_password\' => \'8d969eef6ecad3c29a3a629280e686cf0c3f5d5a86aff3ca12020c923adc6c92\',
  \'user_salt\' => \'123456\',
  \'user_mobile\' => \'\',
  \'user_email\' => \'\',
  \'user_avatar\' => \'http://tp3.sinaimg.cn/2497269530/50/5731003348/1\',
  \'user_area_id\' => NULL,
)',
      ),
      'class' => 'PDOStatement',
      'type' => '->',
    ),
    1 => 
    array (
      'file' => '/root/apps/90server/Application/apps/dao/user/User.php',
      'line' => 55,
      'function' => 'execute',
      'args' => 
      array (
        0 => 'Aura\\SqlQuery\\Mysql\\Insert::__set_state(array(
   \'col_on_update_values\' => NULL,
   \'into\' => \'90_user_base\',
   \'last_insert_id_names\' => 
  array (
  ),
   \'row\' => 0,
   \'col_values_bulk\' => 
  array (
  ),
   \'bind_values_bulk\' => 
  array (
  ),
   \'col_order\' => 
  array (
  ),
   \'col_values\' => 
  array (
    \'`user_id`\' => \':user_id\',
    \'`user_name`\' => \':user_name\',
    \'`user_password`\' => \':user_password\',
    \'`user_salt`\' => \':user_salt\',
    \'`user_mobile`\' => \':user_mobile\',
    \'`user_email`\' => \':user_email\',
    \'`user_avatar`\' => \':user_avatar\',
    \'`user_area_id`\' => \':user_area_id\',
  ),
   \'returning\' => 
  array (
  ),
   \'bind_values\' => 
  array (
    \'user_id\' => \'2016041813513175645\',
    \'user_name\' => \'Sin柠檬\',
    \'user_password\' => \'8d969eef6ecad3c29a3a629280e686cf0c3f5d5a86aff3ca12020c923adc6c92\',
    \'user_salt\' => \'123456\',
    \'user_mobile\' => \'\',
    \'user_email\' => \'\',
    \'user_avatar\' => \'http://tp3.sinaimg.cn/2497269530/50/5731003348/1\',
    \'user_area_id\' => NULL,
  ),
   \'where\' => 
  array (
  ),
   \'order_by\' => 
  array (
  ),
   \'limit\' => 0,
   \'offset\' => 0,
   \'flags\' => 
  array (
  ),
   \'quoter\' => 
  Aura\\SqlQuery\\Quoter::__set_state(array(
     \'quote_name_prefix\' => \'`\',
     \'quote_name_suffix\' => \'`\',
  )),
   \'seq_bind_prefix\' => \'_2\',
))',
      ),
      'class' => 'dao\\BaseDao',
      'type' => '->',
    ),
    2 => 
    array (
      'file' => '/root/apps/90server/Application/apps/dao/BaseDao.php',
      'line' => 44,
      'function' => 'register',
      'args' => 
      array (
      ),
      'class' => 'dao\\user\\User',
      'type' => '->',
    ),
    3 => 
    array (
      'file' => '/root/apps/90server/Application/apps/ctrl/Login.php',
      'line' => 78,
      'function' => 'run',
      'args' => 
      array (
        0 => '\'register\'',
        1 => '\'Sin柠檬\'',
        2 => '\'\'',
        3 => '\'\'',
        4 => '\'\'',
        5 => '\'http://tp3.sinaimg.cn/2497269530/50/5731003348/1\'',
        6 => 'NULL',
      ),
      'class' => 'dao\\BaseDao',
      'type' => '->',
    ),
    4 => 
    array (
      'file' => '/root/apps/90server/ZPHP/Core/Route.php',
      'line' => 33,
      'function' => 'login_third',
      'args' => 
      array (
      ),
      'class' => 'ctrl\\Login',
      'type' => '->',
    ),
    5 => 
    array (
      'file' => '/root/apps/90server/Application/apps/socket/HttpServer.php',
      'line' => 50,
      'function' => 'route',
      'args' => 
      array (
      ),
      'class' => 'ZPHP\\Core\\Route',
      'type' => '::',
    ),
    6 => 
    array (
      'file' => 'null',
      'line' => 'null',
      'function' => 'onRequest',
      'args' => 
      array (
        0 => 'swoole_http_request::__set_state(array(
   \'fd\' => 12,
   \'header\' => 
  array (
    \'content-type\' => \'multipart/form-data; boundary=__X_PAW_BOUNDARY__\',
    \'host\' => \'101.201.39.169:8992\',
    \'connection\' => \'close\',
    \'user-agent\' => \'Paw/2.3.1 (Macintosh; OS X/10.11.4) GCDHTTPRequest\',
    \'content-length\' => \'401\',
  ),
   \'server\' => 
  array (
    \'request_method\' => \'POST\',
    \'request_uri\' => \'/Login/login_third\',
    \'path_info\' => \'/Login/login_third\',
    \'request_time\' => 1460958691,
    \'request_time_float\' => 1460958691.6161759,
    \'server_port\' => 8992,
    \'remote_port\' => 62056,
    \'remote_addr\' => \'111.196.6.229\',
    \'server_protocol\' => \'HTTP/1.1\',
    \'server_software\' => \'swoole-http-server\',
  ),
   \'files\' => 
  array (
  ),
   \'post\' => 
  array (
    \'third_id\' => \'2497269530\',
    \'user_area_id \' => \'1\',
    \'user_name\' => \'Sin柠檬\',
    \'user_avatar\' => \'http://tp3.sinaimg.cn/2497269530/50/5731003348/1\',
  ),
))',
        1 => 'swoole_http_response::__set_state(array(
   \'fd\' => 12,
))',
      ),
      'class' => 'socket\\HttpServer',
      'type' => '->',
    ),
    7 => 
    array (
      'file' => '/root/apps/90server/ZPHP/Socket/Adapter/Swoole.php',
      'line' => 134,
      'function' => 'start',
      'args' => 
      array (
      ),
      'class' => 'swoole_http_server',
      'type' => '->',
    ),
    8 => 
    array (
      'file' => '/root/apps/90server/ZPHP/Server/Adapter/Socket.php',
      'line' => 31,
      'function' => 'run',
      'args' => 
      array (
      ),
      'class' => 'ZPHP\\Socket\\Adapter\\Swoole',
      'type' => '->',
    ),
    9 => 
    array (
      'file' => '/root/apps/90server/ZPHP/ZPHP.php',
      'line' => 189,
      'function' => 'run',
      'args' => 
      array (
      ),
      'class' => 'ZPHP\\Server\\Adapter\\Socket',
      'type' => '->',
    ),
    10 => 
    array (
      'file' => '/root/apps/90server/Application/webroot/main.php',
      'line' => 7,
      'function' => 'run',
      'args' => 
      array (
        0 => '\'/root/apps/90server/Application\'',
      ),
      'class' => 'ZPHP\\ZPHP',
      'type' => '::',
    ),
  ),
)
2016-04-18 13:55:22
array (
  'className' => 'Exception',
  'message' => 'SQLSTATE[23000]: Integrity constraint violation: 1048 Column \'user_area_id\' cannot be null',
  'code' => '23000',
  'file' => '/root/apps/90server/Application/apps/dao/BaseDao.php',
  'line' => 67,
  'userAgent' => '',
  'trace' => 
  array (
    0 => 
    array (
      'file' => '/root/apps/90server/Application/apps/dao/BaseDao.php',
      'line' => 67,
      'function' => 'execute',
      'args' => 
      array (
        0 => 'array (
  \'user_id\' => \'2016041813552210202\',
  \'user_name\' => \'我的啊\',
  \'user_password\' => \'8d969eef6ecad3c29a3a629280e686cf0c3f5d5a86aff3ca12020c923adc6c92\',
  \'user_salt\' => \'123456\',
  \'user_mobile\' => \'\',
  \'user_email\' => \'\',
  \'user_avatar\' => \'""\',
  \'user_area_id\' => NULL,
)',
      ),
      'class' => 'PDOStatement',
      'type' => '->',
    ),
    1 => 
    array (
      'file' => '/root/apps/90server/Application/apps/dao/user/User.php',
      'line' => 55,
      'function' => 'execute',
      'args' => 
      array (
        0 => 'Aura\\SqlQuery\\Mysql\\Insert::__set_state(array(
   \'col_on_update_values\' => NULL,
   \'into\' => \'90_user_base\',
   \'last_insert_id_names\' => 
  array (
  ),
   \'row\' => 0,
   \'col_values_bulk\' => 
  array (
  ),
   \'bind_values_bulk\' => 
  array (
  ),
   \'col_order\' => 
  array (
  ),
   \'col_values\' => 
  array (
    \'`user_id`\' => \':user_id\',
    \'`user_name`\' => \':user_name\',
    \'`user_password`\' => \':user_password\',
    \'`user_salt`\' => \':user_salt\',
    \'`user_mobile`\' => \':user_mobile\',
    \'`user_email`\' => \':user_email\',
    \'`user_avatar`\' => \':user_avatar\',
    \'`user_area_id`\' => \':user_area_id\',
  ),
   \'returning\' => 
  array (
  ),
   \'bind_values\' => 
  array (
    \'user_id\' => \'2016041813552210202\',
    \'user_name\' => \'我的啊\',
    \'user_password\' => \'8d969eef6ecad3c29a3a629280e686cf0c3f5d5a86aff3ca12020c923adc6c92\',
    \'user_salt\' => \'123456\',
    \'user_mobile\' => \'\',
    \'user_email\' => \'\',
    \'user_avatar\' => \'""\',
    \'user_area_id\' => NULL,
  ),
   \'where\' => 
  array (
  ),
   \'order_by\' => 
  array (
  ),
   \'limit\' => 0,
   \'offset\' => 0,
   \'flags\' => 
  array (
  ),
   \'quoter\' => 
  Aura\\SqlQuery\\Quoter::__set_state(array(
     \'quote_name_prefix\' => \'`\',
     \'quote_name_suffix\' => \'`\',
  )),
   \'seq_bind_prefix\' => \'_8\',
))',
      ),
      'class' => 'dao\\BaseDao',
      'type' => '->',
    ),
    2 => 
    array (
      'file' => '/root/apps/90server/Application/apps/dao/BaseDao.php',
      'line' => 44,
      'function' => 'register',
      'args' => 
      array (
      ),
      'class' => 'dao\\user\\User',
      'type' => '->',
    ),
    3 => 
    array (
      'file' => '/root/apps/90server/Application/apps/ctrl/Login.php',
      'line' => 78,
      'function' => 'run',
      'args' => 
      array (
        0 => '\'register\'',
        1 => '\'我的啊\'',
        2 => '\'\'',
        3 => '\'\'',
        4 => '\'\'',
        5 => '\'""\'',
        6 => 'NULL',
      ),
      'class' => 'dao\\BaseDao',
      'type' => '->',
    ),
    4 => 
    array (
      'file' => '/root/apps/90server/ZPHP/Core/Route.php',
      'line' => 33,
      'function' => 'login_third',
      'args' => 
      array (
      ),
      'class' => 'ctrl\\Login',
      'type' => '->',
    ),
    5 => 
    array (
      'file' => '/root/apps/90server/Application/apps/socket/HttpServer.php',
      'line' => 50,
      'function' => 'route',
      'args' => 
      array (
      ),
      'class' => 'ZPHP\\Core\\Route',
      'type' => '::',
    ),
    6 => 
    array (
      'file' => 'null',
      'line' => 'null',
      'function' => 'onRequest',
      'args' => 
      array (
        0 => 'swoole_http_request::__set_state(array(
   \'fd\' => 22,
   \'header\' => 
  array (
    \'content-type\' => \'multipart/form-data; boundary=__X_PAW_BOUNDARY__\',
    \'host\' => \'101.201.39.169:8992\',
    \'connection\' => \'close\',
    \'user-agent\' => \'Paw/2.3.1 (Macintosh; OS X/10.11.4) GCDHTTPRequest\',
    \'content-length\' => \'349\',
  ),
   \'server\' => 
  array (
    \'request_method\' => \'POST\',
    \'request_uri\' => \'/Login/login_third\',
    \'path_info\' => \'/Login/login_third\',
    \'request_time\' => 1460958922,
    \'request_time_float\' => 1460958922.6482661,
    \'server_port\' => 8992,
    \'remote_port\' => 62171,
    \'remote_addr\' => \'111.196.6.229\',
    \'server_protocol\' => \'HTTP/1.1\',
    \'server_software\' => \'swoole-http-server\',
  ),
   \'files\' => 
  array (
  ),
   \'post\' => 
  array (
    \'third_id\' => \'3212\',
    \'user_area_id \' => \'1\',
    \'user_name\' => \'我的啊\',
    \'user_avatar\' => \'""\',
  ),
))',
        1 => 'swoole_http_response::__set_state(array(
   \'fd\' => 22,
))',
      ),
      'class' => 'socket\\HttpServer',
      'type' => '->',
    ),
    7 => 
    array (
      'file' => '/root/apps/90server/ZPHP/Socket/Adapter/Swoole.php',
      'line' => 134,
      'function' => 'start',
      'args' => 
      array (
      ),
      'class' => 'swoole_http_server',
      'type' => '->',
    ),
    8 => 
    array (
      'file' => '/root/apps/90server/ZPHP/Server/Adapter/Socket.php',
      'line' => 31,
      'function' => 'run',
      'args' => 
      array (
      ),
      'class' => 'ZPHP\\Socket\\Adapter\\Swoole',
      'type' => '->',
    ),
    9 => 
    array (
      'file' => '/root/apps/90server/ZPHP/ZPHP.php',
      'line' => 189,
      'function' => 'run',
      'args' => 
      array (
      ),
      'class' => 'ZPHP\\Server\\Adapter\\Socket',
      'type' => '->',
    ),
    10 => 
    array (
      'file' => '/root/apps/90server/Application/webroot/main.php',
      'line' => 7,
      'function' => 'run',
      'args' => 
      array (
        0 => '\'/root/apps/90server/Application\'',
      ),
      'class' => 'ZPHP\\ZPHP',
      'type' => '::',
    ),
  ),
)
2016-04-18 13:55:37
array (
  'className' => 'Exception',
  'message' => 'SQLSTATE[23000]: Integrity constraint violation: 1048 Column \'user_area_id\' cannot be null',
  'code' => '23000',
  'file' => '/root/apps/90server/Application/apps/dao/BaseDao.php',
  'line' => 67,
  'userAgent' => '',
  'trace' => 
  array (
    0 => 
    array (
      'file' => '/root/apps/90server/Application/apps/dao/BaseDao.php',
      'line' => 67,
      'function' => 'execute',
      'args' => 
      array (
        0 => 'array (
  \'user_id\' => \'2016041813553775481\',
  \'user_name\' => \'aa\',
  \'user_password\' => \'8d969eef6ecad3c29a3a629280e686cf0c3f5d5a86aff3ca12020c923adc6c92\',
  \'user_salt\' => \'123456\',
  \'user_mobile\' => \'\',
  \'user_email\' => \'\',
  \'user_avatar\' => \'""\',
  \'user_area_id\' => NULL,
)',
      ),
      'class' => 'PDOStatement',
      'type' => '->',
    ),
    1 => 
    array (
      'file' => '/root/apps/90server/Application/apps/dao/user/User.php',
      'line' => 55,
      'function' => 'execute',
      'args' => 
      array (
        0 => 'Aura\\SqlQuery\\Mysql\\Insert::__set_state(array(
   \'col_on_update_values\' => NULL,
   \'into\' => \'90_user_base\',
   \'last_insert_id_names\' => 
  array (
  ),
   \'row\' => 0,
   \'col_values_bulk\' => 
  array (
  ),
   \'bind_values_bulk\' => 
  array (
  ),
   \'col_order\' => 
  array (
  ),
   \'col_values\' => 
  array (
    \'`user_id`\' => \':user_id\',
    \'`user_name`\' => \':user_name\',
    \'`user_password`\' => \':user_password\',
    \'`user_salt`\' => \':user_salt\',
    \'`user_mobile`\' => \':user_mobile\',
    \'`user_email`\' => \':user_email\',
    \'`user_avatar`\' => \':user_avatar\',
    \'`user_area_id`\' => \':user_area_id\',
  ),
   \'returning\' => 
  array (
  ),
   \'bind_values\' => 
  array (
    \'user_id\' => \'2016041813553775481\',
    \'user_name\' => \'aa\',
    \'user_password\' => \'8d969eef6ecad3c29a3a629280e686cf0c3f5d5a86aff3ca12020c923adc6c92\',
    \'user_salt\' => \'123456\',
    \'user_mobile\' => \'\',
    \'user_email\' => \'\',
    \'user_avatar\' => \'""\',
    \'user_area_id\' => NULL,
  ),
   \'where\' => 
  array (
  ),
   \'order_by\' => 
  array (
  ),
   \'limit\' => 0,
   \'offset\' => 0,
   \'flags\' => 
  array (
  ),
   \'quoter\' => 
  Aura\\SqlQuery\\Quoter::__set_state(array(
     \'quote_name_prefix\' => \'`\',
     \'quote_name_suffix\' => \'`\',
  )),
   \'seq_bind_prefix\' => \'_10\',
))',
      ),
      'class' => 'dao\\BaseDao',
      'type' => '->',
    ),
    2 => 
    array (
      'file' => '/root/apps/90server/Application/apps/dao/BaseDao.php',
      'line' => 44,
      'function' => 'register',
      'args' => 
      array (
      ),
      'class' => 'dao\\user\\User',
      'type' => '->',
    ),
    3 => 
    array (
      'file' => '/root/apps/90server/Application/apps/ctrl/Login.php',
      'line' => 78,
      'function' => 'run',
      'args' => 
      array (
        0 => '\'register\'',
        1 => '\'aa\'',
        2 => '\'\'',
        3 => '\'\'',
        4 => '\'\'',
        5 => '\'""\'',
        6 => 'NULL',
      ),
      'class' => 'dao\\BaseDao',
      'type' => '->',
    ),
    4 => 
    array (
      'file' => '/root/apps/90server/ZPHP/Core/Route.php',
      'line' => 33,
      'function' => 'login_third',
      'args' => 
      array (
      ),
      'class' => 'ctrl\\Login',
      'type' => '->',
    ),
    5 => 
    array (
      'file' => '/root/apps/90server/Application/apps/socket/HttpServer.php',
      'line' => 50,
      'function' => 'route',
      'args' => 
      array (
      ),
      'class' => 'ZPHP\\Core\\Route',
      'type' => '::',
    ),
    6 => 
    array (
      'file' => 'null',
      'line' => 'null',
      'function' => 'onRequest',
      'args' => 
      array (
        0 => 'swoole_http_request::__set_state(array(
   \'fd\' => 23,
   \'header\' => 
  array (
    \'content-type\' => \'multipart/form-data; boundary=__X_PAW_BOUNDARY__\',
    \'host\' => \'101.201.39.169:8992\',
    \'connection\' => \'close\',
    \'user-agent\' => \'Paw/2.3.1 (Macintosh; OS X/10.11.4) GCDHTTPRequest\',
    \'content-length\' => \'343\',
  ),
   \'server\' => 
  array (
    \'request_method\' => \'POST\',
    \'request_uri\' => \'/Login/login_third\',
    \'path_info\' => \'/Login/login_third\',
    \'request_time\' => 1460958937,
    \'request_time_float\' => 1460958937.3505869,
    \'server_port\' => 8992,
    \'remote_port\' => 62172,
    \'remote_addr\' => \'111.196.6.229\',
    \'server_protocol\' => \'HTTP/1.1\',
    \'server_software\' => \'swoole-http-server\',
  ),
   \'files\' => 
  array (
  ),
   \'post\' => 
  array (
    \'third_id\' => \'32122\',
    \'user_area_id \' => \'1\',
    \'user_name\' => \'aa\',
    \'user_avatar\' => \'""\',
  ),
))',
        1 => 'swoole_http_response::__set_state(array(
   \'fd\' => 23,
))',
      ),
      'class' => 'socket\\HttpServer',
      'type' => '->',
    ),
    7 => 
    array (
      'file' => '/root/apps/90server/ZPHP/Socket/Adapter/Swoole.php',
      'line' => 134,
      'function' => 'start',
      'args' => 
      array (
      ),
      'class' => 'swoole_http_server',
      'type' => '->',
    ),
    8 => 
    array (
      'file' => '/root/apps/90server/ZPHP/Server/Adapter/Socket.php',
      'line' => 31,
      'function' => 'run',
      'args' => 
      array (
      ),
      'class' => 'ZPHP\\Socket\\Adapter\\Swoole',
      'type' => '->',
    ),
    9 => 
    array (
      'file' => '/root/apps/90server/ZPHP/ZPHP.php',
      'line' => 189,
      'function' => 'run',
      'args' => 
      array (
      ),
      'class' => 'ZPHP\\Server\\Adapter\\Socket',
      'type' => '->',
    ),
    10 => 
    array (
      'file' => '/root/apps/90server/Application/webroot/main.php',
      'line' => 7,
      'function' => 'run',
      'args' => 
      array (
        0 => '\'/root/apps/90server/Application\'',
      ),
      'class' => 'ZPHP\\ZPHP',
      'type' => '::',
    ),
  ),
)
2016-04-18 13:55:44
array (
  'className' => 'Exception',
  'message' => 'SQLSTATE[23000]: Integrity constraint violation: 1048 Column \'user_area_id\' cannot be null',
  'code' => '23000',
  'file' => '/root/apps/90server/Application/apps/dao/BaseDao.php',
  'line' => 67,
  'userAgent' => '',
  'trace' => 
  array (
    0 => 
    array (
      'file' => '/root/apps/90server/Application/apps/dao/BaseDao.php',
      'line' => 67,
      'function' => 'execute',
      'args' => 
      array (
        0 => 'array (
  \'user_id\' => \'2016041813554433666\',
  \'user_name\' => \'2333\',
  \'user_password\' => \'8d969eef6ecad3c29a3a629280e686cf0c3f5d5a86aff3ca12020c923adc6c92\',
  \'user_salt\' => \'123456\',
  \'user_mobile\' => \'\',
  \'user_email\' => \'\',
  \'user_avatar\' => \'""\',
  \'user_area_id\' => NULL,
)',
      ),
      'class' => 'PDOStatement',
      'type' => '->',
    ),
    1 => 
    array (
      'file' => '/root/apps/90server/Application/apps/dao/user/User.php',
      'line' => 55,
      'function' => 'execute',
      'args' => 
      array (
        0 => 'Aura\\SqlQuery\\Mysql\\Insert::__set_state(array(
   \'col_on_update_values\' => NULL,
   \'into\' => \'90_user_base\',
   \'last_insert_id_names\' => 
  array (
  ),
   \'row\' => 0,
   \'col_values_bulk\' => 
  array (
  ),
   \'bind_values_bulk\' => 
  array (
  ),
   \'col_order\' => 
  array (
  ),
   \'col_values\' => 
  array (
    \'`user_id`\' => \':user_id\',
    \'`user_name`\' => \':user_name\',
    \'`user_password`\' => \':user_password\',
    \'`user_salt`\' => \':user_salt\',
    \'`user_mobile`\' => \':user_mobile\',
    \'`user_email`\' => \':user_email\',
    \'`user_avatar`\' => \':user_avatar\',
    \'`user_area_id`\' => \':user_area_id\',
  ),
   \'returning\' => 
  array (
  ),
   \'bind_values\' => 
  array (
    \'user_id\' => \'2016041813554433666\',
    \'user_name\' => \'2333\',
    \'user_password\' => \'8d969eef6ecad3c29a3a629280e686cf0c3f5d5a86aff3ca12020c923adc6c92\',
    \'user_salt\' => \'123456\',
    \'user_mobile\' => \'\',
    \'user_email\' => \'\',
    \'user_avatar\' => \'""\',
    \'user_area_id\' => NULL,
  ),
   \'where\' => 
  array (
  ),
   \'order_by\' => 
  array (
  ),
   \'limit\' => 0,
   \'offset\' => 0,
   \'flags\' => 
  array (
  ),
   \'quoter\' => 
  Aura\\SqlQuery\\Quoter::__set_state(array(
     \'quote_name_prefix\' => \'`\',
     \'quote_name_suffix\' => \'`\',
  )),
   \'seq_bind_prefix\' => \'_12\',
))',
      ),
      'class' => 'dao\\BaseDao',
      'type' => '->',
    ),
    2 => 
    array (
      'file' => '/root/apps/90server/Application/apps/dao/BaseDao.php',
      'line' => 44,
      'function' => 'register',
      'args' => 
      array (
      ),
      'class' => 'dao\\user\\User',
      'type' => '->',
    ),
    3 => 
    array (
      'file' => '/root/apps/90server/Application/apps/ctrl/Login.php',
      'line' => 78,
      'function' => 'run',
      'args' => 
      array (
        0 => '\'register\'',
        1 => '\'2333\'',
        2 => '\'\'',
        3 => '\'\'',
        4 => '\'\'',
        5 => '\'""\'',
        6 => 'NULL',
      ),
      'class' => 'dao\\BaseDao',
      'type' => '->',
    ),
    4 => 
    array (
      'file' => '/root/apps/90server/ZPHP/Core/Route.php',
      'line' => 33,
      'function' => 'login_third',
      'args' => 
      array (
      ),
      'class' => 'ctrl\\Login',
      'type' => '->',
    ),
    5 => 
    array (
      'file' => '/root/apps/90server/Application/apps/socket/HttpServer.php',
      'line' => 50,
      'function' => 'route',
      'args' => 
      array (
      ),
      'class' => 'ZPHP\\Core\\Route',
      'type' => '::',
    ),
    6 => 
    array (
      'file' => 'null',
      'line' => 'null',
      'function' => 'onRequest',
      'args' => 
      array (
        0 => 'swoole_http_request::__set_state(array(
   \'fd\' => 24,
   \'header\' => 
  array (
    \'content-type\' => \'multipart/form-data; boundary=__X_PAW_BOUNDARY__\',
    \'host\' => \'101.201.39.169:8992\',
    \'connection\' => \'close\',
    \'user-agent\' => \'Paw/2.3.1 (Macintosh; OS X/10.11.4) GCDHTTPRequest\',
    \'content-length\' => \'345\',
  ),
   \'server\' => 
  array (
    \'request_method\' => \'POST\',
    \'request_uri\' => \'/Login/login_third\',
    \'path_info\' => \'/Login/login_third\',
    \'request_time\' => 1460958944,
    \'request_time_float\' => 1460958944.9490809,
    \'server_port\' => 8992,
    \'remote_port\' => 62175,
    \'remote_addr\' => \'111.196.6.229\',
    \'server_protocol\' => \'HTTP/1.1\',
    \'server_software\' => \'swoole-http-server\',
  ),
   \'files\' => 
  array (
  ),
   \'post\' => 
  array (
    \'third_id\' => \'32122\',
    \'user_area_id \' => \'1\',
    \'user_name\' => \'2333\',
    \'user_avatar\' => \'""\',
  ),
))',
        1 => 'swoole_http_response::__set_state(array(
   \'fd\' => 24,
))',
      ),
      'class' => 'socket\\HttpServer',
      'type' => '->',
    ),
    7 => 
    array (
      'file' => '/root/apps/90server/ZPHP/Socket/Adapter/Swoole.php',
      'line' => 134,
      'function' => 'start',
      'args' => 
      array (
      ),
      'class' => 'swoole_http_server',
      'type' => '->',
    ),
    8 => 
    array (
      'file' => '/root/apps/90server/ZPHP/Server/Adapter/Socket.php',
      'line' => 31,
      'function' => 'run',
      'args' => 
      array (
      ),
      'class' => 'ZPHP\\Socket\\Adapter\\Swoole',
      'type' => '->',
    ),
    9 => 
    array (
      'file' => '/root/apps/90server/ZPHP/ZPHP.php',
      'line' => 189,
      'function' => 'run',
      'args' => 
      array (
      ),
      'class' => 'ZPHP\\Server\\Adapter\\Socket',
      'type' => '->',
    ),
    10 => 
    array (
      'file' => '/root/apps/90server/Application/webroot/main.php',
      'line' => 7,
      'function' => 'run',
      'args' => 
      array (
        0 => '\'/root/apps/90server/Application\'',
      ),
      'class' => 'ZPHP\\ZPHP',
      'type' => '::',
    ),
  ),
)
2016-04-18 13:55:48
array (
  'className' => 'Exception',
  'message' => 'SQLSTATE[23000]: Integrity constraint violation: 1048 Column \'user_area_id\' cannot be null',
  'code' => '23000',
  'file' => '/root/apps/90server/Application/apps/dao/BaseDao.php',
  'line' => 67,
  'userAgent' => '',
  'trace' => 
  array (
    0 => 
    array (
      'file' => '/root/apps/90server/Application/apps/dao/BaseDao.php',
      'line' => 67,
      'function' => 'execute',
      'args' => 
      array (
        0 => 'array (
  \'user_id\' => \'2016041813554825701\',
  \'user_name\' => \'2333\',
  \'user_password\' => \'8d969eef6ecad3c29a3a629280e686cf0c3f5d5a86aff3ca12020c923adc6c92\',
  \'user_salt\' => \'123456\',
  \'user_mobile\' => \'\',
  \'user_email\' => \'\',
  \'user_avatar\' => \'""\',
  \'user_area_id\' => NULL,
)',
      ),
      'class' => 'PDOStatement',
      'type' => '->',
    ),
    1 => 
    array (
      'file' => '/root/apps/90server/Application/apps/dao/user/User.php',
      'line' => 55,
      'function' => 'execute',
      'args' => 
      array (
        0 => 'Aura\\SqlQuery\\Mysql\\Insert::__set_state(array(
   \'col_on_update_values\' => NULL,
   \'into\' => \'90_user_base\',
   \'last_insert_id_names\' => 
  array (
  ),
   \'row\' => 0,
   \'col_values_bulk\' => 
  array (
  ),
   \'bind_values_bulk\' => 
  array (
  ),
   \'col_order\' => 
  array (
  ),
   \'col_values\' => 
  array (
    \'`user_id`\' => \':user_id\',
    \'`user_name`\' => \':user_name\',
    \'`user_password`\' => \':user_password\',
    \'`user_salt`\' => \':user_salt\',
    \'`user_mobile`\' => \':user_mobile\',
    \'`user_email`\' => \':user_email\',
    \'`user_avatar`\' => \':user_avatar\',
    \'`user_area_id`\' => \':user_area_id\',
  ),
   \'returning\' => 
  array (
  ),
   \'bind_values\' => 
  array (
    \'user_id\' => \'2016041813554825701\',
    \'user_name\' => \'2333\',
    \'user_password\' => \'8d969eef6ecad3c29a3a629280e686cf0c3f5d5a86aff3ca12020c923adc6c92\',
    \'user_salt\' => \'123456\',
    \'user_mobile\' => \'\',
    \'user_email\' => \'\',
    \'user_avatar\' => \'""\',
    \'user_area_id\' => NULL,
  ),
   \'where\' => 
  array (
  ),
   \'order_by\' => 
  array (
  ),
   \'limit\' => 0,
   \'offset\' => 0,
   \'flags\' => 
  array (
  ),
   \'quoter\' => 
  Aura\\SqlQuery\\Quoter::__set_state(array(
     \'quote_name_prefix\' => \'`\',
     \'quote_name_suffix\' => \'`\',
  )),
   \'seq_bind_prefix\' => \'_14\',
))',
      ),
      'class' => 'dao\\BaseDao',
      'type' => '->',
    ),
    2 => 
    array (
      'file' => '/root/apps/90server/Application/apps/dao/BaseDao.php',
      'line' => 44,
      'function' => 'register',
      'args' => 
      array (
      ),
      'class' => 'dao\\user\\User',
      'type' => '->',
    ),
    3 => 
    array (
      'file' => '/root/apps/90server/Application/apps/ctrl/Login.php',
      'line' => 78,
      'function' => 'run',
      'args' => 
      array (
        0 => '\'register\'',
        1 => '\'2333\'',
        2 => '\'\'',
        3 => '\'\'',
        4 => '\'\'',
        5 => '\'""\'',
        6 => 'NULL',
      ),
      'class' => 'dao\\BaseDao',
      'type' => '->',
    ),
    4 => 
    array (
      'file' => '/root/apps/90server/ZPHP/Core/Route.php',
      'line' => 33,
      'function' => 'login_third',
      'args' => 
      array (
      ),
      'class' => 'ctrl\\Login',
      'type' => '->',
    ),
    5 => 
    array (
      'file' => '/root/apps/90server/Application/apps/socket/HttpServer.php',
      'line' => 50,
      'function' => 'route',
      'args' => 
      array (
      ),
      'class' => 'ZPHP\\Core\\Route',
      'type' => '::',
    ),
    6 => 
    array (
      'file' => 'null',
      'line' => 'null',
      'function' => 'onRequest',
      'args' => 
      array (
        0 => 'swoole_http_request::__set_state(array(
   \'fd\' => 25,
   \'header\' => 
  array (
    \'content-type\' => \'multipart/form-data; boundary=__X_PAW_BOUNDARY__\',
    \'host\' => \'101.201.39.169:8992\',
    \'connection\' => \'close\',
    \'user-agent\' => \'Paw/2.3.1 (Macintosh; OS X/10.11.4) GCDHTTPRequest\',
    \'content-length\' => \'345\',
  ),
   \'server\' => 
  array (
    \'request_method\' => \'POST\',
    \'request_uri\' => \'/Login/login_third\',
    \'path_info\' => \'/Login/login_third\',
    \'request_time\' => 1460958948,
    \'request_time_float\' => 1460958948.01932,
    \'server_port\' => 8992,
    \'remote_port\' => 62176,
    \'remote_addr\' => \'111.196.6.229\',
    \'server_protocol\' => \'HTTP/1.1\',
    \'server_software\' => \'swoole-http-server\',
  ),
   \'files\' => 
  array (
  ),
   \'post\' => 
  array (
    \'third_id\' => \'32122\',
    \'user_area_id \' => \'1\',
    \'user_name\' => \'2333\',
    \'user_avatar\' => \'""\',
  ),
))',
        1 => 'swoole_http_response::__set_state(array(
   \'fd\' => 25,
))',
      ),
      'class' => 'socket\\HttpServer',
      'type' => '->',
    ),
    7 => 
    array (
      'file' => '/root/apps/90server/ZPHP/Socket/Adapter/Swoole.php',
      'line' => 134,
      'function' => 'start',
      'args' => 
      array (
      ),
      'class' => 'swoole_http_server',
      'type' => '->',
    ),
    8 => 
    array (
      'file' => '/root/apps/90server/ZPHP/Server/Adapter/Socket.php',
      'line' => 31,
      'function' => 'run',
      'args' => 
      array (
      ),
      'class' => 'ZPHP\\Socket\\Adapter\\Swoole',
      'type' => '->',
    ),
    9 => 
    array (
      'file' => '/root/apps/90server/ZPHP/ZPHP.php',
      'line' => 189,
      'function' => 'run',
      'args' => 
      array (
      ),
      'class' => 'ZPHP\\Server\\Adapter\\Socket',
      'type' => '->',
    ),
    10 => 
    array (
      'file' => '/root/apps/90server/Application/webroot/main.php',
      'line' => 7,
      'function' => 'run',
      'args' => 
      array (
        0 => '\'/root/apps/90server/Application\'',
      ),
      'class' => 'ZPHP\\ZPHP',
      'type' => '::',
    ),
  ),
)
2016-04-18 20:27:54
array (
  'className' => 'Exception',
  'message' => 'SQLSTATE[23000]: Integrity constraint violation: 1048 Column \'user_area_id\' cannot be null',
  'code' => '23000',
  'file' => '/root/apps/90server/Application/apps/dao/BaseDao.php',
  'line' => 67,
  'userAgent' => '',
  'trace' => 
  array (
    0 => 
    array (
      'file' => '/root/apps/90server/Application/apps/dao/BaseDao.php',
      'line' => 67,
      'function' => 'execute',
      'args' => 
      array (
        0 => 'array (
  \'user_id\' => \'2016041820275460680\',
  \'user_name\' => \'2333\',
  \'user_password\' => \'8d969eef6ecad3c29a3a629280e686cf0c3f5d5a86aff3ca12020c923adc6c92\',
  \'user_salt\' => \'123456\',
  \'user_mobile\' => \'\',
  \'user_email\' => \'\',
  \'user_avatar\' => \'""\',
  \'user_area_id\' => NULL,
)',
      ),
      'class' => 'PDOStatement',
      'type' => '->',
    ),
    1 => 
    array (
      'file' => '/root/apps/90server/Application/apps/dao/user/User.php',
      'line' => 55,
      'function' => 'execute',
      'args' => 
      array (
        0 => 'Aura\\SqlQuery\\Mysql\\Insert::__set_state(array(
   \'col_on_update_values\' => NULL,
   \'into\' => \'90_user_base\',
   \'last_insert_id_names\' => 
  array (
  ),
   \'row\' => 0,
   \'col_values_bulk\' => 
  array (
  ),
   \'bind_values_bulk\' => 
  array (
  ),
   \'col_order\' => 
  array (
  ),
   \'col_values\' => 
  array (
    \'`user_id`\' => \':user_id\',
    \'`user_name`\' => \':user_name\',
    \'`user_password`\' => \':user_password\',
    \'`user_salt`\' => \':user_salt\',
    \'`user_mobile`\' => \':user_mobile\',
    \'`user_email`\' => \':user_email\',
    \'`user_avatar`\' => \':user_avatar\',
    \'`user_area_id`\' => \':user_area_id\',
  ),
   \'returning\' => 
  array (
  ),
   \'bind_values\' => 
  array (
    \'user_id\' => \'2016041820275460680\',
    \'user_name\' => \'2333\',
    \'user_password\' => \'8d969eef6ecad3c29a3a629280e686cf0c3f5d5a86aff3ca12020c923adc6c92\',
    \'user_salt\' => \'123456\',
    \'user_mobile\' => \'\',
    \'user_email\' => \'\',
    \'user_avatar\' => \'""\',
    \'user_area_id\' => NULL,
  ),
   \'where\' => 
  array (
  ),
   \'order_by\' => 
  array (
  ),
   \'limit\' => 0,
   \'offset\' => 0,
   \'flags\' => 
  array (
  ),
   \'quoter\' => 
  Aura\\SqlQuery\\Quoter::__set_state(array(
     \'quote_name_prefix\' => \'`\',
     \'quote_name_suffix\' => \'`\',
  )),
   \'seq_bind_prefix\' => \'_1\',
))',
      ),
      'class' => 'dao\\BaseDao',
      'type' => '->',
    ),
    2 => 
    array (
      'file' => '/root/apps/90server/Application/apps/dao/BaseDao.php',
      'line' => 44,
      'function' => 'register',
      'args' => 
      array (
      ),
      'class' => 'dao\\user\\User',
      'type' => '->',
    ),
    3 => 
    array (
      'file' => '/root/apps/90server/Application/apps/ctrl/Login.php',
      'line' => 78,
      'function' => 'run',
      'args' => 
      array (
        0 => '\'register\'',
        1 => '\'2333\'',
        2 => '\'\'',
        3 => '\'\'',
        4 => '\'\'',
        5 => '\'""\'',
        6 => 'NULL',
      ),
      'class' => 'dao\\BaseDao',
      'type' => '->',
    ),
    4 => 
    array (
      'file' => '/root/apps/90server/ZPHP/Core/Route.php',
      'line' => 33,
      'function' => 'login_third',
      'args' => 
      array (
      ),
      'class' => 'ctrl\\Login',
      'type' => '->',
    ),
    5 => 
    array (
      'file' => '/root/apps/90server/Application/apps/socket/HttpServer.php',
      'line' => 50,
      'function' => 'route',
      'args' => 
      array (
      ),
      'class' => 'ZPHP\\Core\\Route',
      'type' => '::',
    ),
    6 => 
    array (
      'file' => 'null',
      'line' => 'null',
      'function' => 'onRequest',
      'args' => 
      array (
        0 => 'swoole_http_request::__set_state(array(
   \'fd\' => 6,
   \'header\' => 
  array (
    \'content-type\' => \'multipart/form-data; boundary=__X_PAW_BOUNDARY__\',
    \'host\' => \'101.201.39.169:8992\',
    \'connection\' => \'close\',
    \'user-agent\' => \'Paw/2.3.1 (Macintosh; OS X/10.11.4) GCDHTTPRequest\',
    \'content-length\' => \'345\',
  ),
   \'server\' => 
  array (
    \'request_method\' => \'POST\',
    \'request_uri\' => \'/Login/login_third\',
    \'path_info\' => \'/Login/login_third\',
    \'request_time\' => 1460982473,
    \'request_time_float\' => 1460982474.209321,
    \'server_port\' => 8992,
    \'remote_port\' => 49840,
    \'remote_addr\' => \'1.202.105.129\',
    \'server_protocol\' => \'HTTP/1.1\',
    \'server_software\' => \'swoole-http-server\',
  ),
   \'files\' => 
  array (
  ),
   \'post\' => 
  array (
    \'third_id\' => \'32122\',
    \'user_area_id \' => \'1\',
    \'user_name\' => \'2333\',
    \'user_avatar\' => \'""\',
  ),
))',
        1 => 'swoole_http_response::__set_state(array(
   \'fd\' => 6,
))',
      ),
      'class' => 'socket\\HttpServer',
      'type' => '->',
    ),
    7 => 
    array (
      'file' => '/root/apps/90server/ZPHP/Socket/Adapter/Swoole.php',
      'line' => 134,
      'function' => 'start',
      'args' => 
      array (
      ),
      'class' => 'swoole_http_server',
      'type' => '->',
    ),
    8 => 
    array (
      'file' => '/root/apps/90server/ZPHP/Server/Adapter/Socket.php',
      'line' => 31,
      'function' => 'run',
      'args' => 
      array (
      ),
      'class' => 'ZPHP\\Socket\\Adapter\\Swoole',
      'type' => '->',
    ),
    9 => 
    array (
      'file' => '/root/apps/90server/ZPHP/ZPHP.php',
      'line' => 189,
      'function' => 'run',
      'args' => 
      array (
      ),
      'class' => 'ZPHP\\Server\\Adapter\\Socket',
      'type' => '->',
    ),
    10 => 
    array (
      'file' => '/root/apps/90server/Application/webroot/main.php',
      'line' => 7,
      'function' => 'run',
      'args' => 
      array (
        0 => '\'/root/apps/90server/Application\'',
      ),
      'class' => 'ZPHP\\ZPHP',
      'type' => '::',
    ),
  ),
)
2016-04-18 20:27:56
array (
  'className' => 'Exception',
  'message' => 'SQLSTATE[23000]: Integrity constraint violation: 1048 Column \'user_area_id\' cannot be null',
  'code' => '23000',
  'file' => '/root/apps/90server/Application/apps/dao/BaseDao.php',
  'line' => 67,
  'userAgent' => '',
  'trace' => 
  array (
    0 => 
    array (
      'file' => '/root/apps/90server/Application/apps/dao/BaseDao.php',
      'line' => 67,
      'function' => 'execute',
      'args' => 
      array (
        0 => 'array (
  \'user_id\' => \'2016041820275619315\',
  \'user_name\' => \'2333\',
  \'user_password\' => \'8d969eef6ecad3c29a3a629280e686cf0c3f5d5a86aff3ca12020c923adc6c92\',
  \'user_salt\' => \'123456\',
  \'user_mobile\' => \'\',
  \'user_email\' => \'\',
  \'user_avatar\' => \'""\',
  \'user_area_id\' => NULL,
)',
      ),
      'class' => 'PDOStatement',
      'type' => '->',
    ),
    1 => 
    array (
      'file' => '/root/apps/90server/Application/apps/dao/user/User.php',
      'line' => 55,
      'function' => 'execute',
      'args' => 
      array (
        0 => 'Aura\\SqlQuery\\Mysql\\Insert::__set_state(array(
   \'col_on_update_values\' => NULL,
   \'into\' => \'90_user_base\',
   \'last_insert_id_names\' => 
  array (
  ),
   \'row\' => 0,
   \'col_values_bulk\' => 
  array (
  ),
   \'bind_values_bulk\' => 
  array (
  ),
   \'col_order\' => 
  array (
  ),
   \'col_values\' => 
  array (
    \'`user_id`\' => \':user_id\',
    \'`user_name`\' => \':user_name\',
    \'`user_password`\' => \':user_password\',
    \'`user_salt`\' => \':user_salt\',
    \'`user_mobile`\' => \':user_mobile\',
    \'`user_email`\' => \':user_email\',
    \'`user_avatar`\' => \':user_avatar\',
    \'`user_area_id`\' => \':user_area_id\',
  ),
   \'returning\' => 
  array (
  ),
   \'bind_values\' => 
  array (
    \'user_id\' => \'2016041820275619315\',
    \'user_name\' => \'2333\',
    \'user_password\' => \'8d969eef6ecad3c29a3a629280e686cf0c3f5d5a86aff3ca12020c923adc6c92\',
    \'user_salt\' => \'123456\',
    \'user_mobile\' => \'\',
    \'user_email\' => \'\',
    \'user_avatar\' => \'""\',
    \'user_area_id\' => NULL,
  ),
   \'where\' => 
  array (
  ),
   \'order_by\' => 
  array (
  ),
   \'limit\' => 0,
   \'offset\' => 0,
   \'flags\' => 
  array (
  ),
   \'quoter\' => 
  Aura\\SqlQuery\\Quoter::__set_state(array(
     \'quote_name_prefix\' => \'`\',
     \'quote_name_suffix\' => \'`\',
  )),
   \'seq_bind_prefix\' => \'_3\',
))',
      ),
      'class' => 'dao\\BaseDao',
      'type' => '->',
    ),
    2 => 
    array (
      'file' => '/root/apps/90server/Application/apps/dao/BaseDao.php',
      'line' => 44,
      'function' => 'register',
      'args' => 
      array (
      ),
      'class' => 'dao\\user\\User',
      'type' => '->',
    ),
    3 => 
    array (
      'file' => '/root/apps/90server/Application/apps/ctrl/Login.php',
      'line' => 78,
      'function' => 'run',
      'args' => 
      array (
        0 => '\'register\'',
        1 => '\'2333\'',
        2 => '\'\'',
        3 => '\'\'',
        4 => '\'\'',
        5 => '\'""\'',
        6 => 'NULL',
      ),
      'class' => 'dao\\BaseDao',
      'type' => '->',
    ),
    4 => 
    array (
      'file' => '/root/apps/90server/ZPHP/Core/Route.php',
      'line' => 33,
      'function' => 'login_third',
      'args' => 
      array (
      ),
      'class' => 'ctrl\\Login',
      'type' => '->',
    ),
    5 => 
    array (
      'file' => '/root/apps/90server/Application/apps/socket/HttpServer.php',
      'line' => 50,
      'function' => 'route',
      'args' => 
      array (
      ),
      'class' => 'ZPHP\\Core\\Route',
      'type' => '::',
    ),
    6 => 
    array (
      'file' => 'null',
      'line' => 'null',
      'function' => 'onRequest',
      'args' => 
      array (
        0 => 'swoole_http_request::__set_state(array(
   \'fd\' => 7,
   \'header\' => 
  array (
    \'content-type\' => \'multipart/form-data; boundary=__X_PAW_BOUNDARY__\',
    \'host\' => \'101.201.39.169:8992\',
    \'connection\' => \'close\',
    \'user-agent\' => \'Paw/2.3.1 (Macintosh; OS X/10.11.4) GCDHTTPRequest\',
    \'content-length\' => \'345\',
  ),
   \'server\' => 
  array (
    \'request_method\' => \'POST\',
    \'request_uri\' => \'/Login/login_third\',
    \'path_info\' => \'/Login/login_third\',
    \'request_time\' => 1460982476,
    \'request_time_float\' => 1460982476.3384221,
    \'server_port\' => 8992,
    \'remote_port\' => 49841,
    \'remote_addr\' => \'1.202.105.129\',
    \'server_protocol\' => \'HTTP/1.1\',
    \'server_software\' => \'swoole-http-server\',
  ),
   \'files\' => 
  array (
  ),
   \'post\' => 
  array (
    \'third_id\' => \'32122\',
    \'user_area_id \' => \'1\',
    \'user_name\' => \'2333\',
    \'user_avatar\' => \'""\',
  ),
))',
        1 => 'swoole_http_response::__set_state(array(
   \'fd\' => 7,
))',
      ),
      'class' => 'socket\\HttpServer',
      'type' => '->',
    ),
    7 => 
    array (
      'file' => '/root/apps/90server/ZPHP/Socket/Adapter/Swoole.php',
      'line' => 134,
      'function' => 'start',
      'args' => 
      array (
      ),
      'class' => 'swoole_http_server',
      'type' => '->',
    ),
    8 => 
    array (
      'file' => '/root/apps/90server/ZPHP/Server/Adapter/Socket.php',
      'line' => 31,
      'function' => 'run',
      'args' => 
      array (
      ),
      'class' => 'ZPHP\\Socket\\Adapter\\Swoole',
      'type' => '->',
    ),
    9 => 
    array (
      'file' => '/root/apps/90server/ZPHP/ZPHP.php',
      'line' => 189,
      'function' => 'run',
      'args' => 
      array (
      ),
      'class' => 'ZPHP\\Server\\Adapter\\Socket',
      'type' => '->',
    ),
    10 => 
    array (
      'file' => '/root/apps/90server/Application/webroot/main.php',
      'line' => 7,
      'function' => 'run',
      'args' => 
      array (
        0 => '\'/root/apps/90server/Application\'',
      ),
      'class' => 'ZPHP\\ZPHP',
      'type' => '::',
    ),
  ),
)
2016-04-18 20:31:48
array (
  'className' => 'Exception',
  'message' => 'SQLSTATE[23000]: Integrity constraint violation: 1048 Column \'user_area_id\' cannot be null',
  'code' => '23000',
  'file' => '/root/apps/90server/Application/apps/dao/BaseDao.php',
  'line' => 67,
  'userAgent' => '',
  'trace' => 
  array (
    0 => 
    array (
      'file' => '/root/apps/90server/Application/apps/dao/BaseDao.php',
      'line' => 67,
      'function' => 'execute',
      'args' => 
      array (
        0 => 'array (
  \'user_id\' => \'2016041820314855594\',
  \'user_name\' => \'xxxxxxxx\',
  \'user_password\' => \'8d969eef6ecad3c29a3a629280e686cf0c3f5d5a86aff3ca12020c923adc6c92\',
  \'user_salt\' => \'123456\',
  \'user_mobile\' => \'\',
  \'user_email\' => \'\',
  \'user_avatar\' => \'""\',
  \'user_area_id\' => NULL,
)',
      ),
      'class' => 'PDOStatement',
      'type' => '->',
    ),
    1 => 
    array (
      'file' => '/root/apps/90server/Application/apps/dao/user/User.php',
      'line' => 55,
      'function' => 'execute',
      'args' => 
      array (
        0 => 'Aura\\SqlQuery\\Mysql\\Insert::__set_state(array(
   \'col_on_update_values\' => NULL,
   \'into\' => \'90_user_base\',
   \'last_insert_id_names\' => 
  array (
  ),
   \'row\' => 0,
   \'col_values_bulk\' => 
  array (
  ),
   \'bind_values_bulk\' => 
  array (
  ),
   \'col_order\' => 
  array (
  ),
   \'col_values\' => 
  array (
    \'`user_id`\' => \':user_id\',
    \'`user_name`\' => \':user_name\',
    \'`user_password`\' => \':user_password\',
    \'`user_salt`\' => \':user_salt\',
    \'`user_mobile`\' => \':user_mobile\',
    \'`user_email`\' => \':user_email\',
    \'`user_avatar`\' => \':user_avatar\',
    \'`user_area_id`\' => \':user_area_id\',
  ),
   \'returning\' => 
  array (
  ),
   \'bind_values\' => 
  array (
    \'user_id\' => \'2016041820314855594\',
    \'user_name\' => \'xxxxxxxx\',
    \'user_password\' => \'8d969eef6ecad3c29a3a629280e686cf0c3f5d5a86aff3ca12020c923adc6c92\',
    \'user_salt\' => \'123456\',
    \'user_mobile\' => \'\',
    \'user_email\' => \'\',
    \'user_avatar\' => \'""\',
    \'user_area_id\' => NULL,
  ),
   \'where\' => 
  array (
  ),
   \'order_by\' => 
  array (
  ),
   \'limit\' => 0,
   \'offset\' => 0,
   \'flags\' => 
  array (
  ),
   \'quoter\' => 
  Aura\\SqlQuery\\Quoter::__set_state(array(
     \'quote_name_prefix\' => \'`\',
     \'quote_name_suffix\' => \'`\',
  )),
   \'seq_bind_prefix\' => \'_2\',
))',
      ),
      'class' => 'dao\\BaseDao',
      'type' => '->',
    ),
    2 => 
    array (
      'file' => '/root/apps/90server/Application/apps/dao/BaseDao.php',
      'line' => 44,
      'function' => 'register',
      'args' => 
      array (
      ),
      'class' => 'dao\\user\\User',
      'type' => '->',
    ),
    3 => 
    array (
      'file' => '/root/apps/90server/Application/apps/ctrl/Login.php',
      'line' => 78,
      'function' => 'run',
      'args' => 
      array (
        0 => '\'register\'',
        1 => '\'xxxxxxxx\'',
        2 => '\'\'',
        3 => '\'\'',
        4 => '\'\'',
        5 => '\'""\'',
        6 => 'NULL',
      ),
      'class' => 'dao\\BaseDao',
      'type' => '->',
    ),
    4 => 
    array (
      'file' => '/root/apps/90server/ZPHP/Core/Route.php',
      'line' => 33,
      'function' => 'login_third',
      'args' => 
      array (
      ),
      'class' => 'ctrl\\Login',
      'type' => '->',
    ),
    5 => 
    array (
      'file' => '/root/apps/90server/Application/apps/socket/HttpServer.php',
      'line' => 50,
      'function' => 'route',
      'args' => 
      array (
      ),
      'class' => 'ZPHP\\Core\\Route',
      'type' => '::',
    ),
    6 => 
    array (
      'file' => 'null',
      'line' => 'null',
      'function' => 'onRequest',
      'args' => 
      array (
        0 => 'swoole_http_request::__set_state(array(
   \'fd\' => 2,
   \'header\' => 
  array (
    \'host\' => \'101.201.39.169:8992\',
    \'connection\' => \'keep-alive\',
    \'content-length\' => \'448\',
    \'cache-control\' => \'no-cache\',
    \'origin\' => \'file://\',
    \'content-type\' => \'multipart/form-data; boundary=----WebKitFormBoundaryCyzIUJ5JSZtmda6I\',
    \'user-agent\' => \'Mozilla/5.0 (Macintosh; Intel Mac OS X 10_11_4) AppleWebKit/537.36 (KHTML, like Gecko) Postman/4.1.1 Chrome/47.0.2526.73 Electron/0.36.2 Safari/537.36\',
    \'postman-token\' => \'e60b1d63-f1d4-e92d-c1dd-fb1cc35da50b\',
    \'accept\' => \'*/*\',
    \'accept-encoding\' => \'gzip, deflate\',
    \'accept-language\' => \'zh-CN\',
  ),
   \'server\' => 
  array (
    \'request_method\' => \'POST\',
    \'request_uri\' => \'/Login/login_third\',
    \'path_info\' => \'/Login/login_third\',
    \'request_time\' => 1460982707,
    \'request_time_float\' => 1460982708.836354,
    \'server_port\' => 8992,
    \'remote_port\' => 49904,
    \'remote_addr\' => \'1.202.105.129\',
    \'server_protocol\' => \'HTTP/1.1\',
    \'server_software\' => \'swoole-http-server\',
  ),
   \'files\' => 
  array (
  ),
   \'post\' => 
  array (
    \'third_id\' => \'3212\',
    \'user_area_id \' => \'1\',
    \'user_name\' => \'xxxxxxxx\',
    \'user_avatar\' => \'""\',
  ),
))',
        1 => 'swoole_http_response::__set_state(array(
   \'fd\' => 2,
))',
      ),
      'class' => 'socket\\HttpServer',
      'type' => '->',
    ),
    7 => 
    array (
      'file' => '/root/apps/90server/ZPHP/Socket/Adapter/Swoole.php',
      'line' => 134,
      'function' => 'start',
      'args' => 
      array (
      ),
      'class' => 'swoole_http_server',
      'type' => '->',
    ),
    8 => 
    array (
      'file' => '/root/apps/90server/ZPHP/Server/Adapter/Socket.php',
      'line' => 31,
      'function' => 'run',
      'args' => 
      array (
      ),
      'class' => 'ZPHP\\Socket\\Adapter\\Swoole',
      'type' => '->',
    ),
    9 => 
    array (
      'file' => '/root/apps/90server/ZPHP/ZPHP.php',
      'line' => 189,
      'function' => 'run',
      'args' => 
      array (
      ),
      'class' => 'ZPHP\\Server\\Adapter\\Socket',
      'type' => '->',
    ),
    10 => 
    array (
      'file' => '/root/apps/90server/Application/webroot/main.php',
      'line' => 7,
      'function' => 'run',
      'args' => 
      array (
        0 => '\'/root/apps/90server/Application\'',
      ),
      'class' => 'ZPHP\\ZPHP',
      'type' => '::',
    ),
  ),
)
2016-04-18 20:37:10
array (
  'className' => 'Exception',
  'message' => 'SQLSTATE[23000]: Integrity constraint violation: 1048 Column \'user_area_id\' cannot be null',
  'code' => '23000',
  'file' => '/root/apps/90server/Application/apps/dao/BaseDao.php',
  'line' => 67,
  'userAgent' => '',
  'trace' => 
  array (
    0 => 
    array (
      'file' => '/root/apps/90server/Application/apps/dao/BaseDao.php',
      'line' => 67,
      'function' => 'execute',
      'args' => 
      array (
        0 => 'array (
  \'user_id\' => \'2016041820371088787\',
  \'user_name\' => \'2333\',
  \'user_password\' => \'8d969eef6ecad3c29a3a629280e686cf0c3f5d5a86aff3ca12020c923adc6c92\',
  \'user_salt\' => \'123456\',
  \'user_mobile\' => \'\',
  \'user_email\' => \'\',
  \'user_avatar\' => \'\',
  \'user_area_id\' => NULL,
)',
      ),
      'class' => 'PDOStatement',
      'type' => '->',
    ),
    1 => 
    array (
      'file' => '/root/apps/90server/Application/apps/dao/user/User.php',
      'line' => 55,
      'function' => 'execute',
      'args' => 
      array (
        0 => 'Aura\\SqlQuery\\Mysql\\Insert::__set_state(array(
   \'col_on_update_values\' => NULL,
   \'into\' => \'90_user_base\',
   \'last_insert_id_names\' => 
  array (
  ),
   \'row\' => 0,
   \'col_values_bulk\' => 
  array (
  ),
   \'bind_values_bulk\' => 
  array (
  ),
   \'col_order\' => 
  array (
  ),
   \'col_values\' => 
  array (
    \'`user_id`\' => \':user_id\',
    \'`user_name`\' => \':user_name\',
    \'`user_password`\' => \':user_password\',
    \'`user_salt`\' => \':user_salt\',
    \'`user_mobile`\' => \':user_mobile\',
    \'`user_email`\' => \':user_email\',
    \'`user_avatar`\' => \':user_avatar\',
    \'`user_area_id`\' => \':user_area_id\',
  ),
   \'returning\' => 
  array (
  ),
   \'bind_values\' => 
  array (
    \'user_id\' => \'2016041820371088787\',
    \'user_name\' => \'2333\',
    \'user_password\' => \'8d969eef6ecad3c29a3a629280e686cf0c3f5d5a86aff3ca12020c923adc6c92\',
    \'user_salt\' => \'123456\',
    \'user_mobile\' => \'\',
    \'user_email\' => \'\',
    \'user_avatar\' => \'\',
    \'user_area_id\' => NULL,
  ),
   \'where\' => 
  array (
  ),
   \'order_by\' => 
  array (
  ),
   \'limit\' => 0,
   \'offset\' => 0,
   \'flags\' => 
  array (
  ),
   \'quoter\' => 
  Aura\\SqlQuery\\Quoter::__set_state(array(
     \'quote_name_prefix\' => \'`\',
     \'quote_name_suffix\' => \'`\',
  )),
   \'seq_bind_prefix\' => \'_1\',
))',
      ),
      'class' => 'dao\\BaseDao',
      'type' => '->',
    ),
    2 => 
    array (
      'file' => '/root/apps/90server/Application/apps/dao/BaseDao.php',
      'line' => 44,
      'function' => 'register',
      'args' => 
      array (
      ),
      'class' => 'dao\\user\\User',
      'type' => '->',
    ),
    3 => 
    array (
      'file' => '/root/apps/90server/Application/apps/ctrl/Login.php',
      'line' => 78,
      'function' => 'run',
      'args' => 
      array (
        0 => '\'register\'',
        1 => '\'2333\'',
        2 => '\'\'',
        3 => '\'\'',
        4 => '\'\'',
        5 => '\'\'',
        6 => 'NULL',
      ),
      'class' => 'dao\\BaseDao',
      'type' => '->',
    ),
    4 => 
    array (
      'file' => '/root/apps/90server/ZPHP/Core/Route.php',
      'line' => 33,
      'function' => 'login_third',
      'args' => 
      array (
      ),
      'class' => 'ctrl\\Login',
      'type' => '->',
    ),
    5 => 
    array (
      'file' => '/root/apps/90server/Application/apps/socket/HttpServer.php',
      'line' => 50,
      'function' => 'route',
      'args' => 
      array (
      ),
      'class' => 'ZPHP\\Core\\Route',
      'type' => '::',
    ),
    6 => 
    array (
      'file' => 'null',
      'line' => 'null',
      'function' => 'onRequest',
      'args' => 
      array (
        0 => 'swoole_http_request::__set_state(array(
   \'fd\' => 2,
   \'header\' => 
  array (
    \'host\' => \'101.201.39.169:8992\',
    \'content-type\' => \'application/x-www-form-urlencoded\',
    \'connection\' => \'keep-alive\',
    \'accept\' => \'*/*\',
    \'user-agent\' => \'Test00/1.0 (iPhone; iOS 9.3; Scale/2.00)\',
    \'accept-language\' => \'en-US;q=1\',
    \'accept-encoding\' => \'gzip, deflate\',
    \'content-length\' => \'60\',
  ),
   \'server\' => 
  array (
    \'request_method\' => \'POST\',
    \'request_uri\' => \'/Login/login_third\',
    \'path_info\' => \'/Login/login_third\',
    \'request_time\' => 1460983030,
    \'request_time_float\' => 1460983030.670984,
    \'server_port\' => 8992,
    \'remote_port\' => 50061,
    \'remote_addr\' => \'1.202.105.129\',
    \'server_protocol\' => \'HTTP/1.1\',
    \'server_software\' => \'swoole-http-server\',
  ),
   \'post\' => 
  array (
    \'third_id\' => \'32122\',
    \'user_area_id_\' => \'1\',
    \'user_avatar\' => \'\',
    \'user_name\' => \'2333\',
  ),
))',
        1 => 'swoole_http_response::__set_state(array(
   \'fd\' => 2,
))',
      ),
      'class' => 'socket\\HttpServer',
      'type' => '->',
    ),
    7 => 
    array (
      'file' => '/root/apps/90server/ZPHP/Socket/Adapter/Swoole.php',
      'line' => 134,
      'function' => 'start',
      'args' => 
      array (
      ),
      'class' => 'swoole_http_server',
      'type' => '->',
    ),
    8 => 
    array (
      'file' => '/root/apps/90server/ZPHP/Server/Adapter/Socket.php',
      'line' => 31,
      'function' => 'run',
      'args' => 
      array (
      ),
      'class' => 'ZPHP\\Socket\\Adapter\\Swoole',
      'type' => '->',
    ),
    9 => 
    array (
      'file' => '/root/apps/90server/ZPHP/ZPHP.php',
      'line' => 189,
      'function' => 'run',
      'args' => 
      array (
      ),
      'class' => 'ZPHP\\Server\\Adapter\\Socket',
      'type' => '->',
    ),
    10 => 
    array (
      'file' => '/root/apps/90server/Application/webroot/main.php',
      'line' => 7,
      'function' => 'run',
      'args' => 
      array (
        0 => '\'/root/apps/90server/Application\'',
      ),
      'class' => 'ZPHP\\ZPHP',
      'type' => '::',
    ),
  ),
)
