2016-05-23 01:05:31
array (
  'className' => 'Exception',
  'message' => 'SQLSTATE[23000]: Integrity constraint violation: 1062 Duplicate entry \'1463932800\' for key \'PRIMARY\'',
  'code' => '23000',
  'file' => '/root/apps/90server/Application/apps/dao/BaseDao.php',
  'line' => 67,
  'userAgent' => '',
  'trace' => 
  array (
    0 => 
    array (
      'file' => '/root/apps/90server/Application/apps/dao/BaseDao.php',
      'line' => 67,
      'function' => 'execute',
      'args' => 
      array (
        0 => 'array (
  \'date\' => \'1463932800\',
  \'content_type\' => \'0\',
  \'content_data\' => \'{"article_id":"11"}\',
)',
      ),
      'class' => 'PDOStatement',
      'type' => '->',
    ),
    1 => 
    array (
      'file' => '/root/apps/90server/Application/apps/dao/question/Question.php',
      'line' => 191,
      'function' => 'execute',
      'args' => 
      array (
        0 => 'Aura\\SqlQuery\\Mysql\\Insert::__set_state(array(
   \'col_on_update_values\' => NULL,
   \'into\' => \'90_rest_push\',
   \'last_insert_id_names\' => 
  array (
  ),
   \'row\' => 0,
   \'col_values_bulk\' => 
  array (
  ),
   \'bind_values_bulk\' => 
  array (
  ),
   \'col_order\' => 
  array (
  ),
   \'col_values\' => 
  array (
    \'`date`\' => \':date\',
    \'`content_type`\' => \':content_type\',
    \'`content_data`\' => \':content_data\',
  ),
   \'returning\' => 
  array (
  ),
   \'bind_values\' => 
  array (
    \'date\' => \'1463932800\',
    \'content_type\' => \'0\',
    \'content_data\' => \'{"article_id":"11"}\',
  ),
   \'where\' => 
  array (
  ),
   \'order_by\' => 
  array (
  ),
   \'limit\' => 0,
   \'offset\' => 0,
   \'flags\' => 
  array (
  ),
   \'quoter\' => 
  Aura\\SqlQuery\\Quoter::__set_state(array(
     \'quote_name_prefix\' => \'`\',
     \'quote_name_suffix\' => \'`\',
  )),
   \'seq_bind_prefix\' => \'_1\',
))',
      ),
      'class' => 'dao\\BaseDao',
      'type' => '->',
    ),
    2 => 
    array (
      'file' => '/root/apps/90server/Application/apps/dao/BaseDao.php',
      'line' => 44,
      'function' => 'saveRestPush',
      'args' => 
      array (
      ),
      'class' => 'dao\\question\\Question',
      'type' => '->',
    ),
    3 => 
    array (
      'file' => '/root/apps/90server/Application/apps/ctrl/Push.php',
      'line' => 94,
      'function' => 'run',
      'args' => 
      array (
        0 => '\'saveRestPush\'',
        1 => '\'1463932800\'',
        2 => '\'0\'',
        3 => '\'{"article_id":"11"}\'',
      ),
      'class' => 'dao\\BaseDao',
      'type' => '->',
    ),
    4 => 
    array (
      'file' => '/root/apps/90server/ZPHP/Core/Route.php',
      'line' => 33,
      'function' => 'pushRestArticle',
      'args' => 
      array (
      ),
      'class' => 'ctrl\\Push',
      'type' => '->',
    ),
    5 => 
    array (
      'file' => '/root/apps/90server/Application/apps/socket/HttpServer.php',
      'line' => 53,
      'function' => 'route',
      'args' => 
      array (
      ),
      'class' => 'ZPHP\\Core\\Route',
      'type' => '::',
    ),
    6 => 
    array (
      'file' => 'null',
      'line' => 'null',
      'function' => 'onRequest',
      'args' => 
      array (
        0 => 'swoole_http_request::__set_state(array(
   \'fd\' => 443,
   \'header\' => 
  array (
    \'host\' => \'101.201.39.169:8992\',
    \'accept\' => \'*/*\',
    \'content-length\' => \'64\',
    \'content-type\' => \'application/x-www-form-urlencoded\',
  ),
   \'server\' => 
  array (
    \'request_method\' => \'POST\',
    \'request_uri\' => \'/Push/pushRestArticle\',
    \'path_info\' => \'/Push/pushRestArticle\',
    \'request_time\' => 1463936731,
    \'request_time_float\' => 1463936731.9677269,
    \'server_port\' => 8992,
    \'remote_port\' => 59095,
    \'remote_addr\' => \'101.201.39.169\',
    \'server_protocol\' => \'HTTP/1.1\',
    \'server_software\' => \'swoole-http-server\',
  ),
   \'post\' => 
  array (
    \'date\' => \'1463932800\',
    \'content_data\' => \'{"article_id":"11"}\',
    \'content_type\' => \'0\',
  ),
))',
        1 => 'swoole_http_response::__set_state(array(
   \'fd\' => 443,
))',
      ),
      'class' => 'socket\\HttpServer',
      'type' => '->',
    ),
    7 => 
    array (
      'file' => '/root/apps/90server/ZPHP/Socket/Adapter/Swoole.php',
      'line' => 134,
      'function' => 'start',
      'args' => 
      array (
      ),
      'class' => 'swoole_http_server',
      'type' => '->',
    ),
    8 => 
    array (
      'file' => '/root/apps/90server/ZPHP/Server/Adapter/Socket.php',
      'line' => 31,
      'function' => 'run',
      'args' => 
      array (
      ),
      'class' => 'ZPHP\\Socket\\Adapter\\Swoole',
      'type' => '->',
    ),
    9 => 
    array (
      'file' => '/root/apps/90server/ZPHP/ZPHP.php',
      'line' => 189,
      'function' => 'run',
      'args' => 
      array (
      ),
      'class' => 'ZPHP\\Server\\Adapter\\Socket',
      'type' => '->',
    ),
    10 => 
    array (
      'file' => '/root/apps/90server/Application/webroot/main.php',
      'line' => 7,
      'function' => 'run',
      'args' => 
      array (
        0 => '\'/root/apps/90server/Application\'',
      ),
      'class' => 'ZPHP\\ZPHP',
      'type' => '::',
    ),
  ),
)
2016-05-23 01:06:18
array (
  'className' => 'Exception',
  'message' => 'SQLSTATE[23000]: Integrity constraint violation: 1062 Duplicate entry \'1463932800\' for key \'PRIMARY\'',
  'code' => '23000',
  'file' => '/root/apps/90server/Application/apps/dao/BaseDao.php',
  'line' => 67,
  'userAgent' => '',
  'trace' => 
  array (
    0 => 
    array (
      'file' => '/root/apps/90server/Application/apps/dao/BaseDao.php',
      'line' => 67,
      'function' => 'execute',
      'args' => 
      array (
        0 => 'array (
  \'date\' => \'1463932800\',
  \'content_type\' => \'0\',
  \'content_data\' => \'{"article_id":"11"}\',
)',
      ),
      'class' => 'PDOStatement',
      'type' => '->',
    ),
    1 => 
    array (
      'file' => '/root/apps/90server/Application/apps/dao/question/Question.php',
      'line' => 191,
      'function' => 'execute',
      'args' => 
      array (
        0 => 'Aura\\SqlQuery\\Mysql\\Insert::__set_state(array(
   \'col_on_update_values\' => NULL,
   \'into\' => \'90_rest_push\',
   \'last_insert_id_names\' => 
  array (
  ),
   \'row\' => 0,
   \'col_values_bulk\' => 
  array (
  ),
   \'bind_values_bulk\' => 
  array (
  ),
   \'col_order\' => 
  array (
  ),
   \'col_values\' => 
  array (
    \'`date`\' => \':date\',
    \'`content_type`\' => \':content_type\',
    \'`content_data`\' => \':content_data\',
  ),
   \'returning\' => 
  array (
  ),
   \'bind_values\' => 
  array (
    \'date\' => \'1463932800\',
    \'content_type\' => \'0\',
    \'content_data\' => \'{"article_id":"11"}\',
  ),
   \'where\' => 
  array (
  ),
   \'order_by\' => 
  array (
  ),
   \'limit\' => 0,
   \'offset\' => 0,
   \'flags\' => 
  array (
  ),
   \'quoter\' => 
  Aura\\SqlQuery\\Quoter::__set_state(array(
     \'quote_name_prefix\' => \'`\',
     \'quote_name_suffix\' => \'`\',
  )),
   \'seq_bind_prefix\' => \'\',
))',
      ),
      'class' => 'dao\\BaseDao',
      'type' => '->',
    ),
    2 => 
    array (
      'file' => '/root/apps/90server/Application/apps/dao/BaseDao.php',
      'line' => 44,
      'function' => 'saveRestPush',
      'args' => 
      array (
      ),
      'class' => 'dao\\question\\Question',
      'type' => '->',
    ),
    3 => 
    array (
      'file' => '/root/apps/90server/Application/apps/ctrl/Push.php',
      'line' => 94,
      'function' => 'run',
      'args' => 
      array (
        0 => '\'saveRestPush\'',
        1 => '\'1463932800\'',
        2 => '\'0\'',
        3 => '\'{"article_id":"11"}\'',
      ),
      'class' => 'dao\\BaseDao',
      'type' => '->',
    ),
    4 => 
    array (
      'file' => '/root/apps/90server/ZPHP/Core/Route.php',
      'line' => 33,
      'function' => 'pushRestArticle',
      'args' => 
      array (
      ),
      'class' => 'ctrl\\Push',
      'type' => '->',
    ),
    5 => 
    array (
      'file' => '/root/apps/90server/Application/apps/socket/HttpServer.php',
      'line' => 53,
      'function' => 'route',
      'args' => 
      array (
      ),
      'class' => 'ZPHP\\Core\\Route',
      'type' => '::',
    ),
    6 => 
    array (
      'file' => 'null',
      'line' => 'null',
      'function' => 'onRequest',
      'args' => 
      array (
        0 => 'swoole_http_request::__set_state(array(
   \'fd\' => 449,
   \'header\' => 
  array (
    \'host\' => \'101.201.39.169:8992\',
    \'accept\' => \'*/*\',
    \'content-length\' => \'64\',
    \'content-type\' => \'application/x-www-form-urlencoded\',
  ),
   \'server\' => 
  array (
    \'request_method\' => \'POST\',
    \'request_uri\' => \'/Push/pushRestArticle\',
    \'path_info\' => \'/Push/pushRestArticle\',
    \'request_time\' => 1463936778,
    \'request_time_float\' => 1463936778.2132621,
    \'server_port\' => 8992,
    \'remote_port\' => 59097,
    \'remote_addr\' => \'101.201.39.169\',
    \'server_protocol\' => \'HTTP/1.1\',
    \'server_software\' => \'swoole-http-server\',
  ),
   \'post\' => 
  array (
    \'date\' => \'1463932800\',
    \'content_data\' => \'{"article_id":"11"}\',
    \'content_type\' => \'0\',
  ),
))',
        1 => 'swoole_http_response::__set_state(array(
   \'fd\' => 449,
))',
      ),
      'class' => 'socket\\HttpServer',
      'type' => '->',
    ),
    7 => 
    array (
      'file' => '/root/apps/90server/ZPHP/Socket/Adapter/Swoole.php',
      'line' => 134,
      'function' => 'start',
      'args' => 
      array (
      ),
      'class' => 'swoole_http_server',
      'type' => '->',
    ),
    8 => 
    array (
      'file' => '/root/apps/90server/ZPHP/Server/Adapter/Socket.php',
      'line' => 31,
      'function' => 'run',
      'args' => 
      array (
      ),
      'class' => 'ZPHP\\Socket\\Adapter\\Swoole',
      'type' => '->',
    ),
    9 => 
    array (
      'file' => '/root/apps/90server/ZPHP/ZPHP.php',
      'line' => 189,
      'function' => 'run',
      'args' => 
      array (
      ),
      'class' => 'ZPHP\\Server\\Adapter\\Socket',
      'type' => '->',
    ),
    10 => 
    array (
      'file' => '/root/apps/90server/Application/webroot/main.php',
      'line' => 7,
      'function' => 'run',
      'args' => 
      array (
        0 => '\'/root/apps/90server/Application\'',
      ),
      'class' => 'ZPHP\\ZPHP',
      'type' => '::',
    ),
  ),
)
2016-05-23 15:04:17
array (
  'className' => 'Exception',
  'message' => 'SQLSTATE[23000]: Integrity constraint violation: 1062 Duplicate entry \'1463932800\' for key \'PRIMARY\'',
  'code' => '23000',
  'file' => '/root/apps/90server/Application/apps/dao/BaseDao.php',
  'line' => 67,
  'userAgent' => '',
  'trace' => 
  array (
    0 => 
    array (
      'file' => '/root/apps/90server/Application/apps/dao/BaseDao.php',
      'line' => 67,
      'function' => 'execute',
      'args' => 
      array (
        0 => 'array (
  \'date\' => \'1463932800\',
  \'content_type\' => \'0\',
  \'content_data\' => \'{"article_id":"11"}\',
)',
      ),
      'class' => 'PDOStatement',
      'type' => '->',
    ),
    1 => 
    array (
      'file' => '/root/apps/90server/Application/apps/dao/question/Question.php',
      'line' => 191,
      'function' => 'execute',
      'args' => 
      array (
        0 => 'Aura\\SqlQuery\\Mysql\\Insert::__set_state(array(
   \'col_on_update_values\' => NULL,
   \'into\' => \'90_rest_push\',
   \'last_insert_id_names\' => 
  array (
  ),
   \'row\' => 0,
   \'col_values_bulk\' => 
  array (
  ),
   \'bind_values_bulk\' => 
  array (
  ),
   \'col_order\' => 
  array (
  ),
   \'col_values\' => 
  array (
    \'`date`\' => \':date\',
    \'`content_type`\' => \':content_type\',
    \'`content_data`\' => \':content_data\',
  ),
   \'returning\' => 
  array (
  ),
   \'bind_values\' => 
  array (
    \'date\' => \'1463932800\',
    \'content_type\' => \'0\',
    \'content_data\' => \'{"article_id":"11"}\',
  ),
   \'where\' => 
  array (
  ),
   \'order_by\' => 
  array (
  ),
   \'limit\' => 0,
   \'offset\' => 0,
   \'flags\' => 
  array (
  ),
   \'quoter\' => 
  Aura\\SqlQuery\\Quoter::__set_state(array(
     \'quote_name_prefix\' => \'`\',
     \'quote_name_suffix\' => \'`\',
  )),
   \'seq_bind_prefix\' => \'_2\',
))',
      ),
      'class' => 'dao\\BaseDao',
      'type' => '->',
    ),
    2 => 
    array (
      'file' => '/root/apps/90server/Application/apps/dao/BaseDao.php',
      'line' => 44,
      'function' => 'saveRestPush',
      'args' => 
      array (
      ),
      'class' => 'dao\\question\\Question',
      'type' => '->',
    ),
    3 => 
    array (
      'file' => '/root/apps/90server/Application/apps/ctrl/Push.php',
      'line' => 94,
      'function' => 'run',
      'args' => 
      array (
        0 => '\'saveRestPush\'',
        1 => '\'1463932800\'',
        2 => '\'0\'',
        3 => '\'{"article_id":"11"}\'',
      ),
      'class' => 'dao\\BaseDao',
      'type' => '->',
    ),
    4 => 
    array (
      'file' => '/root/apps/90server/ZPHP/Core/Route.php',
      'line' => 33,
      'function' => 'pushRestArticle',
      'args' => 
      array (
      ),
      'class' => 'ctrl\\Push',
      'type' => '->',
    ),
    5 => 
    array (
      'file' => '/root/apps/90server/Application/apps/socket/HttpServer.php',
      'line' => 53,
      'function' => 'route',
      'args' => 
      array (
      ),
      'class' => 'ZPHP\\Core\\Route',
      'type' => '::',
    ),
    6 => 
    array (
      'file' => 'null',
      'line' => 'null',
      'function' => 'onRequest',
      'args' => 
      array (
        0 => 'swoole_http_request::__set_state(array(
   \'fd\' => 519,
   \'header\' => 
  array (
    \'host\' => \'101.201.39.169:8992\',
    \'accept\' => \'*/*\',
    \'content-length\' => \'64\',
    \'content-type\' => \'application/x-www-form-urlencoded\',
  ),
   \'server\' => 
  array (
    \'request_method\' => \'POST\',
    \'request_uri\' => \'/Push/pushRestArticle\',
    \'path_info\' => \'/Push/pushRestArticle\',
    \'request_time\' => 1463987057,
    \'request_time_float\' => 1463987057.6378,
    \'server_port\' => 8992,
    \'remote_port\' => 59211,
    \'remote_addr\' => \'101.201.39.169\',
    \'server_protocol\' => \'HTTP/1.1\',
    \'server_software\' => \'swoole-http-server\',
  ),
   \'post\' => 
  array (
    \'date\' => \'1463932800\',
    \'content_data\' => \'{"article_id":"11"}\',
    \'content_type\' => \'0\',
  ),
))',
        1 => 'swoole_http_response::__set_state(array(
   \'fd\' => 519,
))',
      ),
      'class' => 'socket\\HttpServer',
      'type' => '->',
    ),
    7 => 
    array (
      'file' => '/root/apps/90server/ZPHP/Socket/Adapter/Swoole.php',
      'line' => 134,
      'function' => 'start',
      'args' => 
      array (
      ),
      'class' => 'swoole_http_server',
      'type' => '->',
    ),
    8 => 
    array (
      'file' => '/root/apps/90server/ZPHP/Server/Adapter/Socket.php',
      'line' => 31,
      'function' => 'run',
      'args' => 
      array (
      ),
      'class' => 'ZPHP\\Socket\\Adapter\\Swoole',
      'type' => '->',
    ),
    9 => 
    array (
      'file' => '/root/apps/90server/ZPHP/ZPHP.php',
      'line' => 189,
      'function' => 'run',
      'args' => 
      array (
      ),
      'class' => 'ZPHP\\Server\\Adapter\\Socket',
      'type' => '->',
    ),
    10 => 
    array (
      'file' => '/root/apps/90server/Application/webroot/main.php',
      'line' => 7,
      'function' => 'run',
      'args' => 
      array (
        0 => '\'/root/apps/90server/Application\'',
      ),
      'class' => 'ZPHP\\ZPHP',
      'type' => '::',
    ),
  ),
)
2016-05-23 22:15:32
array (
  'className' => 'Exception',
  'message' => 'SQLSTATE[42S22]: Column not found: 1054 Unknown column \'notice_id\' in \'field list\'',
  'code' => '42S22',
  'file' => '/root/apps/90server/Application/apps/dao/BaseDao.php',
  'line' => 67,
  'userAgent' => '',
  'trace' => 
  array (
    0 => 
    array (
      'file' => '/root/apps/90server/Application/apps/dao/BaseDao.php',
      'line' => 67,
      'function' => 'execute',
      'args' => 
      array (
        0 => 'array (
  \'user_id\' => \'2016052322153274900\',
  \'notice_id\' => \'2016052322153254294\',
  \'time\' => 1464012932,
  \'title\' => \'\',
  \'content\' => \'这是你的第一枚金币，just keep it.\',
)',
      ),
      'class' => 'PDOStatement',
      'type' => '->',
    ),
    1 => 
    array (
      'file' => '/root/apps/90server/Application/apps/dao/user/Info.php',
      'line' => 423,
      'function' => 'execute',
      'args' => 
      array (
        0 => 'Aura\\SqlQuery\\Mysql\\Insert::__set_state(array(
   \'col_on_update_values\' => NULL,
   \'into\' => \'90_user_answer\',
   \'last_insert_id_names\' => 
  array (
  ),
   \'row\' => 0,
   \'col_values_bulk\' => 
  array (
  ),
   \'bind_values_bulk\' => 
  array (
  ),
   \'col_order\' => 
  array (
  ),
   \'col_values\' => 
  array (
    \'`user_id`\' => \':user_id\',
    \'`notice_id`\' => \':notice_id\',
    \'`time`\' => \':time\',
    \'`title`\' => \':title\',
    \'`content`\' => \':content\',
  ),
   \'returning\' => 
  array (
  ),
   \'bind_values\' => 
  array (
    \'user_id\' => \'2016052322153274900\',
    \'notice_id\' => \'2016052322153254294\',
    \'time\' => 1464012932,
    \'title\' => \'\',
    \'content\' => \'这是你的第一枚金币，just keep it.\',
  ),
   \'where\' => 
  array (
  ),
   \'order_by\' => 
  array (
  ),
   \'limit\' => 0,
   \'offset\' => 0,
   \'flags\' => 
  array (
  ),
   \'quoter\' => 
  Aura\\SqlQuery\\Quoter::__set_state(array(
     \'quote_name_prefix\' => \'`\',
     \'quote_name_suffix\' => \'`\',
  )),
   \'seq_bind_prefix\' => \'\',
))',
      ),
      'class' => 'dao\\BaseDao',
      'type' => '->',
    ),
    2 => 
    array (
      'file' => '/root/apps/90server/Application/apps/dao/BaseDao.php',
      'line' => 44,
      'function' => 'sendNotice',
      'args' => 
      array (
      ),
      'class' => 'dao\\user\\Info',
      'type' => '->',
    ),
    3 => 
    array (
      'file' => '/root/apps/90server/Application/apps/ctrl/Login.php',
      'line' => 107,
      'function' => 'run',
      'args' => 
      array (
        0 => '\'sendNotice\'',
        1 => '\'这是你的第一枚金币，just keep it.\'',
        2 => '\'\'',
        3 => '1464012932',
        4 => '\'2016052322153274900\'',
      ),
      'class' => 'dao\\BaseDao',
      'type' => '->',
    ),
    4 => 
    array (
      'file' => '/root/apps/90server/ZPHP/Core/Route.php',
      'line' => 33,
      'function' => 'login_third',
      'args' => 
      array (
      ),
      'class' => 'ctrl\\Login',
      'type' => '->',
    ),
    5 => 
    array (
      'file' => '/root/apps/90server/Application/apps/socket/HttpServer.php',
      'line' => 53,
      'function' => 'route',
      'args' => 
      array (
      ),
      'class' => 'ZPHP\\Core\\Route',
      'type' => '::',
    ),
    6 => 
    array (
      'file' => 'null',
      'line' => 'null',
      'function' => 'onRequest',
      'args' => 
      array (
        0 => 'swoole_http_request::__set_state(array(
   \'fd\' => 624,
   \'header\' => 
  array (
    \'host\' => \'101.201.39.169:8992\',
    \'content-type\' => \'application/x-www-form-urlencoded\',
    \'connection\' => \'keep-alive\',
    \'accept\' => \'*/*\',
    \'user-agent\' => \'NineZeroProject/1.0 (iPhone; iOS 9.3.2; Scale/2.00)\',
    \'accept-language\' => \'zh-Hans-CN;q=1\',
    \'accept-encoding\' => \'gzip, deflate\',
    \'content-length\' => \'214\',
  ),
   \'server\' => 
  array (
    \'request_method\' => \'POST\',
    \'request_uri\' => \'/Login/login_third\',
    \'path_info\' => \'/Login/login_third\',
    \'request_time\' => 1464012931,
    \'request_time_float\' => 1464012932.3281419,
    \'server_port\' => 8992,
    \'remote_port\' => 55877,
    \'remote_addr\' => \'123.120.252.147\',
    \'server_protocol\' => \'HTTP/1.1\',
    \'server_software\' => \'swoole-http-server\',
  ),
   \'post\' => 
  array (
    \'third_id\' => \'orNcGwsGaQo4G-OEy3_iXpKymxRQ\',
    \'user_area_id\' => \'010\',
    \'user_avatar\' => \'http://wx.qlogo.cn/mmopen/v6XbW38nFOTgKTC8DevcMy1ZCMkCIkD9kogPJE6FKIVc39DiaC2krXZEdZHbP8yvNV0GNCBRs8lp7icJOEJ5FoIA/0\',
    \'user_name\' => \'白鸦\',
  ),
))',
        1 => 'swoole_http_response::__set_state(array(
   \'fd\' => 624,
))',
      ),
      'class' => 'socket\\HttpServer',
      'type' => '->',
    ),
    7 => 
    array (
      'file' => '/root/apps/90server/ZPHP/Socket/Adapter/Swoole.php',
      'line' => 134,
      'function' => 'start',
      'args' => 
      array (
      ),
      'class' => 'swoole_http_server',
      'type' => '->',
    ),
    8 => 
    array (
      'file' => '/root/apps/90server/ZPHP/Server/Adapter/Socket.php',
      'line' => 31,
      'function' => 'run',
      'args' => 
      array (
      ),
      'class' => 'ZPHP\\Socket\\Adapter\\Swoole',
      'type' => '->',
    ),
    9 => 
    array (
      'file' => '/root/apps/90server/ZPHP/ZPHP.php',
      'line' => 189,
      'function' => 'run',
      'args' => 
      array (
      ),
      'class' => 'ZPHP\\Server\\Adapter\\Socket',
      'type' => '->',
    ),
    10 => 
    array (
      'file' => '/root/apps/90server/Application/webroot/main.php',
      'line' => 7,
      'function' => 'run',
      'args' => 
      array (
        0 => '\'/root/apps/90server/Application\'',
      ),
      'class' => 'ZPHP\\ZPHP',
      'type' => '::',
    ),
  ),
)
2016-05-23 22:38:10
array (
  'className' => 'Exception',
  'message' => 'SQLSTATE[42S22]: Column not found: 1054 Unknown column \'notice_id\' in \'field list\'',
  'code' => '42S22',
  'file' => '/root/apps/90server/Application/apps/dao/BaseDao.php',
  'line' => 67,
  'userAgent' => '',
  'trace' => 
  array (
    0 => 
    array (
      'file' => '/root/apps/90server/Application/apps/dao/BaseDao.php',
      'line' => 67,
      'function' => 'execute',
      'args' => 
      array (
        0 => 'array (
  \'user_id\' => \'2016052322381083762\',
  \'notice_id\' => \'2016052322381025448\',
  \'time\' => 1464014290,
  \'title\' => \'\',
  \'content\' => \'这是你的第一枚金币，just keep it.\',
)',
      ),
      'class' => 'PDOStatement',
      'type' => '->',
    ),
    1 => 
    array (
      'file' => '/root/apps/90server/Application/apps/dao/user/Info.php',
      'line' => 423,
      'function' => 'execute',
      'args' => 
      array (
        0 => 'Aura\\SqlQuery\\Mysql\\Insert::__set_state(array(
   \'col_on_update_values\' => NULL,
   \'into\' => \'90_user_answer\',
   \'last_insert_id_names\' => 
  array (
  ),
   \'row\' => 0,
   \'col_values_bulk\' => 
  array (
  ),
   \'bind_values_bulk\' => 
  array (
  ),
   \'col_order\' => 
  array (
  ),
   \'col_values\' => 
  array (
    \'`user_id`\' => \':user_id\',
    \'`notice_id`\' => \':notice_id\',
    \'`time`\' => \':time\',
    \'`title`\' => \':title\',
    \'`content`\' => \':content\',
  ),
   \'returning\' => 
  array (
  ),
   \'bind_values\' => 
  array (
    \'user_id\' => \'2016052322381083762\',
    \'notice_id\' => \'2016052322381025448\',
    \'time\' => 1464014290,
    \'title\' => \'\',
    \'content\' => \'这是你的第一枚金币，just keep it.\',
  ),
   \'where\' => 
  array (
  ),
   \'order_by\' => 
  array (
  ),
   \'limit\' => 0,
   \'offset\' => 0,
   \'flags\' => 
  array (
  ),
   \'quoter\' => 
  Aura\\SqlQuery\\Quoter::__set_state(array(
     \'quote_name_prefix\' => \'`\',
     \'quote_name_suffix\' => \'`\',
  )),
   \'seq_bind_prefix\' => \'\',
))',
      ),
      'class' => 'dao\\BaseDao',
      'type' => '->',
    ),
    2 => 
    array (
      'file' => '/root/apps/90server/Application/apps/dao/BaseDao.php',
      'line' => 44,
      'function' => 'sendNotice',
      'args' => 
      array (
      ),
      'class' => 'dao\\user\\Info',
      'type' => '->',
    ),
    3 => 
    array (
      'file' => '/root/apps/90server/Application/apps/ctrl/Login.php',
      'line' => 107,
      'function' => 'run',
      'args' => 
      array (
        0 => '\'sendNotice\'',
        1 => '\'这是你的第一枚金币，just keep it.\'',
        2 => '\'\'',
        3 => '1464014290',
        4 => '\'2016052322381083762\'',
      ),
      'class' => 'dao\\BaseDao',
      'type' => '->',
    ),
    4 => 
    array (
      'file' => '/root/apps/90server/ZPHP/Core/Route.php',
      'line' => 33,
      'function' => 'login_third',
      'args' => 
      array (
      ),
      'class' => 'ctrl\\Login',
      'type' => '->',
    ),
    5 => 
    array (
      'file' => '/root/apps/90server/Application/apps/socket/HttpServer.php',
      'line' => 53,
      'function' => 'route',
      'args' => 
      array (
      ),
      'class' => 'ZPHP\\Core\\Route',
      'type' => '::',
    ),
    6 => 
    array (
      'file' => 'null',
      'line' => 'null',
      'function' => 'onRequest',
      'args' => 
      array (
        0 => 'swoole_http_request::__set_state(array(
   \'fd\' => 37,
   \'header\' => 
  array (
    \'host\' => \'101.201.39.169:8992\',
    \'content-type\' => \'application/x-www-form-urlencoded\',
    \'connection\' => \'keep-alive\',
    \'accept\' => \'*/*\',
    \'user-agent\' => \'NineZeroProject/1.0 (iPhone; iOS 9.3.2; Scale/2.00)\',
    \'accept-language\' => \'en-CN;q=1, zh-Hans-CN;q=0.9\',
    \'accept-encoding\' => \'gzip, deflate\',
    \'content-length\' => \'210\',
  ),
   \'server\' => 
  array (
    \'request_method\' => \'POST\',
    \'request_uri\' => \'/Login/login_third\',
    \'path_info\' => \'/Login/login_third\',
    \'request_time\' => 1464014290,
    \'request_time_float\' => 1464014290.1883399,
    \'server_port\' => 8992,
    \'remote_port\' => 59011,
    \'remote_addr\' => \'61.148.242.49\',
    \'server_protocol\' => \'HTTP/1.1\',
    \'server_software\' => \'swoole-http-server\',
  ),
   \'post\' => 
  array (
    \'third_id\' => \'orNcGwiw1SpiAFdVIoeN4K1PWt-A\',
    \'user_area_id\' => \'010\',
    \'user_avatar\' => \'http://wx.qlogo.cn/mmopen/iab1gXesF4ZVqEzT48ya9M3c2wd9uibb3sQ4CcHVdoZQMbtbhmfCro1efFjtejgFhDiccZG2U101cOBtrS6HGrTuLBWyOtJ3iamv/0\',
    \'user_name\' => \'Tt\',
  ),
))',
        1 => 'swoole_http_response::__set_state(array(
   \'fd\' => 37,
))',
      ),
      'class' => 'socket\\HttpServer',
      'type' => '->',
    ),
    7 => 
    array (
      'file' => '/root/apps/90server/ZPHP/Socket/Adapter/Swoole.php',
      'line' => 134,
      'function' => 'start',
      'args' => 
      array (
      ),
      'class' => 'swoole_http_server',
      'type' => '->',
    ),
    8 => 
    array (
      'file' => '/root/apps/90server/ZPHP/Server/Adapter/Socket.php',
      'line' => 31,
      'function' => 'run',
      'args' => 
      array (
      ),
      'class' => 'ZPHP\\Socket\\Adapter\\Swoole',
      'type' => '->',
    ),
    9 => 
    array (
      'file' => '/root/apps/90server/ZPHP/ZPHP.php',
      'line' => 189,
      'function' => 'run',
      'args' => 
      array (
      ),
      'class' => 'ZPHP\\Server\\Adapter\\Socket',
      'type' => '->',
    ),
    10 => 
    array (
      'file' => '/root/apps/90server/Application/webroot/main.php',
      'line' => 7,
      'function' => 'run',
      'args' => 
      array (
        0 => '\'/root/apps/90server/Application\'',
      ),
      'class' => 'ZPHP\\ZPHP',
      'type' => '::',
    ),
  ),
)
2016-05-23 23:16:52
array (
  'className' => 'Exception',
  'message' => 'SQLSTATE[23000]: Integrity constraint violation: 1062 Duplicate entry \'1463932800\' for key \'PRIMARY\'',
  'code' => '23000',
  'file' => '/root/apps/90server/Application/apps/dao/BaseDao.php',
  'line' => 67,
  'userAgent' => '',
  'trace' => 
  array (
    0 => 
    array (
      'file' => '/root/apps/90server/Application/apps/dao/BaseDao.php',
      'line' => 67,
      'function' => 'execute',
      'args' => 
      array (
        0 => 'array (
  \'date\' => \'1463932800\',
  \'content_type\' => \'1\',
  \'content_data\' => \'{"url":"http:\\\\/\\\\/7xryb0.com1.z0.glb.clouddn.com\\\\/90_app_intro_video_v1.mp4","title":"\\\\u96f6\\\\u4ed4\\\\u767b\\\\u9646\\\\u5730\\\\u7403\\\\u8fdb\\\\u5165\\\\u5012\\\\u8ba1\\\\u65f6\\\\uff01"}\',
)',
      ),
      'class' => 'PDOStatement',
      'type' => '->',
    ),
    1 => 
    array (
      'file' => '/root/apps/90server/Application/apps/dao/question/Question.php',
      'line' => 191,
      'function' => 'execute',
      'args' => 
      array (
        0 => 'Aura\\SqlQuery\\Mysql\\Insert::__set_state(array(
   \'col_on_update_values\' => NULL,
   \'into\' => \'90_rest_push\',
   \'last_insert_id_names\' => 
  array (
  ),
   \'row\' => 0,
   \'col_values_bulk\' => 
  array (
  ),
   \'bind_values_bulk\' => 
  array (
  ),
   \'col_order\' => 
  array (
  ),
   \'col_values\' => 
  array (
    \'`date`\' => \':date\',
    \'`content_type`\' => \':content_type\',
    \'`content_data`\' => \':content_data\',
  ),
   \'returning\' => 
  array (
  ),
   \'bind_values\' => 
  array (
    \'date\' => \'1463932800\',
    \'content_type\' => \'1\',
    \'content_data\' => \'{"url":"http:\\\\/\\\\/7xryb0.com1.z0.glb.clouddn.com\\\\/90_app_intro_video_v1.mp4","title":"\\\\u96f6\\\\u4ed4\\\\u767b\\\\u9646\\\\u5730\\\\u7403\\\\u8fdb\\\\u5165\\\\u5012\\\\u8ba1\\\\u65f6\\\\uff01"}\',
  ),
   \'where\' => 
  array (
  ),
   \'order_by\' => 
  array (
  ),
   \'limit\' => 0,
   \'offset\' => 0,
   \'flags\' => 
  array (
  ),
   \'quoter\' => 
  Aura\\SqlQuery\\Quoter::__set_state(array(
     \'quote_name_prefix\' => \'`\',
     \'quote_name_suffix\' => \'`\',
  )),
   \'seq_bind_prefix\' => \'\',
))',
      ),
      'class' => 'dao\\BaseDao',
      'type' => '->',
    ),
    2 => 
    array (
      'file' => '/root/apps/90server/Application/apps/dao/BaseDao.php',
      'line' => 44,
      'function' => 'saveRestPush',
      'args' => 
      array (
      ),
      'class' => 'dao\\question\\Question',
      'type' => '->',
    ),
    3 => 
    array (
      'file' => '/root/apps/90server/Application/apps/ctrl/Push.php',
      'line' => 94,
      'function' => 'run',
      'args' => 
      array (
        0 => '\'saveRestPush\'',
        1 => '\'1463932800\'',
        2 => '\'1\'',
        3 => '\'{"url":"http:\\\\/\\\\/7xryb0.com1.z0.glb.clouddn.com\\\\/90_app_intro_video_v1.mp4","title":"\\\\u96f6\\\\u4ed4\\\\u767b\\\\u9646\\\\u5730\\\\u7403\\\\u8fdb\\\\u5165\\\\u5012\\\\u8ba1\\\\u65f6\\\\uff01"}\'',
      ),
      'class' => 'dao\\BaseDao',
      'type' => '->',
    ),
    4 => 
    array (
      'file' => '/root/apps/90server/ZPHP/Core/Route.php',
      'line' => 33,
      'function' => 'pushRestArticle',
      'args' => 
      array (
      ),
      'class' => 'ctrl\\Push',
      'type' => '->',
    ),
    5 => 
    array (
      'file' => '/root/apps/90server/Application/apps/socket/HttpServer.php',
      'line' => 53,
      'function' => 'route',
      'args' => 
      array (
      ),
      'class' => 'ZPHP\\Core\\Route',
      'type' => '::',
    ),
    6 => 
    array (
      'file' => 'null',
      'line' => 'null',
      'function' => 'onRequest',
      'args' => 
      array (
        0 => 'swoole_http_request::__set_state(array(
   \'fd\' => 90,
   \'header\' => 
  array (
    \'host\' => \'101.201.39.169:8992\',
    \'accept\' => \'*/*\',
    \'content-length\' => \'204\',
    \'content-type\' => \'application/x-www-form-urlencoded\',
  ),
   \'server\' => 
  array (
    \'request_method\' => \'POST\',
    \'request_uri\' => \'/Push/pushRestArticle\',
    \'path_info\' => \'/Push/pushRestArticle\',
    \'request_time\' => 1464016612,
    \'request_time_float\' => 1464016612.550324,
    \'server_port\' => 8992,
    \'remote_port\' => 59545,
    \'remote_addr\' => \'101.201.39.169\',
    \'server_protocol\' => \'HTTP/1.1\',
    \'server_software\' => \'swoole-http-server\',
  ),
   \'post\' => 
  array (
    \'date\' => \'1463932800\',
    \'content_data\' => \'{"url":"http:\\\\/\\\\/7xryb0.com1.z0.glb.clouddn.com\\\\/90_app_intro_video_v1.mp4","title":"\\\\u96f6\\\\u4ed4\\\\u767b\\\\u9646\\\\u5730\\\\u7403\\\\u8fdb\\\\u5165\\\\u5012\\\\u8ba1\\\\u65f6\\\\uff01"}\',
    \'content_type\' => \'1\',
  ),
))',
        1 => 'swoole_http_response::__set_state(array(
   \'fd\' => 90,
))',
      ),
      'class' => 'socket\\HttpServer',
      'type' => '->',
    ),
    7 => 
    array (
      'file' => '/root/apps/90server/ZPHP/Socket/Adapter/Swoole.php',
      'line' => 134,
      'function' => 'start',
      'args' => 
      array (
      ),
      'class' => 'swoole_http_server',
      'type' => '->',
    ),
    8 => 
    array (
      'file' => '/root/apps/90server/ZPHP/Server/Adapter/Socket.php',
      'line' => 31,
      'function' => 'run',
      'args' => 
      array (
      ),
      'class' => 'ZPHP\\Socket\\Adapter\\Swoole',
      'type' => '->',
    ),
    9 => 
    array (
      'file' => '/root/apps/90server/ZPHP/ZPHP.php',
      'line' => 189,
      'function' => 'run',
      'args' => 
      array (
      ),
      'class' => 'ZPHP\\Server\\Adapter\\Socket',
      'type' => '->',
    ),
    10 => 
    array (
      'file' => '/root/apps/90server/Application/webroot/main.php',
      'line' => 7,
      'function' => 'run',
      'args' => 
      array (
        0 => '\'/root/apps/90server/Application\'',
      ),
      'class' => 'ZPHP\\ZPHP',
      'type' => '::',
    ),
  ),
)
2016-05-23 23:28:59
array (
  'className' => 'Exception',
  'message' => 'SQLSTATE[42S22]: Column not found: 1054 Unknown column \'notice_id\' in \'field list\'',
  'code' => '42S22',
  'file' => '/root/apps/90server/Application/apps/dao/BaseDao.php',
  'line' => 67,
  'userAgent' => '',
  'trace' => 
  array (
    0 => 
    array (
      'file' => '/root/apps/90server/Application/apps/dao/BaseDao.php',
      'line' => 67,
      'function' => 'execute',
      'args' => 
      array (
        0 => 'array (
  \'user_id\' => \'2016052323285948048\',
  \'notice_id\' => \'2016052323285956881\',
  \'time\' => 1464017339,
  \'title\' => \'\',
  \'content\' => \'这是你的第一枚金币，just keep it.\',
)',
      ),
      'class' => 'PDOStatement',
      'type' => '->',
    ),
    1 => 
    array (
      'file' => '/root/apps/90server/Application/apps/dao/user/Info.php',
      'line' => 423,
      'function' => 'execute',
      'args' => 
      array (
        0 => 'Aura\\SqlQuery\\Mysql\\Insert::__set_state(array(
   \'col_on_update_values\' => NULL,
   \'into\' => \'90_user_answer\',
   \'last_insert_id_names\' => 
  array (
  ),
   \'row\' => 0,
   \'col_values_bulk\' => 
  array (
  ),
   \'bind_values_bulk\' => 
  array (
  ),
   \'col_order\' => 
  array (
  ),
   \'col_values\' => 
  array (
    \'`user_id`\' => \':user_id\',
    \'`notice_id`\' => \':notice_id\',
    \'`time`\' => \':time\',
    \'`title`\' => \':title\',
    \'`content`\' => \':content\',
  ),
   \'returning\' => 
  array (
  ),
   \'bind_values\' => 
  array (
    \'user_id\' => \'2016052323285948048\',
    \'notice_id\' => \'2016052323285956881\',
    \'time\' => 1464017339,
    \'title\' => \'\',
    \'content\' => \'这是你的第一枚金币，just keep it.\',
  ),
   \'where\' => 
  array (
  ),
   \'order_by\' => 
  array (
  ),
   \'limit\' => 0,
   \'offset\' => 0,
   \'flags\' => 
  array (
  ),
   \'quoter\' => 
  Aura\\SqlQuery\\Quoter::__set_state(array(
     \'quote_name_prefix\' => \'`\',
     \'quote_name_suffix\' => \'`\',
  )),
   \'seq_bind_prefix\' => \'_1\',
))',
      ),
      'class' => 'dao\\BaseDao',
      'type' => '->',
    ),
    2 => 
    array (
      'file' => '/root/apps/90server/Application/apps/dao/BaseDao.php',
      'line' => 44,
      'function' => 'sendNotice',
      'args' => 
      array (
      ),
      'class' => 'dao\\user\\Info',
      'type' => '->',
    ),
    3 => 
    array (
      'file' => '/root/apps/90server/Application/apps/ctrl/Login.php',
      'line' => 190,
      'function' => 'run',
      'args' => 
      array (
        0 => '\'sendNotice\'',
        1 => '\'这是你的第一枚金币，just keep it.\'',
        2 => '\'\'',
        3 => '1464017339',
        4 => '\'2016052323285948048\'',
      ),
      'class' => 'dao\\BaseDao',
      'type' => '->',
    ),
    4 => 
    array (
      'file' => '/root/apps/90server/ZPHP/Core/Route.php',
      'line' => 33,
      'function' => 'register',
      'args' => 
      array (
      ),
      'class' => 'ctrl\\Login',
      'type' => '->',
    ),
    5 => 
    array (
      'file' => '/root/apps/90server/Application/apps/socket/HttpServer.php',
      'line' => 53,
      'function' => 'route',
      'args' => 
      array (
      ),
      'class' => 'ZPHP\\Core\\Route',
      'type' => '::',
    ),
    6 => 
    array (
      'file' => 'null',
      'line' => 'null',
      'function' => 'onRequest',
      'args' => 
      array (
        0 => 'swoole_http_request::__set_state(array(
   \'fd\' => 106,
   \'header\' => 
  array (
    \'host\' => \'101.201.39.169:8992\',
    \'content-type\' => \'application/x-www-form-urlencoded\',
    \'connection\' => \'keep-alive\',
    \'accept\' => \'*/*\',
    \'user-agent\' => \'NineZeroProject/1.0 (iPhone; iOS 9.3.2; Scale/2.00)\',
    \'accept-language\' => \'zh-Hans-CN;q=1, en-CN;q=0.9\',
    \'accept-encoding\' => \'gzip, deflate\',
    \'content-length\' => \'205\',
  ),
   \'server\' => 
  array (
    \'request_method\' => \'POST\',
    \'request_uri\' => \'/Login/register/\',
    \'path_info\' => \'/Login/register/\',
    \'request_time\' => 1464017338,
    \'request_time_float\' => 1464017339.671057,
    \'server_port\' => 8992,
    \'remote_port\' => 63174,
    \'remote_addr\' => \'123.120.252.147\',
    \'server_protocol\' => \'HTTP/1.1\',
    \'server_software\' => \'swoole-http-server\',
  ),
   \'post\' => 
  array (
    \'code\' => \'2043\',
    \'user_area_id\' => \'010\',
    \'user_avatar\' => \'\',
    \'user_email\' => \'null\',
    \'user_mobile\' => \'13141221045\',
    \'user_name\' => \'我是表哥\',
    \'user_password\' => \'666e0e8d2c10e1ed9ded408cd14c1bcf5b1d112e0ca12227aae90a5ddcc5e93c\',
  ),
))',
        1 => 'swoole_http_response::__set_state(array(
   \'fd\' => 106,
))',
      ),
      'class' => 'socket\\HttpServer',
      'type' => '->',
    ),
    7 => 
    array (
      'file' => '/root/apps/90server/ZPHP/Socket/Adapter/Swoole.php',
      'line' => 134,
      'function' => 'start',
      'args' => 
      array (
      ),
      'class' => 'swoole_http_server',
      'type' => '->',
    ),
    8 => 
    array (
      'file' => '/root/apps/90server/ZPHP/Server/Adapter/Socket.php',
      'line' => 31,
      'function' => 'run',
      'args' => 
      array (
      ),
      'class' => 'ZPHP\\Socket\\Adapter\\Swoole',
      'type' => '->',
    ),
    9 => 
    array (
      'file' => '/root/apps/90server/ZPHP/ZPHP.php',
      'line' => 189,
      'function' => 'run',
      'args' => 
      array (
      ),
      'class' => 'ZPHP\\Server\\Adapter\\Socket',
      'type' => '->',
    ),
    10 => 
    array (
      'file' => '/root/apps/90server/Application/webroot/main.php',
      'line' => 7,
      'function' => 'run',
      'args' => 
      array (
        0 => '\'/root/apps/90server/Application\'',
      ),
      'class' => 'ZPHP\\ZPHP',
      'type' => '::',
    ),
  ),
)
2016-05-23 23:29:36
array (
  'className' => 'Exception',
  'message' => 'SQLSTATE[42S22]: Column not found: 1054 Unknown column \'notice_id\' in \'field list\'',
  'code' => '42S22',
  'file' => '/root/apps/90server/Application/apps/dao/BaseDao.php',
  'line' => 67,
  'userAgent' => '',
  'trace' => 
  array (
    0 => 
    array (
      'file' => '/root/apps/90server/Application/apps/dao/BaseDao.php',
      'line' => 67,
      'function' => 'execute',
      'args' => 
      array (
        0 => 'array (
  \'user_id\' => \'2016052323293615011\',
  \'notice_id\' => \'2016052323293637575\',
  \'time\' => 1464017376,
  \'title\' => \'\',
  \'content\' => \'这是你的第一枚金币，just keep it.\',
)',
      ),
      'class' => 'PDOStatement',
      'type' => '->',
    ),
    1 => 
    array (
      'file' => '/root/apps/90server/Application/apps/dao/user/Info.php',
      'line' => 423,
      'function' => 'execute',
      'args' => 
      array (
        0 => 'Aura\\SqlQuery\\Mysql\\Insert::__set_state(array(
   \'col_on_update_values\' => NULL,
   \'into\' => \'90_user_answer\',
   \'last_insert_id_names\' => 
  array (
  ),
   \'row\' => 0,
   \'col_values_bulk\' => 
  array (
  ),
   \'bind_values_bulk\' => 
  array (
  ),
   \'col_order\' => 
  array (
  ),
   \'col_values\' => 
  array (
    \'`user_id`\' => \':user_id\',
    \'`notice_id`\' => \':notice_id\',
    \'`time`\' => \':time\',
    \'`title`\' => \':title\',
    \'`content`\' => \':content\',
  ),
   \'returning\' => 
  array (
  ),
   \'bind_values\' => 
  array (
    \'user_id\' => \'2016052323293615011\',
    \'notice_id\' => \'2016052323293637575\',
    \'time\' => 1464017376,
    \'title\' => \'\',
    \'content\' => \'这是你的第一枚金币，just keep it.\',
  ),
   \'where\' => 
  array (
  ),
   \'order_by\' => 
  array (
  ),
   \'limit\' => 0,
   \'offset\' => 0,
   \'flags\' => 
  array (
  ),
   \'quoter\' => 
  Aura\\SqlQuery\\Quoter::__set_state(array(
     \'quote_name_prefix\' => \'`\',
     \'quote_name_suffix\' => \'`\',
  )),
   \'seq_bind_prefix\' => \'_2\',
))',
      ),
      'class' => 'dao\\BaseDao',
      'type' => '->',
    ),
    2 => 
    array (
      'file' => '/root/apps/90server/Application/apps/dao/BaseDao.php',
      'line' => 44,
      'function' => 'sendNotice',
      'args' => 
      array (
      ),
      'class' => 'dao\\user\\Info',
      'type' => '->',
    ),
    3 => 
    array (
      'file' => '/root/apps/90server/Application/apps/ctrl/Login.php',
      'line' => 190,
      'function' => 'run',
      'args' => 
      array (
        0 => '\'sendNotice\'',
        1 => '\'这是你的第一枚金币，just keep it.\'',
        2 => '\'\'',
        3 => '1464017376',
        4 => '\'2016052323293615011\'',
      ),
      'class' => 'dao\\BaseDao',
      'type' => '->',
    ),
    4 => 
    array (
      'file' => '/root/apps/90server/ZPHP/Core/Route.php',
      'line' => 33,
      'function' => 'register',
      'args' => 
      array (
      ),
      'class' => 'ctrl\\Login',
      'type' => '->',
    ),
    5 => 
    array (
      'file' => '/root/apps/90server/Application/apps/socket/HttpServer.php',
      'line' => 53,
      'function' => 'route',
      'args' => 
      array (
      ),
      'class' => 'ZPHP\\Core\\Route',
      'type' => '::',
    ),
    6 => 
    array (
      'file' => 'null',
      'line' => 'null',
      'function' => 'onRequest',
      'args' => 
      array (
        0 => 'swoole_http_request::__set_state(array(
   \'fd\' => 111,
   \'header\' => 
  array (
    \'host\' => \'101.201.39.169:8992\',
    \'content-type\' => \'application/x-www-form-urlencoded\',
    \'connection\' => \'keep-alive\',
    \'accept\' => \'*/*\',
    \'user-agent\' => \'NineZeroProject/1.0 (iPhone; iOS 9.3.1; Scale/3.00)\',
    \'accept-language\' => \'zh-Hans-CN;q=1\',
    \'accept-encoding\' => \'gzip, deflate\',
    \'content-length\' => \'172\',
  ),
   \'server\' => 
  array (
    \'request_method\' => \'POST\',
    \'request_uri\' => \'/Login/register/\',
    \'path_info\' => \'/Login/register/\',
    \'request_time\' => 1464017376,
    \'request_time_float\' => 1464017376.2022719,
    \'server_port\' => 8992,
    \'remote_port\' => 61107,
    \'remote_addr\' => \'123.120.252.147\',
    \'server_protocol\' => \'HTTP/1.1\',
    \'server_software\' => \'swoole-http-server\',
  ),
   \'post\' => 
  array (
    \'code\' => \'3711\',
    \'user_area_id\' => \'010\',
    \'user_avatar\' => \'\',
    \'user_email\' => \'null\',
    \'user_mobile\' => \'18518391207\',
    \'user_name\' => \'Zac\',
    \'user_password\' => \'b1fefb78c227b6644a8f1eca6dae67f992225c9d8376ad3590f51c8269343fdf\',
  ),
))',
        1 => 'swoole_http_response::__set_state(array(
   \'fd\' => 111,
))',
      ),
      'class' => 'socket\\HttpServer',
      'type' => '->',
    ),
    7 => 
    array (
      'file' => '/root/apps/90server/ZPHP/Socket/Adapter/Swoole.php',
      'line' => 134,
      'function' => 'start',
      'args' => 
      array (
      ),
      'class' => 'swoole_http_server',
      'type' => '->',
    ),
    8 => 
    array (
      'file' => '/root/apps/90server/ZPHP/Server/Adapter/Socket.php',
      'line' => 31,
      'function' => 'run',
      'args' => 
      array (
      ),
      'class' => 'ZPHP\\Socket\\Adapter\\Swoole',
      'type' => '->',
    ),
    9 => 
    array (
      'file' => '/root/apps/90server/ZPHP/ZPHP.php',
      'line' => 189,
      'function' => 'run',
      'args' => 
      array (
      ),
      'class' => 'ZPHP\\Server\\Adapter\\Socket',
      'type' => '->',
    ),
    10 => 
    array (
      'file' => '/root/apps/90server/Application/webroot/main.php',
      'line' => 7,
      'function' => 'run',
      'args' => 
      array (
        0 => '\'/root/apps/90server/Application\'',
      ),
      'class' => 'ZPHP\\ZPHP',
      'type' => '::',
    ),
  ),
)
2016-05-23 23:31:51
array (
  'className' => 'Exception',
  'message' => 'SQLSTATE[42S22]: Column not found: 1054 Unknown column \'notice_id\' in \'field list\'',
  'code' => '42S22',
  'file' => '/root/apps/90server/Application/apps/dao/BaseDao.php',
  'line' => 67,
  'userAgent' => '',
  'trace' => 
  array (
    0 => 
    array (
      'file' => '/root/apps/90server/Application/apps/dao/BaseDao.php',
      'line' => 67,
      'function' => 'execute',
      'args' => 
      array (
        0 => 'array (
  \'user_id\' => \'2016052323315135398\',
  \'notice_id\' => \'2016052323315195326\',
  \'time\' => 1464017511,
  \'title\' => \'\',
  \'content\' => \'这是你的第一枚金币，just keep it.\',
)',
      ),
      'class' => 'PDOStatement',
      'type' => '->',
    ),
    1 => 
    array (
      'file' => '/root/apps/90server/Application/apps/dao/user/Info.php',
      'line' => 423,
      'function' => 'execute',
      'args' => 
      array (
        0 => 'Aura\\SqlQuery\\Mysql\\Insert::__set_state(array(
   \'col_on_update_values\' => NULL,
   \'into\' => \'90_user_answer\',
   \'last_insert_id_names\' => 
  array (
  ),
   \'row\' => 0,
   \'col_values_bulk\' => 
  array (
  ),
   \'bind_values_bulk\' => 
  array (
  ),
   \'col_order\' => 
  array (
  ),
   \'col_values\' => 
  array (
    \'`user_id`\' => \':user_id\',
    \'`notice_id`\' => \':notice_id\',
    \'`time`\' => \':time\',
    \'`title`\' => \':title\',
    \'`content`\' => \':content\',
  ),
   \'returning\' => 
  array (
  ),
   \'bind_values\' => 
  array (
    \'user_id\' => \'2016052323315135398\',
    \'notice_id\' => \'2016052323315195326\',
    \'time\' => 1464017511,
    \'title\' => \'\',
    \'content\' => \'这是你的第一枚金币，just keep it.\',
  ),
   \'where\' => 
  array (
  ),
   \'order_by\' => 
  array (
  ),
   \'limit\' => 0,
   \'offset\' => 0,
   \'flags\' => 
  array (
  ),
   \'quoter\' => 
  Aura\\SqlQuery\\Quoter::__set_state(array(
     \'quote_name_prefix\' => \'`\',
     \'quote_name_suffix\' => \'`\',
  )),
   \'seq_bind_prefix\' => \'_3\',
))',
      ),
      'class' => 'dao\\BaseDao',
      'type' => '->',
    ),
    2 => 
    array (
      'file' => '/root/apps/90server/Application/apps/dao/BaseDao.php',
      'line' => 44,
      'function' => 'sendNotice',
      'args' => 
      array (
      ),
      'class' => 'dao\\user\\Info',
      'type' => '->',
    ),
    3 => 
    array (
      'file' => '/root/apps/90server/Application/apps/ctrl/Login.php',
      'line' => 190,
      'function' => 'run',
      'args' => 
      array (
        0 => '\'sendNotice\'',
        1 => '\'这是你的第一枚金币，just keep it.\'',
        2 => '\'\'',
        3 => '1464017511',
        4 => '\'2016052323315135398\'',
      ),
      'class' => 'dao\\BaseDao',
      'type' => '->',
    ),
    4 => 
    array (
      'file' => '/root/apps/90server/ZPHP/Core/Route.php',
      'line' => 33,
      'function' => 'register',
      'args' => 
      array (
      ),
      'class' => 'ctrl\\Login',
      'type' => '->',
    ),
    5 => 
    array (
      'file' => '/root/apps/90server/Application/apps/socket/HttpServer.php',
      'line' => 53,
      'function' => 'route',
      'args' => 
      array (
      ),
      'class' => 'ZPHP\\Core\\Route',
      'type' => '::',
    ),
    6 => 
    array (
      'file' => 'null',
      'line' => 'null',
      'function' => 'onRequest',
      'args' => 
      array (
        0 => 'swoole_http_request::__set_state(array(
   \'fd\' => 116,
   \'header\' => 
  array (
    \'host\' => \'101.201.39.169:8992\',
    \'content-type\' => \'application/x-www-form-urlencoded\',
    \'connection\' => \'keep-alive\',
    \'accept\' => \'*/*\',
    \'user-agent\' => \'NineZeroProject/1.0 (iPhone; iOS 9.3.2; Scale/2.00)\',
    \'accept-language\' => \'zh-Hans-CN;q=1\',
    \'accept-encoding\' => \'gzip, deflate\',
    \'content-length\' => \'196\',
  ),
   \'server\' => 
  array (
    \'request_method\' => \'POST\',
    \'request_uri\' => \'/Login/register/\',
    \'path_info\' => \'/Login/register/\',
    \'request_time\' => 1464017511,
    \'request_time_float\' => 1464017511.864485,
    \'server_port\' => 8992,
    \'remote_port\' => 50872,
    \'remote_addr\' => \'123.120.252.147\',
    \'server_protocol\' => \'HTTP/1.1\',
    \'server_software\' => \'swoole-http-server\',
  ),
   \'post\' => 
  array (
    \'code\' => \'8439\',
    \'user_area_id\' => \'010\',
    \'user_avatar\' => \'\',
    \'user_email\' => \'null\',
    \'user_mobile\' => \'18500376532\',
    \'user_name\' => \'小懒君\',
    \'user_password\' => \'828628b47d611f204feed1185fa55cd989771284297bd95f49d4e32055094f5a\',
  ),
))',
        1 => 'swoole_http_response::__set_state(array(
   \'fd\' => 116,
))',
      ),
      'class' => 'socket\\HttpServer',
      'type' => '->',
    ),
    7 => 
    array (
      'file' => '/root/apps/90server/ZPHP/Socket/Adapter/Swoole.php',
      'line' => 134,
      'function' => 'start',
      'args' => 
      array (
      ),
      'class' => 'swoole_http_server',
      'type' => '->',
    ),
    8 => 
    array (
      'file' => '/root/apps/90server/ZPHP/Server/Adapter/Socket.php',
      'line' => 31,
      'function' => 'run',
      'args' => 
      array (
      ),
      'class' => 'ZPHP\\Socket\\Adapter\\Swoole',
      'type' => '->',
    ),
    9 => 
    array (
      'file' => '/root/apps/90server/ZPHP/ZPHP.php',
      'line' => 189,
      'function' => 'run',
      'args' => 
      array (
      ),
      'class' => 'ZPHP\\Server\\Adapter\\Socket',
      'type' => '->',
    ),
    10 => 
    array (
      'file' => '/root/apps/90server/Application/webroot/main.php',
      'line' => 7,
      'function' => 'run',
      'args' => 
      array (
        0 => '\'/root/apps/90server/Application\'',
      ),
      'class' => 'ZPHP\\ZPHP',
      'type' => '::',
    ),
  ),
)
2016-05-23 23:39:00
array (
  'className' => 'Exception',
  'message' => 'SQLSTATE[42S22]: Column not found: 1054 Unknown column \'notice_id\' in \'field list\'',
  'code' => '42S22',
  'file' => '/root/apps/90server/Application/apps/dao/BaseDao.php',
  'line' => 67,
  'userAgent' => '',
  'trace' => 
  array (
    0 => 
    array (
      'file' => '/root/apps/90server/Application/apps/dao/BaseDao.php',
      'line' => 67,
      'function' => 'execute',
      'args' => 
      array (
        0 => 'array (
  \'user_id\' => \'2016052323390083023\',
  \'notice_id\' => \'2016052323390015609\',
  \'time\' => 1464017940,
  \'title\' => \'\',
  \'content\' => \'这是你的第一枚金币，just keep it.\',
)',
      ),
      'class' => 'PDOStatement',
      'type' => '->',
    ),
    1 => 
    array (
      'file' => '/root/apps/90server/Application/apps/dao/user/Info.php',
      'line' => 423,
      'function' => 'execute',
      'args' => 
      array (
        0 => 'Aura\\SqlQuery\\Mysql\\Insert::__set_state(array(
   \'col_on_update_values\' => NULL,
   \'into\' => \'90_user_answer\',
   \'last_insert_id_names\' => 
  array (
  ),
   \'row\' => 0,
   \'col_values_bulk\' => 
  array (
  ),
   \'bind_values_bulk\' => 
  array (
  ),
   \'col_order\' => 
  array (
  ),
   \'col_values\' => 
  array (
    \'`user_id`\' => \':user_id\',
    \'`notice_id`\' => \':notice_id\',
    \'`time`\' => \':time\',
    \'`title`\' => \':title\',
    \'`content`\' => \':content\',
  ),
   \'returning\' => 
  array (
  ),
   \'bind_values\' => 
  array (
    \'user_id\' => \'2016052323390083023\',
    \'notice_id\' => \'2016052323390015609\',
    \'time\' => 1464017940,
    \'title\' => \'\',
    \'content\' => \'这是你的第一枚金币，just keep it.\',
  ),
   \'where\' => 
  array (
  ),
   \'order_by\' => 
  array (
  ),
   \'limit\' => 0,
   \'offset\' => 0,
   \'flags\' => 
  array (
  ),
   \'quoter\' => 
  Aura\\SqlQuery\\Quoter::__set_state(array(
     \'quote_name_prefix\' => \'`\',
     \'quote_name_suffix\' => \'`\',
  )),
   \'seq_bind_prefix\' => \'_4\',
))',
      ),
      'class' => 'dao\\BaseDao',
      'type' => '->',
    ),
    2 => 
    array (
      'file' => '/root/apps/90server/Application/apps/dao/BaseDao.php',
      'line' => 44,
      'function' => 'sendNotice',
      'args' => 
      array (
      ),
      'class' => 'dao\\user\\Info',
      'type' => '->',
    ),
    3 => 
    array (
      'file' => '/root/apps/90server/Application/apps/ctrl/Login.php',
      'line' => 190,
      'function' => 'run',
      'args' => 
      array (
        0 => '\'sendNotice\'',
        1 => '\'这是你的第一枚金币，just keep it.\'',
        2 => '\'\'',
        3 => '1464017940',
        4 => '\'2016052323390083023\'',
      ),
      'class' => 'dao\\BaseDao',
      'type' => '->',
    ),
    4 => 
    array (
      'file' => '/root/apps/90server/ZPHP/Core/Route.php',
      'line' => 33,
      'function' => 'register',
      'args' => 
      array (
      ),
      'class' => 'ctrl\\Login',
      'type' => '->',
    ),
    5 => 
    array (
      'file' => '/root/apps/90server/Application/apps/socket/HttpServer.php',
      'line' => 53,
      'function' => 'route',
      'args' => 
      array (
      ),
      'class' => 'ZPHP\\Core\\Route',
      'type' => '::',
    ),
    6 => 
    array (
      'file' => 'null',
      'line' => 'null',
      'function' => 'onRequest',
      'args' => 
      array (
        0 => 'swoole_http_request::__set_state(array(
   \'fd\' => 142,
   \'header\' => 
  array (
    \'host\' => \'101.201.39.169:8992\',
    \'content-type\' => \'application/x-www-form-urlencoded\',
    \'connection\' => \'keep-alive\',
    \'accept\' => \'*/*\',
    \'user-agent\' => \'NineZeroProject/1.0 (iPhone; iOS 9.2.1; Scale/2.00)\',
    \'accept-language\' => \'zh-Hans-CN;q=1, ko-KR;q=0.9\',
    \'accept-encoding\' => \'gzip, deflate\',
    \'content-length\' => \'175\',
  ),
   \'server\' => 
  array (
    \'request_method\' => \'POST\',
    \'request_uri\' => \'/Login/register/\',
    \'path_info\' => \'/Login/register/\',
    \'request_time\' => 1464017940,
    \'request_time_float\' => 1464017940.5394771,
    \'server_port\' => 8992,
    \'remote_port\' => 49135,
    \'remote_addr\' => \'106.39.255.96\',
    \'server_protocol\' => \'HTTP/1.1\',
    \'server_software\' => \'swoole-http-server\',
  ),
   \'post\' => 
  array (
    \'code\' => \'5425\',
    \'user_area_id\' => \'010\',
    \'user_avatar\' => \'\',
    \'user_email\' => \'null\',
    \'user_mobile\' => \'13261586626\',
    \'user_name\' => \'Jasper\',
    \'user_password\' => \'c9c3f9d6fe513bd70f7d917f01a75f0434682cd7964e9fb98f6968913214cee3\',
  ),
))',
        1 => 'swoole_http_response::__set_state(array(
   \'fd\' => 142,
))',
      ),
      'class' => 'socket\\HttpServer',
      'type' => '->',
    ),
    7 => 
    array (
      'file' => '/root/apps/90server/ZPHP/Socket/Adapter/Swoole.php',
      'line' => 134,
      'function' => 'start',
      'args' => 
      array (
      ),
      'class' => 'swoole_http_server',
      'type' => '->',
    ),
    8 => 
    array (
      'file' => '/root/apps/90server/ZPHP/Server/Adapter/Socket.php',
      'line' => 31,
      'function' => 'run',
      'args' => 
      array (
      ),
      'class' => 'ZPHP\\Socket\\Adapter\\Swoole',
      'type' => '->',
    ),
    9 => 
    array (
      'file' => '/root/apps/90server/ZPHP/ZPHP.php',
      'line' => 189,
      'function' => 'run',
      'args' => 
      array (
      ),
      'class' => 'ZPHP\\Server\\Adapter\\Socket',
      'type' => '->',
    ),
    10 => 
    array (
      'file' => '/root/apps/90server/Application/webroot/main.php',
      'line' => 7,
      'function' => 'run',
      'args' => 
      array (
        0 => '\'/root/apps/90server/Application\'',
      ),
      'class' => 'ZPHP\\ZPHP',
      'type' => '::',
    ),
  ),
)
2016-05-23 23:39:09
array (
  'className' => 'Exception',
  'message' => 'SQLSTATE[42S22]: Column not found: 1054 Unknown column \'notice_id\' in \'field list\'',
  'code' => '42S22',
  'file' => '/root/apps/90server/Application/apps/dao/BaseDao.php',
  'line' => 67,
  'userAgent' => '',
  'trace' => 
  array (
    0 => 
    array (
      'file' => '/root/apps/90server/Application/apps/dao/BaseDao.php',
      'line' => 67,
      'function' => 'execute',
      'args' => 
      array (
        0 => 'array (
  \'user_id\' => \'2016052323390953079\',
  \'notice_id\' => \'2016052323390941958\',
  \'time\' => 1464017949,
  \'title\' => \'\',
  \'content\' => \'这是你的第一枚金币，just keep it.\',
)',
      ),
      'class' => 'PDOStatement',
      'type' => '->',
    ),
    1 => 
    array (
      'file' => '/root/apps/90server/Application/apps/dao/user/Info.php',
      'line' => 423,
      'function' => 'execute',
      'args' => 
      array (
        0 => 'Aura\\SqlQuery\\Mysql\\Insert::__set_state(array(
   \'col_on_update_values\' => NULL,
   \'into\' => \'90_user_answer\',
   \'last_insert_id_names\' => 
  array (
  ),
   \'row\' => 0,
   \'col_values_bulk\' => 
  array (
  ),
   \'bind_values_bulk\' => 
  array (
  ),
   \'col_order\' => 
  array (
  ),
   \'col_values\' => 
  array (
    \'`user_id`\' => \':user_id\',
    \'`notice_id`\' => \':notice_id\',
    \'`time`\' => \':time\',
    \'`title`\' => \':title\',
    \'`content`\' => \':content\',
  ),
   \'returning\' => 
  array (
  ),
   \'bind_values\' => 
  array (
    \'user_id\' => \'2016052323390953079\',
    \'notice_id\' => \'2016052323390941958\',
    \'time\' => 1464017949,
    \'title\' => \'\',
    \'content\' => \'这是你的第一枚金币，just keep it.\',
  ),
   \'where\' => 
  array (
  ),
   \'order_by\' => 
  array (
  ),
   \'limit\' => 0,
   \'offset\' => 0,
   \'flags\' => 
  array (
  ),
   \'quoter\' => 
  Aura\\SqlQuery\\Quoter::__set_state(array(
     \'quote_name_prefix\' => \'`\',
     \'quote_name_suffix\' => \'`\',
  )),
   \'seq_bind_prefix\' => \'\',
))',
      ),
      'class' => 'dao\\BaseDao',
      'type' => '->',
    ),
    2 => 
    array (
      'file' => '/root/apps/90server/Application/apps/dao/BaseDao.php',
      'line' => 44,
      'function' => 'sendNotice',
      'args' => 
      array (
      ),
      'class' => 'dao\\user\\Info',
      'type' => '->',
    ),
    3 => 
    array (
      'file' => '/root/apps/90server/Application/apps/ctrl/Login.php',
      'line' => 190,
      'function' => 'run',
      'args' => 
      array (
        0 => '\'sendNotice\'',
        1 => '\'这是你的第一枚金币，just keep it.\'',
        2 => '\'\'',
        3 => '1464017949',
        4 => '\'2016052323390953079\'',
      ),
      'class' => 'dao\\BaseDao',
      'type' => '->',
    ),
    4 => 
    array (
      'file' => '/root/apps/90server/ZPHP/Core/Route.php',
      'line' => 33,
      'function' => 'register',
      'args' => 
      array (
      ),
      'class' => 'ctrl\\Login',
      'type' => '->',
    ),
    5 => 
    array (
      'file' => '/root/apps/90server/Application/apps/socket/HttpServer.php',
      'line' => 53,
      'function' => 'route',
      'args' => 
      array (
      ),
      'class' => 'ZPHP\\Core\\Route',
      'type' => '::',
    ),
    6 => 
    array (
      'file' => 'null',
      'line' => 'null',
      'function' => 'onRequest',
      'args' => 
      array (
        0 => 'swoole_http_request::__set_state(array(
   \'fd\' => 143,
   \'header\' => 
  array (
    \'host\' => \'101.201.39.169:8992\',
    \'content-type\' => \'application/x-www-form-urlencoded\',
    \'connection\' => \'keep-alive\',
    \'accept\' => \'*/*\',
    \'user-agent\' => \'NineZeroProject/1.0 (iPhone; iOS 9.3.2; Scale/3.00)\',
    \'accept-language\' => \'zh-Hans-CN;q=1, en-CN;q=0.9, zh-HK;q=0.8, ja-JP;q=0.7\',
    \'accept-encoding\' => \'gzip, deflate\',
    \'content-length\' => \'187\',
  ),
   \'server\' => 
  array (
    \'request_method\' => \'POST\',
    \'request_uri\' => \'/Login/register/\',
    \'path_info\' => \'/Login/register/\',
    \'request_time\' => 1464017948,
    \'request_time_float\' => 1464017949.354646,
    \'server_port\' => 8992,
    \'remote_port\' => 49633,
    \'remote_addr\' => \'116.114.44.229\',
    \'server_protocol\' => \'HTTP/1.1\',
    \'server_software\' => \'swoole-http-server\',
  ),
   \'post\' => 
  array (
    \'code\' => \'5396\',
    \'user_area_id\' => \'010\',
    \'user_avatar\' => \'\',
    \'user_email\' => \'null\',
    \'user_mobile\' => \'18604889109\',
    \'user_name\' => \'眉生\',
    \'user_password\' => \'ab4710f7a384daec9f53842812d13ecbae5b7f5740a2c594c33b08c2692c13f9\',
  ),
))',
        1 => 'swoole_http_response::__set_state(array(
   \'fd\' => 143,
))',
      ),
      'class' => 'socket\\HttpServer',
      'type' => '->',
    ),
    7 => 
    array (
      'file' => '/root/apps/90server/ZPHP/Socket/Adapter/Swoole.php',
      'line' => 134,
      'function' => 'start',
      'args' => 
      array (
      ),
      'class' => 'swoole_http_server',
      'type' => '->',
    ),
    8 => 
    array (
      'file' => '/root/apps/90server/ZPHP/Server/Adapter/Socket.php',
      'line' => 31,
      'function' => 'run',
      'args' => 
      array (
      ),
      'class' => 'ZPHP\\Socket\\Adapter\\Swoole',
      'type' => '->',
    ),
    9 => 
    array (
      'file' => '/root/apps/90server/ZPHP/ZPHP.php',
      'line' => 189,
      'function' => 'run',
      'args' => 
      array (
      ),
      'class' => 'ZPHP\\Server\\Adapter\\Socket',
      'type' => '->',
    ),
    10 => 
    array (
      'file' => '/root/apps/90server/Application/webroot/main.php',
      'line' => 7,
      'function' => 'run',
      'args' => 
      array (
        0 => '\'/root/apps/90server/Application\'',
      ),
      'class' => 'ZPHP\\ZPHP',
      'type' => '::',
    ),
  ),
)
2016-05-23 23:41:06
array (
  'className' => 'Exception',
  'message' => 'SQLSTATE[42S22]: Column not found: 1054 Unknown column \'notice_id\' in \'field list\'',
  'code' => '42S22',
  'file' => '/root/apps/90server/Application/apps/dao/BaseDao.php',
  'line' => 67,
  'userAgent' => '',
  'trace' => 
  array (
    0 => 
    array (
      'file' => '/root/apps/90server/Application/apps/dao/BaseDao.php',
      'line' => 67,
      'function' => 'execute',
      'args' => 
      array (
        0 => 'array (
  \'user_id\' => \'2016052323410614600\',
  \'notice_id\' => \'2016052323410673453\',
  \'time\' => 1464018066,
  \'title\' => \'\',
  \'content\' => \'这是你的第一枚金币，just keep it.\',
)',
      ),
      'class' => 'PDOStatement',
      'type' => '->',
    ),
    1 => 
    array (
      'file' => '/root/apps/90server/Application/apps/dao/user/Info.php',
      'line' => 423,
      'function' => 'execute',
      'args' => 
      array (
        0 => 'Aura\\SqlQuery\\Mysql\\Insert::__set_state(array(
   \'col_on_update_values\' => NULL,
   \'into\' => \'90_user_answer\',
   \'last_insert_id_names\' => 
  array (
  ),
   \'row\' => 0,
   \'col_values_bulk\' => 
  array (
  ),
   \'bind_values_bulk\' => 
  array (
  ),
   \'col_order\' => 
  array (
  ),
   \'col_values\' => 
  array (
    \'`user_id`\' => \':user_id\',
    \'`notice_id`\' => \':notice_id\',
    \'`time`\' => \':time\',
    \'`title`\' => \':title\',
    \'`content`\' => \':content\',
  ),
   \'returning\' => 
  array (
  ),
   \'bind_values\' => 
  array (
    \'user_id\' => \'2016052323410614600\',
    \'notice_id\' => \'2016052323410673453\',
    \'time\' => 1464018066,
    \'title\' => \'\',
    \'content\' => \'这是你的第一枚金币，just keep it.\',
  ),
   \'where\' => 
  array (
  ),
   \'order_by\' => 
  array (
  ),
   \'limit\' => 0,
   \'offset\' => 0,
   \'flags\' => 
  array (
  ),
   \'quoter\' => 
  Aura\\SqlQuery\\Quoter::__set_state(array(
     \'quote_name_prefix\' => \'`\',
     \'quote_name_suffix\' => \'`\',
  )),
   \'seq_bind_prefix\' => \'\',
))',
      ),
      'class' => 'dao\\BaseDao',
      'type' => '->',
    ),
    2 => 
    array (
      'file' => '/root/apps/90server/Application/apps/dao/BaseDao.php',
      'line' => 44,
      'function' => 'sendNotice',
      'args' => 
      array (
      ),
      'class' => 'dao\\user\\Info',
      'type' => '->',
    ),
    3 => 
    array (
      'file' => '/root/apps/90server/Application/apps/ctrl/Login.php',
      'line' => 190,
      'function' => 'run',
      'args' => 
      array (
        0 => '\'sendNotice\'',
        1 => '\'这是你的第一枚金币，just keep it.\'',
        2 => '\'\'',
        3 => '1464018066',
        4 => '\'2016052323410614600\'',
      ),
      'class' => 'dao\\BaseDao',
      'type' => '->',
    ),
    4 => 
    array (
      'file' => '/root/apps/90server/ZPHP/Core/Route.php',
      'line' => 33,
      'function' => 'register',
      'args' => 
      array (
      ),
      'class' => 'ctrl\\Login',
      'type' => '->',
    ),
    5 => 
    array (
      'file' => '/root/apps/90server/Application/apps/socket/HttpServer.php',
      'line' => 53,
      'function' => 'route',
      'args' => 
      array (
      ),
      'class' => 'ZPHP\\Core\\Route',
      'type' => '::',
    ),
    6 => 
    array (
      'file' => 'null',
      'line' => 'null',
      'function' => 'onRequest',
      'args' => 
      array (
        0 => 'swoole_http_request::__set_state(array(
   \'fd\' => 159,
   \'header\' => 
  array (
    \'host\' => \'101.201.39.169:8992\',
    \'accept\' => \'*/*\',
    \'accept-encoding\' => \'gzip, deflate\',
    \'content-length\' => \'196\',
    \'content-type\' => \'application/x-www-form-urlencoded\',
    \'accept-language\' => \'zh-Hans;q=1\',
    \'connection\' => \'keep-alive\',
    \'user-agent\' => \'NineZeroProject/1.0 (iPhone; iOS 8.3; Scale/2.00)\',
  ),
   \'server\' => 
  array (
    \'request_method\' => \'POST\',
    \'request_uri\' => \'/Login/register/\',
    \'path_info\' => \'/Login/register/\',
    \'request_time\' => 1464018066,
    \'request_time_float\' => 1464018066.898814,
    \'server_port\' => 8992,
    \'remote_port\' => 57522,
    \'remote_addr\' => \'221.218.30.74\',
    \'server_protocol\' => \'HTTP/1.1\',
    \'server_software\' => \'swoole-http-server\',
  ),
   \'post\' => 
  array (
    \'code\' => \'4685\',
    \'user_area_id\' => \'010\',
    \'user_avatar\' => \'\',
    \'user_email\' => \'null\',
    \'user_mobile\' => \'13510454260\',
    \'user_name\' => \'赵大纯\',
    \'user_password\' => \'1e5cea9f1a56860fd20f0643b413ff7294c53f90618d939e50a62b8625f3ee1d\',
  ),
))',
        1 => 'swoole_http_response::__set_state(array(
   \'fd\' => 159,
))',
      ),
      'class' => 'socket\\HttpServer',
      'type' => '->',
    ),
    7 => 
    array (
      'file' => '/root/apps/90server/ZPHP/Socket/Adapter/Swoole.php',
      'line' => 134,
      'function' => 'start',
      'args' => 
      array (
      ),
      'class' => 'swoole_http_server',
      'type' => '->',
    ),
    8 => 
    array (
      'file' => '/root/apps/90server/ZPHP/Server/Adapter/Socket.php',
      'line' => 31,
      'function' => 'run',
      'args' => 
      array (
      ),
      'class' => 'ZPHP\\Socket\\Adapter\\Swoole',
      'type' => '->',
    ),
    9 => 
    array (
      'file' => '/root/apps/90server/ZPHP/ZPHP.php',
      'line' => 189,
      'function' => 'run',
      'args' => 
      array (
      ),
      'class' => 'ZPHP\\Server\\Adapter\\Socket',
      'type' => '->',
    ),
    10 => 
    array (
      'file' => '/root/apps/90server/Application/webroot/main.php',
      'line' => 7,
      'function' => 'run',
      'args' => 
      array (
        0 => '\'/root/apps/90server/Application\'',
      ),
      'class' => 'ZPHP\\ZPHP',
      'type' => '::',
    ),
  ),
)
2016-05-23 23:49:50
array (
  'className' => 'Exception',
  'message' => 'SQLSTATE[42S22]: Column not found: 1054 Unknown column \'notice_id\' in \'field list\'',
  'code' => '42S22',
  'file' => '/root/apps/90server/Application/apps/dao/BaseDao.php',
  'line' => 67,
  'userAgent' => '',
  'trace' => 
  array (
    0 => 
    array (
      'file' => '/root/apps/90server/Application/apps/dao/BaseDao.php',
      'line' => 67,
      'function' => 'execute',
      'args' => 
      array (
        0 => 'array (
  \'user_id\' => \'2016052323495041095\',
  \'notice_id\' => \'2016052323495061261\',
  \'time\' => 1464018590,
  \'title\' => \'\',
  \'content\' => \'这是你的第一枚金币，just keep it.\',
)',
      ),
      'class' => 'PDOStatement',
      'type' => '->',
    ),
    1 => 
    array (
      'file' => '/root/apps/90server/Application/apps/dao/user/Info.php',
      'line' => 423,
      'function' => 'execute',
      'args' => 
      array (
        0 => 'Aura\\SqlQuery\\Mysql\\Insert::__set_state(array(
   \'col_on_update_values\' => NULL,
   \'into\' => \'90_user_answer\',
   \'last_insert_id_names\' => 
  array (
  ),
   \'row\' => 0,
   \'col_values_bulk\' => 
  array (
  ),
   \'bind_values_bulk\' => 
  array (
  ),
   \'col_order\' => 
  array (
  ),
   \'col_values\' => 
  array (
    \'`user_id`\' => \':user_id\',
    \'`notice_id`\' => \':notice_id\',
    \'`time`\' => \':time\',
    \'`title`\' => \':title\',
    \'`content`\' => \':content\',
  ),
   \'returning\' => 
  array (
  ),
   \'bind_values\' => 
  array (
    \'user_id\' => \'2016052323495041095\',
    \'notice_id\' => \'2016052323495061261\',
    \'time\' => 1464018590,
    \'title\' => \'\',
    \'content\' => \'这是你的第一枚金币，just keep it.\',
  ),
   \'where\' => 
  array (
  ),
   \'order_by\' => 
  array (
  ),
   \'limit\' => 0,
   \'offset\' => 0,
   \'flags\' => 
  array (
  ),
   \'quoter\' => 
  Aura\\SqlQuery\\Quoter::__set_state(array(
     \'quote_name_prefix\' => \'`\',
     \'quote_name_suffix\' => \'`\',
  )),
   \'seq_bind_prefix\' => \'_1\',
))',
      ),
      'class' => 'dao\\BaseDao',
      'type' => '->',
    ),
    2 => 
    array (
      'file' => '/root/apps/90server/Application/apps/dao/BaseDao.php',
      'line' => 44,
      'function' => 'sendNotice',
      'args' => 
      array (
      ),
      'class' => 'dao\\user\\Info',
      'type' => '->',
    ),
    3 => 
    array (
      'file' => '/root/apps/90server/Application/apps/ctrl/Login.php',
      'line' => 107,
      'function' => 'run',
      'args' => 
      array (
        0 => '\'sendNotice\'',
        1 => '\'这是你的第一枚金币，just keep it.\'',
        2 => '\'\'',
        3 => '1464018590',
        4 => '\'2016052323495041095\'',
      ),
      'class' => 'dao\\BaseDao',
      'type' => '->',
    ),
    4 => 
    array (
      'file' => '/root/apps/90server/ZPHP/Core/Route.php',
      'line' => 33,
      'function' => 'login_third',
      'args' => 
      array (
      ),
      'class' => 'ctrl\\Login',
      'type' => '->',
    ),
    5 => 
    array (
      'file' => '/root/apps/90server/Application/apps/socket/HttpServer.php',
      'line' => 53,
      'function' => 'route',
      'args' => 
      array (
      ),
      'class' => 'ZPHP\\Core\\Route',
      'type' => '::',
    ),
    6 => 
    array (
      'file' => 'null',
      'line' => 'null',
      'function' => 'onRequest',
      'args' => 
      array (
        0 => 'swoole_http_request::__set_state(array(
   \'fd\' => 187,
   \'header\' => 
  array (
    \'host\' => \'101.201.39.169:8992\',
    \'content-type\' => \'application/x-www-form-urlencoded\',
    \'connection\' => \'keep-alive\',
    \'accept\' => \'*/*\',
    \'user-agent\' => \'NineZeroProject/1.0 (iPhone; iOS 9.2.1; Scale/2.00)\',
    \'accept-language\' => \'zh-Hans-CN;q=1\',
    \'accept-encoding\' => \'gzip, deflate\',
    \'content-length\' => \'239\',
  ),
   \'server\' => 
  array (
    \'request_method\' => \'POST\',
    \'request_uri\' => \'/Login/login_third\',
    \'path_info\' => \'/Login/login_third\',
    \'request_time\' => 1464018590,
    \'request_time_float\' => 1464018590.3162079,
    \'server_port\' => 8992,
    \'remote_port\' => 24112,
    \'remote_addr\' => \'117.136.45.113\',
    \'server_protocol\' => \'HTTP/1.1\',
    \'server_software\' => \'swoole-http-server\',
  ),
   \'post\' => 
  array (
    \'third_id\' => \'orNcGwpOnv3nDd1DtCvOAWXWrUV8\',
    \'user_area_id\' => \'010\',
    \'user_avatar\' => \'http://wx.qlogo.cn/mmopen/A0zaNxC5L5vn1iaib1Acm8qnfLdDV5gZhJyZhp8uWV8OdtTxZfmw3HoPic1hQ58lN2KZhaTVDvS3YXfnLkuFv8h7vjvTJXD02ys/0\',
    \'user_name\' => \'Bruce张东晴\',
  ),
))',
        1 => 'swoole_http_response::__set_state(array(
   \'fd\' => 187,
))',
      ),
      'class' => 'socket\\HttpServer',
      'type' => '->',
    ),
    7 => 
    array (
      'file' => '/root/apps/90server/ZPHP/Socket/Adapter/Swoole.php',
      'line' => 134,
      'function' => 'start',
      'args' => 
      array (
      ),
      'class' => 'swoole_http_server',
      'type' => '->',
    ),
    8 => 
    array (
      'file' => '/root/apps/90server/ZPHP/Server/Adapter/Socket.php',
      'line' => 31,
      'function' => 'run',
      'args' => 
      array (
      ),
      'class' => 'ZPHP\\Socket\\Adapter\\Swoole',
      'type' => '->',
    ),
    9 => 
    array (
      'file' => '/root/apps/90server/ZPHP/ZPHP.php',
      'line' => 189,
      'function' => 'run',
      'args' => 
      array (
      ),
      'class' => 'ZPHP\\Server\\Adapter\\Socket',
      'type' => '->',
    ),
    10 => 
    array (
      'file' => '/root/apps/90server/Application/webroot/main.php',
      'line' => 7,
      'function' => 'run',
      'args' => 
      array (
        0 => '\'/root/apps/90server/Application\'',
      ),
      'class' => 'ZPHP\\ZPHP',
      'type' => '::',
    ),
  ),
)
2016-05-23 23:49:50
array (
  'className' => 'Exception',
  'message' => 'SQLSTATE[42S22]: Column not found: 1054 Unknown column \'notice_id\' in \'field list\'',
  'code' => '42S22',
  'file' => '/root/apps/90server/Application/apps/dao/BaseDao.php',
  'line' => 67,
  'userAgent' => '',
  'trace' => 
  array (
    0 => 
    array (
      'file' => '/root/apps/90server/Application/apps/dao/BaseDao.php',
      'line' => 67,
      'function' => 'execute',
      'args' => 
      array (
        0 => 'array (
  \'user_id\' => \'2016052323495044792\',
  \'notice_id\' => \'2016052323495075070\',
  \'time\' => 1464018590,
  \'title\' => \'\',
  \'content\' => \'这是你的第一枚金币，just keep it.\',
)',
      ),
      'class' => 'PDOStatement',
      'type' => '->',
    ),
    1 => 
    array (
      'file' => '/root/apps/90server/Application/apps/dao/user/Info.php',
      'line' => 423,
      'function' => 'execute',
      'args' => 
      array (
        0 => 'Aura\\SqlQuery\\Mysql\\Insert::__set_state(array(
   \'col_on_update_values\' => NULL,
   \'into\' => \'90_user_answer\',
   \'last_insert_id_names\' => 
  array (
  ),
   \'row\' => 0,
   \'col_values_bulk\' => 
  array (
  ),
   \'bind_values_bulk\' => 
  array (
  ),
   \'col_order\' => 
  array (
  ),
   \'col_values\' => 
  array (
    \'`user_id`\' => \':user_id\',
    \'`notice_id`\' => \':notice_id\',
    \'`time`\' => \':time\',
    \'`title`\' => \':title\',
    \'`content`\' => \':content\',
  ),
   \'returning\' => 
  array (
  ),
   \'bind_values\' => 
  array (
    \'user_id\' => \'2016052323495044792\',
    \'notice_id\' => \'2016052323495075070\',
    \'time\' => 1464018590,
    \'title\' => \'\',
    \'content\' => \'这是你的第一枚金币，just keep it.\',
  ),
   \'where\' => 
  array (
  ),
   \'order_by\' => 
  array (
  ),
   \'limit\' => 0,
   \'offset\' => 0,
   \'flags\' => 
  array (
  ),
   \'quoter\' => 
  Aura\\SqlQuery\\Quoter::__set_state(array(
     \'quote_name_prefix\' => \'`\',
     \'quote_name_suffix\' => \'`\',
  )),
   \'seq_bind_prefix\' => \'_5\',
))',
      ),
      'class' => 'dao\\BaseDao',
      'type' => '->',
    ),
    2 => 
    array (
      'file' => '/root/apps/90server/Application/apps/dao/BaseDao.php',
      'line' => 44,
      'function' => 'sendNotice',
      'args' => 
      array (
      ),
      'class' => 'dao\\user\\Info',
      'type' => '->',
    ),
    3 => 
    array (
      'file' => '/root/apps/90server/Application/apps/ctrl/Login.php',
      'line' => 107,
      'function' => 'run',
      'args' => 
      array (
        0 => '\'sendNotice\'',
        1 => '\'这是你的第一枚金币，just keep it.\'',
        2 => '\'\'',
        3 => '1464018590',
        4 => '\'2016052323495044792\'',
      ),
      'class' => 'dao\\BaseDao',
      'type' => '->',
    ),
    4 => 
    array (
      'file' => '/root/apps/90server/ZPHP/Core/Route.php',
      'line' => 33,
      'function' => 'login_third',
      'args' => 
      array (
      ),
      'class' => 'ctrl\\Login',
      'type' => '->',
    ),
    5 => 
    array (
      'file' => '/root/apps/90server/Application/apps/socket/HttpServer.php',
      'line' => 53,
      'function' => 'route',
      'args' => 
      array (
      ),
      'class' => 'ZPHP\\Core\\Route',
      'type' => '::',
    ),
    6 => 
    array (
      'file' => 'null',
      'line' => 'null',
      'function' => 'onRequest',
      'args' => 
      array (
        0 => 'swoole_http_request::__set_state(array(
   \'fd\' => 183,
   \'header\' => 
  array (
    \'host\' => \'101.201.39.169:8992\',
    \'content-type\' => \'application/x-www-form-urlencoded\',
    \'connection\' => \'keep-alive\',
    \'accept\' => \'*/*\',
    \'user-agent\' => \'NineZeroProject/1.0 (iPhone; iOS 9.3.2; Scale/2.00)\',
    \'accept-language\' => \'zh-Hans-CN;q=1\',
    \'accept-encoding\' => \'gzip, deflate\',
    \'content-length\' => \'226\',
  ),
   \'server\' => 
  array (
    \'request_method\' => \'POST\',
    \'request_uri\' => \'/Login/login_third\',
    \'path_info\' => \'/Login/login_third\',
    \'request_time\' => 1464018590,
    \'request_time_float\' => 1464018590.6188331,
    \'server_port\' => 8992,
    \'remote_port\' => 6391,
    \'remote_addr\' => \'114.111.166.226\',
    \'server_protocol\' => \'HTTP/1.1\',
    \'server_software\' => \'swoole-http-server\',
  ),
   \'post\' => 
  array (
    \'third_id\' => \'orNcGwit-_pRVQBOclh1LGc-WmLo\',
    \'user_area_id\' => \'010\',
    \'user_avatar\' => \'http://wx.qlogo.cn/mmopen/PiajxSqBRaEK1IwquF9pMAAlH40DMCK0zZCjy1xSWqc7TY5wI72MibXq9LjOfTc2MV9oUWyyic3jK8ZY1iabrpTvTtVG2FFXIy7Qibu1xLRyL0FQ/0\',
    \'user_name\' => \'Mauoge\',
  ),
))',
        1 => 'swoole_http_response::__set_state(array(
   \'fd\' => 183,
))',
      ),
      'class' => 'socket\\HttpServer',
      'type' => '->',
    ),
    7 => 
    array (
      'file' => '/root/apps/90server/ZPHP/Socket/Adapter/Swoole.php',
      'line' => 134,
      'function' => 'start',
      'args' => 
      array (
      ),
      'class' => 'swoole_http_server',
      'type' => '->',
    ),
    8 => 
    array (
      'file' => '/root/apps/90server/ZPHP/Server/Adapter/Socket.php',
      'line' => 31,
      'function' => 'run',
      'args' => 
      array (
      ),
      'class' => 'ZPHP\\Socket\\Adapter\\Swoole',
      'type' => '->',
    ),
    9 => 
    array (
      'file' => '/root/apps/90server/ZPHP/ZPHP.php',
      'line' => 189,
      'function' => 'run',
      'args' => 
      array (
      ),
      'class' => 'ZPHP\\Server\\Adapter\\Socket',
      'type' => '->',
    ),
    10 => 
    array (
      'file' => '/root/apps/90server/Application/webroot/main.php',
      'line' => 7,
      'function' => 'run',
      'args' => 
      array (
        0 => '\'/root/apps/90server/Application\'',
      ),
      'class' => 'ZPHP\\ZPHP',
      'type' => '::',
    ),
  ),
)
2016-05-23 23:57:13
array (
  'className' => 'Exception',
  'message' => 'SQLSTATE[42S22]: Column not found: 1054 Unknown column \'notice_id\' in \'field list\'',
  'code' => '42S22',
  'file' => '/root/apps/90server/Application/apps/dao/BaseDao.php',
  'line' => 67,
  'userAgent' => '',
  'trace' => 
  array (
    0 => 
    array (
      'file' => '/root/apps/90server/Application/apps/dao/BaseDao.php',
      'line' => 67,
      'function' => 'execute',
      'args' => 
      array (
        0 => 'array (
  \'user_id\' => \'2016052323571381577\',
  \'notice_id\' => \'2016052323571358940\',
  \'time\' => 1464019033,
  \'title\' => \'\',
  \'content\' => \'这是你的第一枚金币，just keep it.\',
)',
      ),
      'class' => 'PDOStatement',
      'type' => '->',
    ),
    1 => 
    array (
      'file' => '/root/apps/90server/Application/apps/dao/user/Info.php',
      'line' => 423,
      'function' => 'execute',
      'args' => 
      array (
        0 => 'Aura\\SqlQuery\\Mysql\\Insert::__set_state(array(
   \'col_on_update_values\' => NULL,
   \'into\' => \'90_user_answer\',
   \'last_insert_id_names\' => 
  array (
  ),
   \'row\' => 0,
   \'col_values_bulk\' => 
  array (
  ),
   \'bind_values_bulk\' => 
  array (
  ),
   \'col_order\' => 
  array (
  ),
   \'col_values\' => 
  array (
    \'`user_id`\' => \':user_id\',
    \'`notice_id`\' => \':notice_id\',
    \'`time`\' => \':time\',
    \'`title`\' => \':title\',
    \'`content`\' => \':content\',
  ),
   \'returning\' => 
  array (
  ),
   \'bind_values\' => 
  array (
    \'user_id\' => \'2016052323571381577\',
    \'notice_id\' => \'2016052323571358940\',
    \'time\' => 1464019033,
    \'title\' => \'\',
    \'content\' => \'这是你的第一枚金币，just keep it.\',
  ),
   \'where\' => 
  array (
  ),
   \'order_by\' => 
  array (
  ),
   \'limit\' => 0,
   \'offset\' => 0,
   \'flags\' => 
  array (
  ),
   \'quoter\' => 
  Aura\\SqlQuery\\Quoter::__set_state(array(
     \'quote_name_prefix\' => \'`\',
     \'quote_name_suffix\' => \'`\',
  )),
   \'seq_bind_prefix\' => \'\',
))',
      ),
      'class' => 'dao\\BaseDao',
      'type' => '->',
    ),
    2 => 
    array (
      'file' => '/root/apps/90server/Application/apps/dao/BaseDao.php',
      'line' => 44,
      'function' => 'sendNotice',
      'args' => 
      array (
      ),
      'class' => 'dao\\user\\Info',
      'type' => '->',
    ),
    3 => 
    array (
      'file' => '/root/apps/90server/Application/apps/ctrl/Login.php',
      'line' => 107,
      'function' => 'run',
      'args' => 
      array (
        0 => '\'sendNotice\'',
        1 => '\'这是你的第一枚金币，just keep it.\'',
        2 => '\'\'',
        3 => '1464019033',
        4 => '\'2016052323571381577\'',
      ),
      'class' => 'dao\\BaseDao',
      'type' => '->',
    ),
    4 => 
    array (
      'file' => '/root/apps/90server/ZPHP/Core/Route.php',
      'line' => 33,
      'function' => 'login_third',
      'args' => 
      array (
      ),
      'class' => 'ctrl\\Login',
      'type' => '->',
    ),
    5 => 
    array (
      'file' => '/root/apps/90server/Application/apps/socket/HttpServer.php',
      'line' => 53,
      'function' => 'route',
      'args' => 
      array (
      ),
      'class' => 'ZPHP\\Core\\Route',
      'type' => '::',
    ),
    6 => 
    array (
      'file' => 'null',
      'line' => 'null',
      'function' => 'onRequest',
      'args' => 
      array (
        0 => 'swoole_http_request::__set_state(array(
   \'fd\' => 211,
   \'header\' => 
  array (
    \'host\' => \'101.201.39.169:8992\',
    \'content-type\' => \'application/x-www-form-urlencoded\',
    \'connection\' => \'keep-alive\',
    \'accept\' => \'*/*\',
    \'user-agent\' => \'NineZeroProject/1.0 (iPhone; iOS 9.1; Scale/2.00)\',
    \'accept-language\' => \'zh-Hans-CN;q=1\',
    \'accept-encoding\' => \'gzip, deflate\',
    \'content-length\' => \'218\',
  ),
   \'server\' => 
  array (
    \'request_method\' => \'POST\',
    \'request_uri\' => \'/Login/login_third\',
    \'path_info\' => \'/Login/login_third\',
    \'request_time\' => 1464019033,
    \'request_time_float\' => 1464019033.971504,
    \'server_port\' => 8992,
    \'remote_port\' => 3043,
    \'remote_addr\' => \'119.39.3.122\',
    \'server_protocol\' => \'HTTP/1.1\',
    \'server_software\' => \'swoole-http-server\',
  ),
   \'post\' => 
  array (
    \'third_id\' => \'orNcGwmOgAezrTfYmFigm9N8ZD6U\',
    \'user_area_id\' => \'010\',
    \'user_avatar\' => \'http://wx.qlogo.cn/mmopen/ial7iaeW0NNkHOwLW0OI33Zia6btEv9RbbVI7o8micjl8vyCl8CGwkicXsk5fv7LaADhaQaickz3iazdGAsCrg4ZhribfZcZvwg2hsqv/0\',
    \'user_name\' => \'Tui^\',
  ),
))',
        1 => 'swoole_http_response::__set_state(array(
   \'fd\' => 211,
))',
      ),
      'class' => 'socket\\HttpServer',
      'type' => '->',
    ),
    7 => 
    array (
      'file' => '/root/apps/90server/ZPHP/Socket/Adapter/Swoole.php',
      'line' => 134,
      'function' => 'start',
      'args' => 
      array (
      ),
      'class' => 'swoole_http_server',
      'type' => '->',
    ),
    8 => 
    array (
      'file' => '/root/apps/90server/ZPHP/Server/Adapter/Socket.php',
      'line' => 31,
      'function' => 'run',
      'args' => 
      array (
      ),
      'class' => 'ZPHP\\Socket\\Adapter\\Swoole',
      'type' => '->',
    ),
    9 => 
    array (
      'file' => '/root/apps/90server/ZPHP/ZPHP.php',
      'line' => 189,
      'function' => 'run',
      'args' => 
      array (
      ),
      'class' => 'ZPHP\\Server\\Adapter\\Socket',
      'type' => '->',
    ),
    10 => 
    array (
      'file' => '/root/apps/90server/Application/webroot/main.php',
      'line' => 7,
      'function' => 'run',
      'args' => 
      array (
        0 => '\'/root/apps/90server/Application\'',
      ),
      'class' => 'ZPHP\\ZPHP',
      'type' => '::',
    ),
  ),
)
