2016-05-09 17:05:26
array (
  'className' => 'Exception',
  'message' => 'SQLSTATE[42S22]: Column not found: 1054 Unknown column \'notice_id\' in \'field list\'',
  'code' => '42S22',
  'file' => '/root/apps/90server/Application/apps/dao/BaseDao.php',
  'line' => 67,
  'userAgent' => '',
  'trace' => 
  array (
    0 => 
    array (
      'file' => '/root/apps/90server/Application/apps/dao/BaseDao.php',
      'line' => 67,
      'function' => 'execute',
      'args' => 
      array (
        0 => 'array (
  \'user_id\' => \'2016050917052660518\',
  \'notice_id\' => \'2016050917052696304\',
  \'time\' => 1462784726,
  \'title\' => \'\',
  \'content\' => \'这是你的第一枚金币，just keep it.\',
)',
      ),
      'class' => 'PDOStatement',
      'type' => '->',
    ),
    1 => 
    array (
      'file' => '/root/apps/90server/Application/apps/dao/user/Info.php',
      'line' => 423,
      'function' => 'execute',
      'args' => 
      array (
        0 => 'Aura\\SqlQuery\\Mysql\\Insert::__set_state(array(
   \'col_on_update_values\' => NULL,
   \'into\' => \'90_user_answer\',
   \'last_insert_id_names\' => 
  array (
  ),
   \'row\' => 0,
   \'col_values_bulk\' => 
  array (
  ),
   \'bind_values_bulk\' => 
  array (
  ),
   \'col_order\' => 
  array (
  ),
   \'col_values\' => 
  array (
    \'`user_id`\' => \':user_id\',
    \'`notice_id`\' => \':notice_id\',
    \'`time`\' => \':time\',
    \'`title`\' => \':title\',
    \'`content`\' => \':content\',
  ),
   \'returning\' => 
  array (
  ),
   \'bind_values\' => 
  array (
    \'user_id\' => \'2016050917052660518\',
    \'notice_id\' => \'2016050917052696304\',
    \'time\' => 1462784726,
    \'title\' => \'\',
    \'content\' => \'这是你的第一枚金币，just keep it.\',
  ),
   \'where\' => 
  array (
  ),
   \'order_by\' => 
  array (
  ),
   \'limit\' => 0,
   \'offset\' => 0,
   \'flags\' => 
  array (
  ),
   \'quoter\' => 
  Aura\\SqlQuery\\Quoter::__set_state(array(
     \'quote_name_prefix\' => \'`\',
     \'quote_name_suffix\' => \'`\',
  )),
   \'seq_bind_prefix\' => \'\',
))',
      ),
      'class' => 'dao\\BaseDao',
      'type' => '->',
    ),
    2 => 
    array (
      'file' => '/root/apps/90server/Application/apps/dao/BaseDao.php',
      'line' => 44,
      'function' => 'sendNotice',
      'args' => 
      array (
      ),
      'class' => 'dao\\user\\Info',
      'type' => '->',
    ),
    3 => 
    array (
      'file' => '/root/apps/90server/Application/apps/ctrl/Login.php',
      'line' => 190,
      'function' => 'run',
      'args' => 
      array (
        0 => '\'sendNotice\'',
        1 => '\'这是你的第一枚金币，just keep it.\'',
        2 => '\'\'',
        3 => '1462784726',
        4 => '\'2016050917052660518\'',
      ),
      'class' => 'dao\\BaseDao',
      'type' => '->',
    ),
    4 => 
    array (
      'file' => '/root/apps/90server/ZPHP/Core/Route.php',
      'line' => 33,
      'function' => 'register',
      'args' => 
      array (
      ),
      'class' => 'ctrl\\Login',
      'type' => '->',
    ),
    5 => 
    array (
      'file' => '/root/apps/90server/Application/apps/socket/HttpServer.php',
      'line' => 53,
      'function' => 'route',
      'args' => 
      array (
      ),
      'class' => 'ZPHP\\Core\\Route',
      'type' => '::',
    ),
    6 => 
    array (
      'file' => 'null',
      'line' => 'null',
      'function' => 'onRequest',
      'args' => 
      array (
        0 => 'swoole_http_request::__set_state(array(
   \'fd\' => 438,
   \'header\' => 
  array (
    \'content-length\' => \'182\',
    \'content-type\' => \'application/x-www-form-urlencoded\',
    \'host\' => \'101.201.39.169:8992\',
    \'connection\' => \'Keep-Alive\',
    \'user-agent\' => \'Apache-HttpClient/UNAVAILABLE (java 1.4)\',
  ),
   \'server\' => 
  array (
    \'request_method\' => \'POST\',
    \'request_uri\' => \'/Login/register\',
    \'path_info\' => \'/Login/register\',
    \'request_time\' => 1462784726,
    \'request_time_float\' => 1462784726.9565339,
    \'server_port\' => 8992,
    \'remote_port\' => 49406,
    \'remote_addr\' => \'123.112.227.150\',
    \'server_protocol\' => \'HTTP/1.1\',
    \'server_software\' => \'swoole-http-server\',
  ),
   \'post\' => 
  array (
    \'user_name\' => \'chun\',
    \'user_password\' => \'7fb268283155c7073ba30bd66ff2e5597fddfdf270ee3ca2f9fc4c14476fef61\',
    \'user_mobile\' => \'13510454260\',
    \'user_email\' => \'test@qq.com\',
    \'user_avatar\' => \'\',
    \'user_area_id\' => \'010\',
    \'code\' => \'4097\',
  ),
))',
        1 => 'swoole_http_response::__set_state(array(
   \'fd\' => 438,
))',
      ),
      'class' => 'socket\\HttpServer',
      'type' => '->',
    ),
    7 => 
    array (
      'file' => '/root/apps/90server/ZPHP/Socket/Adapter/Swoole.php',
      'line' => 134,
      'function' => 'start',
      'args' => 
      array (
      ),
      'class' => 'swoole_http_server',
      'type' => '->',
    ),
    8 => 
    array (
      'file' => '/root/apps/90server/ZPHP/Server/Adapter/Socket.php',
      'line' => 31,
      'function' => 'run',
      'args' => 
      array (
      ),
      'class' => 'ZPHP\\Socket\\Adapter\\Swoole',
      'type' => '->',
    ),
    9 => 
    array (
      'file' => '/root/apps/90server/ZPHP/ZPHP.php',
      'line' => 189,
      'function' => 'run',
      'args' => 
      array (
      ),
      'class' => 'ZPHP\\Server\\Adapter\\Socket',
      'type' => '->',
    ),
    10 => 
    array (
      'file' => '/root/apps/90server/Application/webroot/main.php',
      'line' => 7,
      'function' => 'run',
      'args' => 
      array (
        0 => '\'/root/apps/90server/Application\'',
      ),
      'class' => 'ZPHP\\ZPHP',
      'type' => '::',
    ),
  ),
)
2016-05-09 17:42:42
array (
  'className' => 'Exception',
  'message' => 'SQLSTATE[23000]: Integrity constraint violation: 1062 Duplicate entry \'1462723200\' for key \'PRIMARY\'',
  'code' => '23000',
  'file' => '/root/apps/90server/Application/apps/dao/BaseDao.php',
  'line' => 67,
  'userAgent' => '',
  'trace' => 
  array (
    0 => 
    array (
      'file' => '/root/apps/90server/Application/apps/dao/BaseDao.php',
      'line' => 67,
      'function' => 'execute',
      'args' => 
      array (
        0 => 'array (
  \'date\' => \'1462723200\',
  \'content_type\' => \'0\',
  \'content_data\' => \'{"article_id":"14"}\',
)',
      ),
      'class' => 'PDOStatement',
      'type' => '->',
    ),
    1 => 
    array (
      'file' => '/root/apps/90server/Application/apps/dao/question/Question.php',
      'line' => 187,
      'function' => 'execute',
      'args' => 
      array (
        0 => 'Aura\\SqlQuery\\Mysql\\Insert::__set_state(array(
   \'col_on_update_values\' => NULL,
   \'into\' => \'90_rest_push\',
   \'last_insert_id_names\' => 
  array (
  ),
   \'row\' => 0,
   \'col_values_bulk\' => 
  array (
  ),
   \'bind_values_bulk\' => 
  array (
  ),
   \'col_order\' => 
  array (
  ),
   \'col_values\' => 
  array (
    \'`date`\' => \':date\',
    \'`content_type`\' => \':content_type\',
    \'`content_data`\' => \':content_data\',
  ),
   \'returning\' => 
  array (
  ),
   \'bind_values\' => 
  array (
    \'date\' => \'1462723200\',
    \'content_type\' => \'0\',
    \'content_data\' => \'{"article_id":"14"}\',
  ),
   \'where\' => 
  array (
  ),
   \'order_by\' => 
  array (
  ),
   \'limit\' => 0,
   \'offset\' => 0,
   \'flags\' => 
  array (
  ),
   \'quoter\' => 
  Aura\\SqlQuery\\Quoter::__set_state(array(
     \'quote_name_prefix\' => \'`\',
     \'quote_name_suffix\' => \'`\',
  )),
   \'seq_bind_prefix\' => \'\',
))',
      ),
      'class' => 'dao\\BaseDao',
      'type' => '->',
    ),
    2 => 
    array (
      'file' => '/root/apps/90server/Application/apps/dao/BaseDao.php',
      'line' => 44,
      'function' => 'saveRestPush',
      'args' => 
      array (
      ),
      'class' => 'dao\\question\\Question',
      'type' => '->',
    ),
    3 => 
    array (
      'file' => '/root/apps/90server/Application/apps/ctrl/Push.php',
      'line' => 91,
      'function' => 'run',
      'args' => 
      array (
        0 => '\'saveRestPush\'',
        1 => '\'1462723200\'',
        2 => '\'0\'',
        3 => '\'{"article_id":"14"}\'',
      ),
      'class' => 'dao\\BaseDao',
      'type' => '->',
    ),
    4 => 
    array (
      'file' => '/root/apps/90server/ZPHP/Core/Route.php',
      'line' => 33,
      'function' => 'pushRestArticle',
      'args' => 
      array (
      ),
      'class' => 'ctrl\\Push',
      'type' => '->',
    ),
    5 => 
    array (
      'file' => '/root/apps/90server/Application/apps/socket/HttpServer.php',
      'line' => 53,
      'function' => 'route',
      'args' => 
      array (
      ),
      'class' => 'ZPHP\\Core\\Route',
      'type' => '::',
    ),
    6 => 
    array (
      'file' => 'null',
      'line' => 'null',
      'function' => 'onRequest',
      'args' => 
      array (
        0 => 'swoole_http_request::__set_state(array(
   \'fd\' => 537,
   \'header\' => 
  array (
    \'host\' => \'101.201.39.169:8992\',
    \'accept\' => \'*/*\',
    \'content-length\' => \'64\',
    \'content-type\' => \'application/x-www-form-urlencoded\',
  ),
   \'server\' => 
  array (
    \'request_method\' => \'POST\',
    \'request_uri\' => \'/Push/pushRestArticle\',
    \'path_info\' => \'/Push/pushRestArticle\',
    \'request_time\' => 1462786962,
    \'request_time_float\' => 1462786962.4464469,
    \'server_port\' => 8992,
    \'remote_port\' => 9792,
    \'remote_addr\' => \'210.30.100.2\',
    \'server_protocol\' => \'HTTP/1.1\',
    \'server_software\' => \'swoole-http-server\',
  ),
   \'post\' => 
  array (
    \'date\' => \'1462723200\',
    \'content_data\' => \'{"article_id":"14"}\',
    \'content_type\' => \'0\',
  ),
))',
        1 => 'swoole_http_response::__set_state(array(
   \'fd\' => 537,
))',
      ),
      'class' => 'socket\\HttpServer',
      'type' => '->',
    ),
    7 => 
    array (
      'file' => '/root/apps/90server/ZPHP/Socket/Adapter/Swoole.php',
      'line' => 134,
      'function' => 'start',
      'args' => 
      array (
      ),
      'class' => 'swoole_http_server',
      'type' => '->',
    ),
    8 => 
    array (
      'file' => '/root/apps/90server/ZPHP/Server/Adapter/Socket.php',
      'line' => 31,
      'function' => 'run',
      'args' => 
      array (
      ),
      'class' => 'ZPHP\\Socket\\Adapter\\Swoole',
      'type' => '->',
    ),
    9 => 
    array (
      'file' => '/root/apps/90server/ZPHP/ZPHP.php',
      'line' => 189,
      'function' => 'run',
      'args' => 
      array (
      ),
      'class' => 'ZPHP\\Server\\Adapter\\Socket',
      'type' => '->',
    ),
    10 => 
    array (
      'file' => '/root/apps/90server/Application/webroot/main.php',
      'line' => 7,
      'function' => 'run',
      'args' => 
      array (
        0 => '\'/root/apps/90server/Application\'',
      ),
      'class' => 'ZPHP\\ZPHP',
      'type' => '::',
    ),
  ),
)
2016-05-09 18:09:10
array (
  'className' => 'Exception',
  'message' => 'SQLSTATE[23000]: Integrity constraint violation: 1062 Duplicate entry \'1462723200\' for key \'PRIMARY\'',
  'code' => '23000',
  'file' => '/root/apps/90server/Application/apps/dao/BaseDao.php',
  'line' => 67,
  'userAgent' => '',
  'trace' => 
  array (
    0 => 
    array (
      'file' => '/root/apps/90server/Application/apps/dao/BaseDao.php',
      'line' => 67,
      'function' => 'execute',
      'args' => 
      array (
        0 => 'array (
  \'date\' => \'1462723200\',
  \'content_type\' => \'2\',
  \'content_data\' => \'{"pic_url":"http:\\\\/\\\\/7xryb0.com1.z0.glb.clouddn.com\\\\/15f263d5047ae173ada2d00a01b176a7_1462788608.gif?e=1462792228\',
)',
      ),
      'class' => 'PDOStatement',
      'type' => '->',
    ),
    1 => 
    array (
      'file' => '/root/apps/90server/Application/apps/dao/question/Question.php',
      'line' => 187,
      'function' => 'execute',
      'args' => 
      array (
        0 => 'Aura\\SqlQuery\\Mysql\\Insert::__set_state(array(
   \'col_on_update_values\' => NULL,
   \'into\' => \'90_rest_push\',
   \'last_insert_id_names\' => 
  array (
  ),
   \'row\' => 0,
   \'col_values_bulk\' => 
  array (
  ),
   \'bind_values_bulk\' => 
  array (
  ),
   \'col_order\' => 
  array (
  ),
   \'col_values\' => 
  array (
    \'`date`\' => \':date\',
    \'`content_type`\' => \':content_type\',
    \'`content_data`\' => \':content_data\',
  ),
   \'returning\' => 
  array (
  ),
   \'bind_values\' => 
  array (
    \'date\' => \'1462723200\',
    \'content_type\' => \'2\',
    \'content_data\' => \'{"pic_url":"http:\\\\/\\\\/7xryb0.com1.z0.glb.clouddn.com\\\\/15f263d5047ae173ada2d00a01b176a7_1462788608.gif?e=1462792228\',
  ),
   \'where\' => 
  array (
  ),
   \'order_by\' => 
  array (
  ),
   \'limit\' => 0,
   \'offset\' => 0,
   \'flags\' => 
  array (
  ),
   \'quoter\' => 
  Aura\\SqlQuery\\Quoter::__set_state(array(
     \'quote_name_prefix\' => \'`\',
     \'quote_name_suffix\' => \'`\',
  )),
   \'seq_bind_prefix\' => \'_1\',
))',
      ),
      'class' => 'dao\\BaseDao',
      'type' => '->',
    ),
    2 => 
    array (
      'file' => '/root/apps/90server/Application/apps/dao/BaseDao.php',
      'line' => 44,
      'function' => 'saveRestPush',
      'args' => 
      array (
      ),
      'class' => 'dao\\question\\Question',
      'type' => '->',
    ),
    3 => 
    array (
      'file' => '/root/apps/90server/Application/apps/ctrl/Push.php',
      'line' => 91,
      'function' => 'run',
      'args' => 
      array (
        0 => '\'saveRestPush\'',
        1 => '\'1462723200\'',
        2 => '\'2\'',
        3 => '\'{"pic_url":"http:\\\\/\\\\/7xryb0.com1.z0.glb.clouddn.com\\\\/15f263d5047ae173ada2d00a01b176a7_1462788608.gif?e=1462792228\'',
      ),
      'class' => 'dao\\BaseDao',
      'type' => '->',
    ),
    4 => 
    array (
      'file' => '/root/apps/90server/ZPHP/Core/Route.php',
      'line' => 33,
      'function' => 'pushRestArticle',
      'args' => 
      array (
      ),
      'class' => 'ctrl\\Push',
      'type' => '->',
    ),
    5 => 
    array (
      'file' => '/root/apps/90server/Application/apps/socket/HttpServer.php',
      'line' => 53,
      'function' => 'route',
      'args' => 
      array (
      ),
      'class' => 'ZPHP\\Core\\Route',
      'type' => '::',
    ),
    6 => 
    array (
      'file' => 'null',
      'line' => 'null',
      'function' => 'onRequest',
      'args' => 
      array (
        0 => 'swoole_http_request::__set_state(array(
   \'fd\' => 551,
   \'header\' => 
  array (
    \'host\' => \'101.201.39.169:8992\',
    \'accept\' => \'*/*\',
    \'content-length\' => \'240\',
    \'content-type\' => \'application/x-www-form-urlencoded\',
  ),
   \'server\' => 
  array (
    \'request_method\' => \'POST\',
    \'request_uri\' => \'/Push/pushRestArticle\',
    \'path_info\' => \'/Push/pushRestArticle\',
    \'request_time\' => 1462788550,
    \'request_time_float\' => 1462788550.3353,
    \'server_port\' => 8992,
    \'remote_port\' => 10197,
    \'remote_addr\' => \'210.30.100.2\',
    \'server_protocol\' => \'HTTP/1.1\',
    \'server_software\' => \'swoole-http-server\',
  ),
   \'post\' => 
  array (
    \'date\' => \'1462723200\',
    \'content_data\' => \'{"pic_url":"http:\\\\/\\\\/7xryb0.com1.z0.glb.clouddn.com\\\\/15f263d5047ae173ada2d00a01b176a7_1462788608.gif?e=1462792228\',
    \'amp;token\' => \'OWCQidcz6GT1EhCiiexVi8pq-T5hPZaoHiCPtHWa:iUsbS_sSkotG51AvH3wNaDKGBns="}\',
    \'content_type\' => \'2\',
  ),
))',
        1 => 'swoole_http_response::__set_state(array(
   \'fd\' => 551,
))',
      ),
      'class' => 'socket\\HttpServer',
      'type' => '->',
    ),
    7 => 
    array (
      'file' => '/root/apps/90server/ZPHP/Socket/Adapter/Swoole.php',
      'line' => 134,
      'function' => 'start',
      'args' => 
      array (
      ),
      'class' => 'swoole_http_server',
      'type' => '->',
    ),
    8 => 
    array (
      'file' => '/root/apps/90server/ZPHP/Server/Adapter/Socket.php',
      'line' => 31,
      'function' => 'run',
      'args' => 
      array (
      ),
      'class' => 'ZPHP\\Socket\\Adapter\\Swoole',
      'type' => '->',
    ),
    9 => 
    array (
      'file' => '/root/apps/90server/ZPHP/ZPHP.php',
      'line' => 189,
      'function' => 'run',
      'args' => 
      array (
      ),
      'class' => 'ZPHP\\Server\\Adapter\\Socket',
      'type' => '->',
    ),
    10 => 
    array (
      'file' => '/root/apps/90server/Application/webroot/main.php',
      'line' => 7,
      'function' => 'run',
      'args' => 
      array (
        0 => '\'/root/apps/90server/Application\'',
      ),
      'class' => 'ZPHP\\ZPHP',
      'type' => '::',
    ),
  ),
)
2016-05-09 18:46:02
array (
  'className' => 'Exception',
  'message' => 'SQLSTATE[42S22]: Column not found: 1054 Unknown column \'notice_id\' in \'field list\'',
  'code' => '42S22',
  'file' => '/root/apps/90server/Application/apps/dao/BaseDao.php',
  'line' => 67,
  'userAgent' => '',
  'trace' => 
  array (
    0 => 
    array (
      'file' => '/root/apps/90server/Application/apps/dao/BaseDao.php',
      'line' => 67,
      'function' => 'execute',
      'args' => 
      array (
        0 => 'array (
  \'user_id\' => \'2016050918460283655\',
  \'notice_id\' => \'2016050918460253479\',
  \'time\' => 1462790762,
  \'title\' => \'\',
  \'content\' => \'这是你的第一枚金币，just keep it.\',
)',
      ),
      'class' => 'PDOStatement',
      'type' => '->',
    ),
    1 => 
    array (
      'file' => '/root/apps/90server/Application/apps/dao/user/Info.php',
      'line' => 423,
      'function' => 'execute',
      'args' => 
      array (
        0 => 'Aura\\SqlQuery\\Mysql\\Insert::__set_state(array(
   \'col_on_update_values\' => NULL,
   \'into\' => \'90_user_answer\',
   \'last_insert_id_names\' => 
  array (
  ),
   \'row\' => 0,
   \'col_values_bulk\' => 
  array (
  ),
   \'bind_values_bulk\' => 
  array (
  ),
   \'col_order\' => 
  array (
  ),
   \'col_values\' => 
  array (
    \'`user_id`\' => \':user_id\',
    \'`notice_id`\' => \':notice_id\',
    \'`time`\' => \':time\',
    \'`title`\' => \':title\',
    \'`content`\' => \':content\',
  ),
   \'returning\' => 
  array (
  ),
   \'bind_values\' => 
  array (
    \'user_id\' => \'2016050918460283655\',
    \'notice_id\' => \'2016050918460253479\',
    \'time\' => 1462790762,
    \'title\' => \'\',
    \'content\' => \'这是你的第一枚金币，just keep it.\',
  ),
   \'where\' => 
  array (
  ),
   \'order_by\' => 
  array (
  ),
   \'limit\' => 0,
   \'offset\' => 0,
   \'flags\' => 
  array (
  ),
   \'quoter\' => 
  Aura\\SqlQuery\\Quoter::__set_state(array(
     \'quote_name_prefix\' => \'`\',
     \'quote_name_suffix\' => \'`\',
  )),
   \'seq_bind_prefix\' => \'\',
))',
      ),
      'class' => 'dao\\BaseDao',
      'type' => '->',
    ),
    2 => 
    array (
      'file' => '/root/apps/90server/Application/apps/dao/BaseDao.php',
      'line' => 44,
      'function' => 'sendNotice',
      'args' => 
      array (
      ),
      'class' => 'dao\\user\\Info',
      'type' => '->',
    ),
    3 => 
    array (
      'file' => '/root/apps/90server/Application/apps/ctrl/Login.php',
      'line' => 190,
      'function' => 'run',
      'args' => 
      array (
        0 => '\'sendNotice\'',
        1 => '\'这是你的第一枚金币，just keep it.\'',
        2 => '\'\'',
        3 => '1462790762',
        4 => '\'2016050918460283655\'',
      ),
      'class' => 'dao\\BaseDao',
      'type' => '->',
    ),
    4 => 
    array (
      'file' => '/root/apps/90server/ZPHP/Core/Route.php',
      'line' => 33,
      'function' => 'register',
      'args' => 
      array (
      ),
      'class' => 'ctrl\\Login',
      'type' => '->',
    ),
    5 => 
    array (
      'file' => '/root/apps/90server/Application/apps/socket/HttpServer.php',
      'line' => 53,
      'function' => 'route',
      'args' => 
      array (
      ),
      'class' => 'ZPHP\\Core\\Route',
      'type' => '::',
    ),
    6 => 
    array (
      'file' => 'null',
      'line' => 'null',
      'function' => 'onRequest',
      'args' => 
      array (
        0 => 'swoole_http_request::__set_state(array(
   \'fd\' => 794,
   \'header\' => 
  array (
    \'content-length\' => \'182\',
    \'content-type\' => \'application/x-www-form-urlencoded\',
    \'host\' => \'101.201.39.169:8992\',
    \'connection\' => \'Keep-Alive\',
    \'user-agent\' => \'Apache-HttpClient/UNAVAILABLE (java 1.4)\',
  ),
   \'server\' => 
  array (
    \'request_method\' => \'POST\',
    \'request_uri\' => \'/Login/register\',
    \'path_info\' => \'/Login/register\',
    \'request_time\' => 1462790762,
    \'request_time_float\' => 1462790762.4165421,
    \'server_port\' => 8992,
    \'remote_port\' => 43157,
    \'remote_addr\' => \'123.112.227.150\',
    \'server_protocol\' => \'HTTP/1.1\',
    \'server_software\' => \'swoole-http-server\',
  ),
   \'post\' => 
  array (
    \'user_name\' => \'ling\',
    \'user_password\' => \'192ab8e3bdbe8df07edf3453e5fd00736693355892e4199624c543bc511b4a89\',
    \'user_mobile\' => \'15110073477\',
    \'user_email\' => \'test@qq.com\',
    \'user_avatar\' => \'\',
    \'user_area_id\' => \'010\',
    \'code\' => \'5885\',
  ),
))',
        1 => 'swoole_http_response::__set_state(array(
   \'fd\' => 794,
))',
      ),
      'class' => 'socket\\HttpServer',
      'type' => '->',
    ),
    7 => 
    array (
      'file' => '/root/apps/90server/ZPHP/Socket/Adapter/Swoole.php',
      'line' => 134,
      'function' => 'start',
      'args' => 
      array (
      ),
      'class' => 'swoole_http_server',
      'type' => '->',
    ),
    8 => 
    array (
      'file' => '/root/apps/90server/ZPHP/Server/Adapter/Socket.php',
      'line' => 31,
      'function' => 'run',
      'args' => 
      array (
      ),
      'class' => 'ZPHP\\Socket\\Adapter\\Swoole',
      'type' => '->',
    ),
    9 => 
    array (
      'file' => '/root/apps/90server/ZPHP/ZPHP.php',
      'line' => 189,
      'function' => 'run',
      'args' => 
      array (
      ),
      'class' => 'ZPHP\\Server\\Adapter\\Socket',
      'type' => '->',
    ),
    10 => 
    array (
      'file' => '/root/apps/90server/Application/webroot/main.php',
      'line' => 7,
      'function' => 'run',
      'args' => 
      array (
        0 => '\'/root/apps/90server/Application\'',
      ),
      'class' => 'ZPHP\\ZPHP',
      'type' => '::',
    ),
  ),
)
2016-05-09 20:58:24
array (
  'className' => 'Exception',
  'message' => 'SQLSTATE[23000]: Integrity constraint violation: 1062 Duplicate entry \'1462723200\' for key \'PRIMARY\'',
  'code' => '23000',
  'file' => '/root/apps/90server/Application/apps/dao/BaseDao.php',
  'line' => 67,
  'userAgent' => '',
  'trace' => 
  array (
    0 => 
    array (
      'file' => '/root/apps/90server/Application/apps/dao/BaseDao.php',
      'line' => 67,
      'function' => 'execute',
      'args' => 
      array (
        0 => 'array (
  \'date\' => \'1462723200\',
  \'content_type\' => \'2\',
  \'content_data\' => \'{"pic_url":"http:\\\\/\\\\/7xryb0.com1.z0.glb.clouddn.com\\\\/mascot_2_1462798703.gif?e=1462802304\',
)',
      ),
      'class' => 'PDOStatement',
      'type' => '->',
    ),
    1 => 
    array (
      'file' => '/root/apps/90server/Application/apps/dao/question/Question.php',
      'line' => 187,
      'function' => 'execute',
      'args' => 
      array (
        0 => 'Aura\\SqlQuery\\Mysql\\Insert::__set_state(array(
   \'col_on_update_values\' => NULL,
   \'into\' => \'90_rest_push\',
   \'last_insert_id_names\' => 
  array (
  ),
   \'row\' => 0,
   \'col_values_bulk\' => 
  array (
  ),
   \'bind_values_bulk\' => 
  array (
  ),
   \'col_order\' => 
  array (
  ),
   \'col_values\' => 
  array (
    \'`date`\' => \':date\',
    \'`content_type`\' => \':content_type\',
    \'`content_data`\' => \':content_data\',
  ),
   \'returning\' => 
  array (
  ),
   \'bind_values\' => 
  array (
    \'date\' => \'1462723200\',
    \'content_type\' => \'2\',
    \'content_data\' => \'{"pic_url":"http:\\\\/\\\\/7xryb0.com1.z0.glb.clouddn.com\\\\/mascot_2_1462798703.gif?e=1462802304\',
  ),
   \'where\' => 
  array (
  ),
   \'order_by\' => 
  array (
  ),
   \'limit\' => 0,
   \'offset\' => 0,
   \'flags\' => 
  array (
  ),
   \'quoter\' => 
  Aura\\SqlQuery\\Quoter::__set_state(array(
     \'quote_name_prefix\' => \'`\',
     \'quote_name_suffix\' => \'`\',
  )),
   \'seq_bind_prefix\' => \'\',
))',
      ),
      'class' => 'dao\\BaseDao',
      'type' => '->',
    ),
    2 => 
    array (
      'file' => '/root/apps/90server/Application/apps/dao/BaseDao.php',
      'line' => 44,
      'function' => 'saveRestPush',
      'args' => 
      array (
      ),
      'class' => 'dao\\question\\Question',
      'type' => '->',
    ),
    3 => 
    array (
      'file' => '/root/apps/90server/Application/apps/ctrl/Push.php',
      'line' => 91,
      'function' => 'run',
      'args' => 
      array (
        0 => '\'saveRestPush\'',
        1 => '\'1462723200\'',
        2 => '\'2\'',
        3 => '\'{"pic_url":"http:\\\\/\\\\/7xryb0.com1.z0.glb.clouddn.com\\\\/mascot_2_1462798703.gif?e=1462802304\'',
      ),
      'class' => 'dao\\BaseDao',
      'type' => '->',
    ),
    4 => 
    array (
      'file' => '/root/apps/90server/ZPHP/Core/Route.php',
      'line' => 33,
      'function' => 'pushRestArticle',
      'args' => 
      array (
      ),
      'class' => 'ctrl\\Push',
      'type' => '->',
    ),
    5 => 
    array (
      'file' => '/root/apps/90server/Application/apps/socket/HttpServer.php',
      'line' => 53,
      'function' => 'route',
      'args' => 
      array (
      ),
      'class' => 'ZPHP\\Core\\Route',
      'type' => '::',
    ),
    6 => 
    array (
      'file' => 'null',
      'line' => 'null',
      'function' => 'onRequest',
      'args' => 
      array (
        0 => 'swoole_http_request::__set_state(array(
   \'fd\' => 23,
   \'header\' => 
  array (
    \'host\' => \'101.201.39.169:8992\',
    \'accept\' => \'*/*\',
    \'content-length\' => \'216\',
    \'content-type\' => \'application/x-www-form-urlencoded\',
  ),
   \'server\' => 
  array (
    \'request_method\' => \'POST\',
    \'request_uri\' => \'/Push/pushRestArticle\',
    \'path_info\' => \'/Push/pushRestArticle\',
    \'request_time\' => 1462798704,
    \'request_time_float\' => 1462798704.3098731,
    \'server_port\' => 8992,
    \'remote_port\' => 53710,
    \'remote_addr\' => \'101.201.39.169\',
    \'server_protocol\' => \'HTTP/1.1\',
    \'server_software\' => \'swoole-http-server\',
  ),
   \'post\' => 
  array (
    \'date\' => \'1462723200\',
    \'content_data\' => \'{"pic_url":"http:\\\\/\\\\/7xryb0.com1.z0.glb.clouddn.com\\\\/mascot_2_1462798703.gif?e=1462802304\',
    \'amp;token\' => \'OWCQidcz6GT1EhCiiexVi8pq-T5hPZaoHiCPtHWa:5zsbmZfvtYUG6Z5v1qZbBVCFcUI="}\',
    \'content_type\' => \'2\',
  ),
))',
        1 => 'swoole_http_response::__set_state(array(
   \'fd\' => 23,
))',
      ),
      'class' => 'socket\\HttpServer',
      'type' => '->',
    ),
    7 => 
    array (
      'file' => '/root/apps/90server/ZPHP/Socket/Adapter/Swoole.php',
      'line' => 134,
      'function' => 'start',
      'args' => 
      array (
      ),
      'class' => 'swoole_http_server',
      'type' => '->',
    ),
    8 => 
    array (
      'file' => '/root/apps/90server/ZPHP/Server/Adapter/Socket.php',
      'line' => 31,
      'function' => 'run',
      'args' => 
      array (
      ),
      'class' => 'ZPHP\\Socket\\Adapter\\Swoole',
      'type' => '->',
    ),
    9 => 
    array (
      'file' => '/root/apps/90server/ZPHP/ZPHP.php',
      'line' => 189,
      'function' => 'run',
      'args' => 
      array (
      ),
      'class' => 'ZPHP\\Server\\Adapter\\Socket',
      'type' => '->',
    ),
    10 => 
    array (
      'file' => '/root/apps/90server/Application/webroot/main.php',
      'line' => 7,
      'function' => 'run',
      'args' => 
      array (
        0 => '\'/root/apps/90server/Application\'',
      ),
      'class' => 'ZPHP\\ZPHP',
      'type' => '::',
    ),
  ),
)
2016-05-09 21:40:37
array (
  'className' => 'Exception',
  'message' => 'SQLSTATE[23000]: Integrity constraint violation: 1062 Duplicate entry \'1462723200\' for key \'PRIMARY\'',
  'code' => '23000',
  'file' => '/root/apps/90server/Application/apps/dao/BaseDao.php',
  'line' => 67,
  'userAgent' => '',
  'trace' => 
  array (
    0 => 
    array (
      'file' => '/root/apps/90server/Application/apps/dao/BaseDao.php',
      'line' => 67,
      'function' => 'execute',
      'args' => 
      array (
        0 => 'array (
  \'date\' => \'1462723200\',
  \'content_type\' => \'1\',
  \'content_data\' => \'{"pic_url":"http:\\\\/\\\\/7xryb0.com1.z0.glb.clouddn.com\\\\/Google - Year in Search 2014.mp4","url":"123"}\',
)',
      ),
      'class' => 'PDOStatement',
      'type' => '->',
    ),
    1 => 
    array (
      'file' => '/root/apps/90server/Application/apps/dao/question/Question.php',
      'line' => 187,
      'function' => 'execute',
      'args' => 
      array (
        0 => 'Aura\\SqlQuery\\Mysql\\Insert::__set_state(array(
   \'col_on_update_values\' => NULL,
   \'into\' => \'90_rest_push\',
   \'last_insert_id_names\' => 
  array (
  ),
   \'row\' => 0,
   \'col_values_bulk\' => 
  array (
  ),
   \'bind_values_bulk\' => 
  array (
  ),
   \'col_order\' => 
  array (
  ),
   \'col_values\' => 
  array (
    \'`date`\' => \':date\',
    \'`content_type`\' => \':content_type\',
    \'`content_data`\' => \':content_data\',
  ),
   \'returning\' => 
  array (
  ),
   \'bind_values\' => 
  array (
    \'date\' => \'1462723200\',
    \'content_type\' => \'1\',
    \'content_data\' => \'{"pic_url":"http:\\\\/\\\\/7xryb0.com1.z0.glb.clouddn.com\\\\/Google - Year in Search 2014.mp4","url":"123"}\',
  ),
   \'where\' => 
  array (
  ),
   \'order_by\' => 
  array (
  ),
   \'limit\' => 0,
   \'offset\' => 0,
   \'flags\' => 
  array (
  ),
   \'quoter\' => 
  Aura\\SqlQuery\\Quoter::__set_state(array(
     \'quote_name_prefix\' => \'`\',
     \'quote_name_suffix\' => \'`\',
  )),
   \'seq_bind_prefix\' => \'\',
))',
      ),
      'class' => 'dao\\BaseDao',
      'type' => '->',
    ),
    2 => 
    array (
      'file' => '/root/apps/90server/Application/apps/dao/BaseDao.php',
      'line' => 44,
      'function' => 'saveRestPush',
      'args' => 
      array (
      ),
      'class' => 'dao\\question\\Question',
      'type' => '->',
    ),
    3 => 
    array (
      'file' => '/root/apps/90server/Application/apps/ctrl/Push.php',
      'line' => 91,
      'function' => 'run',
      'args' => 
      array (
        0 => '\'saveRestPush\'',
        1 => '\'1462723200\'',
        2 => '\'1\'',
        3 => '\'{"pic_url":"http:\\\\/\\\\/7xryb0.com1.z0.glb.clouddn.com\\\\/Google - Year in Search 2014.mp4","url":"123"}\'',
      ),
      'class' => 'dao\\BaseDao',
      'type' => '->',
    ),
    4 => 
    array (
      'file' => '/root/apps/90server/ZPHP/Core/Route.php',
      'line' => 33,
      'function' => 'pushRestArticle',
      'args' => 
      array (
      ),
      'class' => 'ctrl\\Push',
      'type' => '->',
    ),
    5 => 
    array (
      'file' => '/root/apps/90server/Application/apps/socket/HttpServer.php',
      'line' => 53,
      'function' => 'route',
      'args' => 
      array (
      ),
      'class' => 'ZPHP\\Core\\Route',
      'type' => '::',
    ),
    6 => 
    array (
      'file' => 'null',
      'line' => 'null',
      'function' => 'onRequest',
      'args' => 
      array (
        0 => 'swoole_http_request::__set_state(array(
   \'fd\' => 95,
   \'header\' => 
  array (
    \'host\' => \'101.201.39.169:8992\',
    \'accept\' => \'*/*\',
    \'content-length\' => \'144\',
    \'content-type\' => \'application/x-www-form-urlencoded\',
  ),
   \'server\' => 
  array (
    \'request_method\' => \'POST\',
    \'request_uri\' => \'/Push/pushRestArticle\',
    \'path_info\' => \'/Push/pushRestArticle\',
    \'request_time\' => 1462801237,
    \'request_time_float\' => 1462801237.557354,
    \'server_port\' => 8992,
    \'remote_port\' => 11503,
    \'remote_addr\' => \'210.30.100.2\',
    \'server_protocol\' => \'HTTP/1.1\',
    \'server_software\' => \'swoole-http-server\',
  ),
   \'post\' => 
  array (
    \'date\' => \'1462723200\',
    \'content_data\' => \'{"pic_url":"http:\\\\/\\\\/7xryb0.com1.z0.glb.clouddn.com\\\\/Google - Year in Search 2014.mp4","url":"123"}\',
    \'content_type\' => \'1\',
  ),
))',
        1 => 'swoole_http_response::__set_state(array(
   \'fd\' => 95,
))',
      ),
      'class' => 'socket\\HttpServer',
      'type' => '->',
    ),
    7 => 
    array (
      'file' => '/root/apps/90server/ZPHP/Socket/Adapter/Swoole.php',
      'line' => 134,
      'function' => 'start',
      'args' => 
      array (
      ),
      'class' => 'swoole_http_server',
      'type' => '->',
    ),
    8 => 
    array (
      'file' => '/root/apps/90server/ZPHP/Server/Adapter/Socket.php',
      'line' => 31,
      'function' => 'run',
      'args' => 
      array (
      ),
      'class' => 'ZPHP\\Socket\\Adapter\\Swoole',
      'type' => '->',
    ),
    9 => 
    array (
      'file' => '/root/apps/90server/ZPHP/ZPHP.php',
      'line' => 189,
      'function' => 'run',
      'args' => 
      array (
      ),
      'class' => 'ZPHP\\Server\\Adapter\\Socket',
      'type' => '->',
    ),
    10 => 
    array (
      'file' => '/root/apps/90server/Application/webroot/main.php',
      'line' => 7,
      'function' => 'run',
      'args' => 
      array (
        0 => '\'/root/apps/90server/Application\'',
      ),
      'class' => 'ZPHP\\ZPHP',
      'type' => '::',
    ),
  ),
)
2016-05-09 21:49:27
array (
  'className' => 'Exception',
  'message' => 'SQLSTATE[23000]: Integrity constraint violation: 1062 Duplicate entry \'1462723200\' for key \'PRIMARY\'',
  'code' => '23000',
  'file' => '/root/apps/90server/Application/apps/dao/BaseDao.php',
  'line' => 67,
  'userAgent' => '',
  'trace' => 
  array (
    0 => 
    array (
      'file' => '/root/apps/90server/Application/apps/dao/BaseDao.php',
      'line' => 67,
      'function' => 'execute',
      'args' => 
      array (
        0 => 'array (
  \'date\' => \'1462723200\',
  \'content_type\' => \'1\',
  \'content_data\' => \'{"pic_url":"http:\\\\/\\\\/7xryb0.com1.z0.glb.clouddn.com\\\\/3.mp4","url":"ces"}\',
)',
      ),
      'class' => 'PDOStatement',
      'type' => '->',
    ),
    1 => 
    array (
      'file' => '/root/apps/90server/Application/apps/dao/question/Question.php',
      'line' => 187,
      'function' => 'execute',
      'args' => 
      array (
        0 => 'Aura\\SqlQuery\\Mysql\\Insert::__set_state(array(
   \'col_on_update_values\' => NULL,
   \'into\' => \'90_rest_push\',
   \'last_insert_id_names\' => 
  array (
  ),
   \'row\' => 0,
   \'col_values_bulk\' => 
  array (
  ),
   \'bind_values_bulk\' => 
  array (
  ),
   \'col_order\' => 
  array (
  ),
   \'col_values\' => 
  array (
    \'`date`\' => \':date\',
    \'`content_type`\' => \':content_type\',
    \'`content_data`\' => \':content_data\',
  ),
   \'returning\' => 
  array (
  ),
   \'bind_values\' => 
  array (
    \'date\' => \'1462723200\',
    \'content_type\' => \'1\',
    \'content_data\' => \'{"pic_url":"http:\\\\/\\\\/7xryb0.com1.z0.glb.clouddn.com\\\\/3.mp4","url":"ces"}\',
  ),
   \'where\' => 
  array (
  ),
   \'order_by\' => 
  array (
  ),
   \'limit\' => 0,
   \'offset\' => 0,
   \'flags\' => 
  array (
  ),
   \'quoter\' => 
  Aura\\SqlQuery\\Quoter::__set_state(array(
     \'quote_name_prefix\' => \'`\',
     \'quote_name_suffix\' => \'`\',
  )),
   \'seq_bind_prefix\' => \'_2\',
))',
      ),
      'class' => 'dao\\BaseDao',
      'type' => '->',
    ),
    2 => 
    array (
      'file' => '/root/apps/90server/Application/apps/dao/BaseDao.php',
      'line' => 44,
      'function' => 'saveRestPush',
      'args' => 
      array (
      ),
      'class' => 'dao\\question\\Question',
      'type' => '->',
    ),
    3 => 
    array (
      'file' => '/root/apps/90server/Application/apps/ctrl/Push.php',
      'line' => 91,
      'function' => 'run',
      'args' => 
      array (
        0 => '\'saveRestPush\'',
        1 => '\'1462723200\'',
        2 => '\'1\'',
        3 => '\'{"pic_url":"http:\\\\/\\\\/7xryb0.com1.z0.glb.clouddn.com\\\\/3.mp4","url":"ces"}\'',
      ),
      'class' => 'dao\\BaseDao',
      'type' => '->',
    ),
    4 => 
    array (
      'file' => '/root/apps/90server/ZPHP/Core/Route.php',
      'line' => 33,
      'function' => 'pushRestArticle',
      'args' => 
      array (
      ),
      'class' => 'ctrl\\Push',
      'type' => '->',
    ),
    5 => 
    array (
      'file' => '/root/apps/90server/Application/apps/socket/HttpServer.php',
      'line' => 53,
      'function' => 'route',
      'args' => 
      array (
      ),
      'class' => 'ZPHP\\Core\\Route',
      'type' => '::',
    ),
    6 => 
    array (
      'file' => 'null',
      'line' => 'null',
      'function' => 'onRequest',
      'args' => 
      array (
        0 => 'swoole_http_request::__set_state(array(
   \'fd\' => 106,
   \'header\' => 
  array (
    \'host\' => \'101.201.39.169:8992\',
    \'accept\' => \'*/*\',
    \'content-length\' => \'117\',
    \'content-type\' => \'application/x-www-form-urlencoded\',
  ),
   \'server\' => 
  array (
    \'request_method\' => \'POST\',
    \'request_uri\' => \'/Push/pushRestArticle\',
    \'path_info\' => \'/Push/pushRestArticle\',
    \'request_time\' => 1462801767,
    \'request_time_float\' => 1462801767.237803,
    \'server_port\' => 8992,
    \'remote_port\' => 53781,
    \'remote_addr\' => \'101.201.39.169\',
    \'server_protocol\' => \'HTTP/1.1\',
    \'server_software\' => \'swoole-http-server\',
  ),
   \'post\' => 
  array (
    \'date\' => \'1462723200\',
    \'content_data\' => \'{"pic_url":"http:\\\\/\\\\/7xryb0.com1.z0.glb.clouddn.com\\\\/3.mp4","url":"ces"}\',
    \'content_type\' => \'1\',
  ),
))',
        1 => 'swoole_http_response::__set_state(array(
   \'fd\' => 106,
))',
      ),
      'class' => 'socket\\HttpServer',
      'type' => '->',
    ),
    7 => 
    array (
      'file' => '/root/apps/90server/ZPHP/Socket/Adapter/Swoole.php',
      'line' => 134,
      'function' => 'start',
      'args' => 
      array (
      ),
      'class' => 'swoole_http_server',
      'type' => '->',
    ),
    8 => 
    array (
      'file' => '/root/apps/90server/ZPHP/Server/Adapter/Socket.php',
      'line' => 31,
      'function' => 'run',
      'args' => 
      array (
      ),
      'class' => 'ZPHP\\Socket\\Adapter\\Swoole',
      'type' => '->',
    ),
    9 => 
    array (
      'file' => '/root/apps/90server/ZPHP/ZPHP.php',
      'line' => 189,
      'function' => 'run',
      'args' => 
      array (
      ),
      'class' => 'ZPHP\\Server\\Adapter\\Socket',
      'type' => '->',
    ),
    10 => 
    array (
      'file' => '/root/apps/90server/Application/webroot/main.php',
      'line' => 7,
      'function' => 'run',
      'args' => 
      array (
        0 => '\'/root/apps/90server/Application\'',
      ),
      'class' => 'ZPHP\\ZPHP',
      'type' => '::',
    ),
  ),
)
2016-05-09 21:51:26
array (
  'className' => 'Exception',
  'message' => 'SQLSTATE[23000]: Integrity constraint violation: 1062 Duplicate entry \'1462723200\' for key \'PRIMARY\'',
  'code' => '23000',
  'file' => '/root/apps/90server/Application/apps/dao/BaseDao.php',
  'line' => 67,
  'userAgent' => '',
  'trace' => 
  array (
    0 => 
    array (
      'file' => '/root/apps/90server/Application/apps/dao/BaseDao.php',
      'line' => 67,
      'function' => 'execute',
      'args' => 
      array (
        0 => 'array (
  \'date\' => \'1462723200\',
  \'content_type\' => \'2\',
  \'content_data\' => \'{"pic_url":"http:\\\\/\\\\/7xryb0.com1.z0.glb.clouddn.com\\\\/2_1458318262_1462801886.gif?e=1462805486\',
)',
      ),
      'class' => 'PDOStatement',
      'type' => '->',
    ),
    1 => 
    array (
      'file' => '/root/apps/90server/Application/apps/dao/question/Question.php',
      'line' => 187,
      'function' => 'execute',
      'args' => 
      array (
        0 => 'Aura\\SqlQuery\\Mysql\\Insert::__set_state(array(
   \'col_on_update_values\' => NULL,
   \'into\' => \'90_rest_push\',
   \'last_insert_id_names\' => 
  array (
  ),
   \'row\' => 0,
   \'col_values_bulk\' => 
  array (
  ),
   \'bind_values_bulk\' => 
  array (
  ),
   \'col_order\' => 
  array (
  ),
   \'col_values\' => 
  array (
    \'`date`\' => \':date\',
    \'`content_type`\' => \':content_type\',
    \'`content_data`\' => \':content_data\',
  ),
   \'returning\' => 
  array (
  ),
   \'bind_values\' => 
  array (
    \'date\' => \'1462723200\',
    \'content_type\' => \'2\',
    \'content_data\' => \'{"pic_url":"http:\\\\/\\\\/7xryb0.com1.z0.glb.clouddn.com\\\\/2_1458318262_1462801886.gif?e=1462805486\',
  ),
   \'where\' => 
  array (
  ),
   \'order_by\' => 
  array (
  ),
   \'limit\' => 0,
   \'offset\' => 0,
   \'flags\' => 
  array (
  ),
   \'quoter\' => 
  Aura\\SqlQuery\\Quoter::__set_state(array(
     \'quote_name_prefix\' => \'`\',
     \'quote_name_suffix\' => \'`\',
  )),
   \'seq_bind_prefix\' => \'_3\',
))',
      ),
      'class' => 'dao\\BaseDao',
      'type' => '->',
    ),
    2 => 
    array (
      'file' => '/root/apps/90server/Application/apps/dao/BaseDao.php',
      'line' => 44,
      'function' => 'saveRestPush',
      'args' => 
      array (
      ),
      'class' => 'dao\\question\\Question',
      'type' => '->',
    ),
    3 => 
    array (
      'file' => '/root/apps/90server/Application/apps/ctrl/Push.php',
      'line' => 91,
      'function' => 'run',
      'args' => 
      array (
        0 => '\'saveRestPush\'',
        1 => '\'1462723200\'',
        2 => '\'2\'',
        3 => '\'{"pic_url":"http:\\\\/\\\\/7xryb0.com1.z0.glb.clouddn.com\\\\/2_1458318262_1462801886.gif?e=1462805486\'',
      ),
      'class' => 'dao\\BaseDao',
      'type' => '->',
    ),
    4 => 
    array (
      'file' => '/root/apps/90server/ZPHP/Core/Route.php',
      'line' => 33,
      'function' => 'pushRestArticle',
      'args' => 
      array (
      ),
      'class' => 'ctrl\\Push',
      'type' => '->',
    ),
    5 => 
    array (
      'file' => '/root/apps/90server/Application/apps/socket/HttpServer.php',
      'line' => 53,
      'function' => 'route',
      'args' => 
      array (
      ),
      'class' => 'ZPHP\\Core\\Route',
      'type' => '::',
    ),
    6 => 
    array (
      'file' => 'null',
      'line' => 'null',
      'function' => 'onRequest',
      'args' => 
      array (
        0 => 'swoole_http_request::__set_state(array(
   \'fd\' => 111,
   \'header\' => 
  array (
    \'host\' => \'101.201.39.169:8992\',
    \'accept\' => \'*/*\',
    \'content-length\' => \'220\',
    \'content-type\' => \'application/x-www-form-urlencoded\',
  ),
   \'server\' => 
  array (
    \'request_method\' => \'POST\',
    \'request_uri\' => \'/Push/pushRestArticle\',
    \'path_info\' => \'/Push/pushRestArticle\',
    \'request_time\' => 1462801886,
    \'request_time_float\' => 1462801886.6263821,
    \'server_port\' => 8992,
    \'remote_port\' => 53787,
    \'remote_addr\' => \'101.201.39.169\',
    \'server_protocol\' => \'HTTP/1.1\',
    \'server_software\' => \'swoole-http-server\',
  ),
   \'post\' => 
  array (
    \'date\' => \'1462723200\',
    \'content_data\' => \'{"pic_url":"http:\\\\/\\\\/7xryb0.com1.z0.glb.clouddn.com\\\\/2_1458318262_1462801886.gif?e=1462805486\',
    \'amp;token\' => \'OWCQidcz6GT1EhCiiexVi8pq-T5hPZaoHiCPtHWa:N5y8A7gQKuPoSVhELbdPR0XbLDc="}\',
    \'content_type\' => \'2\',
  ),
))',
        1 => 'swoole_http_response::__set_state(array(
   \'fd\' => 111,
))',
      ),
      'class' => 'socket\\HttpServer',
      'type' => '->',
    ),
    7 => 
    array (
      'file' => '/root/apps/90server/ZPHP/Socket/Adapter/Swoole.php',
      'line' => 134,
      'function' => 'start',
      'args' => 
      array (
      ),
      'class' => 'swoole_http_server',
      'type' => '->',
    ),
    8 => 
    array (
      'file' => '/root/apps/90server/ZPHP/Server/Adapter/Socket.php',
      'line' => 31,
      'function' => 'run',
      'args' => 
      array (
      ),
      'class' => 'ZPHP\\Socket\\Adapter\\Swoole',
      'type' => '->',
    ),
    9 => 
    array (
      'file' => '/root/apps/90server/ZPHP/ZPHP.php',
      'line' => 189,
      'function' => 'run',
      'args' => 
      array (
      ),
      'class' => 'ZPHP\\Server\\Adapter\\Socket',
      'type' => '->',
    ),
    10 => 
    array (
      'file' => '/root/apps/90server/Application/webroot/main.php',
      'line' => 7,
      'function' => 'run',
      'args' => 
      array (
        0 => '\'/root/apps/90server/Application\'',
      ),
      'class' => 'ZPHP\\ZPHP',
      'type' => '::',
    ),
  ),
)
2016-05-09 21:56:10
array (
  'className' => 'Exception',
  'message' => 'SQLSTATE[23000]: Integrity constraint violation: 1062 Duplicate entry \'1462723200\' for key \'PRIMARY\'',
  'code' => '23000',
  'file' => '/root/apps/90server/Application/apps/dao/BaseDao.php',
  'line' => 67,
  'userAgent' => '',
  'trace' => 
  array (
    0 => 
    array (
      'file' => '/root/apps/90server/Application/apps/dao/BaseDao.php',
      'line' => 67,
      'function' => 'execute',
      'args' => 
      array (
        0 => 'array (
  \'date\' => \'1462723200\',
  \'content_type\' => \'2\',
  \'content_data\' => \'{"pic_url":"http:\\\\/\\\\/7xryb0.com1.z0.glb.clouddn.com\\\\/prop_gif_shit_1462802169.gif?e=1462805770\',
)',
      ),
      'class' => 'PDOStatement',
      'type' => '->',
    ),
    1 => 
    array (
      'file' => '/root/apps/90server/Application/apps/dao/question/Question.php',
      'line' => 187,
      'function' => 'execute',
      'args' => 
      array (
        0 => 'Aura\\SqlQuery\\Mysql\\Insert::__set_state(array(
   \'col_on_update_values\' => NULL,
   \'into\' => \'90_rest_push\',
   \'last_insert_id_names\' => 
  array (
  ),
   \'row\' => 0,
   \'col_values_bulk\' => 
  array (
  ),
   \'bind_values_bulk\' => 
  array (
  ),
   \'col_order\' => 
  array (
  ),
   \'col_values\' => 
  array (
    \'`date`\' => \':date\',
    \'`content_type`\' => \':content_type\',
    \'`content_data`\' => \':content_data\',
  ),
   \'returning\' => 
  array (
  ),
   \'bind_values\' => 
  array (
    \'date\' => \'1462723200\',
    \'content_type\' => \'2\',
    \'content_data\' => \'{"pic_url":"http:\\\\/\\\\/7xryb0.com1.z0.glb.clouddn.com\\\\/prop_gif_shit_1462802169.gif?e=1462805770\',
  ),
   \'where\' => 
  array (
  ),
   \'order_by\' => 
  array (
  ),
   \'limit\' => 0,
   \'offset\' => 0,
   \'flags\' => 
  array (
  ),
   \'quoter\' => 
  Aura\\SqlQuery\\Quoter::__set_state(array(
     \'quote_name_prefix\' => \'`\',
     \'quote_name_suffix\' => \'`\',
  )),
   \'seq_bind_prefix\' => \'_1\',
))',
      ),
      'class' => 'dao\\BaseDao',
      'type' => '->',
    ),
    2 => 
    array (
      'file' => '/root/apps/90server/Application/apps/dao/BaseDao.php',
      'line' => 44,
      'function' => 'saveRestPush',
      'args' => 
      array (
      ),
      'class' => 'dao\\question\\Question',
      'type' => '->',
    ),
    3 => 
    array (
      'file' => '/root/apps/90server/Application/apps/ctrl/Push.php',
      'line' => 91,
      'function' => 'run',
      'args' => 
      array (
        0 => '\'saveRestPush\'',
        1 => '\'1462723200\'',
        2 => '\'2\'',
        3 => '\'{"pic_url":"http:\\\\/\\\\/7xryb0.com1.z0.glb.clouddn.com\\\\/prop_gif_shit_1462802169.gif?e=1462805770\'',
      ),
      'class' => 'dao\\BaseDao',
      'type' => '->',
    ),
    4 => 
    array (
      'file' => '/root/apps/90server/ZPHP/Core/Route.php',
      'line' => 33,
      'function' => 'pushRestArticle',
      'args' => 
      array (
      ),
      'class' => 'ctrl\\Push',
      'type' => '->',
    ),
    5 => 
    array (
      'file' => '/root/apps/90server/Application/apps/socket/HttpServer.php',
      'line' => 53,
      'function' => 'route',
      'args' => 
      array (
      ),
      'class' => 'ZPHP\\Core\\Route',
      'type' => '::',
    ),
    6 => 
    array (
      'file' => 'null',
      'line' => 'null',
      'function' => 'onRequest',
      'args' => 
      array (
        0 => 'swoole_http_request::__set_state(array(
   \'fd\' => 9,
   \'header\' => 
  array (
    \'host\' => \'101.201.39.169:8992\',
    \'accept\' => \'*/*\',
    \'content-length\' => \'221\',
    \'content-type\' => \'application/x-www-form-urlencoded\',
  ),
   \'server\' => 
  array (
    \'request_method\' => \'POST\',
    \'request_uri\' => \'/Push/pushRestArticle\',
    \'path_info\' => \'/Push/pushRestArticle\',
    \'request_time\' => 1462802170,
    \'request_time_float\' => 1462802170.2012441,
    \'server_port\' => 8992,
    \'remote_port\' => 53804,
    \'remote_addr\' => \'101.201.39.169\',
    \'server_protocol\' => \'HTTP/1.1\',
    \'server_software\' => \'swoole-http-server\',
  ),
   \'post\' => 
  array (
    \'date\' => \'1462723200\',
    \'content_data\' => \'{"pic_url":"http:\\\\/\\\\/7xryb0.com1.z0.glb.clouddn.com\\\\/prop_gif_shit_1462802169.gif?e=1462805770\',
    \'amp;token\' => \'OWCQidcz6GT1EhCiiexVi8pq-T5hPZaoHiCPtHWa:Q8ktEQvk4Skgw7aHZBDNmEeoU2E="}\',
    \'content_type\' => \'2\',
  ),
))',
        1 => 'swoole_http_response::__set_state(array(
   \'fd\' => 9,
))',
      ),
      'class' => 'socket\\HttpServer',
      'type' => '->',
    ),
    7 => 
    array (
      'file' => '/root/apps/90server/ZPHP/Socket/Adapter/Swoole.php',
      'line' => 134,
      'function' => 'start',
      'args' => 
      array (
      ),
      'class' => 'swoole_http_server',
      'type' => '->',
    ),
    8 => 
    array (
      'file' => '/root/apps/90server/ZPHP/Server/Adapter/Socket.php',
      'line' => 31,
      'function' => 'run',
      'args' => 
      array (
      ),
      'class' => 'ZPHP\\Socket\\Adapter\\Swoole',
      'type' => '->',
    ),
    9 => 
    array (
      'file' => '/root/apps/90server/ZPHP/ZPHP.php',
      'line' => 189,
      'function' => 'run',
      'args' => 
      array (
      ),
      'class' => 'ZPHP\\Server\\Adapter\\Socket',
      'type' => '->',
    ),
    10 => 
    array (
      'file' => '/root/apps/90server/Application/webroot/main.php',
      'line' => 7,
      'function' => 'run',
      'args' => 
      array (
        0 => '\'/root/apps/90server/Application\'',
      ),
      'class' => 'ZPHP\\ZPHP',
      'type' => '::',
    ),
  ),
)
