2016-05-25 06:12:19
array (
  'className' => 'Exception',
  'message' => 'SQLSTATE[42S22]: Column not found: 1054 Unknown column \'notice_id\' in \'field list\'',
  'code' => '42S22',
  'file' => '/root/apps/90server/Application/apps/dao/BaseDao.php',
  'line' => 67,
  'userAgent' => '',
  'trace' => 
  array (
    0 => 
    array (
      'file' => '/root/apps/90server/Application/apps/dao/BaseDao.php',
      'line' => 67,
      'function' => 'execute',
      'args' => 
      array (
        0 => 'array (
  \'user_id\' => \'2016052506121936879\',
  \'notice_id\' => \'2016052506121911047\',
  \'time\' => 1464127939,
  \'title\' => \'\',
  \'content\' => \'这是你的第一枚金币，just keep it.\',
)',
      ),
      'class' => 'PDOStatement',
      'type' => '->',
    ),
    1 => 
    array (
      'file' => '/root/apps/90server/Application/apps/dao/user/Info.php',
      'line' => 423,
      'function' => 'execute',
      'args' => 
      array (
        0 => 'Aura\\SqlQuery\\Mysql\\Insert::__set_state(array(
   \'col_on_update_values\' => NULL,
   \'into\' => \'90_user_answer\',
   \'last_insert_id_names\' => 
  array (
  ),
   \'row\' => 0,
   \'col_values_bulk\' => 
  array (
  ),
   \'bind_values_bulk\' => 
  array (
  ),
   \'col_order\' => 
  array (
  ),
   \'col_values\' => 
  array (
    \'`user_id`\' => \':user_id\',
    \'`notice_id`\' => \':notice_id\',
    \'`time`\' => \':time\',
    \'`title`\' => \':title\',
    \'`content`\' => \':content\',
  ),
   \'returning\' => 
  array (
  ),
   \'bind_values\' => 
  array (
    \'user_id\' => \'2016052506121936879\',
    \'notice_id\' => \'2016052506121911047\',
    \'time\' => 1464127939,
    \'title\' => \'\',
    \'content\' => \'这是你的第一枚金币，just keep it.\',
  ),
   \'where\' => 
  array (
  ),
   \'order_by\' => 
  array (
  ),
   \'limit\' => 0,
   \'offset\' => 0,
   \'flags\' => 
  array (
  ),
   \'quoter\' => 
  Aura\\SqlQuery\\Quoter::__set_state(array(
     \'quote_name_prefix\' => \'`\',
     \'quote_name_suffix\' => \'`\',
  )),
   \'seq_bind_prefix\' => \'_40\',
))',
      ),
      'class' => 'dao\\BaseDao',
      'type' => '->',
    ),
    2 => 
    array (
      'file' => '/root/apps/90server/Application/apps/dao/BaseDao.php',
      'line' => 44,
      'function' => 'sendNotice',
      'args' => 
      array (
      ),
      'class' => 'dao\\user\\Info',
      'type' => '->',
    ),
    3 => 
    array (
      'file' => '/root/apps/90server/Application/apps/ctrl/Login.php',
      'line' => 190,
      'function' => 'run',
      'args' => 
      array (
        0 => '\'sendNotice\'',
        1 => '\'这是你的第一枚金币，just keep it.\'',
        2 => '\'\'',
        3 => '1464127939',
        4 => '\'2016052506121936879\'',
      ),
      'class' => 'dao\\BaseDao',
      'type' => '->',
    ),
    4 => 
    array (
      'file' => '/root/apps/90server/ZPHP/Core/Route.php',
      'line' => 33,
      'function' => 'register',
      'args' => 
      array (
      ),
      'class' => 'ctrl\\Login',
      'type' => '->',
    ),
    5 => 
    array (
      'file' => '/root/apps/90server/Application/apps/socket/HttpServer.php',
      'line' => 53,
      'function' => 'route',
      'args' => 
      array (
      ),
      'class' => 'ZPHP\\Core\\Route',
      'type' => '::',
    ),
    6 => 
    array (
      'file' => 'null',
      'line' => 'null',
      'function' => 'onRequest',
      'args' => 
      array (
        0 => 'swoole_http_request::__set_state(array(
   \'fd\' => 3438,
   \'header\' => 
  array (
    \'host\' => \'101.201.39.169:8992\',
    \'content-type\' => \'application/x-www-form-urlencoded\',
    \'connection\' => \'keep-alive\',
    \'accept\' => \'*/*\',
    \'user-agent\' => \'NineZeroProject/1.0 (iPhone; iOS 9.3; Scale/2.00)\',
    \'accept-language\' => \'zh-Hans-CN;q=1\',
    \'accept-encoding\' => \'gzip, deflate\',
    \'content-length\' => \'174\',
  ),
   \'server\' => 
  array (
    \'request_method\' => \'POST\',
    \'request_uri\' => \'/Login/register/\',
    \'path_info\' => \'/Login/register/\',
    \'request_time\' => 1464127939,
    \'request_time_float\' => 1464127939.6536651,
    \'server_port\' => 8992,
    \'remote_port\' => 35118,
    \'remote_addr\' => \'125.39.145.3\',
    \'server_protocol\' => \'HTTP/1.1\',
    \'server_software\' => \'swoole-http-server\',
  ),
   \'post\' => 
  array (
    \'code\' => \'3997\',
    \'user_area_id\' => \'010\',
    \'user_avatar\' => \'\',
    \'user_email\' => \'null\',
    \'user_mobile\' => \'18362973537\',
    \'user_name\' => \'Frank\',
    \'user_password\' => \'9ea9464e4a92aa2fcadc2c7944fd4e9e48abdcb31f67efccc8e490b9db9f00eb\',
  ),
))',
        1 => 'swoole_http_response::__set_state(array(
   \'fd\' => 3438,
))',
      ),
      'class' => 'socket\\HttpServer',
      'type' => '->',
    ),
    7 => 
    array (
      'file' => '/root/apps/90server/ZPHP/Socket/Adapter/Swoole.php',
      'line' => 134,
      'function' => 'start',
      'args' => 
      array (
      ),
      'class' => 'swoole_http_server',
      'type' => '->',
    ),
    8 => 
    array (
      'file' => '/root/apps/90server/ZPHP/Server/Adapter/Socket.php',
      'line' => 31,
      'function' => 'run',
      'args' => 
      array (
      ),
      'class' => 'ZPHP\\Socket\\Adapter\\Swoole',
      'type' => '->',
    ),
    9 => 
    array (
      'file' => '/root/apps/90server/ZPHP/ZPHP.php',
      'line' => 189,
      'function' => 'run',
      'args' => 
      array (
      ),
      'class' => 'ZPHP\\Server\\Adapter\\Socket',
      'type' => '->',
    ),
    10 => 
    array (
      'file' => '/root/apps/90server/Application/webroot/main.php',
      'line' => 7,
      'function' => 'run',
      'args' => 
      array (
        0 => '\'/root/apps/90server/Application\'',
      ),
      'class' => 'ZPHP\\ZPHP',
      'type' => '::',
    ),
  ),
)
2016-05-25 07:55:15
array (
  'className' => 'Exception',
  'message' => 'SQLSTATE[42S22]: Column not found: 1054 Unknown column \'notice_id\' in \'field list\'',
  'code' => '42S22',
  'file' => '/root/apps/90server/Application/apps/dao/BaseDao.php',
  'line' => 67,
  'userAgent' => '',
  'trace' => 
  array (
    0 => 
    array (
      'file' => '/root/apps/90server/Application/apps/dao/BaseDao.php',
      'line' => 67,
      'function' => 'execute',
      'args' => 
      array (
        0 => 'array (
  \'user_id\' => \'2016052507551546747\',
  \'notice_id\' => \'2016052507551587725\',
  \'time\' => 1464134115,
  \'title\' => \'\',
  \'content\' => \'这是你的第一枚金币，just keep it.\',
)',
      ),
      'class' => 'PDOStatement',
      'type' => '->',
    ),
    1 => 
    array (
      'file' => '/root/apps/90server/Application/apps/dao/user/Info.php',
      'line' => 423,
      'function' => 'execute',
      'args' => 
      array (
        0 => 'Aura\\SqlQuery\\Mysql\\Insert::__set_state(array(
   \'col_on_update_values\' => NULL,
   \'into\' => \'90_user_answer\',
   \'last_insert_id_names\' => 
  array (
  ),
   \'row\' => 0,
   \'col_values_bulk\' => 
  array (
  ),
   \'bind_values_bulk\' => 
  array (
  ),
   \'col_order\' => 
  array (
  ),
   \'col_values\' => 
  array (
    \'`user_id`\' => \':user_id\',
    \'`notice_id`\' => \':notice_id\',
    \'`time`\' => \':time\',
    \'`title`\' => \':title\',
    \'`content`\' => \':content\',
  ),
   \'returning\' => 
  array (
  ),
   \'bind_values\' => 
  array (
    \'user_id\' => \'2016052507551546747\',
    \'notice_id\' => \'2016052507551587725\',
    \'time\' => 1464134115,
    \'title\' => \'\',
    \'content\' => \'这是你的第一枚金币，just keep it.\',
  ),
   \'where\' => 
  array (
  ),
   \'order_by\' => 
  array (
  ),
   \'limit\' => 0,
   \'offset\' => 0,
   \'flags\' => 
  array (
  ),
   \'quoter\' => 
  Aura\\SqlQuery\\Quoter::__set_state(array(
     \'quote_name_prefix\' => \'`\',
     \'quote_name_suffix\' => \'`\',
  )),
   \'seq_bind_prefix\' => \'_41\',
))',
      ),
      'class' => 'dao\\BaseDao',
      'type' => '->',
    ),
    2 => 
    array (
      'file' => '/root/apps/90server/Application/apps/dao/BaseDao.php',
      'line' => 44,
      'function' => 'sendNotice',
      'args' => 
      array (
      ),
      'class' => 'dao\\user\\Info',
      'type' => '->',
    ),
    3 => 
    array (
      'file' => '/root/apps/90server/Application/apps/ctrl/Login.php',
      'line' => 107,
      'function' => 'run',
      'args' => 
      array (
        0 => '\'sendNotice\'',
        1 => '\'这是你的第一枚金币，just keep it.\'',
        2 => '\'\'',
        3 => '1464134115',
        4 => '\'2016052507551546747\'',
      ),
      'class' => 'dao\\BaseDao',
      'type' => '->',
    ),
    4 => 
    array (
      'file' => '/root/apps/90server/ZPHP/Core/Route.php',
      'line' => 33,
      'function' => 'login_third',
      'args' => 
      array (
      ),
      'class' => 'ctrl\\Login',
      'type' => '->',
    ),
    5 => 
    array (
      'file' => '/root/apps/90server/Application/apps/socket/HttpServer.php',
      'line' => 53,
      'function' => 'route',
      'args' => 
      array (
      ),
      'class' => 'ZPHP\\Core\\Route',
      'type' => '::',
    ),
    6 => 
    array (
      'file' => 'null',
      'line' => 'null',
      'function' => 'onRequest',
      'args' => 
      array (
        0 => 'swoole_http_request::__set_state(array(
   \'fd\' => 3462,
   \'header\' => 
  array (
    \'host\' => \'101.201.39.169:8992\',
    \'content-type\' => \'application/x-www-form-urlencoded\',
    \'connection\' => \'keep-alive\',
    \'accept\' => \'*/*\',
    \'user-agent\' => \'NineZeroProject/1.0 (iPhone; iOS 9.3; Scale/2.00)\',
    \'accept-language\' => \'zh-Hans-CN;q=1\',
    \'accept-encoding\' => \'gzip, deflate\',
    \'content-length\' => \'215\',
  ),
   \'server\' => 
  array (
    \'request_method\' => \'POST\',
    \'request_uri\' => \'/Login/login_third\',
    \'path_info\' => \'/Login/login_third\',
    \'request_time\' => 1464134115,
    \'request_time_float\' => 1464134115.630223,
    \'server_port\' => 8992,
    \'remote_port\' => 16328,
    \'remote_addr\' => \'125.39.145.3\',
    \'server_protocol\' => \'HTTP/1.1\',
    \'server_software\' => \'swoole-http-server\',
  ),
   \'post\' => 
  array (
    \'third_id\' => \'orNcGwgkvUTBkO4I6url5OXWXbSY\',
    \'user_area_id\' => \'010\',
    \'user_avatar\' => \'http://wx.qlogo.cn/mmopen/ial7iaeW0NNkGibpwXjTft7PwOdCRUJczOapw4w2PPXFQhxyzXYicQkIOuI8yaMjLQEjU2LELKNiaplZp0c7PC4vYzVYWQldia59Un/0\',
    \'user_name\' => \'Frank\',
  ),
))',
        1 => 'swoole_http_response::__set_state(array(
   \'fd\' => 3462,
))',
      ),
      'class' => 'socket\\HttpServer',
      'type' => '->',
    ),
    7 => 
    array (
      'file' => '/root/apps/90server/ZPHP/Socket/Adapter/Swoole.php',
      'line' => 134,
      'function' => 'start',
      'args' => 
      array (
      ),
      'class' => 'swoole_http_server',
      'type' => '->',
    ),
    8 => 
    array (
      'file' => '/root/apps/90server/ZPHP/Server/Adapter/Socket.php',
      'line' => 31,
      'function' => 'run',
      'args' => 
      array (
      ),
      'class' => 'ZPHP\\Socket\\Adapter\\Swoole',
      'type' => '->',
    ),
    9 => 
    array (
      'file' => '/root/apps/90server/ZPHP/ZPHP.php',
      'line' => 189,
      'function' => 'run',
      'args' => 
      array (
      ),
      'class' => 'ZPHP\\Server\\Adapter\\Socket',
      'type' => '->',
    ),
    10 => 
    array (
      'file' => '/root/apps/90server/Application/webroot/main.php',
      'line' => 7,
      'function' => 'run',
      'args' => 
      array (
        0 => '\'/root/apps/90server/Application\'',
      ),
      'class' => 'ZPHP\\ZPHP',
      'type' => '::',
    ),
  ),
)
2016-05-25 12:21:43
array (
  'className' => 'Exception',
  'message' => 'SQLSTATE[42S22]: Column not found: 1054 Unknown column \'notice_id\' in \'field list\'',
  'code' => '42S22',
  'file' => '/root/apps/90server/Application/apps/dao/BaseDao.php',
  'line' => 67,
  'userAgent' => '',
  'trace' => 
  array (
    0 => 
    array (
      'file' => '/root/apps/90server/Application/apps/dao/BaseDao.php',
      'line' => 67,
      'function' => 'execute',
      'args' => 
      array (
        0 => 'array (
  \'user_id\' => \'2016052512214368773\',
  \'notice_id\' => \'2016052512214345031\',
  \'time\' => 1464150103,
  \'title\' => \'\',
  \'content\' => \'这是你的第一枚金币，just keep it.\',
)',
      ),
      'class' => 'PDOStatement',
      'type' => '->',
    ),
    1 => 
    array (
      'file' => '/root/apps/90server/Application/apps/dao/user/Info.php',
      'line' => 423,
      'function' => 'execute',
      'args' => 
      array (
        0 => 'Aura\\SqlQuery\\Mysql\\Insert::__set_state(array(
   \'col_on_update_values\' => NULL,
   \'into\' => \'90_user_answer\',
   \'last_insert_id_names\' => 
  array (
  ),
   \'row\' => 0,
   \'col_values_bulk\' => 
  array (
  ),
   \'bind_values_bulk\' => 
  array (
  ),
   \'col_order\' => 
  array (
  ),
   \'col_values\' => 
  array (
    \'`user_id`\' => \':user_id\',
    \'`notice_id`\' => \':notice_id\',
    \'`time`\' => \':time\',
    \'`title`\' => \':title\',
    \'`content`\' => \':content\',
  ),
   \'returning\' => 
  array (
  ),
   \'bind_values\' => 
  array (
    \'user_id\' => \'2016052512214368773\',
    \'notice_id\' => \'2016052512214345031\',
    \'time\' => 1464150103,
    \'title\' => \'\',
    \'content\' => \'这是你的第一枚金币，just keep it.\',
  ),
   \'where\' => 
  array (
  ),
   \'order_by\' => 
  array (
  ),
   \'limit\' => 0,
   \'offset\' => 0,
   \'flags\' => 
  array (
  ),
   \'quoter\' => 
  Aura\\SqlQuery\\Quoter::__set_state(array(
     \'quote_name_prefix\' => \'`\',
     \'quote_name_suffix\' => \'`\',
  )),
   \'seq_bind_prefix\' => \'_42\',
))',
      ),
      'class' => 'dao\\BaseDao',
      'type' => '->',
    ),
    2 => 
    array (
      'file' => '/root/apps/90server/Application/apps/dao/BaseDao.php',
      'line' => 44,
      'function' => 'sendNotice',
      'args' => 
      array (
      ),
      'class' => 'dao\\user\\Info',
      'type' => '->',
    ),
    3 => 
    array (
      'file' => '/root/apps/90server/Application/apps/ctrl/Login.php',
      'line' => 190,
      'function' => 'run',
      'args' => 
      array (
        0 => '\'sendNotice\'',
        1 => '\'这是你的第一枚金币，just keep it.\'',
        2 => '\'\'',
        3 => '1464150103',
        4 => '\'2016052512214368773\'',
      ),
      'class' => 'dao\\BaseDao',
      'type' => '->',
    ),
    4 => 
    array (
      'file' => '/root/apps/90server/ZPHP/Core/Route.php',
      'line' => 33,
      'function' => 'register',
      'args' => 
      array (
      ),
      'class' => 'ctrl\\Login',
      'type' => '->',
    ),
    5 => 
    array (
      'file' => '/root/apps/90server/Application/apps/socket/HttpServer.php',
      'line' => 53,
      'function' => 'route',
      'args' => 
      array (
      ),
      'class' => 'ZPHP\\Core\\Route',
      'type' => '::',
    ),
    6 => 
    array (
      'file' => 'null',
      'line' => 'null',
      'function' => 'onRequest',
      'args' => 
      array (
        0 => 'swoole_http_request::__set_state(array(
   \'fd\' => 3614,
   \'header\' => 
  array (
    \'host\' => \'101.201.39.169:8992\',
    \'content-type\' => \'application/x-www-form-urlencoded\',
    \'connection\' => \'keep-alive\',
    \'accept\' => \'*/*\',
    \'user-agent\' => \'NineZeroProject/1.0 (iPhone; iOS 9.3.2; Scale/2.00)\',
    \'accept-language\' => \'en-GB;q=1, zh-Hans-GB;q=0.9, fr-GB;q=0.8, de-GB;q=0.7, es-GB;q=0.6\',
    \'accept-encoding\' => \'gzip, deflate\',
    \'content-length\' => \'214\',
  ),
   \'server\' => 
  array (
    \'request_method\' => \'POST\',
    \'request_uri\' => \'/Login/register/\',
    \'path_info\' => \'/Login/register/\',
    \'request_time\' => 1464150103,
    \'request_time_float\' => 1464150103.7180419,
    \'server_port\' => 8992,
    \'remote_port\' => 16583,
    \'remote_addr\' => \'111.205.157.61\',
    \'server_protocol\' => \'HTTP/1.1\',
    \'server_software\' => \'swoole-http-server\',
  ),
   \'post\' => 
  array (
    \'code\' => \'8402\',
    \'user_area_id\' => \'010\',
    \'user_avatar\' => \'\',
    \'user_email\' => \'null\',
    \'user_mobile\' => \'18612620746\',
    \'user_name\' => \'哈哈哈哈爽\',
    \'user_password\' => \'56829e23f56fa9d4cf84c00aae81dca3f666cdccde3bedc420a6fc9ec3463dd7\',
  ),
))',
        1 => 'swoole_http_response::__set_state(array(
   \'fd\' => 3614,
))',
      ),
      'class' => 'socket\\HttpServer',
      'type' => '->',
    ),
    7 => 
    array (
      'file' => '/root/apps/90server/ZPHP/Socket/Adapter/Swoole.php',
      'line' => 134,
      'function' => 'start',
      'args' => 
      array (
      ),
      'class' => 'swoole_http_server',
      'type' => '->',
    ),
    8 => 
    array (
      'file' => '/root/apps/90server/ZPHP/Server/Adapter/Socket.php',
      'line' => 31,
      'function' => 'run',
      'args' => 
      array (
      ),
      'class' => 'ZPHP\\Socket\\Adapter\\Swoole',
      'type' => '->',
    ),
    9 => 
    array (
      'file' => '/root/apps/90server/ZPHP/ZPHP.php',
      'line' => 189,
      'function' => 'run',
      'args' => 
      array (
      ),
      'class' => 'ZPHP\\Server\\Adapter\\Socket',
      'type' => '->',
    ),
    10 => 
    array (
      'file' => '/root/apps/90server/Application/webroot/main.php',
      'line' => 7,
      'function' => 'run',
      'args' => 
      array (
        0 => '\'/root/apps/90server/Application\'',
      ),
      'class' => 'ZPHP\\ZPHP',
      'type' => '::',
    ),
  ),
)
2016-05-25 12:45:08
array (
  'className' => 'Exception',
  'message' => 'SQLSTATE[42S22]: Column not found: 1054 Unknown column \'notice_id\' in \'field list\'',
  'code' => '42S22',
  'file' => '/root/apps/90server/Application/apps/dao/BaseDao.php',
  'line' => 67,
  'userAgent' => '',
  'trace' => 
  array (
    0 => 
    array (
      'file' => '/root/apps/90server/Application/apps/dao/BaseDao.php',
      'line' => 67,
      'function' => 'execute',
      'args' => 
      array (
        0 => 'array (
  \'user_id\' => \'2016052512450804642\',
  \'notice_id\' => \'2016052512450881816\',
  \'time\' => 1464151508,
  \'title\' => \'\',
  \'content\' => \'这是你的第一枚金币，just keep it.\',
)',
      ),
      'class' => 'PDOStatement',
      'type' => '->',
    ),
    1 => 
    array (
      'file' => '/root/apps/90server/Application/apps/dao/user/Info.php',
      'line' => 423,
      'function' => 'execute',
      'args' => 
      array (
        0 => 'Aura\\SqlQuery\\Mysql\\Insert::__set_state(array(
   \'col_on_update_values\' => NULL,
   \'into\' => \'90_user_answer\',
   \'last_insert_id_names\' => 
  array (
  ),
   \'row\' => 0,
   \'col_values_bulk\' => 
  array (
  ),
   \'bind_values_bulk\' => 
  array (
  ),
   \'col_order\' => 
  array (
  ),
   \'col_values\' => 
  array (
    \'`user_id`\' => \':user_id\',
    \'`notice_id`\' => \':notice_id\',
    \'`time`\' => \':time\',
    \'`title`\' => \':title\',
    \'`content`\' => \':content\',
  ),
   \'returning\' => 
  array (
  ),
   \'bind_values\' => 
  array (
    \'user_id\' => \'2016052512450804642\',
    \'notice_id\' => \'2016052512450881816\',
    \'time\' => 1464151508,
    \'title\' => \'\',
    \'content\' => \'这是你的第一枚金币，just keep it.\',
  ),
   \'where\' => 
  array (
  ),
   \'order_by\' => 
  array (
  ),
   \'limit\' => 0,
   \'offset\' => 0,
   \'flags\' => 
  array (
  ),
   \'quoter\' => 
  Aura\\SqlQuery\\Quoter::__set_state(array(
     \'quote_name_prefix\' => \'`\',
     \'quote_name_suffix\' => \'`\',
  )),
   \'seq_bind_prefix\' => \'_14\',
))',
      ),
      'class' => 'dao\\BaseDao',
      'type' => '->',
    ),
    2 => 
    array (
      'file' => '/root/apps/90server/Application/apps/dao/BaseDao.php',
      'line' => 44,
      'function' => 'sendNotice',
      'args' => 
      array (
      ),
      'class' => 'dao\\user\\Info',
      'type' => '->',
    ),
    3 => 
    array (
      'file' => '/root/apps/90server/Application/apps/ctrl/Login.php',
      'line' => 107,
      'function' => 'run',
      'args' => 
      array (
        0 => '\'sendNotice\'',
        1 => '\'这是你的第一枚金币，just keep it.\'',
        2 => '\'\'',
        3 => '1464151508',
        4 => '\'2016052512450804642\'',
      ),
      'class' => 'dao\\BaseDao',
      'type' => '->',
    ),
    4 => 
    array (
      'file' => '/root/apps/90server/ZPHP/Core/Route.php',
      'line' => 33,
      'function' => 'login_third',
      'args' => 
      array (
      ),
      'class' => 'ctrl\\Login',
      'type' => '->',
    ),
    5 => 
    array (
      'file' => '/root/apps/90server/Application/apps/socket/HttpServer.php',
      'line' => 53,
      'function' => 'route',
      'args' => 
      array (
      ),
      'class' => 'ZPHP\\Core\\Route',
      'type' => '::',
    ),
    6 => 
    array (
      'file' => 'null',
      'line' => 'null',
      'function' => 'onRequest',
      'args' => 
      array (
        0 => 'swoole_http_request::__set_state(array(
   \'fd\' => 3625,
   \'header\' => 
  array (
    \'host\' => \'101.201.39.169:8992\',
    \'content-type\' => \'application/x-www-form-urlencoded\',
    \'connection\' => \'keep-alive\',
    \'accept\' => \'*/*\',
    \'user-agent\' => \'NineZeroProject/1.0 (iPhone; iOS 9.3.1; Scale/3.00)\',
    \'accept-language\' => \'zh-Hans;q=1, zh-Hans-CN;q=0.9, ja-JP;q=0.8\',
    \'accept-encoding\' => \'gzip, deflate\',
    \'content-length\' => \'228\',
  ),
   \'server\' => 
  array (
    \'request_method\' => \'POST\',
    \'request_uri\' => \'/Login/login_third\',
    \'path_info\' => \'/Login/login_third\',
    \'request_time\' => 1464151507,
    \'request_time_float\' => 1464151508.302002,
    \'server_port\' => 8992,
    \'remote_port\' => 64042,
    \'remote_addr\' => \'106.37.179.179\',
    \'server_protocol\' => \'HTTP/1.1\',
    \'server_software\' => \'swoole-http-server\',
  ),
   \'post\' => 
  array (
    \'third_id\' => \'orNcGwgkkh7S5GofBg2N3UqQfIYw\',
    \'user_area_id\' => \'010\',
    \'user_avatar\' => \'http://wx.qlogo.cn/mmopen/icgOdsRiaq7A9L3agbDtEXlhrX7ZZE8wT3HYwhg0qpca0Q4dj5XE7decSvG8NaGJ19Tyrd8HiagLNjn9pGGnPOCj4JmiaUgia1PibS/0\',
    \'user_name\' => \'二丫\',
  ),
))',
        1 => 'swoole_http_response::__set_state(array(
   \'fd\' => 3625,
))',
      ),
      'class' => 'socket\\HttpServer',
      'type' => '->',
    ),
    7 => 
    array (
      'file' => '/root/apps/90server/ZPHP/Socket/Adapter/Swoole.php',
      'line' => 134,
      'function' => 'start',
      'args' => 
      array (
      ),
      'class' => 'swoole_http_server',
      'type' => '->',
    ),
    8 => 
    array (
      'file' => '/root/apps/90server/ZPHP/Server/Adapter/Socket.php',
      'line' => 31,
      'function' => 'run',
      'args' => 
      array (
      ),
      'class' => 'ZPHP\\Socket\\Adapter\\Swoole',
      'type' => '->',
    ),
    9 => 
    array (
      'file' => '/root/apps/90server/ZPHP/ZPHP.php',
      'line' => 189,
      'function' => 'run',
      'args' => 
      array (
      ),
      'class' => 'ZPHP\\Server\\Adapter\\Socket',
      'type' => '->',
    ),
    10 => 
    array (
      'file' => '/root/apps/90server/Application/webroot/main.php',
      'line' => 7,
      'function' => 'run',
      'args' => 
      array (
        0 => '\'/root/apps/90server/Application\'',
      ),
      'class' => 'ZPHP\\ZPHP',
      'type' => '::',
    ),
  ),
)
2016-05-25 18:03:05
array (
  'className' => 'Exception',
  'message' => 'SQLSTATE[42S22]: Column not found: 1054 Unknown column \'notice_id\' in \'field list\'',
  'code' => '42S22',
  'file' => '/root/apps/90server/Application/apps/dao/BaseDao.php',
  'line' => 67,
  'userAgent' => '',
  'trace' => 
  array (
    0 => 
    array (
      'file' => '/root/apps/90server/Application/apps/dao/BaseDao.php',
      'line' => 67,
      'function' => 'execute',
      'args' => 
      array (
        0 => 'array (
  \'user_id\' => \'2016052518030592029\',
  \'notice_id\' => \'2016052518030518382\',
  \'time\' => 1464170585,
  \'title\' => \'\',
  \'content\' => \'这是你的第一枚金币，just keep it.\',
)',
      ),
      'class' => 'PDOStatement',
      'type' => '->',
    ),
    1 => 
    array (
      'file' => '/root/apps/90server/Application/apps/dao/user/Info.php',
      'line' => 423,
      'function' => 'execute',
      'args' => 
      array (
        0 => 'Aura\\SqlQuery\\Mysql\\Insert::__set_state(array(
   \'col_on_update_values\' => NULL,
   \'into\' => \'90_user_answer\',
   \'last_insert_id_names\' => 
  array (
  ),
   \'row\' => 0,
   \'col_values_bulk\' => 
  array (
  ),
   \'bind_values_bulk\' => 
  array (
  ),
   \'col_order\' => 
  array (
  ),
   \'col_values\' => 
  array (
    \'`user_id`\' => \':user_id\',
    \'`notice_id`\' => \':notice_id\',
    \'`time`\' => \':time\',
    \'`title`\' => \':title\',
    \'`content`\' => \':content\',
  ),
   \'returning\' => 
  array (
  ),
   \'bind_values\' => 
  array (
    \'user_id\' => \'2016052518030592029\',
    \'notice_id\' => \'2016052518030518382\',
    \'time\' => 1464170585,
    \'title\' => \'\',
    \'content\' => \'这是你的第一枚金币，just keep it.\',
  ),
   \'where\' => 
  array (
  ),
   \'order_by\' => 
  array (
  ),
   \'limit\' => 0,
   \'offset\' => 0,
   \'flags\' => 
  array (
  ),
   \'quoter\' => 
  Aura\\SqlQuery\\Quoter::__set_state(array(
     \'quote_name_prefix\' => \'`\',
     \'quote_name_suffix\' => \'`\',
  )),
   \'seq_bind_prefix\' => \'_13\',
))',
      ),
      'class' => 'dao\\BaseDao',
      'type' => '->',
    ),
    2 => 
    array (
      'file' => '/root/apps/90server/Application/apps/dao/BaseDao.php',
      'line' => 44,
      'function' => 'sendNotice',
      'args' => 
      array (
      ),
      'class' => 'dao\\user\\Info',
      'type' => '->',
    ),
    3 => 
    array (
      'file' => '/root/apps/90server/Application/apps/ctrl/Login.php',
      'line' => 107,
      'function' => 'run',
      'args' => 
      array (
        0 => '\'sendNotice\'',
        1 => '\'这是你的第一枚金币，just keep it.\'',
        2 => '\'\'',
        3 => '1464170585',
        4 => '\'2016052518030592029\'',
      ),
      'class' => 'dao\\BaseDao',
      'type' => '->',
    ),
    4 => 
    array (
      'file' => '/root/apps/90server/ZPHP/Core/Route.php',
      'line' => 33,
      'function' => 'login_third',
      'args' => 
      array (
      ),
      'class' => 'ctrl\\Login',
      'type' => '->',
    ),
    5 => 
    array (
      'file' => '/root/apps/90server/Application/apps/socket/HttpServer.php',
      'line' => 53,
      'function' => 'route',
      'args' => 
      array (
      ),
      'class' => 'ZPHP\\Core\\Route',
      'type' => '::',
    ),
    6 => 
    array (
      'file' => 'null',
      'line' => 'null',
      'function' => 'onRequest',
      'args' => 
      array (
        0 => 'swoole_http_request::__set_state(array(
   \'fd\' => 4103,
   \'header\' => 
  array (
    \'host\' => \'101.201.39.169:8992\',
    \'content-type\' => \'application/x-www-form-urlencoded\',
    \'connection\' => \'keep-alive\',
    \'accept\' => \'*/*\',
    \'user-agent\' => \'NineZeroProject/1.0 (iPhone; iOS 9.3.2; Scale/2.00)\',
    \'accept-language\' => \'zh-Hans-CN;q=1, en-CN;q=0.9, bg-BG;q=0.8, et-EE;q=0.7\',
    \'accept-encoding\' => \'gzip, deflate\',
    \'content-length\' => \'226\',
  ),
   \'server\' => 
  array (
    \'request_method\' => \'POST\',
    \'request_uri\' => \'/Login/login_third\',
    \'path_info\' => \'/Login/login_third\',
    \'request_time\' => 1464170585,
    \'request_time_float\' => 1464170585.380512,
    \'server_port\' => 8992,
    \'remote_port\' => 13851,
    \'remote_addr\' => \'106.39.119.70\',
    \'server_protocol\' => \'HTTP/1.1\',
    \'server_software\' => \'swoole-http-server\',
  ),
   \'post\' => 
  array (
    \'third_id\' => \'orNcGwvX1qPfTOZ_ctKrU0R7rgvM\',
    \'user_area_id\' => \'010\',
    \'user_avatar\' => \'http://wx.qlogo.cn/mmopen/ial7iaeW0NNkEZljWLow6kR5gTC15BVpTrJQlkRZT0UO8IAVGEoFZe4xtPJSMsY9k7TA1FibBI3ZrOLGy2icYQd8Wvxgzt2tJkHb/0\',
    \'user_name\' => \'大饼\',
  ),
))',
        1 => 'swoole_http_response::__set_state(array(
   \'fd\' => 4103,
))',
      ),
      'class' => 'socket\\HttpServer',
      'type' => '->',
    ),
    7 => 
    array (
      'file' => '/root/apps/90server/ZPHP/Socket/Adapter/Swoole.php',
      'line' => 134,
      'function' => 'start',
      'args' => 
      array (
      ),
      'class' => 'swoole_http_server',
      'type' => '->',
    ),
    8 => 
    array (
      'file' => '/root/apps/90server/ZPHP/Server/Adapter/Socket.php',
      'line' => 31,
      'function' => 'run',
      'args' => 
      array (
      ),
      'class' => 'ZPHP\\Socket\\Adapter\\Swoole',
      'type' => '->',
    ),
    9 => 
    array (
      'file' => '/root/apps/90server/ZPHP/ZPHP.php',
      'line' => 189,
      'function' => 'run',
      'args' => 
      array (
      ),
      'class' => 'ZPHP\\Server\\Adapter\\Socket',
      'type' => '->',
    ),
    10 => 
    array (
      'file' => '/root/apps/90server/Application/webroot/main.php',
      'line' => 7,
      'function' => 'run',
      'args' => 
      array (
        0 => '\'/root/apps/90server/Application\'',
      ),
      'class' => 'ZPHP\\ZPHP',
      'type' => '::',
    ),
  ),
)
2016-05-25 22:10:37
array (
  'className' => 'Exception',
  'message' => 'SQLSTATE[42S22]: Column not found: 1054 Unknown column \'notice_id\' in \'field list\'',
  'code' => '42S22',
  'file' => '/root/apps/90server/Application/apps/dao/BaseDao.php',
  'line' => 67,
  'userAgent' => '',
  'trace' => 
  array (
    0 => 
    array (
      'file' => '/root/apps/90server/Application/apps/dao/BaseDao.php',
      'line' => 67,
      'function' => 'execute',
      'args' => 
      array (
        0 => 'array (
  \'user_id\' => \'2016052522103780876\',
  \'notice_id\' => \'2016052522103727390\',
  \'time\' => 1464185437,
  \'title\' => \'\',
  \'content\' => \'这是你的第一枚金币，just keep it.\',
)',
      ),
      'class' => 'PDOStatement',
      'type' => '->',
    ),
    1 => 
    array (
      'file' => '/root/apps/90server/Application/apps/dao/user/Info.php',
      'line' => 423,
      'function' => 'execute',
      'args' => 
      array (
        0 => 'Aura\\SqlQuery\\Mysql\\Insert::__set_state(array(
   \'col_on_update_values\' => NULL,
   \'into\' => \'90_user_answer\',
   \'last_insert_id_names\' => 
  array (
  ),
   \'row\' => 0,
   \'col_values_bulk\' => 
  array (
  ),
   \'bind_values_bulk\' => 
  array (
  ),
   \'col_order\' => 
  array (
  ),
   \'col_values\' => 
  array (
    \'`user_id`\' => \':user_id\',
    \'`notice_id`\' => \':notice_id\',
    \'`time`\' => \':time\',
    \'`title`\' => \':title\',
    \'`content`\' => \':content\',
  ),
   \'returning\' => 
  array (
  ),
   \'bind_values\' => 
  array (
    \'user_id\' => \'2016052522103780876\',
    \'notice_id\' => \'2016052522103727390\',
    \'time\' => 1464185437,
    \'title\' => \'\',
    \'content\' => \'这是你的第一枚金币，just keep it.\',
  ),
   \'where\' => 
  array (
  ),
   \'order_by\' => 
  array (
  ),
   \'limit\' => 0,
   \'offset\' => 0,
   \'flags\' => 
  array (
  ),
   \'quoter\' => 
  Aura\\SqlQuery\\Quoter::__set_state(array(
     \'quote_name_prefix\' => \'`\',
     \'quote_name_suffix\' => \'`\',
  )),
   \'seq_bind_prefix\' => \'_15\',
))',
      ),
      'class' => 'dao\\BaseDao',
      'type' => '->',
    ),
    2 => 
    array (
      'file' => '/root/apps/90server/Application/apps/dao/BaseDao.php',
      'line' => 44,
      'function' => 'sendNotice',
      'args' => 
      array (
      ),
      'class' => 'dao\\user\\Info',
      'type' => '->',
    ),
    3 => 
    array (
      'file' => '/root/apps/90server/Application/apps/ctrl/Login.php',
      'line' => 190,
      'function' => 'run',
      'args' => 
      array (
        0 => '\'sendNotice\'',
        1 => '\'这是你的第一枚金币，just keep it.\'',
        2 => '\'\'',
        3 => '1464185437',
        4 => '\'2016052522103780876\'',
      ),
      'class' => 'dao\\BaseDao',
      'type' => '->',
    ),
    4 => 
    array (
      'file' => '/root/apps/90server/ZPHP/Core/Route.php',
      'line' => 33,
      'function' => 'register',
      'args' => 
      array (
      ),
      'class' => 'ctrl\\Login',
      'type' => '->',
    ),
    5 => 
    array (
      'file' => '/root/apps/90server/Application/apps/socket/HttpServer.php',
      'line' => 53,
      'function' => 'route',
      'args' => 
      array (
      ),
      'class' => 'ZPHP\\Core\\Route',
      'type' => '::',
    ),
    6 => 
    array (
      'file' => 'null',
      'line' => 'null',
      'function' => 'onRequest',
      'args' => 
      array (
        0 => 'swoole_http_request::__set_state(array(
   \'fd\' => 4393,
   \'header\' => 
  array (
    \'host\' => \'101.201.39.169:8992\',
    \'content-type\' => \'application/x-www-form-urlencoded\',
    \'connection\' => \'keep-alive\',
    \'accept\' => \'*/*\',
    \'user-agent\' => \'NineZeroProject/1.0 (iPhone; iOS 9.3.2; Scale/2.00)\',
    \'accept-language\' => \'en-CN;q=1, zh-Hans-CN;q=0.9\',
    \'accept-encoding\' => \'gzip, deflate\',
    \'content-length\' => \'173\',
  ),
   \'server\' => 
  array (
    \'request_method\' => \'POST\',
    \'request_uri\' => \'/Login/register/\',
    \'path_info\' => \'/Login/register/\',
    \'request_time\' => 1464185436,
    \'request_time_float\' => 1464185437.074841,
    \'server_port\' => 8992,
    \'remote_port\' => 53250,
    \'remote_addr\' => \'123.120.252.147\',
    \'server_protocol\' => \'HTTP/1.1\',
    \'server_software\' => \'swoole-http-server\',
  ),
   \'post\' => 
  array (
    \'code\' => \'3252\',
    \'user_area_id\' => \'010\',
    \'user_avatar\' => \'\',
    \'user_email\' => \'null\',
    \'user_mobile\' => \'18513276491\',
    \'user_name\' => \'mama\',
    \'user_password\' => \'8765771221882a7769d10ce891d35f04432b6273ca77b30fc09c01ab4483ba2c\',
  ),
))',
        1 => 'swoole_http_response::__set_state(array(
   \'fd\' => 4393,
))',
      ),
      'class' => 'socket\\HttpServer',
      'type' => '->',
    ),
    7 => 
    array (
      'file' => '/root/apps/90server/ZPHP/Socket/Adapter/Swoole.php',
      'line' => 134,
      'function' => 'start',
      'args' => 
      array (
      ),
      'class' => 'swoole_http_server',
      'type' => '->',
    ),
    8 => 
    array (
      'file' => '/root/apps/90server/ZPHP/Server/Adapter/Socket.php',
      'line' => 31,
      'function' => 'run',
      'args' => 
      array (
      ),
      'class' => 'ZPHP\\Socket\\Adapter\\Swoole',
      'type' => '->',
    ),
    9 => 
    array (
      'file' => '/root/apps/90server/ZPHP/ZPHP.php',
      'line' => 189,
      'function' => 'run',
      'args' => 
      array (
      ),
      'class' => 'ZPHP\\Server\\Adapter\\Socket',
      'type' => '->',
    ),
    10 => 
    array (
      'file' => '/root/apps/90server/Application/webroot/main.php',
      'line' => 7,
      'function' => 'run',
      'args' => 
      array (
        0 => '\'/root/apps/90server/Application\'',
      ),
      'class' => 'ZPHP\\ZPHP',
      'type' => '::',
    ),
  ),
)
