2016-05-26 01:26:27
array (
  'className' => 'Exception',
  'message' => 'SQLSTATE[42S22]: Column not found: 1054 Unknown column \'notice_id\' in \'field list\'',
  'code' => '42S22',
  'file' => '/root/apps/90server/Application/apps/dao/BaseDao.php',
  'line' => 67,
  'userAgent' => '',
  'trace' => 
  array (
    0 => 
    array (
      'file' => '/root/apps/90server/Application/apps/dao/BaseDao.php',
      'line' => 67,
      'function' => 'execute',
      'args' => 
      array (
        0 => 'array (
  \'user_id\' => \'2016052601262738661\',
  \'notice_id\' => \'2016052601262712304\',
  \'time\' => 1464197187,
  \'title\' => \'\',
  \'content\' => \'这是你的第一枚金币，just keep it.\',
)',
      ),
      'class' => 'PDOStatement',
      'type' => '->',
    ),
    1 => 
    array (
      'file' => '/root/apps/90server/Application/apps/dao/user/Info.php',
      'line' => 423,
      'function' => 'execute',
      'args' => 
      array (
        0 => 'Aura\\SqlQuery\\Mysql\\Insert::__set_state(array(
   \'col_on_update_values\' => NULL,
   \'into\' => \'90_user_answer\',
   \'last_insert_id_names\' => 
  array (
  ),
   \'row\' => 0,
   \'col_values_bulk\' => 
  array (
  ),
   \'bind_values_bulk\' => 
  array (
  ),
   \'col_order\' => 
  array (
  ),
   \'col_values\' => 
  array (
    \'`user_id`\' => \':user_id\',
    \'`notice_id`\' => \':notice_id\',
    \'`time`\' => \':time\',
    \'`title`\' => \':title\',
    \'`content`\' => \':content\',
  ),
   \'returning\' => 
  array (
  ),
   \'bind_values\' => 
  array (
    \'user_id\' => \'2016052601262738661\',
    \'notice_id\' => \'2016052601262712304\',
    \'time\' => 1464197187,
    \'title\' => \'\',
    \'content\' => \'这是你的第一枚金币，just keep it.\',
  ),
   \'where\' => 
  array (
  ),
   \'order_by\' => 
  array (
  ),
   \'limit\' => 0,
   \'offset\' => 0,
   \'flags\' => 
  array (
  ),
   \'quoter\' => 
  Aura\\SqlQuery\\Quoter::__set_state(array(
     \'quote_name_prefix\' => \'`\',
     \'quote_name_suffix\' => \'`\',
  )),
   \'seq_bind_prefix\' => \'_14\',
))',
      ),
      'class' => 'dao\\BaseDao',
      'type' => '->',
    ),
    2 => 
    array (
      'file' => '/root/apps/90server/Application/apps/dao/BaseDao.php',
      'line' => 44,
      'function' => 'sendNotice',
      'args' => 
      array (
      ),
      'class' => 'dao\\user\\Info',
      'type' => '->',
    ),
    3 => 
    array (
      'file' => '/root/apps/90server/Application/apps/ctrl/Login.php',
      'line' => 107,
      'function' => 'run',
      'args' => 
      array (
        0 => '\'sendNotice\'',
        1 => '\'这是你的第一枚金币，just keep it.\'',
        2 => '\'\'',
        3 => '1464197187',
        4 => '\'2016052601262738661\'',
      ),
      'class' => 'dao\\BaseDao',
      'type' => '->',
    ),
    4 => 
    array (
      'file' => '/root/apps/90server/ZPHP/Core/Route.php',
      'line' => 33,
      'function' => 'login_third',
      'args' => 
      array (
      ),
      'class' => 'ctrl\\Login',
      'type' => '->',
    ),
    5 => 
    array (
      'file' => '/root/apps/90server/Application/apps/socket/HttpServer.php',
      'line' => 53,
      'function' => 'route',
      'args' => 
      array (
      ),
      'class' => 'ZPHP\\Core\\Route',
      'type' => '::',
    ),
    6 => 
    array (
      'file' => 'null',
      'line' => 'null',
      'function' => 'onRequest',
      'args' => 
      array (
        0 => 'swoole_http_request::__set_state(array(
   \'fd\' => 5281,
   \'header\' => 
  array (
    \'host\' => \'101.201.39.169:8992\',
    \'content-type\' => \'application/x-www-form-urlencoded\',
    \'connection\' => \'keep-alive\',
    \'accept\' => \'*/*\',
    \'user-agent\' => \'NineZeroProject/1.0 (iPhone; iOS 9.2; Scale/2.00)\',
    \'accept-language\' => \'zh-Hans-GB;q=1, en-GB;q=0.9\',
    \'accept-encoding\' => \'gzip, deflate\',
    \'content-length\' => \'250\',
  ),
   \'server\' => 
  array (
    \'request_method\' => \'POST\',
    \'request_uri\' => \'/Login/login_third\',
    \'path_info\' => \'/Login/login_third\',
    \'request_time\' => 1464197187,
    \'request_time_float\' => 1464197187.1340411,
    \'server_port\' => 8992,
    \'remote_port\' => 61877,
    \'remote_addr\' => \'180.173.91.168\',
    \'server_protocol\' => \'HTTP/1.1\',
    \'server_software\' => \'swoole-http-server\',
  ),
   \'post\' => 
  array (
    \'third_id\' => \'orNcGwnO_TCkZ_bFDg8avOUh2xL0\',
    \'user_area_id\' => \'010\',
    \'user_avatar\' => \'http://wx.qlogo.cn/mmopen/ial7iaeW0NNkG5FZZibBtvN1SDKLCia2a85AtM8NJCtsM4X4OLlZYv48BoRNQCCiapibKlWs3ZLo09J30TUNPdMCEtbvHV2KwA97PP/0\',
    \'user_name\' => \'发烧小孩Miya\',
  ),
))',
        1 => 'swoole_http_response::__set_state(array(
   \'fd\' => 5281,
))',
      ),
      'class' => 'socket\\HttpServer',
      'type' => '->',
    ),
    7 => 
    array (
      'file' => '/root/apps/90server/ZPHP/Socket/Adapter/Swoole.php',
      'line' => 134,
      'function' => 'start',
      'args' => 
      array (
      ),
      'class' => 'swoole_http_server',
      'type' => '->',
    ),
    8 => 
    array (
      'file' => '/root/apps/90server/ZPHP/Server/Adapter/Socket.php',
      'line' => 31,
      'function' => 'run',
      'args' => 
      array (
      ),
      'class' => 'ZPHP\\Socket\\Adapter\\Swoole',
      'type' => '->',
    ),
    9 => 
    array (
      'file' => '/root/apps/90server/ZPHP/ZPHP.php',
      'line' => 189,
      'function' => 'run',
      'args' => 
      array (
      ),
      'class' => 'ZPHP\\Server\\Adapter\\Socket',
      'type' => '->',
    ),
    10 => 
    array (
      'file' => '/root/apps/90server/Application/webroot/main.php',
      'line' => 7,
      'function' => 'run',
      'args' => 
      array (
        0 => '\'/root/apps/90server/Application\'',
      ),
      'class' => 'ZPHP\\ZPHP',
      'type' => '::',
    ),
  ),
)
2016-05-26 18:48:12
array (
  'className' => 'Exception',
  'message' => 'SQLSTATE[42S22]: Column not found: 1054 Unknown column \'notice_id\' in \'field list\'',
  'code' => '42S22',
  'file' => '/root/apps/90server/Application/apps/dao/BaseDao.php',
  'line' => 67,
  'userAgent' => '',
  'trace' => 
  array (
    0 => 
    array (
      'file' => '/root/apps/90server/Application/apps/dao/BaseDao.php',
      'line' => 67,
      'function' => 'execute',
      'args' => 
      array (
        0 => 'array (
  \'user_id\' => \'2016052618481273584\',
  \'notice_id\' => \'2016052618481282076\',
  \'time\' => 1464259692,
  \'title\' => \'\',
  \'content\' => \'这是你的第一枚金币，just keep it.\',
)',
      ),
      'class' => 'PDOStatement',
      'type' => '->',
    ),
    1 => 
    array (
      'file' => '/root/apps/90server/Application/apps/dao/user/Info.php',
      'line' => 423,
      'function' => 'execute',
      'args' => 
      array (
        0 => 'Aura\\SqlQuery\\Mysql\\Insert::__set_state(array(
   \'col_on_update_values\' => NULL,
   \'into\' => \'90_user_answer\',
   \'last_insert_id_names\' => 
  array (
  ),
   \'row\' => 0,
   \'col_values_bulk\' => 
  array (
  ),
   \'bind_values_bulk\' => 
  array (
  ),
   \'col_order\' => 
  array (
  ),
   \'col_values\' => 
  array (
    \'`user_id`\' => \':user_id\',
    \'`notice_id`\' => \':notice_id\',
    \'`time`\' => \':time\',
    \'`title`\' => \':title\',
    \'`content`\' => \':content\',
  ),
   \'returning\' => 
  array (
  ),
   \'bind_values\' => 
  array (
    \'user_id\' => \'2016052618481273584\',
    \'notice_id\' => \'2016052618481282076\',
    \'time\' => 1464259692,
    \'title\' => \'\',
    \'content\' => \'这是你的第一枚金币，just keep it.\',
  ),
   \'where\' => 
  array (
  ),
   \'order_by\' => 
  array (
  ),
   \'limit\' => 0,
   \'offset\' => 0,
   \'flags\' => 
  array (
  ),
   \'quoter\' => 
  Aura\\SqlQuery\\Quoter::__set_state(array(
     \'quote_name_prefix\' => \'`\',
     \'quote_name_suffix\' => \'`\',
  )),
   \'seq_bind_prefix\' => \'\',
))',
      ),
      'class' => 'dao\\BaseDao',
      'type' => '->',
    ),
    2 => 
    array (
      'file' => '/root/apps/90server/Application/apps/dao/BaseDao.php',
      'line' => 44,
      'function' => 'sendNotice',
      'args' => 
      array (
      ),
      'class' => 'dao\\user\\Info',
      'type' => '->',
    ),
    3 => 
    array (
      'file' => '/root/apps/90server/Application/apps/ctrl/Login.php',
      'line' => 190,
      'function' => 'run',
      'args' => 
      array (
        0 => '\'sendNotice\'',
        1 => '\'这是你的第一枚金币，just keep it.\'',
        2 => '\'\'',
        3 => '1464259692',
        4 => '\'2016052618481273584\'',
      ),
      'class' => 'dao\\BaseDao',
      'type' => '->',
    ),
    4 => 
    array (
      'file' => '/root/apps/90server/ZPHP/Core/Route.php',
      'line' => 33,
      'function' => 'register',
      'args' => 
      array (
      ),
      'class' => 'ctrl\\Login',
      'type' => '->',
    ),
    5 => 
    array (
      'file' => '/root/apps/90server/Application/apps/socket/HttpServer.php',
      'line' => 53,
      'function' => 'route',
      'args' => 
      array (
      ),
      'class' => 'ZPHP\\Core\\Route',
      'type' => '::',
    ),
    6 => 
    array (
      'file' => 'null',
      'line' => 'null',
      'function' => 'onRequest',
      'args' => 
      array (
        0 => 'swoole_http_request::__set_state(array(
   \'fd\' => 6327,
   \'header\' => 
  array (
    \'host\' => \'101.201.39.169:8992\',
    \'content-type\' => \'application/x-www-form-urlencoded\',
    \'connection\' => \'keep-alive\',
    \'accept\' => \'*/*\',
    \'user-agent\' => \'NineZeroProject/1.0 (iPhone; iOS 9.3.2; Scale/2.00)\',
    \'accept-language\' => \'zh-Hans-CN;q=1\',
    \'accept-encoding\' => \'gzip, deflate\',
    \'content-length\' => \'171\',
  ),
   \'server\' => 
  array (
    \'request_method\' => \'POST\',
    \'request_uri\' => \'/Login/register/\',
    \'path_info\' => \'/Login/register/\',
    \'request_time\' => 1464259692,
    \'request_time_float\' => 1464259692.97349,
    \'server_port\' => 8992,
    \'remote_port\' => 56978,
    \'remote_addr\' => \'123.120.252.147\',
    \'server_protocol\' => \'HTTP/1.1\',
    \'server_software\' => \'swoole-http-server\',
  ),
   \'post\' => 
  array (
    \'code\' => \'9846\',
    \'user_area_id\' => \'010\',
    \'user_avatar\' => \'\',
    \'user_email\' => \'null\',
    \'user_mobile\' => \'13811250150\',
    \'user_name\' => \'21\',
    \'user_password\' => \'7cd502ca63d284d622dbf66e405bd239d11bbb309802934ed9a7db0b37989b3c\',
  ),
))',
        1 => 'swoole_http_response::__set_state(array(
   \'fd\' => 6327,
))',
      ),
      'class' => 'socket\\HttpServer',
      'type' => '->',
    ),
    7 => 
    array (
      'file' => '/root/apps/90server/ZPHP/Socket/Adapter/Swoole.php',
      'line' => 134,
      'function' => 'start',
      'args' => 
      array (
      ),
      'class' => 'swoole_http_server',
      'type' => '->',
    ),
    8 => 
    array (
      'file' => '/root/apps/90server/ZPHP/Server/Adapter/Socket.php',
      'line' => 31,
      'function' => 'run',
      'args' => 
      array (
      ),
      'class' => 'ZPHP\\Socket\\Adapter\\Swoole',
      'type' => '->',
    ),
    9 => 
    array (
      'file' => '/root/apps/90server/ZPHP/ZPHP.php',
      'line' => 189,
      'function' => 'run',
      'args' => 
      array (
      ),
      'class' => 'ZPHP\\Server\\Adapter\\Socket',
      'type' => '->',
    ),
    10 => 
    array (
      'file' => '/root/apps/90server/Application/webroot/main.php',
      'line' => 7,
      'function' => 'run',
      'args' => 
      array (
        0 => '\'/root/apps/90server/Application\'',
      ),
      'class' => 'ZPHP\\ZPHP',
      'type' => '::',
    ),
  ),
)
