2016-04-27 16:29:39
array (
  'className' => 'Exception',
  'message' => 'SQLSTATE[42S02]: Base table or view not found: 1146 Table \'90game.90_question_8\' doesn\'t exist',
  'code' => '42S02',
  'file' => '/root/apps/90server/Application/apps/dao/BaseDao.php',
  'line' => 67,
  'userAgent' => '',
  'trace' => 
  array (
    0 => 
    array (
      'file' => '/root/apps/90server/Application/apps/dao/BaseDao.php',
      'line' => 67,
      'function' => 'execute',
      'args' => 
      array (
        0 => 'array (
  \'_180_1_\' => \'2016042217460792344\',
)',
      ),
      'class' => 'PDOStatement',
      'type' => '->',
    ),
    1 => 
    array (
      'file' => '/root/apps/90server/Application/apps/dao/question/Question.php',
      'line' => 102,
      'function' => 'execute',
      'args' => 
      array (
        0 => 'Aura\\SqlQuery\\Mysql\\Select::__set_state(array(
   \'union\' => 
  array (
  ),
   \'for_update\' => false,
   \'cols\' => 
  array (
    0 => \'*\',
    1 => \'(select count(user_id) from 90_user_answer where user_id = 2016042716034810636 and 90_user_answer.qid = 90_question_8.qid ) as is_answer\',
  ),
   \'from\' => 
  array (
    0 => 
    array (
      0 => \'`90_question_8`\',
    ),
  ),
   \'from_key\' => 0,
   \'group_by\' => 
  array (
  ),
   \'having\' => 
  array (
  ),
   \'page\' => 0,
   \'paging\' => 10,
   \'table_refs\' => 
  array (
    \'90_question_8\' => \'FROM 90_question_8\',
  ),
   \'bind_values\' => 
  array (
    \'_180_1_\' => \'2016042217460792344\',
  ),
   \'where\' => 
  array (
    0 => \'qid = :_180_1_\',
  ),
   \'order_by\' => 
  array (
    0 => \'serial desc\',
  ),
   \'limit\' => 0,
   \'offset\' => 0,
   \'flags\' => 
  array (
  ),
   \'quoter\' => 
  Aura\\SqlQuery\\Quoter::__set_state(array(
     \'quote_name_prefix\' => \'`\',
     \'quote_name_suffix\' => \'`\',
  )),
   \'seq_bind_prefix\' => \'_180\',
))',
      ),
      'class' => 'dao\\BaseDao',
      'type' => '->',
    ),
    2 => 
    array (
      'file' => '/root/apps/90server/Application/apps/dao/BaseDao.php',
      'line' => 44,
      'function' => 'getDetail',
      'args' => 
      array (
      ),
      'class' => 'dao\\question\\Question',
      'type' => '->',
    ),
    3 => 
    array (
      'file' => '/root/apps/90server/Application/apps/ctrl/Question.php',
      'line' => 128,
      'function' => 'run',
      'args' => 
      array (
        0 => '\'getDetail\'',
        1 => '\'2016042217460792344\'',
        2 => '\'8\'',
        3 => '\'2016042716034810636\'',
      ),
      'class' => 'dao\\BaseDao',
      'type' => '->',
    ),
    4 => 
    array (
      'file' => '/root/apps/90server/ZPHP/Core/Route.php',
      'line' => 33,
      'function' => 'detail',
      'args' => 
      array (
      ),
      'class' => 'ctrl\\Question',
      'type' => '->',
    ),
    5 => 
    array (
      'file' => '/root/apps/90server/Application/apps/socket/HttpServer.php',
      'line' => 53,
      'function' => 'route',
      'args' => 
      array (
      ),
      'class' => 'ZPHP\\Core\\Route',
      'type' => '::',
    ),
    6 => 
    array (
      'file' => 'null',
      'line' => 'null',
      'function' => 'onRequest',
      'args' => 
      array (
        0 => 'swoole_http_request::__set_state(array(
   \'fd\' => 1171,
   \'header\' => 
  array (
    \'host\' => \'101.201.39.169:8992\',
    \'content-type\' => \'application/x-www-form-urlencoded\',
    \'accept\' => \'*/*\',
    \'connection\' => \'keep-alive\',
    \'user-agent\' => \'NineZeroProject/1.0 (iPhone; iOS 9.3.1; Scale/2.00)\',
    \'accept-language\' => \'en-CN;q=1, zh-Hans-CN;q=0.9\',
    \'accept-encoding\' => \'gzip, deflate\',
    \'content-length\' => \'69\',
  ),
   \'server\' => 
  array (
    \'request_method\' => \'POST\',
    \'request_uri\' => \'/Question/detail\',
    \'path_info\' => \'/Question/detail\',
    \'request_time\' => 1461745779,
    \'request_time_float\' => 1461745779.570792,
    \'server_port\' => 8992,
    \'remote_port\' => 61775,
    \'remote_addr\' => \'123.120.240.153\',
    \'server_protocol\' => \'HTTP/1.1\',
    \'server_software\' => \'swoole-http-server\',
  ),
   \'cookie\' => 
  array (
    \'PHPSESSID\' => \'pchc0sadjisd40sglokieuu6e3\',
  ),
   \'post\' => 
  array (
    \'area_id\' => \'8\',
    \'question_id\' => \'2016042217460792344\',
    \'user_id\' => \'2016042716034810636\',
  ),
))',
        1 => 'swoole_http_response::__set_state(array(
   \'fd\' => 1171,
))',
      ),
      'class' => 'socket\\HttpServer',
      'type' => '->',
    ),
    7 => 
    array (
      'file' => '/root/apps/90server/ZPHP/Socket/Adapter/Swoole.php',
      'line' => 134,
      'function' => 'start',
      'args' => 
      array (
      ),
      'class' => 'swoole_http_server',
      'type' => '->',
    ),
    8 => 
    array (
      'file' => '/root/apps/90server/ZPHP/Server/Adapter/Socket.php',
      'line' => 31,
      'function' => 'run',
      'args' => 
      array (
      ),
      'class' => 'ZPHP\\Socket\\Adapter\\Swoole',
      'type' => '->',
    ),
    9 => 
    array (
      'file' => '/root/apps/90server/ZPHP/ZPHP.php',
      'line' => 189,
      'function' => 'run',
      'args' => 
      array (
      ),
      'class' => 'ZPHP\\Server\\Adapter\\Socket',
      'type' => '->',
    ),
    10 => 
    array (
      'file' => '/root/apps/90server/Application/webroot/main.php',
      'line' => 7,
      'function' => 'run',
      'args' => 
      array (
        0 => '\'/root/apps/90server/Application\'',
      ),
      'class' => 'ZPHP\\ZPHP',
      'type' => '::',
    ),
  ),
)
2016-04-27 17:29:05
array (
  'className' => 'Exception',
  'message' => 'SQLSTATE[42S02]: Base table or view not found: 1146 Table \'90game.90_question_8\' doesn\'t exist',
  'code' => '42S02',
  'file' => '/root/apps/90server/Application/apps/dao/BaseDao.php',
  'line' => 67,
  'userAgent' => '',
  'trace' => 
  array (
    0 => 
    array (
      'file' => '/root/apps/90server/Application/apps/dao/BaseDao.php',
      'line' => 67,
      'function' => 'execute',
      'args' => 
      array (
        0 => 'array (
  \'_603_1_\' => \'2016042217460792344\',
)',
      ),
      'class' => 'PDOStatement',
      'type' => '->',
    ),
    1 => 
    array (
      'file' => '/root/apps/90server/Application/apps/dao/question/Question.php',
      'line' => 102,
      'function' => 'execute',
      'args' => 
      array (
        0 => 'Aura\\SqlQuery\\Mysql\\Select::__set_state(array(
   \'union\' => 
  array (
  ),
   \'for_update\' => false,
   \'cols\' => 
  array (
    0 => \'*\',
    1 => \'(select count(user_id) from 90_user_answer where user_id = 2016042716503067149 and 90_user_answer.qid = 90_question_8.qid ) as is_answer\',
  ),
   \'from\' => 
  array (
    0 => 
    array (
      0 => \'`90_question_8`\',
    ),
  ),
   \'from_key\' => 0,
   \'group_by\' => 
  array (
  ),
   \'having\' => 
  array (
  ),
   \'page\' => 0,
   \'paging\' => 10,
   \'table_refs\' => 
  array (
    \'90_question_8\' => \'FROM 90_question_8\',
  ),
   \'bind_values\' => 
  array (
    \'_603_1_\' => \'2016042217460792344\',
  ),
   \'where\' => 
  array (
    0 => \'qid = :_603_1_\',
  ),
   \'order_by\' => 
  array (
    0 => \'serial desc\',
  ),
   \'limit\' => 0,
   \'offset\' => 0,
   \'flags\' => 
  array (
  ),
   \'quoter\' => 
  Aura\\SqlQuery\\Quoter::__set_state(array(
     \'quote_name_prefix\' => \'`\',
     \'quote_name_suffix\' => \'`\',
  )),
   \'seq_bind_prefix\' => \'_603\',
))',
      ),
      'class' => 'dao\\BaseDao',
      'type' => '->',
    ),
    2 => 
    array (
      'file' => '/root/apps/90server/Application/apps/dao/BaseDao.php',
      'line' => 44,
      'function' => 'getDetail',
      'args' => 
      array (
      ),
      'class' => 'dao\\question\\Question',
      'type' => '->',
    ),
    3 => 
    array (
      'file' => '/root/apps/90server/Application/apps/ctrl/Question.php',
      'line' => 128,
      'function' => 'run',
      'args' => 
      array (
        0 => '\'getDetail\'',
        1 => '\'2016042217460792344\'',
        2 => '\'8\'',
        3 => '\'2016042716503067149\'',
      ),
      'class' => 'dao\\BaseDao',
      'type' => '->',
    ),
    4 => 
    array (
      'file' => '/root/apps/90server/ZPHP/Core/Route.php',
      'line' => 33,
      'function' => 'detail',
      'args' => 
      array (
      ),
      'class' => 'ctrl\\Question',
      'type' => '->',
    ),
    5 => 
    array (
      'file' => '/root/apps/90server/Application/apps/socket/HttpServer.php',
      'line' => 53,
      'function' => 'route',
      'args' => 
      array (
      ),
      'class' => 'ZPHP\\Core\\Route',
      'type' => '::',
    ),
    6 => 
    array (
      'file' => 'null',
      'line' => 'null',
      'function' => 'onRequest',
      'args' => 
      array (
        0 => 'swoole_http_request::__set_state(array(
   \'fd\' => 1391,
   \'header\' => 
  array (
    \'host\' => \'101.201.39.169:8992\',
    \'content-type\' => \'application/x-www-form-urlencoded\',
    \'connection\' => \'keep-alive\',
    \'accept\' => \'*/*\',
    \'user-agent\' => \'NineZeroProject/1.0 (iPhone; iOS 9.3.1; Scale/2.00)\',
    \'accept-language\' => \'en-CN;q=1, zh-Hans-CN;q=0.9\',
    \'accept-encoding\' => \'gzip, deflate\',
    \'content-length\' => \'69\',
  ),
   \'server\' => 
  array (
    \'request_method\' => \'POST\',
    \'request_uri\' => \'/Question/detail\',
    \'path_info\' => \'/Question/detail\',
    \'request_time\' => 1461749345,
    \'request_time_float\' => 1461749345.6432691,
    \'server_port\' => 8992,
    \'remote_port\' => 62687,
    \'remote_addr\' => \'123.120.240.153\',
    \'server_protocol\' => \'HTTP/1.1\',
    \'server_software\' => \'swoole-http-server\',
  ),
   \'post\' => 
  array (
    \'area_id\' => \'8\',
    \'question_id\' => \'2016042217460792344\',
    \'user_id\' => \'2016042716503067149\',
  ),
))',
        1 => 'swoole_http_response::__set_state(array(
   \'fd\' => 1391,
))',
      ),
      'class' => 'socket\\HttpServer',
      'type' => '->',
    ),
    7 => 
    array (
      'file' => '/root/apps/90server/ZPHP/Socket/Adapter/Swoole.php',
      'line' => 134,
      'function' => 'start',
      'args' => 
      array (
      ),
      'class' => 'swoole_http_server',
      'type' => '->',
    ),
    8 => 
    array (
      'file' => '/root/apps/90server/ZPHP/Server/Adapter/Socket.php',
      'line' => 31,
      'function' => 'run',
      'args' => 
      array (
      ),
      'class' => 'ZPHP\\Socket\\Adapter\\Swoole',
      'type' => '->',
    ),
    9 => 
    array (
      'file' => '/root/apps/90server/ZPHP/ZPHP.php',
      'line' => 189,
      'function' => 'run',
      'args' => 
      array (
      ),
      'class' => 'ZPHP\\Server\\Adapter\\Socket',
      'type' => '->',
    ),
    10 => 
    array (
      'file' => '/root/apps/90server/Application/webroot/main.php',
      'line' => 7,
      'function' => 'run',
      'args' => 
      array (
        0 => '\'/root/apps/90server/Application\'',
      ),
      'class' => 'ZPHP\\ZPHP',
      'type' => '::',
    ),
  ),
)
2016-04-27 21:08:32
array (
  'className' => 'Exception',
  'message' => 'SQLSTATE[42S02]: Base table or view not found: 1146 Table \'90game.90_question_1\' doesn\'t exist',
  'code' => '42S02',
  'file' => '/root/apps/90server/Application/apps/dao/BaseDao.php',
  'line' => 67,
  'userAgent' => '',
  'trace' => 
  array (
    0 => 
    array (
      'file' => '/root/apps/90server/Application/apps/dao/BaseDao.php',
      'line' => 67,
      'function' => 'execute',
      'args' => 
      array (
        0 => 'array (
  \'_2132_1_\' => \'2016042721081774329\',
)',
      ),
      'class' => 'PDOStatement',
      'type' => '->',
    ),
    1 => 
    array (
      'file' => '/root/apps/90server/Application/apps/dao/user/Info.php',
      'line' => 150,
      'function' => 'execute',
      'args' => 
      array (
        0 => 'Aura\\SqlQuery\\Mysql\\Select::__set_state(array(
   \'union\' => 
  array (
  ),
   \'for_update\' => false,
   \'cols\' => 
  array (
    0 => \'*\',
  ),
   \'from\' => 
  array (
    0 => 
    array (
      0 => \'`90_user_answer`\',
      1 => \'NATURAL JOIN `90_question_1`\',
    ),
  ),
   \'from_key\' => 0,
   \'group_by\' => 
  array (
  ),
   \'having\' => 
  array (
  ),
   \'page\' => 0,
   \'paging\' => 10,
   \'table_refs\' => 
  array (
    \'90_user_answer\' => \'FROM 90_user_answer\',
    \'90_question_1\' => \'NATURAL JOIN 90_question_1\',
  ),
   \'bind_values\' => 
  array (
    \'_2132_1_\' => \'2016042721081774329\',
  ),
   \'where\' => 
  array (
    0 => \'user_id = :_2132_1_\',
  ),
   \'order_by\' => 
  array (
  ),
   \'limit\' => 0,
   \'offset\' => 0,
   \'flags\' => 
  array (
  ),
   \'quoter\' => 
  Aura\\SqlQuery\\Quoter::__set_state(array(
     \'quote_name_prefix\' => \'`\',
     \'quote_name_suffix\' => \'`\',
  )),
   \'seq_bind_prefix\' => \'_2132\',
))',
      ),
      'class' => 'dao\\BaseDao',
      'type' => '->',
    ),
    2 => 
    array (
      'file' => '/root/apps/90server/Application/apps/dao/BaseDao.php',
      'line' => 44,
      'function' => 'getUserInfo',
      'args' => 
      array (
      ),
      'class' => 'dao\\user\\Info',
      'type' => '->',
    ),
    3 => 
    array (
      'file' => '/root/apps/90server/Application/apps/ctrl/User.php',
      'line' => 37,
      'function' => 'run',
      'args' => 
      array (
        0 => '\'getUserInfo\'',
        1 => '\'2016042721081774329\'',
      ),
      'class' => 'dao\\BaseDao',
      'type' => '->',
    ),
    4 => 
    array (
      'file' => '/root/apps/90server/ZPHP/Core/Route.php',
      'line' => 33,
      'function' => 'getUserInfo',
      'args' => 
      array (
      ),
      'class' => 'ctrl\\User',
      'type' => '->',
    ),
    5 => 
    array (
      'file' => '/root/apps/90server/Application/apps/socket/HttpServer.php',
      'line' => 53,
      'function' => 'route',
      'args' => 
      array (
      ),
      'class' => 'ZPHP\\Core\\Route',
      'type' => '::',
    ),
    6 => 
    array (
      'file' => 'null',
      'line' => 'null',
      'function' => 'onRequest',
      'args' => 
      array (
        0 => 'swoole_http_request::__set_state(array(
   \'fd\' => 2103,
   \'header\' => 
  array (
    \'content-length\' => \'27\',
    \'content-type\' => \'application/x-www-form-urlencoded\',
    \'host\' => \'101.201.39.169:8992\',
    \'connection\' => \'Keep-Alive\',
    \'user-agent\' => \'Apache-HttpClient/UNAVAILABLE (java 1.4)\',
  ),
   \'server\' => 
  array (
    \'request_method\' => \'POST\',
    \'request_uri\' => \'/User/getUserInfo\',
    \'path_info\' => \'/User/getUserInfo\',
    \'request_time\' => 1461762512,
    \'request_time_float\' => 1461762512.492085,
    \'server_port\' => 8992,
    \'remote_port\' => 2626,
    \'remote_addr\' => \'39.153.92.64\',
    \'server_protocol\' => \'HTTP/1.1\',
    \'server_software\' => \'swoole-http-server\',
  ),
   \'post\' => 
  array (
    \'user_id\' => \'2016042721081774329\',
  ),
))',
        1 => 'swoole_http_response::__set_state(array(
   \'fd\' => 2103,
))',
      ),
      'class' => 'socket\\HttpServer',
      'type' => '->',
    ),
    7 => 
    array (
      'file' => '/root/apps/90server/ZPHP/Socket/Adapter/Swoole.php',
      'line' => 134,
      'function' => 'start',
      'args' => 
      array (
      ),
      'class' => 'swoole_http_server',
      'type' => '->',
    ),
    8 => 
    array (
      'file' => '/root/apps/90server/ZPHP/Server/Adapter/Socket.php',
      'line' => 31,
      'function' => 'run',
      'args' => 
      array (
      ),
      'class' => 'ZPHP\\Socket\\Adapter\\Swoole',
      'type' => '->',
    ),
    9 => 
    array (
      'file' => '/root/apps/90server/ZPHP/ZPHP.php',
      'line' => 189,
      'function' => 'run',
      'args' => 
      array (
      ),
      'class' => 'ZPHP\\Server\\Adapter\\Socket',
      'type' => '->',
    ),
    10 => 
    array (
      'file' => '/root/apps/90server/Application/webroot/main.php',
      'line' => 7,
      'function' => 'run',
      'args' => 
      array (
        0 => '\'/root/apps/90server/Application\'',
      ),
      'class' => 'ZPHP\\ZPHP',
      'type' => '::',
    ),
  ),
)
2016-04-27 21:09:49
array (
  'className' => 'Exception',
  'message' => 'SQLSTATE[42S02]: Base table or view not found: 1146 Table \'90game.90_question_1\' doesn\'t exist',
  'code' => '42S02',
  'file' => '/root/apps/90server/Application/apps/dao/BaseDao.php',
  'line' => 67,
  'userAgent' => '',
  'trace' => 
  array (
    0 => 
    array (
      'file' => '/root/apps/90server/Application/apps/dao/BaseDao.php',
      'line' => 67,
      'function' => 'execute',
      'args' => 
      array (
        0 => 'array (
  \'_63_1_\' => \'2016042721081774329\',
)',
      ),
      'class' => 'PDOStatement',
      'type' => '->',
    ),
    1 => 
    array (
      'file' => '/root/apps/90server/Application/apps/dao/user/Info.php',
      'line' => 150,
      'function' => 'execute',
      'args' => 
      array (
        0 => 'Aura\\SqlQuery\\Mysql\\Select::__set_state(array(
   \'union\' => 
  array (
  ),
   \'for_update\' => false,
   \'cols\' => 
  array (
    0 => \'*\',
  ),
   \'from\' => 
  array (
    0 => 
    array (
      0 => \'`90_user_answer`\',
      1 => \'NATURAL JOIN `90_question_1`\',
    ),
  ),
   \'from_key\' => 0,
   \'group_by\' => 
  array (
  ),
   \'having\' => 
  array (
  ),
   \'page\' => 0,
   \'paging\' => 10,
   \'table_refs\' => 
  array (
    \'90_user_answer\' => \'FROM 90_user_answer\',
    \'90_question_1\' => \'NATURAL JOIN 90_question_1\',
  ),
   \'bind_values\' => 
  array (
    \'_63_1_\' => \'2016042721081774329\',
  ),
   \'where\' => 
  array (
    0 => \'user_id = :_63_1_\',
  ),
   \'order_by\' => 
  array (
  ),
   \'limit\' => 0,
   \'offset\' => 0,
   \'flags\' => 
  array (
  ),
   \'quoter\' => 
  Aura\\SqlQuery\\Quoter::__set_state(array(
     \'quote_name_prefix\' => \'`\',
     \'quote_name_suffix\' => \'`\',
  )),
   \'seq_bind_prefix\' => \'_63\',
))',
      ),
      'class' => 'dao\\BaseDao',
      'type' => '->',
    ),
    2 => 
    array (
      'file' => '/root/apps/90server/Application/apps/dao/BaseDao.php',
      'line' => 44,
      'function' => 'getUserInfo',
      'args' => 
      array (
      ),
      'class' => 'dao\\user\\Info',
      'type' => '->',
    ),
    3 => 
    array (
      'file' => '/root/apps/90server/Application/apps/ctrl/User.php',
      'line' => 37,
      'function' => 'run',
      'args' => 
      array (
        0 => '\'getUserInfo\'',
        1 => '\'2016042721081774329\'',
      ),
      'class' => 'dao\\BaseDao',
      'type' => '->',
    ),
    4 => 
    array (
      'file' => '/root/apps/90server/ZPHP/Core/Route.php',
      'line' => 33,
      'function' => 'getUserInfo',
      'args' => 
      array (
      ),
      'class' => 'ctrl\\User',
      'type' => '->',
    ),
    5 => 
    array (
      'file' => '/root/apps/90server/Application/apps/socket/HttpServer.php',
      'line' => 53,
      'function' => 'route',
      'args' => 
      array (
      ),
      'class' => 'ZPHP\\Core\\Route',
      'type' => '::',
    ),
    6 => 
    array (
      'file' => 'null',
      'line' => 'null',
      'function' => 'onRequest',
      'args' => 
      array (
        0 => 'swoole_http_request::__set_state(array(
   \'fd\' => 2111,
   \'header\' => 
  array (
    \'content-length\' => \'27\',
    \'content-type\' => \'application/x-www-form-urlencoded\',
    \'host\' => \'101.201.39.169:8992\',
    \'connection\' => \'Keep-Alive\',
    \'user-agent\' => \'Apache-HttpClient/UNAVAILABLE (java 1.4)\',
  ),
   \'server\' => 
  array (
    \'request_method\' => \'POST\',
    \'request_uri\' => \'/User/getUserInfo\',
    \'path_info\' => \'/User/getUserInfo\',
    \'request_time\' => 1461762589,
    \'request_time_float\' => 1461762589.1976559,
    \'server_port\' => 8992,
    \'remote_port\' => 2653,
    \'remote_addr\' => \'39.153.92.64\',
    \'server_protocol\' => \'HTTP/1.1\',
    \'server_software\' => \'swoole-http-server\',
  ),
   \'post\' => 
  array (
    \'user_id\' => \'2016042721081774329\',
  ),
))',
        1 => 'swoole_http_response::__set_state(array(
   \'fd\' => 2111,
))',
      ),
      'class' => 'socket\\HttpServer',
      'type' => '->',
    ),
    7 => 
    array (
      'file' => '/root/apps/90server/ZPHP/Socket/Adapter/Swoole.php',
      'line' => 134,
      'function' => 'start',
      'args' => 
      array (
      ),
      'class' => 'swoole_http_server',
      'type' => '->',
    ),
    8 => 
    array (
      'file' => '/root/apps/90server/ZPHP/Server/Adapter/Socket.php',
      'line' => 31,
      'function' => 'run',
      'args' => 
      array (
      ),
      'class' => 'ZPHP\\Socket\\Adapter\\Swoole',
      'type' => '->',
    ),
    9 => 
    array (
      'file' => '/root/apps/90server/ZPHP/ZPHP.php',
      'line' => 189,
      'function' => 'run',
      'args' => 
      array (
      ),
      'class' => 'ZPHP\\Server\\Adapter\\Socket',
      'type' => '->',
    ),
    10 => 
    array (
      'file' => '/root/apps/90server/Application/webroot/main.php',
      'line' => 7,
      'function' => 'run',
      'args' => 
      array (
        0 => '\'/root/apps/90server/Application\'',
      ),
      'class' => 'ZPHP\\ZPHP',
      'type' => '::',
    ),
  ),
)
2016-04-27 21:10:51
array (
  'className' => 'Exception',
  'message' => 'SQLSTATE[42S02]: Base table or view not found: 1146 Table \'90game.90_question_1\' doesn\'t exist',
  'code' => '42S02',
  'file' => '/root/apps/90server/Application/apps/dao/BaseDao.php',
  'line' => 67,
  'userAgent' => '',
  'trace' => 
  array (
    0 => 
    array (
      'file' => '/root/apps/90server/Application/apps/dao/BaseDao.php',
      'line' => 67,
      'function' => 'execute',
      'args' => 
      array (
        0 => 'array (
  \'_168_1_\' => \'2016042721081774329\',
)',
      ),
      'class' => 'PDOStatement',
      'type' => '->',
    ),
    1 => 
    array (
      'file' => '/root/apps/90server/Application/apps/dao/user/Info.php',
      'line' => 150,
      'function' => 'execute',
      'args' => 
      array (
        0 => 'Aura\\SqlQuery\\Mysql\\Select::__set_state(array(
   \'union\' => 
  array (
  ),
   \'for_update\' => false,
   \'cols\' => 
  array (
    0 => \'*\',
  ),
   \'from\' => 
  array (
    0 => 
    array (
      0 => \'`90_user_answer`\',
      1 => \'NATURAL JOIN `90_question_1`\',
    ),
  ),
   \'from_key\' => 0,
   \'group_by\' => 
  array (
  ),
   \'having\' => 
  array (
  ),
   \'page\' => 0,
   \'paging\' => 10,
   \'table_refs\' => 
  array (
    \'90_user_answer\' => \'FROM 90_user_answer\',
    \'90_question_1\' => \'NATURAL JOIN 90_question_1\',
  ),
   \'bind_values\' => 
  array (
    \'_168_1_\' => \'2016042721081774329\',
  ),
   \'where\' => 
  array (
    0 => \'user_id = :_168_1_\',
  ),
   \'order_by\' => 
  array (
  ),
   \'limit\' => 0,
   \'offset\' => 0,
   \'flags\' => 
  array (
  ),
   \'quoter\' => 
  Aura\\SqlQuery\\Quoter::__set_state(array(
     \'quote_name_prefix\' => \'`\',
     \'quote_name_suffix\' => \'`\',
  )),
   \'seq_bind_prefix\' => \'_168\',
))',
      ),
      'class' => 'dao\\BaseDao',
      'type' => '->',
    ),
    2 => 
    array (
      'file' => '/root/apps/90server/Application/apps/dao/BaseDao.php',
      'line' => 44,
      'function' => 'getUserInfo',
      'args' => 
      array (
      ),
      'class' => 'dao\\user\\Info',
      'type' => '->',
    ),
    3 => 
    array (
      'file' => '/root/apps/90server/Application/apps/ctrl/User.php',
      'line' => 37,
      'function' => 'run',
      'args' => 
      array (
        0 => '\'getUserInfo\'',
        1 => '\'2016042721081774329\'',
      ),
      'class' => 'dao\\BaseDao',
      'type' => '->',
    ),
    4 => 
    array (
      'file' => '/root/apps/90server/ZPHP/Core/Route.php',
      'line' => 33,
      'function' => 'getUserInfo',
      'args' => 
      array (
      ),
      'class' => 'ctrl\\User',
      'type' => '->',
    ),
    5 => 
    array (
      'file' => '/root/apps/90server/Application/apps/socket/HttpServer.php',
      'line' => 53,
      'function' => 'route',
      'args' => 
      array (
      ),
      'class' => 'ZPHP\\Core\\Route',
      'type' => '::',
    ),
    6 => 
    array (
      'file' => 'null',
      'line' => 'null',
      'function' => 'onRequest',
      'args' => 
      array (
        0 => 'swoole_http_request::__set_state(array(
   \'fd\' => 2122,
   \'header\' => 
  array (
    \'content-length\' => \'27\',
    \'content-type\' => \'application/x-www-form-urlencoded\',
    \'host\' => \'101.201.39.169:8992\',
    \'connection\' => \'Keep-Alive\',
    \'user-agent\' => \'Apache-HttpClient/UNAVAILABLE (java 1.4)\',
  ),
   \'server\' => 
  array (
    \'request_method\' => \'POST\',
    \'request_uri\' => \'/User/getUserInfo\',
    \'path_info\' => \'/User/getUserInfo\',
    \'request_time\' => 1461762651,
    \'request_time_float\' => 1461762651.9101319,
    \'server_port\' => 8992,
    \'remote_port\' => 2681,
    \'remote_addr\' => \'39.153.92.64\',
    \'server_protocol\' => \'HTTP/1.1\',
    \'server_software\' => \'swoole-http-server\',
  ),
   \'post\' => 
  array (
    \'user_id\' => \'2016042721081774329\',
  ),
))',
        1 => 'swoole_http_response::__set_state(array(
   \'fd\' => 2122,
))',
      ),
      'class' => 'socket\\HttpServer',
      'type' => '->',
    ),
    7 => 
    array (
      'file' => '/root/apps/90server/ZPHP/Socket/Adapter/Swoole.php',
      'line' => 134,
      'function' => 'start',
      'args' => 
      array (
      ),
      'class' => 'swoole_http_server',
      'type' => '->',
    ),
    8 => 
    array (
      'file' => '/root/apps/90server/ZPHP/Server/Adapter/Socket.php',
      'line' => 31,
      'function' => 'run',
      'args' => 
      array (
      ),
      'class' => 'ZPHP\\Socket\\Adapter\\Swoole',
      'type' => '->',
    ),
    9 => 
    array (
      'file' => '/root/apps/90server/ZPHP/ZPHP.php',
      'line' => 189,
      'function' => 'run',
      'args' => 
      array (
      ),
      'class' => 'ZPHP\\Server\\Adapter\\Socket',
      'type' => '->',
    ),
    10 => 
    array (
      'file' => '/root/apps/90server/Application/webroot/main.php',
      'line' => 7,
      'function' => 'run',
      'args' => 
      array (
        0 => '\'/root/apps/90server/Application\'',
      ),
      'class' => 'ZPHP\\ZPHP',
      'type' => '::',
    ),
  ),
)
2016-04-27 21:12:41
array (
  'className' => 'Exception',
  'message' => 'SQLSTATE[42S02]: Base table or view not found: 1146 Table \'90game.90_question_8\' doesn\'t exist',
  'code' => '42S02',
  'file' => '/root/apps/90server/Application/apps/dao/BaseDao.php',
  'line' => 67,
  'userAgent' => '',
  'trace' => 
  array (
    0 => 
    array (
      'file' => '/root/apps/90server/Application/apps/dao/BaseDao.php',
      'line' => 67,
      'function' => 'execute',
      'args' => 
      array (
        0 => 'array (
  \'_841_1_\' => \'2016042217460792344\',
)',
      ),
      'class' => 'PDOStatement',
      'type' => '->',
    ),
    1 => 
    array (
      'file' => '/root/apps/90server/Application/apps/dao/question/Question.php',
      'line' => 102,
      'function' => 'execute',
      'args' => 
      array (
        0 => 'Aura\\SqlQuery\\Mysql\\Select::__set_state(array(
   \'union\' => 
  array (
  ),
   \'for_update\' => false,
   \'cols\' => 
  array (
    0 => \'*\',
    1 => \'(select count(user_id) from 90_user_answer where user_id = 2016042721121448222 and 90_user_answer.qid = 90_question_8.qid ) as is_answer\',
  ),
   \'from\' => 
  array (
    0 => 
    array (
      0 => \'`90_question_8`\',
    ),
  ),
   \'from_key\' => 0,
   \'group_by\' => 
  array (
  ),
   \'having\' => 
  array (
  ),
   \'page\' => 0,
   \'paging\' => 10,
   \'table_refs\' => 
  array (
    \'90_question_8\' => \'FROM 90_question_8\',
  ),
   \'bind_values\' => 
  array (
    \'_841_1_\' => \'2016042217460792344\',
  ),
   \'where\' => 
  array (
    0 => \'qid = :_841_1_\',
  ),
   \'order_by\' => 
  array (
    0 => \'serial desc\',
  ),
   \'limit\' => 0,
   \'offset\' => 0,
   \'flags\' => 
  array (
  ),
   \'quoter\' => 
  Aura\\SqlQuery\\Quoter::__set_state(array(
     \'quote_name_prefix\' => \'`\',
     \'quote_name_suffix\' => \'`\',
  )),
   \'seq_bind_prefix\' => \'_841\',
))',
      ),
      'class' => 'dao\\BaseDao',
      'type' => '->',
    ),
    2 => 
    array (
      'file' => '/root/apps/90server/Application/apps/dao/BaseDao.php',
      'line' => 44,
      'function' => 'getDetail',
      'args' => 
      array (
      ),
      'class' => 'dao\\question\\Question',
      'type' => '->',
    ),
    3 => 
    array (
      'file' => '/root/apps/90server/Application/apps/ctrl/Question.php',
      'line' => 128,
      'function' => 'run',
      'args' => 
      array (
        0 => '\'getDetail\'',
        1 => '\'2016042217460792344\'',
        2 => '\'8\'',
        3 => '\'2016042721121448222\'',
      ),
      'class' => 'dao\\BaseDao',
      'type' => '->',
    ),
    4 => 
    array (
      'file' => '/root/apps/90server/ZPHP/Core/Route.php',
      'line' => 33,
      'function' => 'detail',
      'args' => 
      array (
      ),
      'class' => 'ctrl\\Question',
      'type' => '->',
    ),
    5 => 
    array (
      'file' => '/root/apps/90server/Application/apps/socket/HttpServer.php',
      'line' => 53,
      'function' => 'route',
      'args' => 
      array (
      ),
      'class' => 'ZPHP\\Core\\Route',
      'type' => '::',
    ),
    6 => 
    array (
      'file' => 'null',
      'line' => 'null',
      'function' => 'onRequest',
      'args' => 
      array (
        0 => 'swoole_http_request::__set_state(array(
   \'fd\' => 2124,
   \'header\' => 
  array (
    \'host\' => \'101.201.39.169:8992\',
    \'content-type\' => \'application/x-www-form-urlencoded\',
    \'connection\' => \'keep-alive\',
    \'accept\' => \'*/*\',
    \'user-agent\' => \'NineZeroProject/1.0 (iPhone; iOS 9.3.1; Scale/2.00)\',
    \'accept-language\' => \'en-CN;q=1, zh-Hans-CN;q=0.9\',
    \'accept-encoding\' => \'gzip, deflate\',
    \'content-length\' => \'69\',
  ),
   \'server\' => 
  array (
    \'request_method\' => \'POST\',
    \'request_uri\' => \'/Question/detail\',
    \'path_info\' => \'/Question/detail\',
    \'request_time\' => 1461762760,
    \'request_time_float\' => 1461762761.0145881,
    \'server_port\' => 8992,
    \'remote_port\' => 51060,
    \'remote_addr\' => \'123.120.240.153\',
    \'server_protocol\' => \'HTTP/1.1\',
    \'server_software\' => \'swoole-http-server\',
  ),
   \'post\' => 
  array (
    \'area_id\' => \'8\',
    \'question_id\' => \'2016042217460792344\',
    \'user_id\' => \'2016042721121448222\',
  ),
))',
        1 => 'swoole_http_response::__set_state(array(
   \'fd\' => 2124,
))',
      ),
      'class' => 'socket\\HttpServer',
      'type' => '->',
    ),
    7 => 
    array (
      'file' => '/root/apps/90server/ZPHP/Socket/Adapter/Swoole.php',
      'line' => 134,
      'function' => 'start',
      'args' => 
      array (
      ),
      'class' => 'swoole_http_server',
      'type' => '->',
    ),
    8 => 
    array (
      'file' => '/root/apps/90server/ZPHP/Server/Adapter/Socket.php',
      'line' => 31,
      'function' => 'run',
      'args' => 
      array (
      ),
      'class' => 'ZPHP\\Socket\\Adapter\\Swoole',
      'type' => '->',
    ),
    9 => 
    array (
      'file' => '/root/apps/90server/ZPHP/ZPHP.php',
      'line' => 189,
      'function' => 'run',
      'args' => 
      array (
      ),
      'class' => 'ZPHP\\Server\\Adapter\\Socket',
      'type' => '->',
    ),
    10 => 
    array (
      'file' => '/root/apps/90server/Application/webroot/main.php',
      'line' => 7,
      'function' => 'run',
      'args' => 
      array (
        0 => '\'/root/apps/90server/Application\'',
      ),
      'class' => 'ZPHP\\ZPHP',
      'type' => '::',
    ),
  ),
)
2016-04-27 22:20:56
array (
  'className' => 'Exception',
  'message' => 'SQLSTATE[42S02]: Base table or view not found: 1146 Table \'90game.90_question_8\' doesn\'t exist',
  'code' => '42S02',
  'file' => '/root/apps/90server/Application/apps/dao/BaseDao.php',
  'line' => 67,
  'userAgent' => '',
  'trace' => 
  array (
    0 => 
    array (
      'file' => '/root/apps/90server/Application/apps/dao/BaseDao.php',
      'line' => 67,
      'function' => 'execute',
      'args' => 
      array (
        0 => 'array (
  \'_43_1_\' => \'2016042217460792344\',
)',
      ),
      'class' => 'PDOStatement',
      'type' => '->',
    ),
    1 => 
    array (
      'file' => '/root/apps/90server/Application/apps/dao/question/Question.php',
      'line' => 102,
      'function' => 'execute',
      'args' => 
      array (
        0 => 'Aura\\SqlQuery\\Mysql\\Select::__set_state(array(
   \'union\' => 
  array (
  ),
   \'for_update\' => false,
   \'cols\' => 
  array (
    0 => \'*\',
    1 => \'(select count(user_id) from 90_user_answer where user_id = 2016042721521825633 and 90_user_answer.qid = 90_question_8.qid ) as is_answer\',
  ),
   \'from\' => 
  array (
    0 => 
    array (
      0 => \'`90_question_8`\',
    ),
  ),
   \'from_key\' => 0,
   \'group_by\' => 
  array (
  ),
   \'having\' => 
  array (
  ),
   \'page\' => 0,
   \'paging\' => 10,
   \'table_refs\' => 
  array (
    \'90_question_8\' => \'FROM 90_question_8\',
  ),
   \'bind_values\' => 
  array (
    \'_43_1_\' => \'2016042217460792344\',
  ),
   \'where\' => 
  array (
    0 => \'qid = :_43_1_\',
  ),
   \'order_by\' => 
  array (
    0 => \'serial desc\',
  ),
   \'limit\' => 0,
   \'offset\' => 0,
   \'flags\' => 
  array (
  ),
   \'quoter\' => 
  Aura\\SqlQuery\\Quoter::__set_state(array(
     \'quote_name_prefix\' => \'`\',
     \'quote_name_suffix\' => \'`\',
  )),
   \'seq_bind_prefix\' => \'_43\',
))',
      ),
      'class' => 'dao\\BaseDao',
      'type' => '->',
    ),
    2 => 
    array (
      'file' => '/root/apps/90server/Application/apps/dao/BaseDao.php',
      'line' => 44,
      'function' => 'getDetail',
      'args' => 
      array (
      ),
      'class' => 'dao\\question\\Question',
      'type' => '->',
    ),
    3 => 
    array (
      'file' => '/root/apps/90server/Application/apps/ctrl/Question.php',
      'line' => 128,
      'function' => 'run',
      'args' => 
      array (
        0 => '\'getDetail\'',
        1 => '\'2016042217460792344\'',
        2 => '\'8\'',
        3 => '\'2016042721521825633\'',
      ),
      'class' => 'dao\\BaseDao',
      'type' => '->',
    ),
    4 => 
    array (
      'file' => '/root/apps/90server/ZPHP/Core/Route.php',
      'line' => 33,
      'function' => 'detail',
      'args' => 
      array (
      ),
      'class' => 'ctrl\\Question',
      'type' => '->',
    ),
    5 => 
    array (
      'file' => '/root/apps/90server/Application/apps/socket/HttpServer.php',
      'line' => 53,
      'function' => 'route',
      'args' => 
      array (
      ),
      'class' => 'ZPHP\\Core\\Route',
      'type' => '::',
    ),
    6 => 
    array (
      'file' => 'null',
      'line' => 'null',
      'function' => 'onRequest',
      'args' => 
      array (
        0 => 'swoole_http_request::__set_state(array(
   \'fd\' => 141,
   \'header\' => 
  array (
    \'host\' => \'101.201.39.169:8992\',
    \'content-type\' => \'application/x-www-form-urlencoded\',
    \'connection\' => \'keep-alive\',
    \'accept\' => \'*/*\',
    \'user-agent\' => \'NineZeroProject/1.0 (iPhone; iOS 9.3.1; Scale/2.00)\',
    \'accept-language\' => \'zh-Hans-CN;q=1\',
    \'accept-encoding\' => \'gzip, deflate\',
    \'content-length\' => \'69\',
  ),
   \'server\' => 
  array (
    \'request_method\' => \'POST\',
    \'request_uri\' => \'/Question/detail\',
    \'path_info\' => \'/Question/detail\',
    \'request_time\' => 1461766855,
    \'request_time_float\' => 1461766856.6845081,
    \'server_port\' => 8992,
    \'remote_port\' => 55887,
    \'remote_addr\' => \'123.120.240.153\',
    \'server_protocol\' => \'HTTP/1.1\',
    \'server_software\' => \'swoole-http-server\',
  ),
   \'post\' => 
  array (
    \'area_id\' => \'8\',
    \'question_id\' => \'2016042217460792344\',
    \'user_id\' => \'2016042721521825633\',
  ),
))',
        1 => 'swoole_http_response::__set_state(array(
   \'fd\' => 141,
))',
      ),
      'class' => 'socket\\HttpServer',
      'type' => '->',
    ),
    7 => 
    array (
      'file' => '/root/apps/90server/ZPHP/Socket/Adapter/Swoole.php',
      'line' => 134,
      'function' => 'start',
      'args' => 
      array (
      ),
      'class' => 'swoole_http_server',
      'type' => '->',
    ),
    8 => 
    array (
      'file' => '/root/apps/90server/ZPHP/Server/Adapter/Socket.php',
      'line' => 31,
      'function' => 'run',
      'args' => 
      array (
      ),
      'class' => 'ZPHP\\Socket\\Adapter\\Swoole',
      'type' => '->',
    ),
    9 => 
    array (
      'file' => '/root/apps/90server/ZPHP/ZPHP.php',
      'line' => 189,
      'function' => 'run',
      'args' => 
      array (
      ),
      'class' => 'ZPHP\\Server\\Adapter\\Socket',
      'type' => '->',
    ),
    10 => 
    array (
      'file' => '/root/apps/90server/Application/webroot/main.php',
      'line' => 7,
      'function' => 'run',
      'args' => 
      array (
        0 => '\'/root/apps/90server/Application\'',
      ),
      'class' => 'ZPHP\\ZPHP',
      'type' => '::',
    ),
  ),
)
2016-04-27 22:34:29
array (
  'className' => 'Exception',
  'message' => 'SQLSTATE[42S02]: Base table or view not found: 1146 Table \'90game.90_question_8\' doesn\'t exist',
  'code' => '42S02',
  'file' => '/root/apps/90server/Application/apps/dao/BaseDao.php',
  'line' => 67,
  'userAgent' => '',
  'trace' => 
  array (
    0 => 
    array (
      'file' => '/root/apps/90server/Application/apps/dao/BaseDao.php',
      'line' => 67,
      'function' => 'execute',
      'args' => 
      array (
        0 => 'array (
  \'_61_1_\' => \'2016042217460792344\',
)',
      ),
      'class' => 'PDOStatement',
      'type' => '->',
    ),
    1 => 
    array (
      'file' => '/root/apps/90server/Application/apps/dao/question/Question.php',
      'line' => 102,
      'function' => 'execute',
      'args' => 
      array (
        0 => 'Aura\\SqlQuery\\Mysql\\Select::__set_state(array(
   \'union\' => 
  array (
  ),
   \'for_update\' => false,
   \'cols\' => 
  array (
    0 => \'*\',
    1 => \'(select count(user_id) from 90_user_answer where user_id = 2016042721515232965 and 90_user_answer.qid = 90_question_8.qid ) as is_answer\',
  ),
   \'from\' => 
  array (
    0 => 
    array (
      0 => \'`90_question_8`\',
    ),
  ),
   \'from_key\' => 0,
   \'group_by\' => 
  array (
  ),
   \'having\' => 
  array (
  ),
   \'page\' => 0,
   \'paging\' => 10,
   \'table_refs\' => 
  array (
    \'90_question_8\' => \'FROM 90_question_8\',
  ),
   \'bind_values\' => 
  array (
    \'_61_1_\' => \'2016042217460792344\',
  ),
   \'where\' => 
  array (
    0 => \'qid = :_61_1_\',
  ),
   \'order_by\' => 
  array (
    0 => \'serial desc\',
  ),
   \'limit\' => 0,
   \'offset\' => 0,
   \'flags\' => 
  array (
  ),
   \'quoter\' => 
  Aura\\SqlQuery\\Quoter::__set_state(array(
     \'quote_name_prefix\' => \'`\',
     \'quote_name_suffix\' => \'`\',
  )),
   \'seq_bind_prefix\' => \'_61\',
))',
      ),
      'class' => 'dao\\BaseDao',
      'type' => '->',
    ),
    2 => 
    array (
      'file' => '/root/apps/90server/Application/apps/dao/BaseDao.php',
      'line' => 44,
      'function' => 'getDetail',
      'args' => 
      array (
      ),
      'class' => 'dao\\question\\Question',
      'type' => '->',
    ),
    3 => 
    array (
      'file' => '/root/apps/90server/Application/apps/ctrl/Question.php',
      'line' => 128,
      'function' => 'run',
      'args' => 
      array (
        0 => '\'getDetail\'',
        1 => '\'2016042217460792344\'',
        2 => '\'8\'',
        3 => '\'2016042721515232965\'',
      ),
      'class' => 'dao\\BaseDao',
      'type' => '->',
    ),
    4 => 
    array (
      'file' => '/root/apps/90server/ZPHP/Core/Route.php',
      'line' => 33,
      'function' => 'detail',
      'args' => 
      array (
      ),
      'class' => 'ctrl\\Question',
      'type' => '->',
    ),
    5 => 
    array (
      'file' => '/root/apps/90server/Application/apps/socket/HttpServer.php',
      'line' => 53,
      'function' => 'route',
      'args' => 
      array (
      ),
      'class' => 'ZPHP\\Core\\Route',
      'type' => '::',
    ),
    6 => 
    array (
      'file' => 'null',
      'line' => 'null',
      'function' => 'onRequest',
      'args' => 
      array (
        0 => 'swoole_http_request::__set_state(array(
   \'fd\' => 195,
   \'header\' => 
  array (
    \'host\' => \'101.201.39.169:8992\',
    \'content-type\' => \'application/x-www-form-urlencoded\',
    \'connection\' => \'keep-alive\',
    \'accept\' => \'*/*\',
    \'user-agent\' => \'NineZeroProject/1.0 (iPhone; iOS 9.3.1; Scale/2.00)\',
    \'accept-language\' => \'zh-Hans-CN;q=1\',
    \'accept-encoding\' => \'gzip, deflate\',
    \'content-length\' => \'69\',
  ),
   \'server\' => 
  array (
    \'request_method\' => \'POST\',
    \'request_uri\' => \'/Question/detail\',
    \'path_info\' => \'/Question/detail\',
    \'request_time\' => 1461767668,
    \'request_time_float\' => 1461767669.8482909,
    \'server_port\' => 8992,
    \'remote_port\' => 55987,
    \'remote_addr\' => \'123.120.240.153\',
    \'server_protocol\' => \'HTTP/1.1\',
    \'server_software\' => \'swoole-http-server\',
  ),
   \'post\' => 
  array (
    \'area_id\' => \'8\',
    \'question_id\' => \'2016042217460792344\',
    \'user_id\' => \'2016042721515232965\',
  ),
))',
        1 => 'swoole_http_response::__set_state(array(
   \'fd\' => 195,
))',
      ),
      'class' => 'socket\\HttpServer',
      'type' => '->',
    ),
    7 => 
    array (
      'file' => '/root/apps/90server/ZPHP/Socket/Adapter/Swoole.php',
      'line' => 134,
      'function' => 'start',
      'args' => 
      array (
      ),
      'class' => 'swoole_http_server',
      'type' => '->',
    ),
    8 => 
    array (
      'file' => '/root/apps/90server/ZPHP/Server/Adapter/Socket.php',
      'line' => 31,
      'function' => 'run',
      'args' => 
      array (
      ),
      'class' => 'ZPHP\\Socket\\Adapter\\Swoole',
      'type' => '->',
    ),
    9 => 
    array (
      'file' => '/root/apps/90server/ZPHP/ZPHP.php',
      'line' => 189,
      'function' => 'run',
      'args' => 
      array (
      ),
      'class' => 'ZPHP\\Server\\Adapter\\Socket',
      'type' => '->',
    ),
    10 => 
    array (
      'file' => '/root/apps/90server/Application/webroot/main.php',
      'line' => 7,
      'function' => 'run',
      'args' => 
      array (
        0 => '\'/root/apps/90server/Application\'',
      ),
      'class' => 'ZPHP\\ZPHP',
      'type' => '::',
    ),
  ),
)
2016-04-27 22:49:01
array (
  'className' => 'Exception',
  'message' => 'SQLSTATE[42S02]: Base table or view not found: 1146 Table \'90game.90_question_1\' doesn\'t exist',
  'code' => '42S02',
  'file' => '/root/apps/90server/Application/apps/dao/BaseDao.php',
  'line' => 67,
  'userAgent' => '',
  'trace' => 
  array (
    0 => 
    array (
      'file' => '/root/apps/90server/Application/apps/dao/BaseDao.php',
      'line' => 67,
      'function' => 'execute',
      'args' => 
      array (
        0 => 'array (
  \'_158_1_\' => \'2016042721081774329\',
)',
      ),
      'class' => 'PDOStatement',
      'type' => '->',
    ),
    1 => 
    array (
      'file' => '/root/apps/90server/Application/apps/dao/user/Info.php',
      'line' => 150,
      'function' => 'execute',
      'args' => 
      array (
        0 => 'Aura\\SqlQuery\\Mysql\\Select::__set_state(array(
   \'union\' => 
  array (
  ),
   \'for_update\' => false,
   \'cols\' => 
  array (
    0 => \'*\',
  ),
   \'from\' => 
  array (
    0 => 
    array (
      0 => \'`90_user_answer`\',
      1 => \'NATURAL JOIN `90_question_1`\',
    ),
  ),
   \'from_key\' => 0,
   \'group_by\' => 
  array (
  ),
   \'having\' => 
  array (
  ),
   \'page\' => 0,
   \'paging\' => 10,
   \'table_refs\' => 
  array (
    \'90_user_answer\' => \'FROM 90_user_answer\',
    \'90_question_1\' => \'NATURAL JOIN 90_question_1\',
  ),
   \'bind_values\' => 
  array (
    \'_158_1_\' => \'2016042721081774329\',
  ),
   \'where\' => 
  array (
    0 => \'user_id = :_158_1_\',
  ),
   \'order_by\' => 
  array (
  ),
   \'limit\' => 0,
   \'offset\' => 0,
   \'flags\' => 
  array (
  ),
   \'quoter\' => 
  Aura\\SqlQuery\\Quoter::__set_state(array(
     \'quote_name_prefix\' => \'`\',
     \'quote_name_suffix\' => \'`\',
  )),
   \'seq_bind_prefix\' => \'_158\',
))',
      ),
      'class' => 'dao\\BaseDao',
      'type' => '->',
    ),
    2 => 
    array (
      'file' => '/root/apps/90server/Application/apps/dao/BaseDao.php',
      'line' => 44,
      'function' => 'getUserInfo',
      'args' => 
      array (
      ),
      'class' => 'dao\\user\\Info',
      'type' => '->',
    ),
    3 => 
    array (
      'file' => '/root/apps/90server/Application/apps/ctrl/User.php',
      'line' => 37,
      'function' => 'run',
      'args' => 
      array (
        0 => '\'getUserInfo\'',
        1 => '\'2016042721081774329\'',
      ),
      'class' => 'dao\\BaseDao',
      'type' => '->',
    ),
    4 => 
    array (
      'file' => '/root/apps/90server/ZPHP/Core/Route.php',
      'line' => 33,
      'function' => 'getUserInfo',
      'args' => 
      array (
      ),
      'class' => 'ctrl\\User',
      'type' => '->',
    ),
    5 => 
    array (
      'file' => '/root/apps/90server/Application/apps/socket/HttpServer.php',
      'line' => 53,
      'function' => 'route',
      'args' => 
      array (
      ),
      'class' => 'ZPHP\\Core\\Route',
      'type' => '::',
    ),
    6 => 
    array (
      'file' => 'null',
      'line' => 'null',
      'function' => 'onRequest',
      'args' => 
      array (
        0 => 'swoole_http_request::__set_state(array(
   \'fd\' => 266,
   \'header\' => 
  array (
    \'content-length\' => \'27\',
    \'content-type\' => \'application/x-www-form-urlencoded\',
    \'host\' => \'101.201.39.169:8992\',
    \'connection\' => \'Keep-Alive\',
    \'user-agent\' => \'Apache-HttpClient/UNAVAILABLE (java 1.4)\',
  ),
   \'server\' => 
  array (
    \'request_method\' => \'POST\',
    \'request_uri\' => \'/User/getUserInfo\',
    \'path_info\' => \'/User/getUserInfo\',
    \'request_time\' => 1461768541,
    \'request_time_float\' => 1461768541.1743989,
    \'server_port\' => 8992,
    \'remote_port\' => 2374,
    \'remote_addr\' => \'39.153.92.64\',
    \'server_protocol\' => \'HTTP/1.1\',
    \'server_software\' => \'swoole-http-server\',
  ),
   \'post\' => 
  array (
    \'user_id\' => \'2016042721081774329\',
  ),
))',
        1 => 'swoole_http_response::__set_state(array(
   \'fd\' => 266,
))',
      ),
      'class' => 'socket\\HttpServer',
      'type' => '->',
    ),
    7 => 
    array (
      'file' => '/root/apps/90server/ZPHP/Socket/Adapter/Swoole.php',
      'line' => 134,
      'function' => 'start',
      'args' => 
      array (
      ),
      'class' => 'swoole_http_server',
      'type' => '->',
    ),
    8 => 
    array (
      'file' => '/root/apps/90server/ZPHP/Server/Adapter/Socket.php',
      'line' => 31,
      'function' => 'run',
      'args' => 
      array (
      ),
      'class' => 'ZPHP\\Socket\\Adapter\\Swoole',
      'type' => '->',
    ),
    9 => 
    array (
      'file' => '/root/apps/90server/ZPHP/ZPHP.php',
      'line' => 189,
      'function' => 'run',
      'args' => 
      array (
      ),
      'class' => 'ZPHP\\Server\\Adapter\\Socket',
      'type' => '->',
    ),
    10 => 
    array (
      'file' => '/root/apps/90server/Application/webroot/main.php',
      'line' => 7,
      'function' => 'run',
      'args' => 
      array (
        0 => '\'/root/apps/90server/Application\'',
      ),
      'class' => 'ZPHP\\ZPHP',
      'type' => '::',
    ),
  ),
)
2016-04-27 22:51:36
array (
  'className' => 'Exception',
  'message' => 'SQLSTATE[42S02]: Base table or view not found: 1146 Table \'90game.90_question_1\' doesn\'t exist',
  'code' => '42S02',
  'file' => '/root/apps/90server/Application/apps/dao/BaseDao.php',
  'line' => 67,
  'userAgent' => '',
  'trace' => 
  array (
    0 => 
    array (
      'file' => '/root/apps/90server/Application/apps/dao/BaseDao.php',
      'line' => 67,
      'function' => 'execute',
      'args' => 
      array (
        0 => 'array (
  \'_168_1_\' => \'2016042721081774329\',
)',
      ),
      'class' => 'PDOStatement',
      'type' => '->',
    ),
    1 => 
    array (
      'file' => '/root/apps/90server/Application/apps/dao/user/Info.php',
      'line' => 150,
      'function' => 'execute',
      'args' => 
      array (
        0 => 'Aura\\SqlQuery\\Mysql\\Select::__set_state(array(
   \'union\' => 
  array (
  ),
   \'for_update\' => false,
   \'cols\' => 
  array (
    0 => \'*\',
  ),
   \'from\' => 
  array (
    0 => 
    array (
      0 => \'`90_user_answer`\',
      1 => \'NATURAL JOIN `90_question_1`\',
    ),
  ),
   \'from_key\' => 0,
   \'group_by\' => 
  array (
  ),
   \'having\' => 
  array (
  ),
   \'page\' => 0,
   \'paging\' => 10,
   \'table_refs\' => 
  array (
    \'90_user_answer\' => \'FROM 90_user_answer\',
    \'90_question_1\' => \'NATURAL JOIN 90_question_1\',
  ),
   \'bind_values\' => 
  array (
    \'_168_1_\' => \'2016042721081774329\',
  ),
   \'where\' => 
  array (
    0 => \'user_id = :_168_1_\',
  ),
   \'order_by\' => 
  array (
  ),
   \'limit\' => 0,
   \'offset\' => 0,
   \'flags\' => 
  array (
  ),
   \'quoter\' => 
  Aura\\SqlQuery\\Quoter::__set_state(array(
     \'quote_name_prefix\' => \'`\',
     \'quote_name_suffix\' => \'`\',
  )),
   \'seq_bind_prefix\' => \'_168\',
))',
      ),
      'class' => 'dao\\BaseDao',
      'type' => '->',
    ),
    2 => 
    array (
      'file' => '/root/apps/90server/Application/apps/dao/BaseDao.php',
      'line' => 44,
      'function' => 'getUserInfo',
      'args' => 
      array (
      ),
      'class' => 'dao\\user\\Info',
      'type' => '->',
    ),
    3 => 
    array (
      'file' => '/root/apps/90server/Application/apps/ctrl/User.php',
      'line' => 37,
      'function' => 'run',
      'args' => 
      array (
        0 => '\'getUserInfo\'',
        1 => '\'2016042721081774329\'',
      ),
      'class' => 'dao\\BaseDao',
      'type' => '->',
    ),
    4 => 
    array (
      'file' => '/root/apps/90server/ZPHP/Core/Route.php',
      'line' => 33,
      'function' => 'getUserInfo',
      'args' => 
      array (
      ),
      'class' => 'ctrl\\User',
      'type' => '->',
    ),
    5 => 
    array (
      'file' => '/root/apps/90server/Application/apps/socket/HttpServer.php',
      'line' => 53,
      'function' => 'route',
      'args' => 
      array (
      ),
      'class' => 'ZPHP\\Core\\Route',
      'type' => '::',
    ),
    6 => 
    array (
      'file' => 'null',
      'line' => 'null',
      'function' => 'onRequest',
      'args' => 
      array (
        0 => 'swoole_http_request::__set_state(array(
   \'fd\' => 285,
   \'header\' => 
  array (
    \'content-length\' => \'27\',
    \'content-type\' => \'application/x-www-form-urlencoded\',
    \'host\' => \'101.201.39.169:8992\',
    \'connection\' => \'Keep-Alive\',
    \'user-agent\' => \'Apache-HttpClient/UNAVAILABLE (java 1.4)\',
  ),
   \'server\' => 
  array (
    \'request_method\' => \'POST\',
    \'request_uri\' => \'/User/getUserInfo\',
    \'path_info\' => \'/User/getUserInfo\',
    \'request_time\' => 1461768696,
    \'request_time_float\' => 1461768696.8758211,
    \'server_port\' => 8992,
    \'remote_port\' => 2409,
    \'remote_addr\' => \'39.153.92.64\',
    \'server_protocol\' => \'HTTP/1.1\',
    \'server_software\' => \'swoole-http-server\',
  ),
   \'post\' => 
  array (
    \'user_id\' => \'2016042721081774329\',
  ),
))',
        1 => 'swoole_http_response::__set_state(array(
   \'fd\' => 285,
))',
      ),
      'class' => 'socket\\HttpServer',
      'type' => '->',
    ),
    7 => 
    array (
      'file' => '/root/apps/90server/ZPHP/Socket/Adapter/Swoole.php',
      'line' => 134,
      'function' => 'start',
      'args' => 
      array (
      ),
      'class' => 'swoole_http_server',
      'type' => '->',
    ),
    8 => 
    array (
      'file' => '/root/apps/90server/ZPHP/Server/Adapter/Socket.php',
      'line' => 31,
      'function' => 'run',
      'args' => 
      array (
      ),
      'class' => 'ZPHP\\Socket\\Adapter\\Swoole',
      'type' => '->',
    ),
    9 => 
    array (
      'file' => '/root/apps/90server/ZPHP/ZPHP.php',
      'line' => 189,
      'function' => 'run',
      'args' => 
      array (
      ),
      'class' => 'ZPHP\\Server\\Adapter\\Socket',
      'type' => '->',
    ),
    10 => 
    array (
      'file' => '/root/apps/90server/Application/webroot/main.php',
      'line' => 7,
      'function' => 'run',
      'args' => 
      array (
        0 => '\'/root/apps/90server/Application\'',
      ),
      'class' => 'ZPHP\\ZPHP',
      'type' => '::',
    ),
  ),
)
2016-04-27 22:53:35
array (
  'className' => 'Exception',
  'message' => 'SQLSTATE[42S02]: Base table or view not found: 1146 Table \'90game.90_question_1\' doesn\'t exist',
  'code' => '42S02',
  'file' => '/root/apps/90server/Application/apps/dao/BaseDao.php',
  'line' => 67,
  'userAgent' => '',
  'trace' => 
  array (
    0 => 
    array (
      'file' => '/root/apps/90server/Application/apps/dao/BaseDao.php',
      'line' => 67,
      'function' => 'execute',
      'args' => 
      array (
        0 => 'array (
  \'_178_1_\' => \'2016042721081774329\',
)',
      ),
      'class' => 'PDOStatement',
      'type' => '->',
    ),
    1 => 
    array (
      'file' => '/root/apps/90server/Application/apps/dao/user/Info.php',
      'line' => 150,
      'function' => 'execute',
      'args' => 
      array (
        0 => 'Aura\\SqlQuery\\Mysql\\Select::__set_state(array(
   \'union\' => 
  array (
  ),
   \'for_update\' => false,
   \'cols\' => 
  array (
    0 => \'*\',
  ),
   \'from\' => 
  array (
    0 => 
    array (
      0 => \'`90_user_answer`\',
      1 => \'NATURAL JOIN `90_question_1`\',
    ),
  ),
   \'from_key\' => 0,
   \'group_by\' => 
  array (
  ),
   \'having\' => 
  array (
  ),
   \'page\' => 0,
   \'paging\' => 10,
   \'table_refs\' => 
  array (
    \'90_user_answer\' => \'FROM 90_user_answer\',
    \'90_question_1\' => \'NATURAL JOIN 90_question_1\',
  ),
   \'bind_values\' => 
  array (
    \'_178_1_\' => \'2016042721081774329\',
  ),
   \'where\' => 
  array (
    0 => \'user_id = :_178_1_\',
  ),
   \'order_by\' => 
  array (
  ),
   \'limit\' => 0,
   \'offset\' => 0,
   \'flags\' => 
  array (
  ),
   \'quoter\' => 
  Aura\\SqlQuery\\Quoter::__set_state(array(
     \'quote_name_prefix\' => \'`\',
     \'quote_name_suffix\' => \'`\',
  )),
   \'seq_bind_prefix\' => \'_178\',
))',
      ),
      'class' => 'dao\\BaseDao',
      'type' => '->',
    ),
    2 => 
    array (
      'file' => '/root/apps/90server/Application/apps/dao/BaseDao.php',
      'line' => 44,
      'function' => 'getUserInfo',
      'args' => 
      array (
      ),
      'class' => 'dao\\user\\Info',
      'type' => '->',
    ),
    3 => 
    array (
      'file' => '/root/apps/90server/Application/apps/ctrl/User.php',
      'line' => 37,
      'function' => 'run',
      'args' => 
      array (
        0 => '\'getUserInfo\'',
        1 => '\'2016042721081774329\'',
      ),
      'class' => 'dao\\BaseDao',
      'type' => '->',
    ),
    4 => 
    array (
      'file' => '/root/apps/90server/ZPHP/Core/Route.php',
      'line' => 33,
      'function' => 'getUserInfo',
      'args' => 
      array (
      ),
      'class' => 'ctrl\\User',
      'type' => '->',
    ),
    5 => 
    array (
      'file' => '/root/apps/90server/Application/apps/socket/HttpServer.php',
      'line' => 53,
      'function' => 'route',
      'args' => 
      array (
      ),
      'class' => 'ZPHP\\Core\\Route',
      'type' => '::',
    ),
    6 => 
    array (
      'file' => 'null',
      'line' => 'null',
      'function' => 'onRequest',
      'args' => 
      array (
        0 => 'swoole_http_request::__set_state(array(
   \'fd\' => 300,
   \'header\' => 
  array (
    \'content-length\' => \'27\',
    \'content-type\' => \'application/x-www-form-urlencoded\',
    \'host\' => \'101.201.39.169:8992\',
    \'connection\' => \'Keep-Alive\',
    \'user-agent\' => \'Apache-HttpClient/UNAVAILABLE (java 1.4)\',
  ),
   \'server\' => 
  array (
    \'request_method\' => \'POST\',
    \'request_uri\' => \'/User/getUserInfo\',
    \'path_info\' => \'/User/getUserInfo\',
    \'request_time\' => 1461768815,
    \'request_time_float\' => 1461768815.2921071,
    \'server_port\' => 8992,
    \'remote_port\' => 2430,
    \'remote_addr\' => \'39.153.92.64\',
    \'server_protocol\' => \'HTTP/1.1\',
    \'server_software\' => \'swoole-http-server\',
  ),
   \'post\' => 
  array (
    \'user_id\' => \'2016042721081774329\',
  ),
))',
        1 => 'swoole_http_response::__set_state(array(
   \'fd\' => 300,
))',
      ),
      'class' => 'socket\\HttpServer',
      'type' => '->',
    ),
    7 => 
    array (
      'file' => '/root/apps/90server/ZPHP/Socket/Adapter/Swoole.php',
      'line' => 134,
      'function' => 'start',
      'args' => 
      array (
      ),
      'class' => 'swoole_http_server',
      'type' => '->',
    ),
    8 => 
    array (
      'file' => '/root/apps/90server/ZPHP/Server/Adapter/Socket.php',
      'line' => 31,
      'function' => 'run',
      'args' => 
      array (
      ),
      'class' => 'ZPHP\\Socket\\Adapter\\Swoole',
      'type' => '->',
    ),
    9 => 
    array (
      'file' => '/root/apps/90server/ZPHP/ZPHP.php',
      'line' => 189,
      'function' => 'run',
      'args' => 
      array (
      ),
      'class' => 'ZPHP\\Server\\Adapter\\Socket',
      'type' => '->',
    ),
    10 => 
    array (
      'file' => '/root/apps/90server/Application/webroot/main.php',
      'line' => 7,
      'function' => 'run',
      'args' => 
      array (
        0 => '\'/root/apps/90server/Application\'',
      ),
      'class' => 'ZPHP\\ZPHP',
      'type' => '::',
    ),
  ),
)
2016-04-27 22:55:06
array (
  'className' => 'Exception',
  'message' => 'SQLSTATE[42S02]: Base table or view not found: 1146 Table \'90game.90_question_1\' doesn\'t exist',
  'code' => '42S02',
  'file' => '/root/apps/90server/Application/apps/dao/BaseDao.php',
  'line' => 67,
  'userAgent' => '',
  'trace' => 
  array (
    0 => 
    array (
      'file' => '/root/apps/90server/Application/apps/dao/BaseDao.php',
      'line' => 67,
      'function' => 'execute',
      'args' => 
      array (
        0 => 'array (
  \'_187_1_\' => \'2016042721081774329\',
)',
      ),
      'class' => 'PDOStatement',
      'type' => '->',
    ),
    1 => 
    array (
      'file' => '/root/apps/90server/Application/apps/dao/user/Info.php',
      'line' => 150,
      'function' => 'execute',
      'args' => 
      array (
        0 => 'Aura\\SqlQuery\\Mysql\\Select::__set_state(array(
   \'union\' => 
  array (
  ),
   \'for_update\' => false,
   \'cols\' => 
  array (
    0 => \'*\',
  ),
   \'from\' => 
  array (
    0 => 
    array (
      0 => \'`90_user_answer`\',
      1 => \'NATURAL JOIN `90_question_1`\',
    ),
  ),
   \'from_key\' => 0,
   \'group_by\' => 
  array (
  ),
   \'having\' => 
  array (
  ),
   \'page\' => 0,
   \'paging\' => 10,
   \'table_refs\' => 
  array (
    \'90_user_answer\' => \'FROM 90_user_answer\',
    \'90_question_1\' => \'NATURAL JOIN 90_question_1\',
  ),
   \'bind_values\' => 
  array (
    \'_187_1_\' => \'2016042721081774329\',
  ),
   \'where\' => 
  array (
    0 => \'user_id = :_187_1_\',
  ),
   \'order_by\' => 
  array (
  ),
   \'limit\' => 0,
   \'offset\' => 0,
   \'flags\' => 
  array (
  ),
   \'quoter\' => 
  Aura\\SqlQuery\\Quoter::__set_state(array(
     \'quote_name_prefix\' => \'`\',
     \'quote_name_suffix\' => \'`\',
  )),
   \'seq_bind_prefix\' => \'_187\',
))',
      ),
      'class' => 'dao\\BaseDao',
      'type' => '->',
    ),
    2 => 
    array (
      'file' => '/root/apps/90server/Application/apps/dao/BaseDao.php',
      'line' => 44,
      'function' => 'getUserInfo',
      'args' => 
      array (
      ),
      'class' => 'dao\\user\\Info',
      'type' => '->',
    ),
    3 => 
    array (
      'file' => '/root/apps/90server/Application/apps/ctrl/User.php',
      'line' => 37,
      'function' => 'run',
      'args' => 
      array (
        0 => '\'getUserInfo\'',
        1 => '\'2016042721081774329\'',
      ),
      'class' => 'dao\\BaseDao',
      'type' => '->',
    ),
    4 => 
    array (
      'file' => '/root/apps/90server/ZPHP/Core/Route.php',
      'line' => 33,
      'function' => 'getUserInfo',
      'args' => 
      array (
      ),
      'class' => 'ctrl\\User',
      'type' => '->',
    ),
    5 => 
    array (
      'file' => '/root/apps/90server/Application/apps/socket/HttpServer.php',
      'line' => 53,
      'function' => 'route',
      'args' => 
      array (
      ),
      'class' => 'ZPHP\\Core\\Route',
      'type' => '::',
    ),
    6 => 
    array (
      'file' => 'null',
      'line' => 'null',
      'function' => 'onRequest',
      'args' => 
      array (
        0 => 'swoole_http_request::__set_state(array(
   \'fd\' => 315,
   \'header\' => 
  array (
    \'content-length\' => \'27\',
    \'content-type\' => \'application/x-www-form-urlencoded\',
    \'host\' => \'101.201.39.169:8992\',
    \'connection\' => \'Keep-Alive\',
    \'user-agent\' => \'Apache-HttpClient/UNAVAILABLE (java 1.4)\',
  ),
   \'server\' => 
  array (
    \'request_method\' => \'POST\',
    \'request_uri\' => \'/User/getUserInfo\',
    \'path_info\' => \'/User/getUserInfo\',
    \'request_time\' => 1461768906,
    \'request_time_float\' => 1461768906.5949399,
    \'server_port\' => 8992,
    \'remote_port\' => 2453,
    \'remote_addr\' => \'39.153.92.64\',
    \'server_protocol\' => \'HTTP/1.1\',
    \'server_software\' => \'swoole-http-server\',
  ),
   \'post\' => 
  array (
    \'user_id\' => \'2016042721081774329\',
  ),
))',
        1 => 'swoole_http_response::__set_state(array(
   \'fd\' => 315,
))',
      ),
      'class' => 'socket\\HttpServer',
      'type' => '->',
    ),
    7 => 
    array (
      'file' => '/root/apps/90server/ZPHP/Socket/Adapter/Swoole.php',
      'line' => 134,
      'function' => 'start',
      'args' => 
      array (
      ),
      'class' => 'swoole_http_server',
      'type' => '->',
    ),
    8 => 
    array (
      'file' => '/root/apps/90server/ZPHP/Server/Adapter/Socket.php',
      'line' => 31,
      'function' => 'run',
      'args' => 
      array (
      ),
      'class' => 'ZPHP\\Socket\\Adapter\\Swoole',
      'type' => '->',
    ),
    9 => 
    array (
      'file' => '/root/apps/90server/ZPHP/ZPHP.php',
      'line' => 189,
      'function' => 'run',
      'args' => 
      array (
      ),
      'class' => 'ZPHP\\Server\\Adapter\\Socket',
      'type' => '->',
    ),
    10 => 
    array (
      'file' => '/root/apps/90server/Application/webroot/main.php',
      'line' => 7,
      'function' => 'run',
      'args' => 
      array (
        0 => '\'/root/apps/90server/Application\'',
      ),
      'class' => 'ZPHP\\ZPHP',
      'type' => '::',
    ),
  ),
)
2016-04-27 22:58:46
array (
  'className' => 'Exception',
  'message' => 'SQLSTATE[42S02]: Base table or view not found: 1146 Table \'90game.90_question_1\' doesn\'t exist',
  'code' => '42S02',
  'file' => '/root/apps/90server/Application/apps/dao/BaseDao.php',
  'line' => 67,
  'userAgent' => '',
  'trace' => 
  array (
    0 => 
    array (
      'file' => '/root/apps/90server/Application/apps/dao/BaseDao.php',
      'line' => 67,
      'function' => 'execute',
      'args' => 
      array (
        0 => 'array (
  \'_195_1_\' => \'2016042721081774329\',
)',
      ),
      'class' => 'PDOStatement',
      'type' => '->',
    ),
    1 => 
    array (
      'file' => '/root/apps/90server/Application/apps/dao/user/Info.php',
      'line' => 150,
      'function' => 'execute',
      'args' => 
      array (
        0 => 'Aura\\SqlQuery\\Mysql\\Select::__set_state(array(
   \'union\' => 
  array (
  ),
   \'for_update\' => false,
   \'cols\' => 
  array (
    0 => \'*\',
  ),
   \'from\' => 
  array (
    0 => 
    array (
      0 => \'`90_user_answer`\',
      1 => \'NATURAL JOIN `90_question_1`\',
    ),
  ),
   \'from_key\' => 0,
   \'group_by\' => 
  array (
  ),
   \'having\' => 
  array (
  ),
   \'page\' => 0,
   \'paging\' => 10,
   \'table_refs\' => 
  array (
    \'90_user_answer\' => \'FROM 90_user_answer\',
    \'90_question_1\' => \'NATURAL JOIN 90_question_1\',
  ),
   \'bind_values\' => 
  array (
    \'_195_1_\' => \'2016042721081774329\',
  ),
   \'where\' => 
  array (
    0 => \'user_id = :_195_1_\',
  ),
   \'order_by\' => 
  array (
  ),
   \'limit\' => 0,
   \'offset\' => 0,
   \'flags\' => 
  array (
  ),
   \'quoter\' => 
  Aura\\SqlQuery\\Quoter::__set_state(array(
     \'quote_name_prefix\' => \'`\',
     \'quote_name_suffix\' => \'`\',
  )),
   \'seq_bind_prefix\' => \'_195\',
))',
      ),
      'class' => 'dao\\BaseDao',
      'type' => '->',
    ),
    2 => 
    array (
      'file' => '/root/apps/90server/Application/apps/dao/BaseDao.php',
      'line' => 44,
      'function' => 'getUserInfo',
      'args' => 
      array (
      ),
      'class' => 'dao\\user\\Info',
      'type' => '->',
    ),
    3 => 
    array (
      'file' => '/root/apps/90server/Application/apps/ctrl/User.php',
      'line' => 37,
      'function' => 'run',
      'args' => 
      array (
        0 => '\'getUserInfo\'',
        1 => '\'2016042721081774329\'',
      ),
      'class' => 'dao\\BaseDao',
      'type' => '->',
    ),
    4 => 
    array (
      'file' => '/root/apps/90server/ZPHP/Core/Route.php',
      'line' => 33,
      'function' => 'getUserInfo',
      'args' => 
      array (
      ),
      'class' => 'ctrl\\User',
      'type' => '->',
    ),
    5 => 
    array (
      'file' => '/root/apps/90server/Application/apps/socket/HttpServer.php',
      'line' => 53,
      'function' => 'route',
      'args' => 
      array (
      ),
      'class' => 'ZPHP\\Core\\Route',
      'type' => '::',
    ),
    6 => 
    array (
      'file' => 'null',
      'line' => 'null',
      'function' => 'onRequest',
      'args' => 
      array (
        0 => 'swoole_http_request::__set_state(array(
   \'fd\' => 323,
   \'header\' => 
  array (
    \'content-length\' => \'27\',
    \'content-type\' => \'application/x-www-form-urlencoded\',
    \'host\' => \'101.201.39.169:8992\',
    \'connection\' => \'Keep-Alive\',
    \'user-agent\' => \'Apache-HttpClient/UNAVAILABLE (java 1.4)\',
  ),
   \'server\' => 
  array (
    \'request_method\' => \'POST\',
    \'request_uri\' => \'/User/getUserInfo\',
    \'path_info\' => \'/User/getUserInfo\',
    \'request_time\' => 1461769126,
    \'request_time_float\' => 1461769126.5244191,
    \'server_port\' => 8992,
    \'remote_port\' => 2472,
    \'remote_addr\' => \'39.153.92.64\',
    \'server_protocol\' => \'HTTP/1.1\',
    \'server_software\' => \'swoole-http-server\',
  ),
   \'post\' => 
  array (
    \'user_id\' => \'2016042721081774329\',
  ),
))',
        1 => 'swoole_http_response::__set_state(array(
   \'fd\' => 323,
))',
      ),
      'class' => 'socket\\HttpServer',
      'type' => '->',
    ),
    7 => 
    array (
      'file' => '/root/apps/90server/ZPHP/Socket/Adapter/Swoole.php',
      'line' => 134,
      'function' => 'start',
      'args' => 
      array (
      ),
      'class' => 'swoole_http_server',
      'type' => '->',
    ),
    8 => 
    array (
      'file' => '/root/apps/90server/ZPHP/Server/Adapter/Socket.php',
      'line' => 31,
      'function' => 'run',
      'args' => 
      array (
      ),
      'class' => 'ZPHP\\Socket\\Adapter\\Swoole',
      'type' => '->',
    ),
    9 => 
    array (
      'file' => '/root/apps/90server/ZPHP/ZPHP.php',
      'line' => 189,
      'function' => 'run',
      'args' => 
      array (
      ),
      'class' => 'ZPHP\\Server\\Adapter\\Socket',
      'type' => '->',
    ),
    10 => 
    array (
      'file' => '/root/apps/90server/Application/webroot/main.php',
      'line' => 7,
      'function' => 'run',
      'args' => 
      array (
        0 => '\'/root/apps/90server/Application\'',
      ),
      'class' => 'ZPHP\\ZPHP',
      'type' => '::',
    ),
  ),
)
2016-04-27 22:59:31
array (
  'className' => 'Exception',
  'message' => 'SQLSTATE[42S02]: Base table or view not found: 1146 Table \'90game.90_question_1\' doesn\'t exist',
  'code' => '42S02',
  'file' => '/root/apps/90server/Application/apps/dao/BaseDao.php',
  'line' => 67,
  'userAgent' => '',
  'trace' => 
  array (
    0 => 
    array (
      'file' => '/root/apps/90server/Application/apps/dao/BaseDao.php',
      'line' => 67,
      'function' => 'execute',
      'args' => 
      array (
        0 => 'array (
  \'_127_1_\' => \'2016042721081774329\',
)',
      ),
      'class' => 'PDOStatement',
      'type' => '->',
    ),
    1 => 
    array (
      'file' => '/root/apps/90server/Application/apps/dao/user/Info.php',
      'line' => 150,
      'function' => 'execute',
      'args' => 
      array (
        0 => 'Aura\\SqlQuery\\Mysql\\Select::__set_state(array(
   \'union\' => 
  array (
  ),
   \'for_update\' => false,
   \'cols\' => 
  array (
    0 => \'*\',
  ),
   \'from\' => 
  array (
    0 => 
    array (
      0 => \'`90_user_answer`\',
      1 => \'NATURAL JOIN `90_question_1`\',
    ),
  ),
   \'from_key\' => 0,
   \'group_by\' => 
  array (
  ),
   \'having\' => 
  array (
  ),
   \'page\' => 0,
   \'paging\' => 10,
   \'table_refs\' => 
  array (
    \'90_user_answer\' => \'FROM 90_user_answer\',
    \'90_question_1\' => \'NATURAL JOIN 90_question_1\',
  ),
   \'bind_values\' => 
  array (
    \'_127_1_\' => \'2016042721081774329\',
  ),
   \'where\' => 
  array (
    0 => \'user_id = :_127_1_\',
  ),
   \'order_by\' => 
  array (
  ),
   \'limit\' => 0,
   \'offset\' => 0,
   \'flags\' => 
  array (
  ),
   \'quoter\' => 
  Aura\\SqlQuery\\Quoter::__set_state(array(
     \'quote_name_prefix\' => \'`\',
     \'quote_name_suffix\' => \'`\',
  )),
   \'seq_bind_prefix\' => \'_127\',
))',
      ),
      'class' => 'dao\\BaseDao',
      'type' => '->',
    ),
    2 => 
    array (
      'file' => '/root/apps/90server/Application/apps/dao/BaseDao.php',
      'line' => 44,
      'function' => 'getUserInfo',
      'args' => 
      array (
      ),
      'class' => 'dao\\user\\Info',
      'type' => '->',
    ),
    3 => 
    array (
      'file' => '/root/apps/90server/Application/apps/ctrl/User.php',
      'line' => 37,
      'function' => 'run',
      'args' => 
      array (
        0 => '\'getUserInfo\'',
        1 => '\'2016042721081774329\'',
      ),
      'class' => 'dao\\BaseDao',
      'type' => '->',
    ),
    4 => 
    array (
      'file' => '/root/apps/90server/ZPHP/Core/Route.php',
      'line' => 33,
      'function' => 'getUserInfo',
      'args' => 
      array (
      ),
      'class' => 'ctrl\\User',
      'type' => '->',
    ),
    5 => 
    array (
      'file' => '/root/apps/90server/Application/apps/socket/HttpServer.php',
      'line' => 53,
      'function' => 'route',
      'args' => 
      array (
      ),
      'class' => 'ZPHP\\Core\\Route',
      'type' => '::',
    ),
    6 => 
    array (
      'file' => 'null',
      'line' => 'null',
      'function' => 'onRequest',
      'args' => 
      array (
        0 => 'swoole_http_request::__set_state(array(
   \'fd\' => 328,
   \'header\' => 
  array (
    \'host\' => \'101.201.39.169:8992\',
    \'accept\' => \'*/*\',
    \'content-length\' => \'28\',
    \'content-type\' => \'application/x-www-form-urlencoded\',
  ),
   \'server\' => 
  array (
    \'request_method\' => \'POST\',
    \'request_uri\' => \'/User/getUserInfo\',
    \'path_info\' => \'/User/getUserInfo\',
    \'request_time\' => 1461769171,
    \'request_time_float\' => 1461769171.437676,
    \'server_port\' => 8992,
    \'remote_port\' => 42446,
    \'remote_addr\' => \'180.172.167.54\',
    \'server_protocol\' => \'HTTP/1.1\',
    \'server_software\' => \'swoole-http-server\',
  ),
   \'post\' => 
  array (
    \'user_id\' => \'2016042721081774329\',
  ),
))',
        1 => 'swoole_http_response::__set_state(array(
   \'fd\' => 328,
))',
      ),
      'class' => 'socket\\HttpServer',
      'type' => '->',
    ),
    7 => 
    array (
      'file' => '/root/apps/90server/ZPHP/Socket/Adapter/Swoole.php',
      'line' => 134,
      'function' => 'start',
      'args' => 
      array (
      ),
      'class' => 'swoole_http_server',
      'type' => '->',
    ),
    8 => 
    array (
      'file' => '/root/apps/90server/ZPHP/Server/Adapter/Socket.php',
      'line' => 31,
      'function' => 'run',
      'args' => 
      array (
      ),
      'class' => 'ZPHP\\Socket\\Adapter\\Swoole',
      'type' => '->',
    ),
    9 => 
    array (
      'file' => '/root/apps/90server/ZPHP/ZPHP.php',
      'line' => 189,
      'function' => 'run',
      'args' => 
      array (
      ),
      'class' => 'ZPHP\\Server\\Adapter\\Socket',
      'type' => '->',
    ),
    10 => 
    array (
      'file' => '/root/apps/90server/Application/webroot/main.php',
      'line' => 7,
      'function' => 'run',
      'args' => 
      array (
        0 => '\'/root/apps/90server/Application\'',
      ),
      'class' => 'ZPHP\\ZPHP',
      'type' => '::',
    ),
  ),
)
2016-04-27 23:00:13
array (
  'className' => 'Exception',
  'message' => 'SQLSTATE[42S02]: Base table or view not found: 1146 Table \'90game.90_question_1\' doesn\'t exist',
  'code' => '42S02',
  'file' => '/root/apps/90server/Application/apps/dao/BaseDao.php',
  'line' => 67,
  'userAgent' => '',
  'trace' => 
  array (
    0 => 
    array (
      'file' => '/root/apps/90server/Application/apps/dao/BaseDao.php',
      'line' => 67,
      'function' => 'execute',
      'args' => 
      array (
        0 => 'array (
  \'_203_1_\' => \'2016042721081774329\',
)',
      ),
      'class' => 'PDOStatement',
      'type' => '->',
    ),
    1 => 
    array (
      'file' => '/root/apps/90server/Application/apps/dao/user/Info.php',
      'line' => 150,
      'function' => 'execute',
      'args' => 
      array (
        0 => 'Aura\\SqlQuery\\Mysql\\Select::__set_state(array(
   \'union\' => 
  array (
  ),
   \'for_update\' => false,
   \'cols\' => 
  array (
    0 => \'*\',
  ),
   \'from\' => 
  array (
    0 => 
    array (
      0 => \'`90_user_answer`\',
      1 => \'NATURAL JOIN `90_question_1`\',
    ),
  ),
   \'from_key\' => 0,
   \'group_by\' => 
  array (
  ),
   \'having\' => 
  array (
  ),
   \'page\' => 0,
   \'paging\' => 10,
   \'table_refs\' => 
  array (
    \'90_user_answer\' => \'FROM 90_user_answer\',
    \'90_question_1\' => \'NATURAL JOIN 90_question_1\',
  ),
   \'bind_values\' => 
  array (
    \'_203_1_\' => \'2016042721081774329\',
  ),
   \'where\' => 
  array (
    0 => \'user_id = :_203_1_\',
  ),
   \'order_by\' => 
  array (
  ),
   \'limit\' => 0,
   \'offset\' => 0,
   \'flags\' => 
  array (
  ),
   \'quoter\' => 
  Aura\\SqlQuery\\Quoter::__set_state(array(
     \'quote_name_prefix\' => \'`\',
     \'quote_name_suffix\' => \'`\',
  )),
   \'seq_bind_prefix\' => \'_203\',
))',
      ),
      'class' => 'dao\\BaseDao',
      'type' => '->',
    ),
    2 => 
    array (
      'file' => '/root/apps/90server/Application/apps/dao/BaseDao.php',
      'line' => 44,
      'function' => 'getUserInfo',
      'args' => 
      array (
      ),
      'class' => 'dao\\user\\Info',
      'type' => '->',
    ),
    3 => 
    array (
      'file' => '/root/apps/90server/Application/apps/ctrl/User.php',
      'line' => 37,
      'function' => 'run',
      'args' => 
      array (
        0 => '\'getUserInfo\'',
        1 => '\'2016042721081774329\'',
      ),
      'class' => 'dao\\BaseDao',
      'type' => '->',
    ),
    4 => 
    array (
      'file' => '/root/apps/90server/ZPHP/Core/Route.php',
      'line' => 33,
      'function' => 'getUserInfo',
      'args' => 
      array (
      ),
      'class' => 'ctrl\\User',
      'type' => '->',
    ),
    5 => 
    array (
      'file' => '/root/apps/90server/Application/apps/socket/HttpServer.php',
      'line' => 53,
      'function' => 'route',
      'args' => 
      array (
      ),
      'class' => 'ZPHP\\Core\\Route',
      'type' => '::',
    ),
    6 => 
    array (
      'file' => 'null',
      'line' => 'null',
      'function' => 'onRequest',
      'args' => 
      array (
        0 => 'swoole_http_request::__set_state(array(
   \'fd\' => 340,
   \'header\' => 
  array (
    \'content-length\' => \'27\',
    \'content-type\' => \'application/x-www-form-urlencoded\',
    \'host\' => \'101.201.39.169:8992\',
    \'connection\' => \'Keep-Alive\',
    \'user-agent\' => \'Apache-HttpClient/UNAVAILABLE (java 1.4)\',
  ),
   \'server\' => 
  array (
    \'request_method\' => \'POST\',
    \'request_uri\' => \'/User/getUserInfo\',
    \'path_info\' => \'/User/getUserInfo\',
    \'request_time\' => 1461769213,
    \'request_time_float\' => 1461769213.8930099,
    \'server_port\' => 8992,
    \'remote_port\' => 2488,
    \'remote_addr\' => \'39.153.92.64\',
    \'server_protocol\' => \'HTTP/1.1\',
    \'server_software\' => \'swoole-http-server\',
  ),
   \'post\' => 
  array (
    \'user_id\' => \'2016042721081774329\',
  ),
))',
        1 => 'swoole_http_response::__set_state(array(
   \'fd\' => 340,
))',
      ),
      'class' => 'socket\\HttpServer',
      'type' => '->',
    ),
    7 => 
    array (
      'file' => '/root/apps/90server/ZPHP/Socket/Adapter/Swoole.php',
      'line' => 134,
      'function' => 'start',
      'args' => 
      array (
      ),
      'class' => 'swoole_http_server',
      'type' => '->',
    ),
    8 => 
    array (
      'file' => '/root/apps/90server/ZPHP/Server/Adapter/Socket.php',
      'line' => 31,
      'function' => 'run',
      'args' => 
      array (
      ),
      'class' => 'ZPHP\\Socket\\Adapter\\Swoole',
      'type' => '->',
    ),
    9 => 
    array (
      'file' => '/root/apps/90server/ZPHP/ZPHP.php',
      'line' => 189,
      'function' => 'run',
      'args' => 
      array (
      ),
      'class' => 'ZPHP\\Server\\Adapter\\Socket',
      'type' => '->',
    ),
    10 => 
    array (
      'file' => '/root/apps/90server/Application/webroot/main.php',
      'line' => 7,
      'function' => 'run',
      'args' => 
      array (
        0 => '\'/root/apps/90server/Application\'',
      ),
      'class' => 'ZPHP\\ZPHP',
      'type' => '::',
    ),
  ),
)
