2016-04-23 19:01:22
array (
  'className' => 'Exception',
  'message' => 'SQLSTATE[42S22]: Column not found: 1054 Unknown column \'90_user_base.id\' in \'on clause\'',
  'code' => '42S22',
  'file' => '/root/apps/90server/Application/apps/dao/BaseDao.php',
  'line' => 67,
  'userAgent' => '',
  'trace' => 
  array (
    0 => 
    array (
      'file' => '/root/apps/90server/Application/apps/dao/BaseDao.php',
      'line' => 67,
      'function' => 'execute',
      'args' => 
      array (
        0 => 'array (
)',
      ),
      'class' => 'PDOStatement',
      'type' => '->',
    ),
    1 => 
    array (
      'file' => '/root/apps/90server/Application/apps/dao/user/Info.php',
      'line' => 217,
      'function' => 'execute',
      'args' => 
      array (
        0 => 'Aura\\SqlQuery\\Mysql\\Select::__set_state(array(
   \'union\' => 
  array (
  ),
   \'for_update\' => false,
   \'cols\' => 
  array (
    0 => \'user_id\',
    1 => \'user_name\',
    2 => \'user_avatar\',
    3 => \'gold\',
    4 => \'rank\',
    5 => \'area_name\',
  ),
   \'from\' => 
  array (
    0 => 
    array (
      0 => \'`90_rank`\',
      1 => \'NATURAL JOIN `90_user_base`\',
      2 => \'LEFT JOIN `90_city` ON 90_user_base.id = 90_city.foo_id\',
    ),
  ),
   \'from_key\' => 0,
   \'group_by\' => 
  array (
  ),
   \'having\' => 
  array (
  ),
   \'page\' => 0,
   \'paging\' => 10,
   \'table_refs\' => 
  array (
    \'90_rank\' => \'FROM 90_rank\',
    \'90_user_base\' => \'NATURAL JOIN 90_user_base\',
    \'90_city\' => \'LEFT JOIN 90_city\',
  ),
   \'bind_values\' => 
  array (
  ),
   \'where\' => 
  array (
  ),
   \'order_by\' => 
  array (
  ),
   \'limit\' => 100,
   \'offset\' => 0,
   \'flags\' => 
  array (
  ),
   \'quoter\' => 
  Aura\\SqlQuery\\Quoter::__set_state(array(
     \'quote_name_prefix\' => \'`\',
     \'quote_name_suffix\' => \'`\',
  )),
   \'seq_bind_prefix\' => \'\',
))',
      ),
      'class' => 'dao\\BaseDao',
      'type' => '->',
    ),
    2 => 
    array (
      'file' => '/root/apps/90server/Application/apps/dao/BaseDao.php',
      'line' => 44,
      'function' => 'getAllRank',
      'args' => 
      array (
      ),
      'class' => 'dao\\user\\Info',
      'type' => '->',
    ),
    3 => 
    array (
      'file' => '/root/apps/90server/Application/apps/ctrl/User.php',
      'line' => 79,
      'function' => 'run',
      'args' => 
      array (
        0 => '\'getAllRank\'',
      ),
      'class' => 'dao\\BaseDao',
      'type' => '->',
    ),
    4 => 
    array (
      'file' => '/root/apps/90server/ZPHP/Core/Route.php',
      'line' => 33,
      'function' => 'getAllRank',
      'args' => 
      array (
      ),
      'class' => 'ctrl\\User',
      'type' => '->',
    ),
    5 => 
    array (
      'file' => '/root/apps/90server/Application/apps/socket/HttpServer.php',
      'line' => 53,
      'function' => 'route',
      'args' => 
      array (
      ),
      'class' => 'ZPHP\\Core\\Route',
      'type' => '::',
    ),
    6 => 
    array (
      'file' => 'null',
      'line' => 'null',
      'function' => 'onRequest',
      'args' => 
      array (
        0 => 'swoole_http_request::__set_state(array(
   \'fd\' => 1,
   \'header\' => 
  array (
    \'host\' => \'101.201.39.169:8992\',
    \'accept\' => \'*/*\',
  ),
   \'server\' => 
  array (
    \'request_method\' => \'GET\',
    \'request_uri\' => \'/User/getAllRank\',
    \'path_info\' => \'/User/getAllRank\',
    \'request_time\' => 1461409282,
    \'request_time_float\' => 1461409282.886338,
    \'server_port\' => 8992,
    \'remote_port\' => 42211,
    \'remote_addr\' => \'218.82.156.42\',
    \'server_protocol\' => \'HTTP/1.1\',
    \'server_software\' => \'swoole-http-server\',
  ),
))',
        1 => 'swoole_http_response::__set_state(array(
   \'fd\' => 1,
))',
      ),
      'class' => 'socket\\HttpServer',
      'type' => '->',
    ),
    7 => 
    array (
      'file' => '/root/apps/90server/ZPHP/Socket/Adapter/Swoole.php',
      'line' => 134,
      'function' => 'start',
      'args' => 
      array (
      ),
      'class' => 'swoole_http_server',
      'type' => '->',
    ),
    8 => 
    array (
      'file' => '/root/apps/90server/ZPHP/Server/Adapter/Socket.php',
      'line' => 31,
      'function' => 'run',
      'args' => 
      array (
      ),
      'class' => 'ZPHP\\Socket\\Adapter\\Swoole',
      'type' => '->',
    ),
    9 => 
    array (
      'file' => '/root/apps/90server/ZPHP/ZPHP.php',
      'line' => 189,
      'function' => 'run',
      'args' => 
      array (
      ),
      'class' => 'ZPHP\\Server\\Adapter\\Socket',
      'type' => '->',
    ),
    10 => 
    array (
      'file' => '/root/apps/90server/Application/webroot/main.php',
      'line' => 7,
      'function' => 'run',
      'args' => 
      array (
        0 => '\'/root/apps/90server/Application\'',
      ),
      'class' => 'ZPHP\\ZPHP',
      'type' => '::',
    ),
  ),
)
2016-04-23 21:30:06
array (
  'className' => 'Exception',
  'message' => 'SQLSTATE[42S02]: Base table or view not found: 1146 Table \'90game.90_question_8\' doesn\'t exist',
  'code' => '42S02',
  'file' => '/root/apps/90server/Application/apps/dao/BaseDao.php',
  'line' => 67,
  'userAgent' => '',
  'trace' => 
  array (
    0 => 
    array (
      'file' => '/root/apps/90server/Application/apps/dao/BaseDao.php',
      'line' => 67,
      'function' => 'execute',
      'args' => 
      array (
        0 => 'array (
  \'_3_1_\' => \'2016042217460792344\',
)',
      ),
      'class' => 'PDOStatement',
      'type' => '->',
    ),
    1 => 
    array (
      'file' => '/root/apps/90server/Application/apps/dao/question/Question.php',
      'line' => 102,
      'function' => 'execute',
      'args' => 
      array (
        0 => 'Aura\\SqlQuery\\Mysql\\Select::__set_state(array(
   \'union\' => 
  array (
  ),
   \'for_update\' => false,
   \'cols\' => 
  array (
    0 => \'*\',
    1 => \'(select count(user_id) from 90_user_answer where user_id = 2016040417074219685 and 90_user_answer.qid = 90_question_8.qid ) as is_answer\',
  ),
   \'from\' => 
  array (
    0 => 
    array (
      0 => \'`90_question_8`\',
    ),
  ),
   \'from_key\' => 0,
   \'group_by\' => 
  array (
  ),
   \'having\' => 
  array (
  ),
   \'page\' => 0,
   \'paging\' => 10,
   \'table_refs\' => 
  array (
    \'90_question_8\' => \'FROM 90_question_8\',
  ),
   \'bind_values\' => 
  array (
    \'_3_1_\' => \'2016042217460792344\',
  ),
   \'where\' => 
  array (
    0 => \'qid = :_3_1_\',
  ),
   \'order_by\' => 
  array (
    0 => \'serial desc\',
  ),
   \'limit\' => 0,
   \'offset\' => 0,
   \'flags\' => 
  array (
  ),
   \'quoter\' => 
  Aura\\SqlQuery\\Quoter::__set_state(array(
     \'quote_name_prefix\' => \'`\',
     \'quote_name_suffix\' => \'`\',
  )),
   \'seq_bind_prefix\' => \'_3\',
))',
      ),
      'class' => 'dao\\BaseDao',
      'type' => '->',
    ),
    2 => 
    array (
      'file' => '/root/apps/90server/Application/apps/dao/BaseDao.php',
      'line' => 44,
      'function' => 'getDetail',
      'args' => 
      array (
      ),
      'class' => 'dao\\question\\Question',
      'type' => '->',
    ),
    3 => 
    array (
      'file' => '/root/apps/90server/Application/apps/ctrl/Question.php',
      'line' => 128,
      'function' => 'run',
      'args' => 
      array (
        0 => '\'getDetail\'',
        1 => '\'2016042217460792344\'',
        2 => '\'8\'',
        3 => '\'2016040417074219685\'',
      ),
      'class' => 'dao\\BaseDao',
      'type' => '->',
    ),
    4 => 
    array (
      'file' => '/root/apps/90server/ZPHP/Core/Route.php',
      'line' => 33,
      'function' => 'detail',
      'args' => 
      array (
      ),
      'class' => 'ctrl\\Question',
      'type' => '->',
    ),
    5 => 
    array (
      'file' => '/root/apps/90server/Application/apps/socket/HttpServer.php',
      'line' => 53,
      'function' => 'route',
      'args' => 
      array (
      ),
      'class' => 'ZPHP\\Core\\Route',
      'type' => '::',
    ),
    6 => 
    array (
      'file' => 'null',
      'line' => 'null',
      'function' => 'onRequest',
      'args' => 
      array (
        0 => 'swoole_http_request::__set_state(array(
   \'fd\' => 9,
   \'header\' => 
  array (
    \'host\' => \'101.201.39.169:8992\',
    \'content-type\' => \'application/x-www-form-urlencoded\',
    \'connection\' => \'keep-alive\',
    \'accept\' => \'*/*\',
    \'user-agent\' => \'NineZeroProject/1.0 (iPhone; iOS 9.3; Scale/2.00)\',
    \'accept-language\' => \'en-US;q=1\',
    \'accept-encoding\' => \'gzip, deflate\',
    \'content-length\' => \'69\',
  ),
   \'server\' => 
  array (
    \'request_method\' => \'POST\',
    \'request_uri\' => \'/Question/detail\',
    \'path_info\' => \'/Question/detail\',
    \'request_time\' => 1461418205,
    \'request_time_float\' => 1461418206.6760049,
    \'server_port\' => 8992,
    \'remote_port\' => 45311,
    \'remote_addr\' => \'107.161.88.18\',
    \'server_protocol\' => \'HTTP/1.1\',
    \'server_software\' => \'swoole-http-server\',
  ),
   \'post\' => 
  array (
    \'area_id\' => \'8\',
    \'question_id\' => \'2016042217460792344\',
    \'user_id\' => \'2016040417074219685\',
  ),
))',
        1 => 'swoole_http_response::__set_state(array(
   \'fd\' => 9,
))',
      ),
      'class' => 'socket\\HttpServer',
      'type' => '->',
    ),
    7 => 
    array (
      'file' => '/root/apps/90server/ZPHP/Socket/Adapter/Swoole.php',
      'line' => 134,
      'function' => 'start',
      'args' => 
      array (
      ),
      'class' => 'swoole_http_server',
      'type' => '->',
    ),
    8 => 
    array (
      'file' => '/root/apps/90server/ZPHP/Server/Adapter/Socket.php',
      'line' => 31,
      'function' => 'run',
      'args' => 
      array (
      ),
      'class' => 'ZPHP\\Socket\\Adapter\\Swoole',
      'type' => '->',
    ),
    9 => 
    array (
      'file' => '/root/apps/90server/ZPHP/ZPHP.php',
      'line' => 189,
      'function' => 'run',
      'args' => 
      array (
      ),
      'class' => 'ZPHP\\Server\\Adapter\\Socket',
      'type' => '->',
    ),
    10 => 
    array (
      'file' => '/root/apps/90server/Application/webroot/main.php',
      'line' => 7,
      'function' => 'run',
      'args' => 
      array (
        0 => '\'/root/apps/90server/Application\'',
      ),
      'class' => 'ZPHP\\ZPHP',
      'type' => '::',
    ),
  ),
)
2016-04-23 21:35:44
array (
  'className' => 'Exception',
  'message' => 'SQLSTATE[42S02]: Base table or view not found: 1146 Table \'90game.90_question_8\' doesn\'t exist',
  'code' => '42S02',
  'file' => '/root/apps/90server/Application/apps/dao/BaseDao.php',
  'line' => 67,
  'userAgent' => '',
  'trace' => 
  array (
    0 => 
    array (
      'file' => '/root/apps/90server/Application/apps/dao/BaseDao.php',
      'line' => 67,
      'function' => 'execute',
      'args' => 
      array (
        0 => 'array (
  \'_20_1_\' => \'2016042217460792344\',
)',
      ),
      'class' => 'PDOStatement',
      'type' => '->',
    ),
    1 => 
    array (
      'file' => '/root/apps/90server/Application/apps/dao/question/Question.php',
      'line' => 102,
      'function' => 'execute',
      'args' => 
      array (
        0 => 'Aura\\SqlQuery\\Mysql\\Select::__set_state(array(
   \'union\' => 
  array (
  ),
   \'for_update\' => false,
   \'cols\' => 
  array (
    0 => \'*\',
    1 => \'(select count(user_id) from 90_user_answer where user_id = 2016040417074219685 and 90_user_answer.qid = 90_question_8.qid ) as is_answer\',
  ),
   \'from\' => 
  array (
    0 => 
    array (
      0 => \'`90_question_8`\',
    ),
  ),
   \'from_key\' => 0,
   \'group_by\' => 
  array (
  ),
   \'having\' => 
  array (
  ),
   \'page\' => 0,
   \'paging\' => 10,
   \'table_refs\' => 
  array (
    \'90_question_8\' => \'FROM 90_question_8\',
  ),
   \'bind_values\' => 
  array (
    \'_20_1_\' => \'2016042217460792344\',
  ),
   \'where\' => 
  array (
    0 => \'qid = :_20_1_\',
  ),
   \'order_by\' => 
  array (
    0 => \'serial desc\',
  ),
   \'limit\' => 0,
   \'offset\' => 0,
   \'flags\' => 
  array (
  ),
   \'quoter\' => 
  Aura\\SqlQuery\\Quoter::__set_state(array(
     \'quote_name_prefix\' => \'`\',
     \'quote_name_suffix\' => \'`\',
  )),
   \'seq_bind_prefix\' => \'_20\',
))',
      ),
      'class' => 'dao\\BaseDao',
      'type' => '->',
    ),
    2 => 
    array (
      'file' => '/root/apps/90server/Application/apps/dao/BaseDao.php',
      'line' => 44,
      'function' => 'getDetail',
      'args' => 
      array (
      ),
      'class' => 'dao\\question\\Question',
      'type' => '->',
    ),
    3 => 
    array (
      'file' => '/root/apps/90server/Application/apps/ctrl/Question.php',
      'line' => 128,
      'function' => 'run',
      'args' => 
      array (
        0 => '\'getDetail\'',
        1 => '\'2016042217460792344\'',
        2 => '\'8\'',
        3 => '\'2016040417074219685\'',
      ),
      'class' => 'dao\\BaseDao',
      'type' => '->',
    ),
    4 => 
    array (
      'file' => '/root/apps/90server/ZPHP/Core/Route.php',
      'line' => 33,
      'function' => 'detail',
      'args' => 
      array (
      ),
      'class' => 'ctrl\\Question',
      'type' => '->',
    ),
    5 => 
    array (
      'file' => '/root/apps/90server/Application/apps/socket/HttpServer.php',
      'line' => 53,
      'function' => 'route',
      'args' => 
      array (
      ),
      'class' => 'ZPHP\\Core\\Route',
      'type' => '::',
    ),
    6 => 
    array (
      'file' => 'null',
      'line' => 'null',
      'function' => 'onRequest',
      'args' => 
      array (
        0 => 'swoole_http_request::__set_state(array(
   \'fd\' => 36,
   \'header\' => 
  array (
    \'host\' => \'101.201.39.169:8992\',
    \'content-type\' => \'application/x-www-form-urlencoded\',
    \'connection\' => \'keep-alive\',
    \'accept\' => \'*/*\',
    \'user-agent\' => \'NineZeroProject/1.0 (iPhone; iOS 9.3; Scale/2.00)\',
    \'accept-language\' => \'en-US;q=1\',
    \'accept-encoding\' => \'gzip, deflate\',
    \'content-length\' => \'69\',
  ),
   \'server\' => 
  array (
    \'request_method\' => \'POST\',
    \'request_uri\' => \'/Question/detail\',
    \'path_info\' => \'/Question/detail\',
    \'request_time\' => 1461418544,
    \'request_time_float\' => 1461418544.8320429,
    \'server_port\' => 8992,
    \'remote_port\' => 45641,
    \'remote_addr\' => \'107.161.88.18\',
    \'server_protocol\' => \'HTTP/1.1\',
    \'server_software\' => \'swoole-http-server\',
  ),
   \'post\' => 
  array (
    \'area_id\' => \'8\',
    \'question_id\' => \'2016042217460792344\',
    \'user_id\' => \'2016040417074219685\',
  ),
))',
        1 => 'swoole_http_response::__set_state(array(
   \'fd\' => 36,
))',
      ),
      'class' => 'socket\\HttpServer',
      'type' => '->',
    ),
    7 => 
    array (
      'file' => '/root/apps/90server/ZPHP/Socket/Adapter/Swoole.php',
      'line' => 134,
      'function' => 'start',
      'args' => 
      array (
      ),
      'class' => 'swoole_http_server',
      'type' => '->',
    ),
    8 => 
    array (
      'file' => '/root/apps/90server/ZPHP/Server/Adapter/Socket.php',
      'line' => 31,
      'function' => 'run',
      'args' => 
      array (
      ),
      'class' => 'ZPHP\\Socket\\Adapter\\Swoole',
      'type' => '->',
    ),
    9 => 
    array (
      'file' => '/root/apps/90server/ZPHP/ZPHP.php',
      'line' => 189,
      'function' => 'run',
      'args' => 
      array (
      ),
      'class' => 'ZPHP\\Server\\Adapter\\Socket',
      'type' => '->',
    ),
    10 => 
    array (
      'file' => '/root/apps/90server/Application/webroot/main.php',
      'line' => 7,
      'function' => 'run',
      'args' => 
      array (
        0 => '\'/root/apps/90server/Application\'',
      ),
      'class' => 'ZPHP\\ZPHP',
      'type' => '::',
    ),
  ),
)
