2016-04-30 14:46:44
array (
  'className' => 'Exception',
  'message' => 'SQLSTATE[42000]: Syntax error or access violation: 1064 You have an error in your SQL syntax; check the manual that corresponds to your MySQL server version for the right syntax to use near \')
    AND qid =\' at line 6',
  'code' => '42000',
  'file' => '/root/apps/90server/Application/apps/dao/BaseDao.php',
  'line' => 67,
  'userAgent' => '',
  'trace' => 
  array (
    0 => 
    array (
      'file' => '/root/apps/90server/Application/apps/dao/BaseDao.php',
      'line' => 67,
      'function' => 'execute',
      'args' => 
      array (
        0 => 'array (
)',
      ),
      'class' => 'PDOStatement',
      'type' => '->',
    ),
    1 => 
    array (
      'file' => '/root/apps/90server/Application/apps/dao/question/Question.php',
      'line' => 225,
      'function' => 'execute',
      'args' => 
      array (
        0 => 'Aura\\SqlQuery\\Mysql\\Select::__set_state(array(
   \'union\' => 
  array (
  ),
   \'for_update\' => false,
   \'cols\' => 
  array (
    \'rank\' => \'count(user_id)\',
  ),
   \'from\' => 
  array (
    0 => 
    array (
      0 => \'`90_user_answer`\',
    ),
  ),
   \'from_key\' => 0,
   \'group_by\' => 
  array (
  ),
   \'having\' => 
  array (
  ),
   \'page\' => 0,
   \'paging\' => 10,
   \'table_refs\' => 
  array (
    \'90_user_answer\' => \'FROM 90_user_answer\',
  ),
   \'bind_values\' => 
  array (
  ),
   \'where\' => 
  array (
    0 => \'answer_time < (select answer_time from 90_user_answer where user_id = 2016042916554974032 and qid = )\',
    1 => \'AND qid = \',
  ),
   \'order_by\' => 
  array (
  ),
   \'limit\' => 0,
   \'offset\' => 0,
   \'flags\' => 
  array (
  ),
   \'quoter\' => 
  Aura\\SqlQuery\\Quoter::__set_state(array(
     \'quote_name_prefix\' => \'`\',
     \'quote_name_suffix\' => \'`\',
  )),
   \'seq_bind_prefix\' => \'_32\',
))',
      ),
      'class' => 'dao\\BaseDao',
      'type' => '->',
    ),
    2 => 
    array (
      'file' => '/root/apps/90server/Application/apps/dao/BaseDao.php',
      'line' => 44,
      'function' => 'getAnsweredQuestion',
      'args' => 
      array (
      ),
      'class' => 'dao\\question\\Question',
      'type' => '->',
    ),
    3 => 
    array (
      'file' => '/root/apps/90server/Application/apps/ctrl/Question.php',
      'line' => 175,
      'function' => 'run',
      'args' => 
      array (
        0 => '\'getAnsweredQuestion\'',
        1 => '\'2016042916554974032\'',
        2 => 'NULL',
      ),
      'class' => 'dao\\BaseDao',
      'type' => '->',
    ),
    4 => 
    array (
      'file' => '/root/apps/90server/ZPHP/Core/Route.php',
      'line' => 33,
      'function' => 'getReward',
      'args' => 
      array (
      ),
      'class' => 'ctrl\\Question',
      'type' => '->',
    ),
    5 => 
    array (
      'file' => '/root/apps/90server/Application/apps/socket/HttpServer.php',
      'line' => 53,
      'function' => 'route',
      'args' => 
      array (
      ),
      'class' => 'ZPHP\\Core\\Route',
      'type' => '::',
    ),
    6 => 
    array (
      'file' => 'null',
      'line' => 'null',
      'function' => 'onRequest',
      'args' => 
      array (
        0 => 'swoole_http_request::__set_state(array(
   \'fd\' => 95,
   \'header\' => 
  array (
    \'content-length\' => \'80\',
    \'content-type\' => \'application/x-www-form-urlencoded\',
    \'host\' => \'101.201.39.169:8992\',
    \'connection\' => \'Keep-Alive\',
    \'user-agent\' => \'Apache-HttpClient/UNAVAILABLE (java 1.4)\',
  ),
   \'server\' => 
  array (
    \'request_method\' => \'POST\',
    \'request_uri\' => \'/Question/getReward\',
    \'path_info\' => \'/Question/getReward\',
    \'request_time\' => 1461998803,
    \'request_time_float\' => 1461998804.0965221,
    \'server_port\' => 8992,
    \'remote_port\' => 47076,
    \'remote_addr\' => \'123.120.230.5\',
    \'server_protocol\' => \'HTTP/1.1\',
    \'server_software\' => \'swoole-http-server\',
  ),
   \'post\' => 
  array (
    \'question_id\' => \'2016042217460792344\',
    \'reward_id\' => \'1461598287\',
    \'user_id\' => \'2016042916554974032\',
  ),
))',
        1 => 'swoole_http_response::__set_state(array(
   \'fd\' => 95,
))',
      ),
      'class' => 'socket\\HttpServer',
      'type' => '->',
    ),
    7 => 
    array (
      'file' => '/root/apps/90server/ZPHP/Socket/Adapter/Swoole.php',
      'line' => 134,
      'function' => 'start',
      'args' => 
      array (
      ),
      'class' => 'swoole_http_server',
      'type' => '->',
    ),
    8 => 
    array (
      'file' => '/root/apps/90server/ZPHP/Server/Adapter/Socket.php',
      'line' => 31,
      'function' => 'run',
      'args' => 
      array (
      ),
      'class' => 'ZPHP\\Socket\\Adapter\\Swoole',
      'type' => '->',
    ),
    9 => 
    array (
      'file' => '/root/apps/90server/ZPHP/ZPHP.php',
      'line' => 189,
      'function' => 'run',
      'args' => 
      array (
      ),
      'class' => 'ZPHP\\Server\\Adapter\\Socket',
      'type' => '->',
    ),
    10 => 
    array (
      'file' => '/root/apps/90server/Application/webroot/main.php',
      'line' => 7,
      'function' => 'run',
      'args' => 
      array (
        0 => '\'/root/apps/90server/Application\'',
      ),
      'class' => 'ZPHP\\ZPHP',
      'type' => '::',
    ),
  ),
)
2016-04-30 20:11:02
array (
  'className' => 'Exception',
  'message' => 'SQLSTATE[42000]: Syntax error or access violation: 1064 You have an error in your SQL syntax; check the manual that corresponds to your MySQL server version for the right syntax to use near \')
    AND qid =\' at line 6',
  'code' => '42000',
  'file' => '/root/apps/90server/Application/apps/dao/BaseDao.php',
  'line' => 67,
  'userAgent' => '',
  'trace' => 
  array (
    0 => 
    array (
      'file' => '/root/apps/90server/Application/apps/dao/BaseDao.php',
      'line' => 67,
      'function' => 'execute',
      'args' => 
      array (
        0 => 'array (
)',
      ),
      'class' => 'PDOStatement',
      'type' => '->',
    ),
    1 => 
    array (
      'file' => '/root/apps/90server/Application/apps/dao/question/Question.php',
      'line' => 225,
      'function' => 'execute',
      'args' => 
      array (
        0 => 'Aura\\SqlQuery\\Mysql\\Select::__set_state(array(
   \'union\' => 
  array (
  ),
   \'for_update\' => false,
   \'cols\' => 
  array (
    \'rank\' => \'count(user_id)\',
  ),
   \'from\' => 
  array (
    0 => 
    array (
      0 => \'`90_user_answer`\',
    ),
  ),
   \'from_key\' => 0,
   \'group_by\' => 
  array (
  ),
   \'having\' => 
  array (
  ),
   \'page\' => 0,
   \'paging\' => 10,
   \'table_refs\' => 
  array (
    \'90_user_answer\' => \'FROM 90_user_answer\',
  ),
   \'bind_values\' => 
  array (
  ),
   \'where\' => 
  array (
    0 => \'answer_time < (select answer_time from 90_user_answer where user_id = 2016042914465903072 and qid = )\',
    1 => \'AND qid = \',
  ),
   \'order_by\' => 
  array (
  ),
   \'limit\' => 0,
   \'offset\' => 0,
   \'flags\' => 
  array (
  ),
   \'quoter\' => 
  Aura\\SqlQuery\\Quoter::__set_state(array(
     \'quote_name_prefix\' => \'`\',
     \'quote_name_suffix\' => \'`\',
  )),
   \'seq_bind_prefix\' => \'_138\',
))',
      ),
      'class' => 'dao\\BaseDao',
      'type' => '->',
    ),
    2 => 
    array (
      'file' => '/root/apps/90server/Application/apps/dao/BaseDao.php',
      'line' => 44,
      'function' => 'getAnsweredQuestion',
      'args' => 
      array (
      ),
      'class' => 'dao\\question\\Question',
      'type' => '->',
    ),
    3 => 
    array (
      'file' => '/root/apps/90server/Application/apps/ctrl/Question.php',
      'line' => 175,
      'function' => 'run',
      'args' => 
      array (
        0 => '\'getAnsweredQuestion\'',
        1 => '\'2016042914465903072\'',
        2 => 'NULL',
      ),
      'class' => 'dao\\BaseDao',
      'type' => '->',
    ),
    4 => 
    array (
      'file' => '/root/apps/90server/ZPHP/Core/Route.php',
      'line' => 33,
      'function' => 'getReward',
      'args' => 
      array (
      ),
      'class' => 'ctrl\\Question',
      'type' => '->',
    ),
    5 => 
    array (
      'file' => '/root/apps/90server/Application/apps/socket/HttpServer.php',
      'line' => 53,
      'function' => 'route',
      'args' => 
      array (
      ),
      'class' => 'ZPHP\\Core\\Route',
      'type' => '::',
    ),
    6 => 
    array (
      'file' => 'null',
      'line' => 'null',
      'function' => 'onRequest',
      'args' => 
      array (
        0 => 'swoole_http_request::__set_state(array(
   \'fd\' => 321,
   \'header\' => 
  array (
    \'content-length\' => \'80\',
    \'content-type\' => \'application/x-www-form-urlencoded\',
    \'host\' => \'101.201.39.169:8992\',
    \'connection\' => \'Keep-Alive\',
    \'user-agent\' => \'Apache-HttpClient/UNAVAILABLE (java 1.4)\',
  ),
   \'server\' => 
  array (
    \'request_method\' => \'POST\',
    \'request_uri\' => \'/Question/getReward\',
    \'path_info\' => \'/Question/getReward\',
    \'request_time\' => 1462018262,
    \'request_time_float\' => 1462018262.830507,
    \'server_port\' => 8992,
    \'remote_port\' => 47367,
    \'remote_addr\' => \'123.120.230.5\',
    \'server_protocol\' => \'HTTP/1.1\',
    \'server_software\' => \'swoole-http-server\',
  ),
   \'post\' => 
  array (
    \'question_id\' => \'2016042217460792344\',
    \'reward_id\' => \'1461598287\',
    \'user_id\' => \'2016042914465903072\',
  ),
))',
        1 => 'swoole_http_response::__set_state(array(
   \'fd\' => 321,
))',
      ),
      'class' => 'socket\\HttpServer',
      'type' => '->',
    ),
    7 => 
    array (
      'file' => '/root/apps/90server/ZPHP/Socket/Adapter/Swoole.php',
      'line' => 134,
      'function' => 'start',
      'args' => 
      array (
      ),
      'class' => 'swoole_http_server',
      'type' => '->',
    ),
    8 => 
    array (
      'file' => '/root/apps/90server/ZPHP/Server/Adapter/Socket.php',
      'line' => 31,
      'function' => 'run',
      'args' => 
      array (
      ),
      'class' => 'ZPHP\\Socket\\Adapter\\Swoole',
      'type' => '->',
    ),
    9 => 
    array (
      'file' => '/root/apps/90server/ZPHP/ZPHP.php',
      'line' => 189,
      'function' => 'run',
      'args' => 
      array (
      ),
      'class' => 'ZPHP\\Server\\Adapter\\Socket',
      'type' => '->',
    ),
    10 => 
    array (
      'file' => '/root/apps/90server/Application/webroot/main.php',
      'line' => 7,
      'function' => 'run',
      'args' => 
      array (
        0 => '\'/root/apps/90server/Application\'',
      ),
      'class' => 'ZPHP\\ZPHP',
      'type' => '::',
    ),
  ),
)
2016-04-30 20:11:12
array (
  'className' => 'Exception',
  'message' => 'SQLSTATE[42000]: Syntax error or access violation: 1064 You have an error in your SQL syntax; check the manual that corresponds to your MySQL server version for the right syntax to use near \')
    AND qid =\' at line 6',
  'code' => '42000',
  'file' => '/root/apps/90server/Application/apps/dao/BaseDao.php',
  'line' => 67,
  'userAgent' => '',
  'trace' => 
  array (
    0 => 
    array (
      'file' => '/root/apps/90server/Application/apps/dao/BaseDao.php',
      'line' => 67,
      'function' => 'execute',
      'args' => 
      array (
        0 => 'array (
)',
      ),
      'class' => 'PDOStatement',
      'type' => '->',
    ),
    1 => 
    array (
      'file' => '/root/apps/90server/Application/apps/dao/question/Question.php',
      'line' => 225,
      'function' => 'execute',
      'args' => 
      array (
        0 => 'Aura\\SqlQuery\\Mysql\\Select::__set_state(array(
   \'union\' => 
  array (
  ),
   \'for_update\' => false,
   \'cols\' => 
  array (
    \'rank\' => \'count(user_id)\',
  ),
   \'from\' => 
  array (
    0 => 
    array (
      0 => \'`90_user_answer`\',
    ),
  ),
   \'from_key\' => 0,
   \'group_by\' => 
  array (
  ),
   \'having\' => 
  array (
  ),
   \'page\' => 0,
   \'paging\' => 10,
   \'table_refs\' => 
  array (
    \'90_user_answer\' => \'FROM 90_user_answer\',
  ),
   \'bind_values\' => 
  array (
  ),
   \'where\' => 
  array (
    0 => \'answer_time < (select answer_time from 90_user_answer where user_id = 2016042914465903072 and qid = )\',
    1 => \'AND qid = \',
  ),
   \'order_by\' => 
  array (
  ),
   \'limit\' => 0,
   \'offset\' => 0,
   \'flags\' => 
  array (
  ),
   \'quoter\' => 
  Aura\\SqlQuery\\Quoter::__set_state(array(
     \'quote_name_prefix\' => \'`\',
     \'quote_name_suffix\' => \'`\',
  )),
   \'seq_bind_prefix\' => \'_139\',
))',
      ),
      'class' => 'dao\\BaseDao',
      'type' => '->',
    ),
    2 => 
    array (
      'file' => '/root/apps/90server/Application/apps/dao/BaseDao.php',
      'line' => 44,
      'function' => 'getAnsweredQuestion',
      'args' => 
      array (
      ),
      'class' => 'dao\\question\\Question',
      'type' => '->',
    ),
    3 => 
    array (
      'file' => '/root/apps/90server/Application/apps/ctrl/Question.php',
      'line' => 175,
      'function' => 'run',
      'args' => 
      array (
        0 => '\'getAnsweredQuestion\'',
        1 => '\'2016042914465903072\'',
        2 => 'NULL',
      ),
      'class' => 'dao\\BaseDao',
      'type' => '->',
    ),
    4 => 
    array (
      'file' => '/root/apps/90server/ZPHP/Core/Route.php',
      'line' => 33,
      'function' => 'getReward',
      'args' => 
      array (
      ),
      'class' => 'ctrl\\Question',
      'type' => '->',
    ),
    5 => 
    array (
      'file' => '/root/apps/90server/Application/apps/socket/HttpServer.php',
      'line' => 53,
      'function' => 'route',
      'args' => 
      array (
      ),
      'class' => 'ZPHP\\Core\\Route',
      'type' => '::',
    ),
    6 => 
    array (
      'file' => 'null',
      'line' => 'null',
      'function' => 'onRequest',
      'args' => 
      array (
        0 => 'swoole_http_request::__set_state(array(
   \'fd\' => 322,
   \'header\' => 
  array (
    \'content-length\' => \'80\',
    \'content-type\' => \'application/x-www-form-urlencoded\',
    \'host\' => \'101.201.39.169:8992\',
    \'connection\' => \'Keep-Alive\',
    \'user-agent\' => \'Apache-HttpClient/UNAVAILABLE (java 1.4)\',
  ),
   \'server\' => 
  array (
    \'request_method\' => \'POST\',
    \'request_uri\' => \'/Question/getReward\',
    \'path_info\' => \'/Question/getReward\',
    \'request_time\' => 1462018272,
    \'request_time_float\' => 1462018272.576206,
    \'server_port\' => 8992,
    \'remote_port\' => 49239,
    \'remote_addr\' => \'123.120.230.5\',
    \'server_protocol\' => \'HTTP/1.1\',
    \'server_software\' => \'swoole-http-server\',
  ),
   \'post\' => 
  array (
    \'question_id\' => \'2016042217460792344\',
    \'reward_id\' => \'1461598287\',
    \'user_id\' => \'2016042914465903072\',
  ),
))',
        1 => 'swoole_http_response::__set_state(array(
   \'fd\' => 322,
))',
      ),
      'class' => 'socket\\HttpServer',
      'type' => '->',
    ),
    7 => 
    array (
      'file' => '/root/apps/90server/ZPHP/Socket/Adapter/Swoole.php',
      'line' => 134,
      'function' => 'start',
      'args' => 
      array (
      ),
      'class' => 'swoole_http_server',
      'type' => '->',
    ),
    8 => 
    array (
      'file' => '/root/apps/90server/ZPHP/Server/Adapter/Socket.php',
      'line' => 31,
      'function' => 'run',
      'args' => 
      array (
      ),
      'class' => 'ZPHP\\Socket\\Adapter\\Swoole',
      'type' => '->',
    ),
    9 => 
    array (
      'file' => '/root/apps/90server/ZPHP/ZPHP.php',
      'line' => 189,
      'function' => 'run',
      'args' => 
      array (
      ),
      'class' => 'ZPHP\\Server\\Adapter\\Socket',
      'type' => '->',
    ),
    10 => 
    array (
      'file' => '/root/apps/90server/Application/webroot/main.php',
      'line' => 7,
      'function' => 'run',
      'args' => 
      array (
        0 => '\'/root/apps/90server/Application\'',
      ),
      'class' => 'ZPHP\\ZPHP',
      'type' => '::',
    ),
  ),
)
