2016-04-19 10:21:47
array (
  'className' => 'Exception',
  'message' => 'SQLSTATE[HY000]: General error: 2006 MySQL server has gone away',
  'code' => 'HY000',
  'file' => '/root/apps/90server/Application/apps/log/Adapter/Mysql.php',
  'line' => 83,
  'userAgent' => '',
  'trace' => 
  array (
    0 => 
    array (
      'file' => '/root/apps/90server/Application/apps/log/Adapter/Mysql.php',
      'line' => 83,
      'function' => 'execute',
      'args' => 
      array (
        0 => 'array (
  0 => 1461032507,
  1 => \'NOTICE[8] PDO::__construct(): send of 5 bytes failed with errno=32 Broken pipe
 
\',
)',
      ),
      'class' => 'PDOStatement',
      'type' => '->',
    ),
    1 => 
    array (
      'file' => '/root/apps/90server/Application/apps/log/Adapter/Mysql.php',
      'line' => 51,
      'function' => 'saveLog',
      'args' => 
      array (
        0 => 'array (
  0 => 1461032507,
  1 => \'NOTICE[8] PDO::__construct(): send of 5 bytes failed with errno=32 Broken pipe
 
\',
)',
      ),
      'class' => 'log\\Adapter\\Mysql',
      'type' => '->',
    ),
    2 => 
    array (
      'file' => '/root/apps/90server/ZPHP/ZPHP.php',
      'line' => 142,
      'function' => 'debug',
      'args' => 
      array (
        0 => '\'NOTICE[8] PDO::__construct(): send of 5 bytes failed with errno=32 Broken pipe
\'',
      ),
      'class' => 'log\\Adapter\\Mysql',
      'type' => '->',
    ),
    3 => 
    array (
      'file' => 'null',
      'line' => 'null',
      'function' => 'customError',
      'args' => 
      array (
        0 => '8',
        1 => '\'PDO::__construct(): send of 5 bytes failed with errno=32 Broken pipe\'',
        2 => '\'/root/apps/90server/ZPHP/Db/Pdo.php\'',
        3 => '69',
        4 => 'array (
)',
      ),
      'class' => 'ZPHP\\ZPHP',
      'type' => '::',
    ),
    4 => 
    array (
      'file' => '/root/apps/90server/ZPHP/Db/Pdo.php',
      'line' => 69,
      'function' => '__construct',
      'args' => 
      array (
        0 => '\'mysql:host=localhost;port=3306;dbname=90game\'',
        1 => '\'root\'',
        2 => '\'123456\'',
        3 => 'array (
  1002 => \'SET NAMES \\\'UTF8\\\';\',
  3 => 2,
  12 => 1,
)',
      ),
      'class' => 'PDO',
      'type' => '->',
    ),
    5 => 
    array (
      'file' => '/root/apps/90server/ZPHP/Db/Pdo.php',
      'line' => 57,
      'function' => 'connect',
      'args' => 
      array (
      ),
      'class' => 'ZPHP\\Db\\Pdo',
      'type' => '->',
    ),
    6 => 
    array (
      'file' => '/root/apps/90server/ZPHP/Db/Pdo.php',
      'line' => 51,
      'function' => 'checkPing',
      'args' => 
      array (
      ),
      'class' => 'ZPHP\\Db\\Pdo',
      'type' => '->',
    ),
    7 => 
    array (
      'file' => '/root/apps/90server/Application/apps/dao/BaseDao.php',
      'line' => 113,
      'function' => '__construct',
      'args' => 
      array (
        0 => 'array (
  \'dsn\' => \'mysql:host=localhost;port=3306;dbname=90game\',
  \'name\' => \'90game\',
  \'user\' => \'root\',
  \'pass\' => \'123456\',
  \'dbname\' => \'90game\',
  \'charset\' => \'UTF8\',
  \'pconnect\' => true,
  \'ping\' => 1,
  \'pingtime\' => 3600,
)',
        1 => 'NULL',
        2 => '\'90game\'',
      ),
      'class' => 'ZPHP\\Db\\Pdo',
      'type' => '->',
    ),
    8 => 
    array (
      'file' => '/root/apps/90server/Application/apps/dao/BaseDao.php',
      'line' => 39,
      'function' => 'getConnection',
      'args' => 
      array (
      ),
      'class' => 'dao\\BaseDao',
      'type' => '->',
    ),
    9 => 
    array (
      'file' => '/root/apps/90server/Application/apps/ctrl/Question.php',
      'line' => 51,
      'function' => 'run',
      'args' => 
      array (
        0 => '\'getInfo\'',
      ),
      'class' => 'dao\\BaseDao',
      'type' => '->',
    ),
    10 => 
    array (
      'file' => '/root/apps/90server/ZPHP/Core/Route.php',
      'line' => 33,
      'function' => 'info',
      'args' => 
      array (
      ),
      'class' => 'ctrl\\Question',
      'type' => '->',
    ),
    11 => 
    array (
      'file' => '/root/apps/90server/Application/apps/socket/HttpServer.php',
      'line' => 50,
      'function' => 'route',
      'args' => 
      array (
      ),
      'class' => 'ZPHP\\Core\\Route',
      'type' => '::',
    ),
    12 => 
    array (
      'file' => 'null',
      'line' => 'null',
      'function' => 'onRequest',
      'args' => 
      array (
        0 => 'swoole_http_request::__set_state(array(
   \'fd\' => 32,
   \'header\' => 
  array (
    \'content-length\' => \'9\',
    \'content-type\' => \'application/x-www-form-urlencoded\',
    \'host\' => \'101.201.39.169:8992\',
    \'connection\' => \'Keep-Alive\',
    \'user-agent\' => \'Apache-HttpClient/UNAVAILABLE (java 1.4)\',
  ),
   \'server\' => 
  array (
    \'request_method\' => \'POST\',
    \'request_uri\' => \'/Question/info\',
    \'path_info\' => \'/Question/info\',
    \'request_time\' => 1461032507,
    \'request_time_float\' => 1461032507.850177,
    \'server_port\' => 8992,
    \'remote_port\' => 52526,
    \'remote_addr\' => \'111.196.6.229\',
    \'server_protocol\' => \'HTTP/1.1\',
    \'server_software\' => \'swoole-http-server\',
  ),
   \'post\' => 
  array (
    \'area_id\' => \'1\',
  ),
))',
        1 => 'swoole_http_response::__set_state(array(
   \'fd\' => 32,
))',
      ),
      'class' => 'socket\\HttpServer',
      'type' => '->',
    ),
    13 => 
    array (
      'file' => '/root/apps/90server/ZPHP/Socket/Adapter/Swoole.php',
      'line' => 134,
      'function' => 'start',
      'args' => 
      array (
      ),
      'class' => 'swoole_http_server',
      'type' => '->',
    ),
    14 => 
    array (
      'file' => '/root/apps/90server/ZPHP/Server/Adapter/Socket.php',
      'line' => 31,
      'function' => 'run',
      'args' => 
      array (
      ),
      'class' => 'ZPHP\\Socket\\Adapter\\Swoole',
      'type' => '->',
    ),
    15 => 
    array (
      'file' => '/root/apps/90server/ZPHP/ZPHP.php',
      'line' => 189,
      'function' => 'run',
      'args' => 
      array (
      ),
      'class' => 'ZPHP\\Server\\Adapter\\Socket',
      'type' => '->',
    ),
    16 => 
    array (
      'file' => '/root/apps/90server/Application/webroot/main.php',
      'line' => 7,
      'function' => 'run',
      'args' => 
      array (
        0 => '\'/root/apps/90server/Application\'',
      ),
      'class' => 'ZPHP\\ZPHP',
      'type' => '::',
    ),
  ),
)
2016-04-19 13:09:07
array (
  'className' => 'Exception',
  'message' => 'SQLSTATE[23000]: Integrity constraint violation: 1048 Column \'user_area_id\' cannot be null',
  'code' => '23000',
  'file' => '/root/apps/90server/Application/apps/dao/BaseDao.php',
  'line' => 67,
  'userAgent' => '',
  'trace' => 
  array (
    0 => 
    array (
      'file' => '/root/apps/90server/Application/apps/dao/BaseDao.php',
      'line' => 67,
      'function' => 'execute',
      'args' => 
      array (
        0 => 'array (
  \'user_id\' => \'2016041913090776003\',
  \'user_name\' => \'2333\',
  \'user_password\' => \'8d969eef6ecad3c29a3a629280e686cf0c3f5d5a86aff3ca12020c923adc6c92\',
  \'user_salt\' => \'123456\',
  \'user_mobile\' => \'\',
  \'user_email\' => \'\',
  \'user_avatar\' => \'""\',
  \'user_area_id\' => NULL,
)',
      ),
      'class' => 'PDOStatement',
      'type' => '->',
    ),
    1 => 
    array (
      'file' => '/root/apps/90server/Application/apps/dao/user/User.php',
      'line' => 55,
      'function' => 'execute',
      'args' => 
      array (
        0 => 'Aura\\SqlQuery\\Mysql\\Insert::__set_state(array(
   \'col_on_update_values\' => NULL,
   \'into\' => \'90_user_base\',
   \'last_insert_id_names\' => 
  array (
  ),
   \'row\' => 0,
   \'col_values_bulk\' => 
  array (
  ),
   \'bind_values_bulk\' => 
  array (
  ),
   \'col_order\' => 
  array (
  ),
   \'col_values\' => 
  array (
    \'`user_id`\' => \':user_id\',
    \'`user_name`\' => \':user_name\',
    \'`user_password`\' => \':user_password\',
    \'`user_salt`\' => \':user_salt\',
    \'`user_mobile`\' => \':user_mobile\',
    \'`user_email`\' => \':user_email\',
    \'`user_avatar`\' => \':user_avatar\',
    \'`user_area_id`\' => \':user_area_id\',
  ),
   \'returning\' => 
  array (
  ),
   \'bind_values\' => 
  array (
    \'user_id\' => \'2016041913090776003\',
    \'user_name\' => \'2333\',
    \'user_password\' => \'8d969eef6ecad3c29a3a629280e686cf0c3f5d5a86aff3ca12020c923adc6c92\',
    \'user_salt\' => \'123456\',
    \'user_mobile\' => \'\',
    \'user_email\' => \'\',
    \'user_avatar\' => \'""\',
    \'user_area_id\' => NULL,
  ),
   \'where\' => 
  array (
  ),
   \'order_by\' => 
  array (
  ),
   \'limit\' => 0,
   \'offset\' => 0,
   \'flags\' => 
  array (
  ),
   \'quoter\' => 
  Aura\\SqlQuery\\Quoter::__set_state(array(
     \'quote_name_prefix\' => \'`\',
     \'quote_name_suffix\' => \'`\',
  )),
   \'seq_bind_prefix\' => \'_3\',
))',
      ),
      'class' => 'dao\\BaseDao',
      'type' => '->',
    ),
    2 => 
    array (
      'file' => '/root/apps/90server/Application/apps/dao/BaseDao.php',
      'line' => 44,
      'function' => 'register',
      'args' => 
      array (
      ),
      'class' => 'dao\\user\\User',
      'type' => '->',
    ),
    3 => 
    array (
      'file' => '/root/apps/90server/Application/apps/ctrl/Login.php',
      'line' => 78,
      'function' => 'run',
      'args' => 
      array (
        0 => '\'register\'',
        1 => '\'2333\'',
        2 => '\'\'',
        3 => '\'\'',
        4 => '\'\'',
        5 => '\'""\'',
        6 => 'NULL',
      ),
      'class' => 'dao\\BaseDao',
      'type' => '->',
    ),
    4 => 
    array (
      'file' => '/root/apps/90server/ZPHP/Core/Route.php',
      'line' => 33,
      'function' => 'login_third',
      'args' => 
      array (
      ),
      'class' => 'ctrl\\Login',
      'type' => '->',
    ),
    5 => 
    array (
      'file' => '/root/apps/90server/Application/apps/socket/HttpServer.php',
      'line' => 50,
      'function' => 'route',
      'args' => 
      array (
      ),
      'class' => 'ZPHP\\Core\\Route',
      'type' => '::',
    ),
    6 => 
    array (
      'file' => 'null',
      'line' => 'null',
      'function' => 'onRequest',
      'args' => 
      array (
        0 => 'swoole_http_request::__set_state(array(
   \'fd\' => 77,
   \'header\' => 
  array (
    \'content-type\' => \'multipart/form-data; boundary=__X_PAW_BOUNDARY__\',
    \'host\' => \'101.201.39.169:8992\',
    \'connection\' => \'close\',
    \'user-agent\' => \'Paw/2.3.1 (Macintosh; OS X/10.11.4) GCDHTTPRequest\',
    \'content-length\' => \'345\',
  ),
   \'server\' => 
  array (
    \'request_method\' => \'POST\',
    \'request_uri\' => \'/Login/login_third\',
    \'path_info\' => \'/Login/login_third\',
    \'request_time\' => 1461042547,
    \'request_time_float\' => 1461042547.4943571,
    \'server_port\' => 8992,
    \'remote_port\' => 53082,
    \'remote_addr\' => \'111.196.6.229\',
    \'server_protocol\' => \'HTTP/1.1\',
    \'server_software\' => \'swoole-http-server\',
  ),
   \'files\' => 
  array (
  ),
   \'post\' => 
  array (
    \'third_id\' => \'32121\',
    \'user_area_id \' => \'1\',
    \'user_name\' => \'2333\',
    \'user_avatar\' => \'""\',
  ),
))',
        1 => 'swoole_http_response::__set_state(array(
   \'fd\' => 77,
))',
      ),
      'class' => 'socket\\HttpServer',
      'type' => '->',
    ),
    7 => 
    array (
      'file' => '/root/apps/90server/ZPHP/Socket/Adapter/Swoole.php',
      'line' => 134,
      'function' => 'start',
      'args' => 
      array (
      ),
      'class' => 'swoole_http_server',
      'type' => '->',
    ),
    8 => 
    array (
      'file' => '/root/apps/90server/ZPHP/Server/Adapter/Socket.php',
      'line' => 31,
      'function' => 'run',
      'args' => 
      array (
      ),
      'class' => 'ZPHP\\Socket\\Adapter\\Swoole',
      'type' => '->',
    ),
    9 => 
    array (
      'file' => '/root/apps/90server/ZPHP/ZPHP.php',
      'line' => 189,
      'function' => 'run',
      'args' => 
      array (
      ),
      'class' => 'ZPHP\\Server\\Adapter\\Socket',
      'type' => '->',
    ),
    10 => 
    array (
      'file' => '/root/apps/90server/Application/webroot/main.php',
      'line' => 7,
      'function' => 'run',
      'args' => 
      array (
        0 => '\'/root/apps/90server/Application\'',
      ),
      'class' => 'ZPHP\\ZPHP',
      'type' => '::',
    ),
  ),
)
2016-04-19 13:09:08
array (
  'className' => 'Exception',
  'message' => 'SQLSTATE[23000]: Integrity constraint violation: 1048 Column \'user_area_id\' cannot be null',
  'code' => '23000',
  'file' => '/root/apps/90server/Application/apps/dao/BaseDao.php',
  'line' => 67,
  'userAgent' => '',
  'trace' => 
  array (
    0 => 
    array (
      'file' => '/root/apps/90server/Application/apps/dao/BaseDao.php',
      'line' => 67,
      'function' => 'execute',
      'args' => 
      array (
        0 => 'array (
  \'user_id\' => \'2016041913090852769\',
  \'user_name\' => \'2333\',
  \'user_password\' => \'8d969eef6ecad3c29a3a629280e686cf0c3f5d5a86aff3ca12020c923adc6c92\',
  \'user_salt\' => \'123456\',
  \'user_mobile\' => \'\',
  \'user_email\' => \'\',
  \'user_avatar\' => \'""\',
  \'user_area_id\' => NULL,
)',
      ),
      'class' => 'PDOStatement',
      'type' => '->',
    ),
    1 => 
    array (
      'file' => '/root/apps/90server/Application/apps/dao/user/User.php',
      'line' => 55,
      'function' => 'execute',
      'args' => 
      array (
        0 => 'Aura\\SqlQuery\\Mysql\\Insert::__set_state(array(
   \'col_on_update_values\' => NULL,
   \'into\' => \'90_user_base\',
   \'last_insert_id_names\' => 
  array (
  ),
   \'row\' => 0,
   \'col_values_bulk\' => 
  array (
  ),
   \'bind_values_bulk\' => 
  array (
  ),
   \'col_order\' => 
  array (
  ),
   \'col_values\' => 
  array (
    \'`user_id`\' => \':user_id\',
    \'`user_name`\' => \':user_name\',
    \'`user_password`\' => \':user_password\',
    \'`user_salt`\' => \':user_salt\',
    \'`user_mobile`\' => \':user_mobile\',
    \'`user_email`\' => \':user_email\',
    \'`user_avatar`\' => \':user_avatar\',
    \'`user_area_id`\' => \':user_area_id\',
  ),
   \'returning\' => 
  array (
  ),
   \'bind_values\' => 
  array (
    \'user_id\' => \'2016041913090852769\',
    \'user_name\' => \'2333\',
    \'user_password\' => \'8d969eef6ecad3c29a3a629280e686cf0c3f5d5a86aff3ca12020c923adc6c92\',
    \'user_salt\' => \'123456\',
    \'user_mobile\' => \'\',
    \'user_email\' => \'\',
    \'user_avatar\' => \'""\',
    \'user_area_id\' => NULL,
  ),
   \'where\' => 
  array (
  ),
   \'order_by\' => 
  array (
  ),
   \'limit\' => 0,
   \'offset\' => 0,
   \'flags\' => 
  array (
  ),
   \'quoter\' => 
  Aura\\SqlQuery\\Quoter::__set_state(array(
     \'quote_name_prefix\' => \'`\',
     \'quote_name_suffix\' => \'`\',
  )),
   \'seq_bind_prefix\' => \'_5\',
))',
      ),
      'class' => 'dao\\BaseDao',
      'type' => '->',
    ),
    2 => 
    array (
      'file' => '/root/apps/90server/Application/apps/dao/BaseDao.php',
      'line' => 44,
      'function' => 'register',
      'args' => 
      array (
      ),
      'class' => 'dao\\user\\User',
      'type' => '->',
    ),
    3 => 
    array (
      'file' => '/root/apps/90server/Application/apps/ctrl/Login.php',
      'line' => 78,
      'function' => 'run',
      'args' => 
      array (
        0 => '\'register\'',
        1 => '\'2333\'',
        2 => '\'\'',
        3 => '\'\'',
        4 => '\'\'',
        5 => '\'""\'',
        6 => 'NULL',
      ),
      'class' => 'dao\\BaseDao',
      'type' => '->',
    ),
    4 => 
    array (
      'file' => '/root/apps/90server/ZPHP/Core/Route.php',
      'line' => 33,
      'function' => 'login_third',
      'args' => 
      array (
      ),
      'class' => 'ctrl\\Login',
      'type' => '->',
    ),
    5 => 
    array (
      'file' => '/root/apps/90server/Application/apps/socket/HttpServer.php',
      'line' => 50,
      'function' => 'route',
      'args' => 
      array (
      ),
      'class' => 'ZPHP\\Core\\Route',
      'type' => '::',
    ),
    6 => 
    array (
      'file' => 'null',
      'line' => 'null',
      'function' => 'onRequest',
      'args' => 
      array (
        0 => 'swoole_http_request::__set_state(array(
   \'fd\' => 78,
   \'header\' => 
  array (
    \'content-type\' => \'multipart/form-data; boundary=__X_PAW_BOUNDARY__\',
    \'host\' => \'101.201.39.169:8992\',
    \'connection\' => \'close\',
    \'user-agent\' => \'Paw/2.3.1 (Macintosh; OS X/10.11.4) GCDHTTPRequest\',
    \'content-length\' => \'345\',
  ),
   \'server\' => 
  array (
    \'request_method\' => \'POST\',
    \'request_uri\' => \'/Login/login_third\',
    \'path_info\' => \'/Login/login_third\',
    \'request_time\' => 1461042548,
    \'request_time_float\' => 1461042548.9743371,
    \'server_port\' => 8992,
    \'remote_port\' => 53083,
    \'remote_addr\' => \'111.196.6.229\',
    \'server_protocol\' => \'HTTP/1.1\',
    \'server_software\' => \'swoole-http-server\',
  ),
   \'files\' => 
  array (
  ),
   \'post\' => 
  array (
    \'third_id\' => \'32121\',
    \'user_area_id \' => \'1\',
    \'user_name\' => \'2333\',
    \'user_avatar\' => \'""\',
  ),
))',
        1 => 'swoole_http_response::__set_state(array(
   \'fd\' => 78,
))',
      ),
      'class' => 'socket\\HttpServer',
      'type' => '->',
    ),
    7 => 
    array (
      'file' => '/root/apps/90server/ZPHP/Socket/Adapter/Swoole.php',
      'line' => 134,
      'function' => 'start',
      'args' => 
      array (
      ),
      'class' => 'swoole_http_server',
      'type' => '->',
    ),
    8 => 
    array (
      'file' => '/root/apps/90server/ZPHP/Server/Adapter/Socket.php',
      'line' => 31,
      'function' => 'run',
      'args' => 
      array (
      ),
      'class' => 'ZPHP\\Socket\\Adapter\\Swoole',
      'type' => '->',
    ),
    9 => 
    array (
      'file' => '/root/apps/90server/ZPHP/ZPHP.php',
      'line' => 189,
      'function' => 'run',
      'args' => 
      array (
      ),
      'class' => 'ZPHP\\Server\\Adapter\\Socket',
      'type' => '->',
    ),
    10 => 
    array (
      'file' => '/root/apps/90server/Application/webroot/main.php',
      'line' => 7,
      'function' => 'run',
      'args' => 
      array (
        0 => '\'/root/apps/90server/Application\'',
      ),
      'class' => 'ZPHP\\ZPHP',
      'type' => '::',
    ),
  ),
)
2016-04-19 13:09:10
array (
  'className' => 'Exception',
  'message' => 'SQLSTATE[23000]: Integrity constraint violation: 1048 Column \'user_area_id\' cannot be null',
  'code' => '23000',
  'file' => '/root/apps/90server/Application/apps/dao/BaseDao.php',
  'line' => 67,
  'userAgent' => '',
  'trace' => 
  array (
    0 => 
    array (
      'file' => '/root/apps/90server/Application/apps/dao/BaseDao.php',
      'line' => 67,
      'function' => 'execute',
      'args' => 
      array (
        0 => 'array (
  \'user_id\' => \'2016041913091092423\',
  \'user_name\' => \'2333\',
  \'user_password\' => \'8d969eef6ecad3c29a3a629280e686cf0c3f5d5a86aff3ca12020c923adc6c92\',
  \'user_salt\' => \'123456\',
  \'user_mobile\' => \'\',
  \'user_email\' => \'\',
  \'user_avatar\' => \'""\',
  \'user_area_id\' => NULL,
)',
      ),
      'class' => 'PDOStatement',
      'type' => '->',
    ),
    1 => 
    array (
      'file' => '/root/apps/90server/Application/apps/dao/user/User.php',
      'line' => 55,
      'function' => 'execute',
      'args' => 
      array (
        0 => 'Aura\\SqlQuery\\Mysql\\Insert::__set_state(array(
   \'col_on_update_values\' => NULL,
   \'into\' => \'90_user_base\',
   \'last_insert_id_names\' => 
  array (
  ),
   \'row\' => 0,
   \'col_values_bulk\' => 
  array (
  ),
   \'bind_values_bulk\' => 
  array (
  ),
   \'col_order\' => 
  array (
  ),
   \'col_values\' => 
  array (
    \'`user_id`\' => \':user_id\',
    \'`user_name`\' => \':user_name\',
    \'`user_password`\' => \':user_password\',
    \'`user_salt`\' => \':user_salt\',
    \'`user_mobile`\' => \':user_mobile\',
    \'`user_email`\' => \':user_email\',
    \'`user_avatar`\' => \':user_avatar\',
    \'`user_area_id`\' => \':user_area_id\',
  ),
   \'returning\' => 
  array (
  ),
   \'bind_values\' => 
  array (
    \'user_id\' => \'2016041913091092423\',
    \'user_name\' => \'2333\',
    \'user_password\' => \'8d969eef6ecad3c29a3a629280e686cf0c3f5d5a86aff3ca12020c923adc6c92\',
    \'user_salt\' => \'123456\',
    \'user_mobile\' => \'\',
    \'user_email\' => \'\',
    \'user_avatar\' => \'""\',
    \'user_area_id\' => NULL,
  ),
   \'where\' => 
  array (
  ),
   \'order_by\' => 
  array (
  ),
   \'limit\' => 0,
   \'offset\' => 0,
   \'flags\' => 
  array (
  ),
   \'quoter\' => 
  Aura\\SqlQuery\\Quoter::__set_state(array(
     \'quote_name_prefix\' => \'`\',
     \'quote_name_suffix\' => \'`\',
  )),
   \'seq_bind_prefix\' => \'_7\',
))',
      ),
      'class' => 'dao\\BaseDao',
      'type' => '->',
    ),
    2 => 
    array (
      'file' => '/root/apps/90server/Application/apps/dao/BaseDao.php',
      'line' => 44,
      'function' => 'register',
      'args' => 
      array (
      ),
      'class' => 'dao\\user\\User',
      'type' => '->',
    ),
    3 => 
    array (
      'file' => '/root/apps/90server/Application/apps/ctrl/Login.php',
      'line' => 78,
      'function' => 'run',
      'args' => 
      array (
        0 => '\'register\'',
        1 => '\'2333\'',
        2 => '\'\'',
        3 => '\'\'',
        4 => '\'\'',
        5 => '\'""\'',
        6 => 'NULL',
      ),
      'class' => 'dao\\BaseDao',
      'type' => '->',
    ),
    4 => 
    array (
      'file' => '/root/apps/90server/ZPHP/Core/Route.php',
      'line' => 33,
      'function' => 'login_third',
      'args' => 
      array (
      ),
      'class' => 'ctrl\\Login',
      'type' => '->',
    ),
    5 => 
    array (
      'file' => '/root/apps/90server/Application/apps/socket/HttpServer.php',
      'line' => 50,
      'function' => 'route',
      'args' => 
      array (
      ),
      'class' => 'ZPHP\\Core\\Route',
      'type' => '::',
    ),
    6 => 
    array (
      'file' => 'null',
      'line' => 'null',
      'function' => 'onRequest',
      'args' => 
      array (
        0 => 'swoole_http_request::__set_state(array(
   \'fd\' => 79,
   \'header\' => 
  array (
    \'content-type\' => \'multipart/form-data; boundary=__X_PAW_BOUNDARY__\',
    \'host\' => \'101.201.39.169:8992\',
    \'connection\' => \'close\',
    \'user-agent\' => \'Paw/2.3.1 (Macintosh; OS X/10.11.4) GCDHTTPRequest\',
    \'content-length\' => \'345\',
  ),
   \'server\' => 
  array (
    \'request_method\' => \'POST\',
    \'request_uri\' => \'/Login/login_third\',
    \'path_info\' => \'/Login/login_third\',
    \'request_time\' => 1461042550,
    \'request_time_float\' => 1461042550.1129069,
    \'server_port\' => 8992,
    \'remote_port\' => 53084,
    \'remote_addr\' => \'111.196.6.229\',
    \'server_protocol\' => \'HTTP/1.1\',
    \'server_software\' => \'swoole-http-server\',
  ),
   \'files\' => 
  array (
  ),
   \'post\' => 
  array (
    \'third_id\' => \'32121\',
    \'user_area_id \' => \'1\',
    \'user_name\' => \'2333\',
    \'user_avatar\' => \'""\',
  ),
))',
        1 => 'swoole_http_response::__set_state(array(
   \'fd\' => 79,
))',
      ),
      'class' => 'socket\\HttpServer',
      'type' => '->',
    ),
    7 => 
    array (
      'file' => '/root/apps/90server/ZPHP/Socket/Adapter/Swoole.php',
      'line' => 134,
      'function' => 'start',
      'args' => 
      array (
      ),
      'class' => 'swoole_http_server',
      'type' => '->',
    ),
    8 => 
    array (
      'file' => '/root/apps/90server/ZPHP/Server/Adapter/Socket.php',
      'line' => 31,
      'function' => 'run',
      'args' => 
      array (
      ),
      'class' => 'ZPHP\\Socket\\Adapter\\Swoole',
      'type' => '->',
    ),
    9 => 
    array (
      'file' => '/root/apps/90server/ZPHP/ZPHP.php',
      'line' => 189,
      'function' => 'run',
      'args' => 
      array (
      ),
      'class' => 'ZPHP\\Server\\Adapter\\Socket',
      'type' => '->',
    ),
    10 => 
    array (
      'file' => '/root/apps/90server/Application/webroot/main.php',
      'line' => 7,
      'function' => 'run',
      'args' => 
      array (
        0 => '\'/root/apps/90server/Application\'',
      ),
      'class' => 'ZPHP\\ZPHP',
      'type' => '::',
    ),
  ),
)
2016-04-19 13:09:19
array (
  'className' => 'Exception',
  'message' => 'SQLSTATE[23000]: Integrity constraint violation: 1048 Column \'user_area_id\' cannot be null',
  'code' => '23000',
  'file' => '/root/apps/90server/Application/apps/dao/BaseDao.php',
  'line' => 67,
  'userAgent' => '',
  'trace' => 
  array (
    0 => 
    array (
      'file' => '/root/apps/90server/Application/apps/dao/BaseDao.php',
      'line' => 67,
      'function' => 'execute',
      'args' => 
      array (
        0 => 'array (
  \'user_id\' => \'2016041913091977912\',
  \'user_name\' => \'2333\',
  \'user_password\' => \'8d969eef6ecad3c29a3a629280e686cf0c3f5d5a86aff3ca12020c923adc6c92\',
  \'user_salt\' => \'123456\',
  \'user_mobile\' => \'\',
  \'user_email\' => \'\',
  \'user_avatar\' => \'""\',
  \'user_area_id\' => NULL,
)',
      ),
      'class' => 'PDOStatement',
      'type' => '->',
    ),
    1 => 
    array (
      'file' => '/root/apps/90server/Application/apps/dao/user/User.php',
      'line' => 55,
      'function' => 'execute',
      'args' => 
      array (
        0 => 'Aura\\SqlQuery\\Mysql\\Insert::__set_state(array(
   \'col_on_update_values\' => NULL,
   \'into\' => \'90_user_base\',
   \'last_insert_id_names\' => 
  array (
  ),
   \'row\' => 0,
   \'col_values_bulk\' => 
  array (
  ),
   \'bind_values_bulk\' => 
  array (
  ),
   \'col_order\' => 
  array (
  ),
   \'col_values\' => 
  array (
    \'`user_id`\' => \':user_id\',
    \'`user_name`\' => \':user_name\',
    \'`user_password`\' => \':user_password\',
    \'`user_salt`\' => \':user_salt\',
    \'`user_mobile`\' => \':user_mobile\',
    \'`user_email`\' => \':user_email\',
    \'`user_avatar`\' => \':user_avatar\',
    \'`user_area_id`\' => \':user_area_id\',
  ),
   \'returning\' => 
  array (
  ),
   \'bind_values\' => 
  array (
    \'user_id\' => \'2016041913091977912\',
    \'user_name\' => \'2333\',
    \'user_password\' => \'8d969eef6ecad3c29a3a629280e686cf0c3f5d5a86aff3ca12020c923adc6c92\',
    \'user_salt\' => \'123456\',
    \'user_mobile\' => \'\',
    \'user_email\' => \'\',
    \'user_avatar\' => \'""\',
    \'user_area_id\' => NULL,
  ),
   \'where\' => 
  array (
  ),
   \'order_by\' => 
  array (
  ),
   \'limit\' => 0,
   \'offset\' => 0,
   \'flags\' => 
  array (
  ),
   \'quoter\' => 
  Aura\\SqlQuery\\Quoter::__set_state(array(
     \'quote_name_prefix\' => \'`\',
     \'quote_name_suffix\' => \'`\',
  )),
   \'seq_bind_prefix\' => \'_10\',
))',
      ),
      'class' => 'dao\\BaseDao',
      'type' => '->',
    ),
    2 => 
    array (
      'file' => '/root/apps/90server/Application/apps/dao/BaseDao.php',
      'line' => 44,
      'function' => 'register',
      'args' => 
      array (
      ),
      'class' => 'dao\\user\\User',
      'type' => '->',
    ),
    3 => 
    array (
      'file' => '/root/apps/90server/Application/apps/ctrl/Login.php',
      'line' => 78,
      'function' => 'run',
      'args' => 
      array (
        0 => '\'register\'',
        1 => '\'2333\'',
        2 => '\'\'',
        3 => '\'\'',
        4 => '\'\'',
        5 => '\'""\'',
        6 => 'NULL',
      ),
      'class' => 'dao\\BaseDao',
      'type' => '->',
    ),
    4 => 
    array (
      'file' => '/root/apps/90server/ZPHP/Core/Route.php',
      'line' => 33,
      'function' => 'login_third',
      'args' => 
      array (
      ),
      'class' => 'ctrl\\Login',
      'type' => '->',
    ),
    5 => 
    array (
      'file' => '/root/apps/90server/Application/apps/socket/HttpServer.php',
      'line' => 50,
      'function' => 'route',
      'args' => 
      array (
      ),
      'class' => 'ZPHP\\Core\\Route',
      'type' => '::',
    ),
    6 => 
    array (
      'file' => 'null',
      'line' => 'null',
      'function' => 'onRequest',
      'args' => 
      array (
        0 => 'swoole_http_request::__set_state(array(
   \'fd\' => 81,
   \'header\' => 
  array (
    \'content-type\' => \'multipart/form-data; boundary=__X_PAW_BOUNDARY__\',
    \'host\' => \'101.201.39.169:8992\',
    \'connection\' => \'close\',
    \'user-agent\' => \'Paw/2.3.1 (Macintosh; OS X/10.11.4) GCDHTTPRequest\',
    \'content-length\' => \'345\',
  ),
   \'server\' => 
  array (
    \'request_method\' => \'POST\',
    \'request_uri\' => \'/Login/login_third\',
    \'path_info\' => \'/Login/login_third\',
    \'request_time\' => 1461042559,
    \'request_time_float\' => 1461042559.269083,
    \'server_port\' => 8992,
    \'remote_port\' => 53093,
    \'remote_addr\' => \'111.196.6.229\',
    \'server_protocol\' => \'HTTP/1.1\',
    \'server_software\' => \'swoole-http-server\',
  ),
   \'files\' => 
  array (
  ),
   \'post\' => 
  array (
    \'third_id\' => \'32123\',
    \'user_area_id \' => \'1\',
    \'user_name\' => \'2333\',
    \'user_avatar\' => \'""\',
  ),
))',
        1 => 'swoole_http_response::__set_state(array(
   \'fd\' => 81,
))',
      ),
      'class' => 'socket\\HttpServer',
      'type' => '->',
    ),
    7 => 
    array (
      'file' => '/root/apps/90server/ZPHP/Socket/Adapter/Swoole.php',
      'line' => 134,
      'function' => 'start',
      'args' => 
      array (
      ),
      'class' => 'swoole_http_server',
      'type' => '->',
    ),
    8 => 
    array (
      'file' => '/root/apps/90server/ZPHP/Server/Adapter/Socket.php',
      'line' => 31,
      'function' => 'run',
      'args' => 
      array (
      ),
      'class' => 'ZPHP\\Socket\\Adapter\\Swoole',
      'type' => '->',
    ),
    9 => 
    array (
      'file' => '/root/apps/90server/ZPHP/ZPHP.php',
      'line' => 189,
      'function' => 'run',
      'args' => 
      array (
      ),
      'class' => 'ZPHP\\Server\\Adapter\\Socket',
      'type' => '->',
    ),
    10 => 
    array (
      'file' => '/root/apps/90server/Application/webroot/main.php',
      'line' => 7,
      'function' => 'run',
      'args' => 
      array (
        0 => '\'/root/apps/90server/Application\'',
      ),
      'class' => 'ZPHP\\ZPHP',
      'type' => '::',
    ),
  ),
)
2016-04-19 13:09:22
array (
  'className' => 'Exception',
  'message' => 'SQLSTATE[23000]: Integrity constraint violation: 1048 Column \'user_area_id\' cannot be null',
  'code' => '23000',
  'file' => '/root/apps/90server/Application/apps/dao/BaseDao.php',
  'line' => 67,
  'userAgent' => '',
  'trace' => 
  array (
    0 => 
    array (
      'file' => '/root/apps/90server/Application/apps/dao/BaseDao.php',
      'line' => 67,
      'function' => 'execute',
      'args' => 
      array (
        0 => 'array (
  \'user_id\' => \'2016041913092227066\',
  \'user_name\' => \'2333\',
  \'user_password\' => \'8d969eef6ecad3c29a3a629280e686cf0c3f5d5a86aff3ca12020c923adc6c92\',
  \'user_salt\' => \'123456\',
  \'user_mobile\' => \'\',
  \'user_email\' => \'\',
  \'user_avatar\' => \'""\',
  \'user_area_id\' => NULL,
)',
      ),
      'class' => 'PDOStatement',
      'type' => '->',
    ),
    1 => 
    array (
      'file' => '/root/apps/90server/Application/apps/dao/user/User.php',
      'line' => 55,
      'function' => 'execute',
      'args' => 
      array (
        0 => 'Aura\\SqlQuery\\Mysql\\Insert::__set_state(array(
   \'col_on_update_values\' => NULL,
   \'into\' => \'90_user_base\',
   \'last_insert_id_names\' => 
  array (
  ),
   \'row\' => 0,
   \'col_values_bulk\' => 
  array (
  ),
   \'bind_values_bulk\' => 
  array (
  ),
   \'col_order\' => 
  array (
  ),
   \'col_values\' => 
  array (
    \'`user_id`\' => \':user_id\',
    \'`user_name`\' => \':user_name\',
    \'`user_password`\' => \':user_password\',
    \'`user_salt`\' => \':user_salt\',
    \'`user_mobile`\' => \':user_mobile\',
    \'`user_email`\' => \':user_email\',
    \'`user_avatar`\' => \':user_avatar\',
    \'`user_area_id`\' => \':user_area_id\',
  ),
   \'returning\' => 
  array (
  ),
   \'bind_values\' => 
  array (
    \'user_id\' => \'2016041913092227066\',
    \'user_name\' => \'2333\',
    \'user_password\' => \'8d969eef6ecad3c29a3a629280e686cf0c3f5d5a86aff3ca12020c923adc6c92\',
    \'user_salt\' => \'123456\',
    \'user_mobile\' => \'\',
    \'user_email\' => \'\',
    \'user_avatar\' => \'""\',
    \'user_area_id\' => NULL,
  ),
   \'where\' => 
  array (
  ),
   \'order_by\' => 
  array (
  ),
   \'limit\' => 0,
   \'offset\' => 0,
   \'flags\' => 
  array (
  ),
   \'quoter\' => 
  Aura\\SqlQuery\\Quoter::__set_state(array(
     \'quote_name_prefix\' => \'`\',
     \'quote_name_suffix\' => \'`\',
  )),
   \'seq_bind_prefix\' => \'_12\',
))',
      ),
      'class' => 'dao\\BaseDao',
      'type' => '->',
    ),
    2 => 
    array (
      'file' => '/root/apps/90server/Application/apps/dao/BaseDao.php',
      'line' => 44,
      'function' => 'register',
      'args' => 
      array (
      ),
      'class' => 'dao\\user\\User',
      'type' => '->',
    ),
    3 => 
    array (
      'file' => '/root/apps/90server/Application/apps/ctrl/Login.php',
      'line' => 78,
      'function' => 'run',
      'args' => 
      array (
        0 => '\'register\'',
        1 => '\'2333\'',
        2 => '\'\'',
        3 => '\'\'',
        4 => '\'\'',
        5 => '\'""\'',
        6 => 'NULL',
      ),
      'class' => 'dao\\BaseDao',
      'type' => '->',
    ),
    4 => 
    array (
      'file' => '/root/apps/90server/ZPHP/Core/Route.php',
      'line' => 33,
      'function' => 'login_third',
      'args' => 
      array (
      ),
      'class' => 'ctrl\\Login',
      'type' => '->',
    ),
    5 => 
    array (
      'file' => '/root/apps/90server/Application/apps/socket/HttpServer.php',
      'line' => 50,
      'function' => 'route',
      'args' => 
      array (
      ),
      'class' => 'ZPHP\\Core\\Route',
      'type' => '::',
    ),
    6 => 
    array (
      'file' => 'null',
      'line' => 'null',
      'function' => 'onRequest',
      'args' => 
      array (
        0 => 'swoole_http_request::__set_state(array(
   \'fd\' => 82,
   \'header\' => 
  array (
    \'content-type\' => \'multipart/form-data; boundary=__X_PAW_BOUNDARY__\',
    \'host\' => \'101.201.39.169:8992\',
    \'connection\' => \'close\',
    \'user-agent\' => \'Paw/2.3.1 (Macintosh; OS X/10.11.4) GCDHTTPRequest\',
    \'content-length\' => \'345\',
  ),
   \'server\' => 
  array (
    \'request_method\' => \'POST\',
    \'request_uri\' => \'/Login/login_third\',
    \'path_info\' => \'/Login/login_third\',
    \'request_time\' => 1461042562,
    \'request_time_float\' => 1461042562.53736,
    \'server_port\' => 8992,
    \'remote_port\' => 53094,
    \'remote_addr\' => \'111.196.6.229\',
    \'server_protocol\' => \'HTTP/1.1\',
    \'server_software\' => \'swoole-http-server\',
  ),
   \'files\' => 
  array (
  ),
   \'post\' => 
  array (
    \'third_id\' => \'32121\',
    \'user_area_id \' => \'1\',
    \'user_name\' => \'2333\',
    \'user_avatar\' => \'""\',
  ),
))',
        1 => 'swoole_http_response::__set_state(array(
   \'fd\' => 82,
))',
      ),
      'class' => 'socket\\HttpServer',
      'type' => '->',
    ),
    7 => 
    array (
      'file' => '/root/apps/90server/ZPHP/Socket/Adapter/Swoole.php',
      'line' => 134,
      'function' => 'start',
      'args' => 
      array (
      ),
      'class' => 'swoole_http_server',
      'type' => '->',
    ),
    8 => 
    array (
      'file' => '/root/apps/90server/ZPHP/Server/Adapter/Socket.php',
      'line' => 31,
      'function' => 'run',
      'args' => 
      array (
      ),
      'class' => 'ZPHP\\Socket\\Adapter\\Swoole',
      'type' => '->',
    ),
    9 => 
    array (
      'file' => '/root/apps/90server/ZPHP/ZPHP.php',
      'line' => 189,
      'function' => 'run',
      'args' => 
      array (
      ),
      'class' => 'ZPHP\\Server\\Adapter\\Socket',
      'type' => '->',
    ),
    10 => 
    array (
      'file' => '/root/apps/90server/Application/webroot/main.php',
      'line' => 7,
      'function' => 'run',
      'args' => 
      array (
        0 => '\'/root/apps/90server/Application\'',
      ),
      'class' => 'ZPHP\\ZPHP',
      'type' => '::',
    ),
  ),
)
2016-04-19 13:09:32
array (
  'className' => 'Exception',
  'message' => 'SQLSTATE[23000]: Integrity constraint violation: 1048 Column \'user_area_id\' cannot be null',
  'code' => '23000',
  'file' => '/root/apps/90server/Application/apps/dao/BaseDao.php',
  'line' => 67,
  'userAgent' => '',
  'trace' => 
  array (
    0 => 
    array (
      'file' => '/root/apps/90server/Application/apps/dao/BaseDao.php',
      'line' => 67,
      'function' => 'execute',
      'args' => 
      array (
        0 => 'array (
  \'user_id\' => \'2016041913093241487\',
  \'user_name\' => \'2333\',
  \'user_password\' => \'8d969eef6ecad3c29a3a629280e686cf0c3f5d5a86aff3ca12020c923adc6c92\',
  \'user_salt\' => \'123456\',
  \'user_mobile\' => \'\',
  \'user_email\' => \'\',
  \'user_avatar\' => \'""\',
  \'user_area_id\' => NULL,
)',
      ),
      'class' => 'PDOStatement',
      'type' => '->',
    ),
    1 => 
    array (
      'file' => '/root/apps/90server/Application/apps/dao/user/User.php',
      'line' => 55,
      'function' => 'execute',
      'args' => 
      array (
        0 => 'Aura\\SqlQuery\\Mysql\\Insert::__set_state(array(
   \'col_on_update_values\' => NULL,
   \'into\' => \'90_user_base\',
   \'last_insert_id_names\' => 
  array (
  ),
   \'row\' => 0,
   \'col_values_bulk\' => 
  array (
  ),
   \'bind_values_bulk\' => 
  array (
  ),
   \'col_order\' => 
  array (
  ),
   \'col_values\' => 
  array (
    \'`user_id`\' => \':user_id\',
    \'`user_name`\' => \':user_name\',
    \'`user_password`\' => \':user_password\',
    \'`user_salt`\' => \':user_salt\',
    \'`user_mobile`\' => \':user_mobile\',
    \'`user_email`\' => \':user_email\',
    \'`user_avatar`\' => \':user_avatar\',
    \'`user_area_id`\' => \':user_area_id\',
  ),
   \'returning\' => 
  array (
  ),
   \'bind_values\' => 
  array (
    \'user_id\' => \'2016041913093241487\',
    \'user_name\' => \'2333\',
    \'user_password\' => \'8d969eef6ecad3c29a3a629280e686cf0c3f5d5a86aff3ca12020c923adc6c92\',
    \'user_salt\' => \'123456\',
    \'user_mobile\' => \'\',
    \'user_email\' => \'\',
    \'user_avatar\' => \'""\',
    \'user_area_id\' => NULL,
  ),
   \'where\' => 
  array (
  ),
   \'order_by\' => 
  array (
  ),
   \'limit\' => 0,
   \'offset\' => 0,
   \'flags\' => 
  array (
  ),
   \'quoter\' => 
  Aura\\SqlQuery\\Quoter::__set_state(array(
     \'quote_name_prefix\' => \'`\',
     \'quote_name_suffix\' => \'`\',
  )),
   \'seq_bind_prefix\' => \'_17\',
))',
      ),
      'class' => 'dao\\BaseDao',
      'type' => '->',
    ),
    2 => 
    array (
      'file' => '/root/apps/90server/Application/apps/dao/BaseDao.php',
      'line' => 44,
      'function' => 'register',
      'args' => 
      array (
      ),
      'class' => 'dao\\user\\User',
      'type' => '->',
    ),
    3 => 
    array (
      'file' => '/root/apps/90server/Application/apps/ctrl/Login.php',
      'line' => 78,
      'function' => 'run',
      'args' => 
      array (
        0 => '\'register\'',
        1 => '\'2333\'',
        2 => '\'\'',
        3 => '\'\'',
        4 => '\'\'',
        5 => '\'""\'',
        6 => 'NULL',
      ),
      'class' => 'dao\\BaseDao',
      'type' => '->',
    ),
    4 => 
    array (
      'file' => '/root/apps/90server/ZPHP/Core/Route.php',
      'line' => 33,
      'function' => 'login_third',
      'args' => 
      array (
      ),
      'class' => 'ctrl\\Login',
      'type' => '->',
    ),
    5 => 
    array (
      'file' => '/root/apps/90server/Application/apps/socket/HttpServer.php',
      'line' => 50,
      'function' => 'route',
      'args' => 
      array (
      ),
      'class' => 'ZPHP\\Core\\Route',
      'type' => '::',
    ),
    6 => 
    array (
      'file' => 'null',
      'line' => 'null',
      'function' => 'onRequest',
      'args' => 
      array (
        0 => 'swoole_http_request::__set_state(array(
   \'fd\' => 86,
   \'header\' => 
  array (
    \'content-type\' => \'multipart/form-data; boundary=__X_PAW_BOUNDARY__\',
    \'host\' => \'101.201.39.169:8992\',
    \'connection\' => \'close\',
    \'user-agent\' => \'Paw/2.3.1 (Macintosh; OS X/10.11.4) GCDHTTPRequest\',
    \'content-length\' => \'345\',
  ),
   \'server\' => 
  array (
    \'request_method\' => \'POST\',
    \'request_uri\' => \'/Login/login_third\',
    \'path_info\' => \'/Login/login_third\',
    \'request_time\' => 1461042572,
    \'request_time_float\' => 1461042572.6515131,
    \'server_port\' => 8992,
    \'remote_port\' => 53098,
    \'remote_addr\' => \'111.196.6.229\',
    \'server_protocol\' => \'HTTP/1.1\',
    \'server_software\' => \'swoole-http-server\',
  ),
   \'files\' => 
  array (
  ),
   \'post\' => 
  array (
    \'third_id\' => \'32121\',
    \'user_area_id \' => \'1\',
    \'user_name\' => \'2333\',
    \'user_avatar\' => \'""\',
  ),
))',
        1 => 'swoole_http_response::__set_state(array(
   \'fd\' => 86,
))',
      ),
      'class' => 'socket\\HttpServer',
      'type' => '->',
    ),
    7 => 
    array (
      'file' => '/root/apps/90server/ZPHP/Socket/Adapter/Swoole.php',
      'line' => 134,
      'function' => 'start',
      'args' => 
      array (
      ),
      'class' => 'swoole_http_server',
      'type' => '->',
    ),
    8 => 
    array (
      'file' => '/root/apps/90server/ZPHP/Server/Adapter/Socket.php',
      'line' => 31,
      'function' => 'run',
      'args' => 
      array (
      ),
      'class' => 'ZPHP\\Socket\\Adapter\\Swoole',
      'type' => '->',
    ),
    9 => 
    array (
      'file' => '/root/apps/90server/ZPHP/ZPHP.php',
      'line' => 189,
      'function' => 'run',
      'args' => 
      array (
      ),
      'class' => 'ZPHP\\Server\\Adapter\\Socket',
      'type' => '->',
    ),
    10 => 
    array (
      'file' => '/root/apps/90server/Application/webroot/main.php',
      'line' => 7,
      'function' => 'run',
      'args' => 
      array (
        0 => '\'/root/apps/90server/Application\'',
      ),
      'class' => 'ZPHP\\ZPHP',
      'type' => '::',
    ),
  ),
)
2016-04-19 14:58:09
array (
  'className' => 'Exception',
  'message' => 'SQLSTATE[23000]: Integrity constraint violation: 1048 Column \'user_area_id\' cannot be null',
  'code' => '23000',
  'file' => '/root/apps/90server/Application/apps/dao/BaseDao.php',
  'line' => 67,
  'userAgent' => '',
  'trace' => 
  array (
    0 => 
    array (
      'file' => '/root/apps/90server/Application/apps/dao/BaseDao.php',
      'line' => 67,
      'function' => 'execute',
      'args' => 
      array (
        0 => 'array (
  \'user_id\' => \'2016041914580970011\',
  \'user_name\' => \'2333\',
  \'user_password\' => \'8d969eef6ecad3c29a3a629280e686cf0c3f5d5a86aff3ca12020c923adc6c92\',
  \'user_salt\' => \'123456\',
  \'user_mobile\' => \'\',
  \'user_email\' => \'\',
  \'user_avatar\' => \'""\',
  \'user_area_id\' => NULL,
)',
      ),
      'class' => 'PDOStatement',
      'type' => '->',
    ),
    1 => 
    array (
      'file' => '/root/apps/90server/Application/apps/dao/user/User.php',
      'line' => 55,
      'function' => 'execute',
      'args' => 
      array (
        0 => 'Aura\\SqlQuery\\Mysql\\Insert::__set_state(array(
   \'col_on_update_values\' => NULL,
   \'into\' => \'90_user_base\',
   \'last_insert_id_names\' => 
  array (
  ),
   \'row\' => 0,
   \'col_values_bulk\' => 
  array (
  ),
   \'bind_values_bulk\' => 
  array (
  ),
   \'col_order\' => 
  array (
  ),
   \'col_values\' => 
  array (
    \'`user_id`\' => \':user_id\',
    \'`user_name`\' => \':user_name\',
    \'`user_password`\' => \':user_password\',
    \'`user_salt`\' => \':user_salt\',
    \'`user_mobile`\' => \':user_mobile\',
    \'`user_email`\' => \':user_email\',
    \'`user_avatar`\' => \':user_avatar\',
    \'`user_area_id`\' => \':user_area_id\',
  ),
   \'returning\' => 
  array (
  ),
   \'bind_values\' => 
  array (
    \'user_id\' => \'2016041914580970011\',
    \'user_name\' => \'2333\',
    \'user_password\' => \'8d969eef6ecad3c29a3a629280e686cf0c3f5d5a86aff3ca12020c923adc6c92\',
    \'user_salt\' => \'123456\',
    \'user_mobile\' => \'\',
    \'user_email\' => \'\',
    \'user_avatar\' => \'""\',
    \'user_area_id\' => NULL,
  ),
   \'where\' => 
  array (
  ),
   \'order_by\' => 
  array (
  ),
   \'limit\' => 0,
   \'offset\' => 0,
   \'flags\' => 
  array (
  ),
   \'quoter\' => 
  Aura\\SqlQuery\\Quoter::__set_state(array(
     \'quote_name_prefix\' => \'`\',
     \'quote_name_suffix\' => \'`\',
  )),
   \'seq_bind_prefix\' => \'_20\',
))',
      ),
      'class' => 'dao\\BaseDao',
      'type' => '->',
    ),
    2 => 
    array (
      'file' => '/root/apps/90server/Application/apps/dao/BaseDao.php',
      'line' => 44,
      'function' => 'register',
      'args' => 
      array (
      ),
      'class' => 'dao\\user\\User',
      'type' => '->',
    ),
    3 => 
    array (
      'file' => '/root/apps/90server/Application/apps/ctrl/Login.php',
      'line' => 78,
      'function' => 'run',
      'args' => 
      array (
        0 => '\'register\'',
        1 => '\'2333\'',
        2 => '\'\'',
        3 => '\'\'',
        4 => '\'\'',
        5 => '\'""\'',
        6 => 'NULL',
      ),
      'class' => 'dao\\BaseDao',
      'type' => '->',
    ),
    4 => 
    array (
      'file' => '/root/apps/90server/ZPHP/Core/Route.php',
      'line' => 33,
      'function' => 'login_third',
      'args' => 
      array (
      ),
      'class' => 'ctrl\\Login',
      'type' => '->',
    ),
    5 => 
    array (
      'file' => '/root/apps/90server/Application/apps/socket/HttpServer.php',
      'line' => 50,
      'function' => 'route',
      'args' => 
      array (
      ),
      'class' => 'ZPHP\\Core\\Route',
      'type' => '::',
    ),
    6 => 
    array (
      'file' => 'null',
      'line' => 'null',
      'function' => 'onRequest',
      'args' => 
      array (
        0 => 'swoole_http_request::__set_state(array(
   \'fd\' => 110,
   \'header\' => 
  array (
    \'content-type\' => \'multipart/form-data; boundary=__X_PAW_BOUNDARY__\',
    \'host\' => \'101.201.39.169:8992\',
    \'connection\' => \'close\',
    \'user-agent\' => \'Paw/2.3.1 (Macintosh; OS X/10.11.4) GCDHTTPRequest\',
    \'content-length\' => \'350\',
  ),
   \'server\' => 
  array (
    \'request_method\' => \'POST\',
    \'request_uri\' => \'/Login/login_third\',
    \'path_info\' => \'/Login/login_third\',
    \'request_time\' => 1461049089,
    \'request_time_float\' => 1461049089.6324091,
    \'server_port\' => 8992,
    \'remote_port\' => 53481,
    \'remote_addr\' => \'111.196.6.229\',
    \'server_protocol\' => \'HTTP/1.1\',
    \'server_software\' => \'swoole-http-server\',
  ),
   \'files\' => 
  array (
  ),
   \'post\' => 
  array (
    \'third_id\' => \'2497269530\',
    \'user_area_id \' => \'1\',
    \'user_name\' => \'2333\',
    \'user_avatar\' => \'""\',
  ),
))',
        1 => 'swoole_http_response::__set_state(array(
   \'fd\' => 110,
))',
      ),
      'class' => 'socket\\HttpServer',
      'type' => '->',
    ),
    7 => 
    array (
      'file' => '/root/apps/90server/ZPHP/Socket/Adapter/Swoole.php',
      'line' => 134,
      'function' => 'start',
      'args' => 
      array (
      ),
      'class' => 'swoole_http_server',
      'type' => '->',
    ),
    8 => 
    array (
      'file' => '/root/apps/90server/ZPHP/Server/Adapter/Socket.php',
      'line' => 31,
      'function' => 'run',
      'args' => 
      array (
      ),
      'class' => 'ZPHP\\Socket\\Adapter\\Swoole',
      'type' => '->',
    ),
    9 => 
    array (
      'file' => '/root/apps/90server/ZPHP/ZPHP.php',
      'line' => 189,
      'function' => 'run',
      'args' => 
      array (
      ),
      'class' => 'ZPHP\\Server\\Adapter\\Socket',
      'type' => '->',
    ),
    10 => 
    array (
      'file' => '/root/apps/90server/Application/webroot/main.php',
      'line' => 7,
      'function' => 'run',
      'args' => 
      array (
        0 => '\'/root/apps/90server/Application\'',
      ),
      'class' => 'ZPHP\\ZPHP',
      'type' => '::',
    ),
  ),
)
