2016-06-04 01:55:53
array (
  'className' => 'Exception',
  'message' => 'SQLSTATE[42S22]: Column not found: 1054 Unknown column \'notice_id\' in \'field list\'',
  'code' => '42S22',
  'file' => '/root/apps/90server/Application/apps/dao/BaseDao.php',
  'line' => 67,
  'userAgent' => '',
  'trace' => 
  array (
    0 => 
    array (
      'file' => '/root/apps/90server/Application/apps/dao/BaseDao.php',
      'line' => 67,
      'function' => 'execute',
      'args' => 
      array (
        0 => 'array (
  \'user_id\' => \'2016060401555317796\',
  \'notice_id\' => \'2016060401555391256\',
  \'time\' => 1464976553,
  \'title\' => \'\',
  \'content\' => \'这是你的第一枚金币，just keep it.\',
)',
      ),
      'class' => 'PDOStatement',
      'type' => '->',
    ),
    1 => 
    array (
      'file' => '/root/apps/90server/Application/apps/dao/user/Info.php',
      'line' => 423,
      'function' => 'execute',
      'args' => 
      array (
        0 => 'Aura\\SqlQuery\\Mysql\\Insert::__set_state(array(
   \'col_on_update_values\' => NULL,
   \'into\' => \'90_user_answer\',
   \'last_insert_id_names\' => 
  array (
  ),
   \'row\' => 0,
   \'col_values_bulk\' => 
  array (
  ),
   \'bind_values_bulk\' => 
  array (
  ),
   \'col_order\' => 
  array (
  ),
   \'col_values\' => 
  array (
    \'`user_id`\' => \':user_id\',
    \'`notice_id`\' => \':notice_id\',
    \'`time`\' => \':time\',
    \'`title`\' => \':title\',
    \'`content`\' => \':content\',
  ),
   \'returning\' => 
  array (
  ),
   \'bind_values\' => 
  array (
    \'user_id\' => \'2016060401555317796\',
    \'notice_id\' => \'2016060401555391256\',
    \'time\' => 1464976553,
    \'title\' => \'\',
    \'content\' => \'这是你的第一枚金币，just keep it.\',
  ),
   \'where\' => 
  array (
  ),
   \'order_by\' => 
  array (
  ),
   \'limit\' => 0,
   \'offset\' => 0,
   \'flags\' => 
  array (
  ),
   \'quoter\' => 
  Aura\\SqlQuery\\Quoter::__set_state(array(
     \'quote_name_prefix\' => \'`\',
     \'quote_name_suffix\' => \'`\',
  )),
   \'seq_bind_prefix\' => \'_6\',
))',
      ),
      'class' => 'dao\\BaseDao',
      'type' => '->',
    ),
    2 => 
    array (
      'file' => '/root/apps/90server/Application/apps/dao/BaseDao.php',
      'line' => 44,
      'function' => 'sendNotice',
      'args' => 
      array (
      ),
      'class' => 'dao\\user\\Info',
      'type' => '->',
    ),
    3 => 
    array (
      'file' => '/root/apps/90server/Application/apps/ctrl/Login.php',
      'line' => 107,
      'function' => 'run',
      'args' => 
      array (
        0 => '\'sendNotice\'',
        1 => '\'这是你的第一枚金币，just keep it.\'',
        2 => '\'\'',
        3 => '1464976553',
        4 => '\'2016060401555317796\'',
      ),
      'class' => 'dao\\BaseDao',
      'type' => '->',
    ),
    4 => 
    array (
      'file' => '/root/apps/90server/ZPHP/Core/Route.php',
      'line' => 33,
      'function' => 'login_third',
      'args' => 
      array (
      ),
      'class' => 'ctrl\\Login',
      'type' => '->',
    ),
    5 => 
    array (
      'file' => '/root/apps/90server/Application/apps/socket/HttpServer.php',
      'line' => 53,
      'function' => 'route',
      'args' => 
      array (
      ),
      'class' => 'ZPHP\\Core\\Route',
      'type' => '::',
    ),
    6 => 
    array (
      'file' => 'null',
      'line' => 'null',
      'function' => 'onRequest',
      'args' => 
      array (
        0 => 'swoole_http_request::__set_state(array(
   \'fd\' => 16883,
   \'header\' => 
  array (
    \'host\' => \'101.201.39.169:8992\',
    \'content-type\' => \'application/x-www-form-urlencoded\',
    \'connection\' => \'keep-alive\',
    \'accept\' => \'*/*\',
    \'user-agent\' => \'NineZeroProject/1.0 (iPhone; iOS 8.1.2; Scale/2.00)\',
    \'accept-language\' => \'zh-Hans;q=1, en;q=0.9, ja;q=0.8\',
    \'accept-encoding\' => \'gzip, deflate\',
    \'content-length\' => \'320\',
  ),
   \'server\' => 
  array (
    \'request_method\' => \'POST\',
    \'request_uri\' => \'/Login/login_third\',
    \'path_info\' => \'/Login/login_third\',
    \'request_time\' => 1464976552,
    \'request_time_float\' => 1464976553.5018289,
    \'server_port\' => 8992,
    \'remote_port\' => 20176,
    \'remote_addr\' => \'36.63.235.52\',
    \'server_protocol\' => \'HTTP/1.1\',
    \'server_software\' => \'swoole-http-server\',
  ),
   \'post\' => 
  array (
    \'third_id\' => \'orNcGwkfyrt_aSsfS2VGF27alAJI\',
    \'user_area_id\' => \'010\',
    \'user_avatar\' => \'http://wx.qlogo.cn/mmopen/ial7iaeW0NNkGibpwXjTft7P8icNmHPicNxjoUDicgtFbPUVibwHm9eyDibBbtTCdMo7eK8vZHv2vnTRYbh2MyEb2cn1HtJthrfOkP0p/0\',
    \'user_name\' => \'你想叫我什么就叫我什么吧\',
  ),
))',
        1 => 'swoole_http_response::__set_state(array(
   \'fd\' => 16883,
))',
      ),
      'class' => 'socket\\HttpServer',
      'type' => '->',
    ),
    7 => 
    array (
      'file' => '/root/apps/90server/ZPHP/Socket/Adapter/Swoole.php',
      'line' => 134,
      'function' => 'start',
      'args' => 
      array (
      ),
      'class' => 'swoole_http_server',
      'type' => '->',
    ),
    8 => 
    array (
      'file' => '/root/apps/90server/ZPHP/Server/Adapter/Socket.php',
      'line' => 31,
      'function' => 'run',
      'args' => 
      array (
      ),
      'class' => 'ZPHP\\Socket\\Adapter\\Swoole',
      'type' => '->',
    ),
    9 => 
    array (
      'file' => '/root/apps/90server/ZPHP/ZPHP.php',
      'line' => 189,
      'function' => 'run',
      'args' => 
      array (
      ),
      'class' => 'ZPHP\\Server\\Adapter\\Socket',
      'type' => '->',
    ),
    10 => 
    array (
      'file' => '/root/apps/90server/Application/webroot/main.php',
      'line' => 7,
      'function' => 'run',
      'args' => 
      array (
        0 => '\'/root/apps/90server/Application\'',
      ),
      'class' => 'ZPHP\\ZPHP',
      'type' => '::',
    ),
  ),
)
2016-06-04 07:04:29
array (
  'className' => 'Exception',
  'message' => 'SQLSTATE[42S22]: Column not found: 1054 Unknown column \'notice_id\' in \'field list\'',
  'code' => '42S22',
  'file' => '/root/apps/90server/Application/apps/dao/BaseDao.php',
  'line' => 67,
  'userAgent' => '',
  'trace' => 
  array (
    0 => 
    array (
      'file' => '/root/apps/90server/Application/apps/dao/BaseDao.php',
      'line' => 67,
      'function' => 'execute',
      'args' => 
      array (
        0 => 'array (
  \'user_id\' => \'2016060407042947578\',
  \'notice_id\' => \'2016060407042962286\',
  \'time\' => 1464995069,
  \'title\' => \'\',
  \'content\' => \'这是你的第一枚金币，just keep it.\',
)',
      ),
      'class' => 'PDOStatement',
      'type' => '->',
    ),
    1 => 
    array (
      'file' => '/root/apps/90server/Application/apps/dao/user/Info.php',
      'line' => 423,
      'function' => 'execute',
      'args' => 
      array (
        0 => 'Aura\\SqlQuery\\Mysql\\Insert::__set_state(array(
   \'col_on_update_values\' => NULL,
   \'into\' => \'90_user_answer\',
   \'last_insert_id_names\' => 
  array (
  ),
   \'row\' => 0,
   \'col_values_bulk\' => 
  array (
  ),
   \'bind_values_bulk\' => 
  array (
  ),
   \'col_order\' => 
  array (
  ),
   \'col_values\' => 
  array (
    \'`user_id`\' => \':user_id\',
    \'`notice_id`\' => \':notice_id\',
    \'`time`\' => \':time\',
    \'`title`\' => \':title\',
    \'`content`\' => \':content\',
  ),
   \'returning\' => 
  array (
  ),
   \'bind_values\' => 
  array (
    \'user_id\' => \'2016060407042947578\',
    \'notice_id\' => \'2016060407042962286\',
    \'time\' => 1464995069,
    \'title\' => \'\',
    \'content\' => \'这是你的第一枚金币，just keep it.\',
  ),
   \'where\' => 
  array (
  ),
   \'order_by\' => 
  array (
  ),
   \'limit\' => 0,
   \'offset\' => 0,
   \'flags\' => 
  array (
  ),
   \'quoter\' => 
  Aura\\SqlQuery\\Quoter::__set_state(array(
     \'quote_name_prefix\' => \'`\',
     \'quote_name_suffix\' => \'`\',
  )),
   \'seq_bind_prefix\' => \'_7\',
))',
      ),
      'class' => 'dao\\BaseDao',
      'type' => '->',
    ),
    2 => 
    array (
      'file' => '/root/apps/90server/Application/apps/dao/BaseDao.php',
      'line' => 44,
      'function' => 'sendNotice',
      'args' => 
      array (
      ),
      'class' => 'dao\\user\\Info',
      'type' => '->',
    ),
    3 => 
    array (
      'file' => '/root/apps/90server/Application/apps/ctrl/Login.php',
      'line' => 190,
      'function' => 'run',
      'args' => 
      array (
        0 => '\'sendNotice\'',
        1 => '\'这是你的第一枚金币，just keep it.\'',
        2 => '\'\'',
        3 => '1464995069',
        4 => '\'2016060407042947578\'',
      ),
      'class' => 'dao\\BaseDao',
      'type' => '->',
    ),
    4 => 
    array (
      'file' => '/root/apps/90server/ZPHP/Core/Route.php',
      'line' => 33,
      'function' => 'register',
      'args' => 
      array (
      ),
      'class' => 'ctrl\\Login',
      'type' => '->',
    ),
    5 => 
    array (
      'file' => '/root/apps/90server/Application/apps/socket/HttpServer.php',
      'line' => 53,
      'function' => 'route',
      'args' => 
      array (
      ),
      'class' => 'ZPHP\\Core\\Route',
      'type' => '::',
    ),
    6 => 
    array (
      'file' => 'null',
      'line' => 'null',
      'function' => 'onRequest',
      'args' => 
      array (
        0 => 'swoole_http_request::__set_state(array(
   \'fd\' => 16998,
   \'header\' => 
  array (
    \'host\' => \'101.201.39.169:8992\',
    \'content-type\' => \'application/x-www-form-urlencoded\',
    \'connection\' => \'keep-alive\',
    \'accept\' => \'*/*\',
    \'user-agent\' => \'NineZeroProject/1.0 (iPhone; iOS 9.3; Scale/2.00)\',
    \'accept-language\' => \'zh-Hans-CN;q=1, en-CN;q=0.9\',
    \'accept-encoding\' => \'gzip, deflate\',
    \'content-length\' => \'196\',
  ),
   \'server\' => 
  array (
    \'request_method\' => \'POST\',
    \'request_uri\' => \'/Login/register/\',
    \'path_info\' => \'/Login/register/\',
    \'request_time\' => 1464995069,
    \'request_time_float\' => 1464995069.240901,
    \'server_port\' => 8992,
    \'remote_port\' => 15337,
    \'remote_addr\' => \'117.114.147.145\',
    \'server_protocol\' => \'HTTP/1.1\',
    \'server_software\' => \'swoole-http-server\',
  ),
   \'post\' => 
  array (
    \'code\' => \'3905\',
    \'user_area_id\' => \'010\',
    \'user_avatar\' => \'\',
    \'user_email\' => \'null\',
    \'user_mobile\' => \'18301201218\',
    \'user_name\' => \'隐形兽\',
    \'user_password\' => \'c9e3bdb6a22827a28e3f740d667f74a5afa3b4c79d35c54845d4f98004116c0c\',
  ),
))',
        1 => 'swoole_http_response::__set_state(array(
   \'fd\' => 16998,
))',
      ),
      'class' => 'socket\\HttpServer',
      'type' => '->',
    ),
    7 => 
    array (
      'file' => '/root/apps/90server/ZPHP/Socket/Adapter/Swoole.php',
      'line' => 134,
      'function' => 'start',
      'args' => 
      array (
      ),
      'class' => 'swoole_http_server',
      'type' => '->',
    ),
    8 => 
    array (
      'file' => '/root/apps/90server/ZPHP/Server/Adapter/Socket.php',
      'line' => 31,
      'function' => 'run',
      'args' => 
      array (
      ),
      'class' => 'ZPHP\\Socket\\Adapter\\Swoole',
      'type' => '->',
    ),
    9 => 
    array (
      'file' => '/root/apps/90server/ZPHP/ZPHP.php',
      'line' => 189,
      'function' => 'run',
      'args' => 
      array (
      ),
      'class' => 'ZPHP\\Server\\Adapter\\Socket',
      'type' => '->',
    ),
    10 => 
    array (
      'file' => '/root/apps/90server/Application/webroot/main.php',
      'line' => 7,
      'function' => 'run',
      'args' => 
      array (
        0 => '\'/root/apps/90server/Application\'',
      ),
      'class' => 'ZPHP\\ZPHP',
      'type' => '::',
    ),
  ),
)
2016-06-04 10:45:55
array (
  'className' => 'Exception',
  'message' => 'SQLSTATE[42S22]: Column not found: 1054 Unknown column \'notice_id\' in \'field list\'',
  'code' => '42S22',
  'file' => '/root/apps/90server/Application/apps/dao/BaseDao.php',
  'line' => 67,
  'userAgent' => '',
  'trace' => 
  array (
    0 => 
    array (
      'file' => '/root/apps/90server/Application/apps/dao/BaseDao.php',
      'line' => 67,
      'function' => 'execute',
      'args' => 
      array (
        0 => 'array (
  \'user_id\' => \'2016060410455531544\',
  \'notice_id\' => \'2016060410455585452\',
  \'time\' => 1465008355,
  \'title\' => \'\',
  \'content\' => \'这是你的第一枚金币，just keep it.\',
)',
      ),
      'class' => 'PDOStatement',
      'type' => '->',
    ),
    1 => 
    array (
      'file' => '/root/apps/90server/Application/apps/dao/user/Info.php',
      'line' => 423,
      'function' => 'execute',
      'args' => 
      array (
        0 => 'Aura\\SqlQuery\\Mysql\\Insert::__set_state(array(
   \'col_on_update_values\' => NULL,
   \'into\' => \'90_user_answer\',
   \'last_insert_id_names\' => 
  array (
  ),
   \'row\' => 0,
   \'col_values_bulk\' => 
  array (
  ),
   \'bind_values_bulk\' => 
  array (
  ),
   \'col_order\' => 
  array (
  ),
   \'col_values\' => 
  array (
    \'`user_id`\' => \':user_id\',
    \'`notice_id`\' => \':notice_id\',
    \'`time`\' => \':time\',
    \'`title`\' => \':title\',
    \'`content`\' => \':content\',
  ),
   \'returning\' => 
  array (
  ),
   \'bind_values\' => 
  array (
    \'user_id\' => \'2016060410455531544\',
    \'notice_id\' => \'2016060410455585452\',
    \'time\' => 1465008355,
    \'title\' => \'\',
    \'content\' => \'这是你的第一枚金币，just keep it.\',
  ),
   \'where\' => 
  array (
  ),
   \'order_by\' => 
  array (
  ),
   \'limit\' => 0,
   \'offset\' => 0,
   \'flags\' => 
  array (
  ),
   \'quoter\' => 
  Aura\\SqlQuery\\Quoter::__set_state(array(
     \'quote_name_prefix\' => \'`\',
     \'quote_name_suffix\' => \'`\',
  )),
   \'seq_bind_prefix\' => \'_8\',
))',
      ),
      'class' => 'dao\\BaseDao',
      'type' => '->',
    ),
    2 => 
    array (
      'file' => '/root/apps/90server/Application/apps/dao/BaseDao.php',
      'line' => 44,
      'function' => 'sendNotice',
      'args' => 
      array (
      ),
      'class' => 'dao\\user\\Info',
      'type' => '->',
    ),
    3 => 
    array (
      'file' => '/root/apps/90server/Application/apps/ctrl/Login.php',
      'line' => 190,
      'function' => 'run',
      'args' => 
      array (
        0 => '\'sendNotice\'',
        1 => '\'这是你的第一枚金币，just keep it.\'',
        2 => '\'\'',
        3 => '1465008355',
        4 => '\'2016060410455531544\'',
      ),
      'class' => 'dao\\BaseDao',
      'type' => '->',
    ),
    4 => 
    array (
      'file' => '/root/apps/90server/ZPHP/Core/Route.php',
      'line' => 33,
      'function' => 'register',
      'args' => 
      array (
      ),
      'class' => 'ctrl\\Login',
      'type' => '->',
    ),
    5 => 
    array (
      'file' => '/root/apps/90server/Application/apps/socket/HttpServer.php',
      'line' => 53,
      'function' => 'route',
      'args' => 
      array (
      ),
      'class' => 'ZPHP\\Core\\Route',
      'type' => '::',
    ),
    6 => 
    array (
      'file' => 'null',
      'line' => 'null',
      'function' => 'onRequest',
      'args' => 
      array (
        0 => 'swoole_http_request::__set_state(array(
   \'fd\' => 17424,
   \'header\' => 
  array (
    \'host\' => \'101.201.39.169:8992\',
    \'content-type\' => \'application/x-www-form-urlencoded\',
    \'connection\' => \'keep-alive\',
    \'accept\' => \'*/*\',
    \'user-agent\' => \'NineZeroProject/1.0 (iPad; iOS 9.3.2; Scale/2.00)\',
    \'accept-language\' => \'zh-Hans-CN;q=1\',
    \'accept-encoding\' => \'gzip, deflate\',
    \'content-length\' => \'211\',
  ),
   \'server\' => 
  array (
    \'request_method\' => \'POST\',
    \'request_uri\' => \'/Login/register/\',
    \'path_info\' => \'/Login/register/\',
    \'request_time\' => 1465008355,
    \'request_time_float\' => 1465008355.2485731,
    \'server_port\' => 8992,
    \'remote_port\' => 52041,
    \'remote_addr\' => \'182.108.113.28\',
    \'server_protocol\' => \'HTTP/1.1\',
    \'server_software\' => \'swoole-http-server\',
  ),
   \'post\' => 
  array (
    \'code\' => \'3089\',
    \'user_area_id\' => \'010\',
    \'user_avatar\' => \'\',
    \'user_email\' => \'null\',
    \'user_mobile\' => \'18779330862\',
    \'user_name\' => \'M o n s te\',
    \'user_password\' => \'c837ba91807856bb14f43bd85dcfa99a600dc664d94bb9e7bc6215e9f5a9b3c8\',
  ),
))',
        1 => 'swoole_http_response::__set_state(array(
   \'fd\' => 17424,
))',
      ),
      'class' => 'socket\\HttpServer',
      'type' => '->',
    ),
    7 => 
    array (
      'file' => '/root/apps/90server/ZPHP/Socket/Adapter/Swoole.php',
      'line' => 134,
      'function' => 'start',
      'args' => 
      array (
      ),
      'class' => 'swoole_http_server',
      'type' => '->',
    ),
    8 => 
    array (
      'file' => '/root/apps/90server/ZPHP/Server/Adapter/Socket.php',
      'line' => 31,
      'function' => 'run',
      'args' => 
      array (
      ),
      'class' => 'ZPHP\\Socket\\Adapter\\Swoole',
      'type' => '->',
    ),
    9 => 
    array (
      'file' => '/root/apps/90server/ZPHP/ZPHP.php',
      'line' => 189,
      'function' => 'run',
      'args' => 
      array (
      ),
      'class' => 'ZPHP\\Server\\Adapter\\Socket',
      'type' => '->',
    ),
    10 => 
    array (
      'file' => '/root/apps/90server/Application/webroot/main.php',
      'line' => 7,
      'function' => 'run',
      'args' => 
      array (
        0 => '\'/root/apps/90server/Application\'',
      ),
      'class' => 'ZPHP\\ZPHP',
      'type' => '::',
    ),
  ),
)
2016-06-04 14:37:51
array (
  'className' => 'Exception',
  'message' => 'SQLSTATE[42S22]: Column not found: 1054 Unknown column \'notice_id\' in \'field list\'',
  'code' => '42S22',
  'file' => '/root/apps/90server/Application/apps/dao/BaseDao.php',
  'line' => 67,
  'userAgent' => '',
  'trace' => 
  array (
    0 => 
    array (
      'file' => '/root/apps/90server/Application/apps/dao/BaseDao.php',
      'line' => 67,
      'function' => 'execute',
      'args' => 
      array (
        0 => 'array (
  \'user_id\' => \'2016060414375179589\',
  \'notice_id\' => \'2016060414375122056\',
  \'time\' => 1465022271,
  \'title\' => \'\',
  \'content\' => \'这是你的第一枚金币，just keep it.\',
)',
      ),
      'class' => 'PDOStatement',
      'type' => '->',
    ),
    1 => 
    array (
      'file' => '/root/apps/90server/Application/apps/dao/user/Info.php',
      'line' => 423,
      'function' => 'execute',
      'args' => 
      array (
        0 => 'Aura\\SqlQuery\\Mysql\\Insert::__set_state(array(
   \'col_on_update_values\' => NULL,
   \'into\' => \'90_user_answer\',
   \'last_insert_id_names\' => 
  array (
  ),
   \'row\' => 0,
   \'col_values_bulk\' => 
  array (
  ),
   \'bind_values_bulk\' => 
  array (
  ),
   \'col_order\' => 
  array (
  ),
   \'col_values\' => 
  array (
    \'`user_id`\' => \':user_id\',
    \'`notice_id`\' => \':notice_id\',
    \'`time`\' => \':time\',
    \'`title`\' => \':title\',
    \'`content`\' => \':content\',
  ),
   \'returning\' => 
  array (
  ),
   \'bind_values\' => 
  array (
    \'user_id\' => \'2016060414375179589\',
    \'notice_id\' => \'2016060414375122056\',
    \'time\' => 1465022271,
    \'title\' => \'\',
    \'content\' => \'这是你的第一枚金币，just keep it.\',
  ),
   \'where\' => 
  array (
  ),
   \'order_by\' => 
  array (
  ),
   \'limit\' => 0,
   \'offset\' => 0,
   \'flags\' => 
  array (
  ),
   \'quoter\' => 
  Aura\\SqlQuery\\Quoter::__set_state(array(
     \'quote_name_prefix\' => \'`\',
     \'quote_name_suffix\' => \'`\',
  )),
   \'seq_bind_prefix\' => \'_4\',
))',
      ),
      'class' => 'dao\\BaseDao',
      'type' => '->',
    ),
    2 => 
    array (
      'file' => '/root/apps/90server/Application/apps/dao/BaseDao.php',
      'line' => 44,
      'function' => 'sendNotice',
      'args' => 
      array (
      ),
      'class' => 'dao\\user\\Info',
      'type' => '->',
    ),
    3 => 
    array (
      'file' => '/root/apps/90server/Application/apps/ctrl/Login.php',
      'line' => 107,
      'function' => 'run',
      'args' => 
      array (
        0 => '\'sendNotice\'',
        1 => '\'这是你的第一枚金币，just keep it.\'',
        2 => '\'\'',
        3 => '1465022271',
        4 => '\'2016060414375179589\'',
      ),
      'class' => 'dao\\BaseDao',
      'type' => '->',
    ),
    4 => 
    array (
      'file' => '/root/apps/90server/ZPHP/Core/Route.php',
      'line' => 33,
      'function' => 'login_third',
      'args' => 
      array (
      ),
      'class' => 'ctrl\\Login',
      'type' => '->',
    ),
    5 => 
    array (
      'file' => '/root/apps/90server/Application/apps/socket/HttpServer.php',
      'line' => 53,
      'function' => 'route',
      'args' => 
      array (
      ),
      'class' => 'ZPHP\\Core\\Route',
      'type' => '::',
    ),
    6 => 
    array (
      'file' => 'null',
      'line' => 'null',
      'function' => 'onRequest',
      'args' => 
      array (
        0 => 'swoole_http_request::__set_state(array(
   \'fd\' => 17674,
   \'header\' => 
  array (
    \'host\' => \'101.201.39.169:8992\',
    \'content-type\' => \'application/x-www-form-urlencoded\',
    \'connection\' => \'keep-alive\',
    \'accept\' => \'*/*\',
    \'user-agent\' => \'NineZeroProject/1.0 (iPhone; iOS 9.3.2; Scale/2.00)\',
    \'accept-language\' => \'zh-Hans-CN;q=1\',
    \'accept-encoding\' => \'gzip, deflate\',
    \'content-length\' => \'233\',
  ),
   \'server\' => 
  array (
    \'request_method\' => \'POST\',
    \'request_uri\' => \'/Login/login_third\',
    \'path_info\' => \'/Login/login_third\',
    \'request_time\' => 1465022270,
    \'request_time_float\' => 1465022271.4613359,
    \'server_port\' => 8992,
    \'remote_port\' => 56251,
    \'remote_addr\' => \'218.22.71.2\',
    \'server_protocol\' => \'HTTP/1.1\',
    \'server_software\' => \'swoole-http-server\',
  ),
   \'post\' => 
  array (
    \'third_id\' => \'orNcGwkmO5NIAXDhen6KIyKBfsMY\',
    \'user_area_id\' => \'010\',
    \'user_avatar\' => \'http://wx.qlogo.cn/mmopen/PiajxSqBRaEIAaDoXsBibNazROItH7CdzEs5f1Q3mMcJ2G4iaCO9hgUBmPSMk7zOGVw1A5NqxouQT4S97Qn6eqs4g/0\',
    \'user_name\' => \'小雨文子\',
  ),
))',
        1 => 'swoole_http_response::__set_state(array(
   \'fd\' => 17674,
))',
      ),
      'class' => 'socket\\HttpServer',
      'type' => '->',
    ),
    7 => 
    array (
      'file' => '/root/apps/90server/ZPHP/Socket/Adapter/Swoole.php',
      'line' => 134,
      'function' => 'start',
      'args' => 
      array (
      ),
      'class' => 'swoole_http_server',
      'type' => '->',
    ),
    8 => 
    array (
      'file' => '/root/apps/90server/ZPHP/Server/Adapter/Socket.php',
      'line' => 31,
      'function' => 'run',
      'args' => 
      array (
      ),
      'class' => 'ZPHP\\Socket\\Adapter\\Swoole',
      'type' => '->',
    ),
    9 => 
    array (
      'file' => '/root/apps/90server/ZPHP/ZPHP.php',
      'line' => 189,
      'function' => 'run',
      'args' => 
      array (
      ),
      'class' => 'ZPHP\\Server\\Adapter\\Socket',
      'type' => '->',
    ),
    10 => 
    array (
      'file' => '/root/apps/90server/Application/webroot/main.php',
      'line' => 7,
      'function' => 'run',
      'args' => 
      array (
        0 => '\'/root/apps/90server/Application\'',
      ),
      'class' => 'ZPHP\\ZPHP',
      'type' => '::',
    ),
  ),
)
2016-06-04 17:30:49
array (
  'className' => 'Exception',
  'message' => 'SQLSTATE[42S22]: Column not found: 1054 Unknown column \'notice_id\' in \'field list\'',
  'code' => '42S22',
  'file' => '/root/apps/90server/Application/apps/dao/BaseDao.php',
  'line' => 67,
  'userAgent' => '',
  'trace' => 
  array (
    0 => 
    array (
      'file' => '/root/apps/90server/Application/apps/dao/BaseDao.php',
      'line' => 67,
      'function' => 'execute',
      'args' => 
      array (
        0 => 'array (
  \'user_id\' => \'2016060417304995673\',
  \'notice_id\' => \'2016060417304930040\',
  \'time\' => 1465032649,
  \'title\' => \'\',
  \'content\' => \'这是你的第一枚金币，just keep it.\',
)',
      ),
      'class' => 'PDOStatement',
      'type' => '->',
    ),
    1 => 
    array (
      'file' => '/root/apps/90server/Application/apps/dao/user/Info.php',
      'line' => 423,
      'function' => 'execute',
      'args' => 
      array (
        0 => 'Aura\\SqlQuery\\Mysql\\Insert::__set_state(array(
   \'col_on_update_values\' => NULL,
   \'into\' => \'90_user_answer\',
   \'last_insert_id_names\' => 
  array (
  ),
   \'row\' => 0,
   \'col_values_bulk\' => 
  array (
  ),
   \'bind_values_bulk\' => 
  array (
  ),
   \'col_order\' => 
  array (
  ),
   \'col_values\' => 
  array (
    \'`user_id`\' => \':user_id\',
    \'`notice_id`\' => \':notice_id\',
    \'`time`\' => \':time\',
    \'`title`\' => \':title\',
    \'`content`\' => \':content\',
  ),
   \'returning\' => 
  array (
  ),
   \'bind_values\' => 
  array (
    \'user_id\' => \'2016060417304995673\',
    \'notice_id\' => \'2016060417304930040\',
    \'time\' => 1465032649,
    \'title\' => \'\',
    \'content\' => \'这是你的第一枚金币，just keep it.\',
  ),
   \'where\' => 
  array (
  ),
   \'order_by\' => 
  array (
  ),
   \'limit\' => 0,
   \'offset\' => 0,
   \'flags\' => 
  array (
  ),
   \'quoter\' => 
  Aura\\SqlQuery\\Quoter::__set_state(array(
     \'quote_name_prefix\' => \'`\',
     \'quote_name_suffix\' => \'`\',
  )),
   \'seq_bind_prefix\' => \'_9\',
))',
      ),
      'class' => 'dao\\BaseDao',
      'type' => '->',
    ),
    2 => 
    array (
      'file' => '/root/apps/90server/Application/apps/dao/BaseDao.php',
      'line' => 44,
      'function' => 'sendNotice',
      'args' => 
      array (
      ),
      'class' => 'dao\\user\\Info',
      'type' => '->',
    ),
    3 => 
    array (
      'file' => '/root/apps/90server/Application/apps/ctrl/Login.php',
      'line' => 107,
      'function' => 'run',
      'args' => 
      array (
        0 => '\'sendNotice\'',
        1 => '\'这是你的第一枚金币，just keep it.\'',
        2 => '\'\'',
        3 => '1465032649',
        4 => '\'2016060417304995673\'',
      ),
      'class' => 'dao\\BaseDao',
      'type' => '->',
    ),
    4 => 
    array (
      'file' => '/root/apps/90server/ZPHP/Core/Route.php',
      'line' => 33,
      'function' => 'login_third',
      'args' => 
      array (
      ),
      'class' => 'ctrl\\Login',
      'type' => '->',
    ),
    5 => 
    array (
      'file' => '/root/apps/90server/Application/apps/socket/HttpServer.php',
      'line' => 53,
      'function' => 'route',
      'args' => 
      array (
      ),
      'class' => 'ZPHP\\Core\\Route',
      'type' => '::',
    ),
    6 => 
    array (
      'file' => 'null',
      'line' => 'null',
      'function' => 'onRequest',
      'args' => 
      array (
        0 => 'swoole_http_request::__set_state(array(
   \'fd\' => 17879,
   \'header\' => 
  array (
    \'host\' => \'101.201.39.169:8992\',
    \'content-type\' => \'application/x-www-form-urlencoded\',
    \'connection\' => \'keep-alive\',
    \'accept\' => \'*/*\',
    \'user-agent\' => \'NineZeroProject/1.0 (iPhone; iOS 9.3.1; Scale/2.00)\',
    \'accept-language\' => \'zh-Hans-CN;q=1, en-CN;q=0.9\',
    \'accept-encoding\' => \'gzip, deflate\',
    \'content-length\' => \'228\',
  ),
   \'server\' => 
  array (
    \'request_method\' => \'POST\',
    \'request_uri\' => \'/Login/login_third\',
    \'path_info\' => \'/Login/login_third\',
    \'request_time\' => 1465032649,
    \'request_time_float\' => 1465032649.7434189,
    \'server_port\' => 8992,
    \'remote_port\' => 7332,
    \'remote_addr\' => \'106.37.40.72\',
    \'server_protocol\' => \'HTTP/1.1\',
    \'server_software\' => \'swoole-http-server\',
  ),
   \'post\' => 
  array (
    \'third_id\' => \'orNcGwm0B06z0a6JbSnxoHq9W95s\',
    \'user_area_id\' => \'010\',
    \'user_avatar\' => \'http://wx.qlogo.cn/mmopen/ial7iaeW0NNkGibpwXjTft7PibYadLahQS7Pib37er5hxEINPic5b1cDRbDzDGFP43lCuB24kHHFhNWtbcPHSmKnAdHT2OEaYWYNz7/0\',
    \'user_name\' => \'杰帝\',
  ),
))',
        1 => 'swoole_http_response::__set_state(array(
   \'fd\' => 17879,
))',
      ),
      'class' => 'socket\\HttpServer',
      'type' => '->',
    ),
    7 => 
    array (
      'file' => '/root/apps/90server/ZPHP/Socket/Adapter/Swoole.php',
      'line' => 134,
      'function' => 'start',
      'args' => 
      array (
      ),
      'class' => 'swoole_http_server',
      'type' => '->',
    ),
    8 => 
    array (
      'file' => '/root/apps/90server/ZPHP/Server/Adapter/Socket.php',
      'line' => 31,
      'function' => 'run',
      'args' => 
      array (
      ),
      'class' => 'ZPHP\\Socket\\Adapter\\Swoole',
      'type' => '->',
    ),
    9 => 
    array (
      'file' => '/root/apps/90server/ZPHP/ZPHP.php',
      'line' => 189,
      'function' => 'run',
      'args' => 
      array (
      ),
      'class' => 'ZPHP\\Server\\Adapter\\Socket',
      'type' => '->',
    ),
    10 => 
    array (
      'file' => '/root/apps/90server/Application/webroot/main.php',
      'line' => 7,
      'function' => 'run',
      'args' => 
      array (
        0 => '\'/root/apps/90server/Application\'',
      ),
      'class' => 'ZPHP\\ZPHP',
      'type' => '::',
    ),
  ),
)
2016-06-04 21:00:26
array (
  'className' => 'Exception',
  'message' => 'SQLSTATE[42S22]: Column not found: 1054 Unknown column \'notice_id\' in \'field list\'',
  'code' => '42S22',
  'file' => '/root/apps/90server/Application/apps/dao/BaseDao.php',
  'line' => 67,
  'userAgent' => '',
  'trace' => 
  array (
    0 => 
    array (
      'file' => '/root/apps/90server/Application/apps/dao/BaseDao.php',
      'line' => 67,
      'function' => 'execute',
      'args' => 
      array (
        0 => 'array (
  \'user_id\' => \'2016060421002610965\',
  \'notice_id\' => \'2016060421002673765\',
  \'time\' => 1465045226,
  \'title\' => \'\',
  \'content\' => \'这是你的第一枚金币，just keep it.\',
)',
      ),
      'class' => 'PDOStatement',
      'type' => '->',
    ),
    1 => 
    array (
      'file' => '/root/apps/90server/Application/apps/dao/user/Info.php',
      'line' => 423,
      'function' => 'execute',
      'args' => 
      array (
        0 => 'Aura\\SqlQuery\\Mysql\\Insert::__set_state(array(
   \'col_on_update_values\' => NULL,
   \'into\' => \'90_user_answer\',
   \'last_insert_id_names\' => 
  array (
  ),
   \'row\' => 0,
   \'col_values_bulk\' => 
  array (
  ),
   \'bind_values_bulk\' => 
  array (
  ),
   \'col_order\' => 
  array (
  ),
   \'col_values\' => 
  array (
    \'`user_id`\' => \':user_id\',
    \'`notice_id`\' => \':notice_id\',
    \'`time`\' => \':time\',
    \'`title`\' => \':title\',
    \'`content`\' => \':content\',
  ),
   \'returning\' => 
  array (
  ),
   \'bind_values\' => 
  array (
    \'user_id\' => \'2016060421002610965\',
    \'notice_id\' => \'2016060421002673765\',
    \'time\' => 1465045226,
    \'title\' => \'\',
    \'content\' => \'这是你的第一枚金币，just keep it.\',
  ),
   \'where\' => 
  array (
  ),
   \'order_by\' => 
  array (
  ),
   \'limit\' => 0,
   \'offset\' => 0,
   \'flags\' => 
  array (
  ),
   \'quoter\' => 
  Aura\\SqlQuery\\Quoter::__set_state(array(
     \'quote_name_prefix\' => \'`\',
     \'quote_name_suffix\' => \'`\',
  )),
   \'seq_bind_prefix\' => \'_10\',
))',
      ),
      'class' => 'dao\\BaseDao',
      'type' => '->',
    ),
    2 => 
    array (
      'file' => '/root/apps/90server/Application/apps/dao/BaseDao.php',
      'line' => 44,
      'function' => 'sendNotice',
      'args' => 
      array (
      ),
      'class' => 'dao\\user\\Info',
      'type' => '->',
    ),
    3 => 
    array (
      'file' => '/root/apps/90server/Application/apps/ctrl/Login.php',
      'line' => 107,
      'function' => 'run',
      'args' => 
      array (
        0 => '\'sendNotice\'',
        1 => '\'这是你的第一枚金币，just keep it.\'',
        2 => '\'\'',
        3 => '1465045226',
        4 => '\'2016060421002610965\'',
      ),
      'class' => 'dao\\BaseDao',
      'type' => '->',
    ),
    4 => 
    array (
      'file' => '/root/apps/90server/ZPHP/Core/Route.php',
      'line' => 33,
      'function' => 'login_third',
      'args' => 
      array (
      ),
      'class' => 'ctrl\\Login',
      'type' => '->',
    ),
    5 => 
    array (
      'file' => '/root/apps/90server/Application/apps/socket/HttpServer.php',
      'line' => 53,
      'function' => 'route',
      'args' => 
      array (
      ),
      'class' => 'ZPHP\\Core\\Route',
      'type' => '::',
    ),
    6 => 
    array (
      'file' => 'null',
      'line' => 'null',
      'function' => 'onRequest',
      'args' => 
      array (
        0 => 'swoole_http_request::__set_state(array(
   \'fd\' => 18435,
   \'header\' => 
  array (
    \'host\' => \'101.201.39.169:8992\',
    \'content-type\' => \'application/x-www-form-urlencoded\',
    \'connection\' => \'keep-alive\',
    \'accept\' => \'*/*\',
    \'user-agent\' => \'NineZeroProject/1.0 (iPhone; iOS 9.3.1; Scale/2.00)\',
    \'accept-language\' => \'zh-Hans-CN;q=1, en-CN;q=0.9, zh-Hant-CN;q=0.8, ko-KR;q=0.7, hu-HU;q=0.6, ru-RU;q=0.5\',
    \'accept-encoding\' => \'gzip, deflate\',
    \'content-length\' => \'217\',
  ),
   \'server\' => 
  array (
    \'request_method\' => \'POST\',
    \'request_uri\' => \'/Login/login_third\',
    \'path_info\' => \'/Login/login_third\',
    \'request_time\' => 1465045226,
    \'request_time_float\' => 1465045226.772943,
    \'server_port\' => 8992,
    \'remote_port\' => 63198,
    \'remote_addr\' => \'220.249.163.123\',
    \'server_protocol\' => \'HTTP/1.1\',
    \'server_software\' => \'swoole-http-server\',
  ),
   \'post\' => 
  array (
    \'third_id\' => \'orNcGwuuZO8X0pBT5tV7G0NOpI-U\',
    \'user_area_id\' => \'010\',
    \'user_avatar\' => \'http://wx.qlogo.cn/mmopen/icgOdsRiaq7A9L3agbDtEXlj0mG6WQ4LpL8jKpicFC1yhiamJNib8kI6NLjCwrgjX6FQsBCHd3FoxibcZhWeUyBbAHln8iarchZl8Cr/0\',
    \'user_name\' => \'Zzzyyy\',
  ),
))',
        1 => 'swoole_http_response::__set_state(array(
   \'fd\' => 18435,
))',
      ),
      'class' => 'socket\\HttpServer',
      'type' => '->',
    ),
    7 => 
    array (
      'file' => '/root/apps/90server/ZPHP/Socket/Adapter/Swoole.php',
      'line' => 134,
      'function' => 'start',
      'args' => 
      array (
      ),
      'class' => 'swoole_http_server',
      'type' => '->',
    ),
    8 => 
    array (
      'file' => '/root/apps/90server/ZPHP/Server/Adapter/Socket.php',
      'line' => 31,
      'function' => 'run',
      'args' => 
      array (
      ),
      'class' => 'ZPHP\\Socket\\Adapter\\Swoole',
      'type' => '->',
    ),
    9 => 
    array (
      'file' => '/root/apps/90server/ZPHP/ZPHP.php',
      'line' => 189,
      'function' => 'run',
      'args' => 
      array (
      ),
      'class' => 'ZPHP\\Server\\Adapter\\Socket',
      'type' => '->',
    ),
    10 => 
    array (
      'file' => '/root/apps/90server/Application/webroot/main.php',
      'line' => 7,
      'function' => 'run',
      'args' => 
      array (
        0 => '\'/root/apps/90server/Application\'',
      ),
      'class' => 'ZPHP\\ZPHP',
      'type' => '::',
    ),
  ),
)
2016-06-04 22:35:28
array (
  'className' => 'Exception',
  'message' => 'SQLSTATE[42S22]: Column not found: 1054 Unknown column \'notice_id\' in \'field list\'',
  'code' => '42S22',
  'file' => '/root/apps/90server/Application/apps/dao/BaseDao.php',
  'line' => 67,
  'userAgent' => '',
  'trace' => 
  array (
    0 => 
    array (
      'file' => '/root/apps/90server/Application/apps/dao/BaseDao.php',
      'line' => 67,
      'function' => 'execute',
      'args' => 
      array (
        0 => 'array (
  \'user_id\' => \'2016060422352869929\',
  \'notice_id\' => \'2016060422352856762\',
  \'time\' => 1465050928,
  \'title\' => \'\',
  \'content\' => \'这是你的第一枚金币，just keep it.\',
)',
      ),
      'class' => 'PDOStatement',
      'type' => '->',
    ),
    1 => 
    array (
      'file' => '/root/apps/90server/Application/apps/dao/user/Info.php',
      'line' => 423,
      'function' => 'execute',
      'args' => 
      array (
        0 => 'Aura\\SqlQuery\\Mysql\\Insert::__set_state(array(
   \'col_on_update_values\' => NULL,
   \'into\' => \'90_user_answer\',
   \'last_insert_id_names\' => 
  array (
  ),
   \'row\' => 0,
   \'col_values_bulk\' => 
  array (
  ),
   \'bind_values_bulk\' => 
  array (
  ),
   \'col_order\' => 
  array (
  ),
   \'col_values\' => 
  array (
    \'`user_id`\' => \':user_id\',
    \'`notice_id`\' => \':notice_id\',
    \'`time`\' => \':time\',
    \'`title`\' => \':title\',
    \'`content`\' => \':content\',
  ),
   \'returning\' => 
  array (
  ),
   \'bind_values\' => 
  array (
    \'user_id\' => \'2016060422352869929\',
    \'notice_id\' => \'2016060422352856762\',
    \'time\' => 1465050928,
    \'title\' => \'\',
    \'content\' => \'这是你的第一枚金币，just keep it.\',
  ),
   \'where\' => 
  array (
  ),
   \'order_by\' => 
  array (
  ),
   \'limit\' => 0,
   \'offset\' => 0,
   \'flags\' => 
  array (
  ),
   \'quoter\' => 
  Aura\\SqlQuery\\Quoter::__set_state(array(
     \'quote_name_prefix\' => \'`\',
     \'quote_name_suffix\' => \'`\',
  )),
   \'seq_bind_prefix\' => \'_2\',
))',
      ),
      'class' => 'dao\\BaseDao',
      'type' => '->',
    ),
    2 => 
    array (
      'file' => '/root/apps/90server/Application/apps/dao/BaseDao.php',
      'line' => 44,
      'function' => 'sendNotice',
      'args' => 
      array (
      ),
      'class' => 'dao\\user\\Info',
      'type' => '->',
    ),
    3 => 
    array (
      'file' => '/root/apps/90server/Application/apps/ctrl/Login.php',
      'line' => 107,
      'function' => 'run',
      'args' => 
      array (
        0 => '\'sendNotice\'',
        1 => '\'这是你的第一枚金币，just keep it.\'',
        2 => '\'\'',
        3 => '1465050928',
        4 => '\'2016060422352869929\'',
      ),
      'class' => 'dao\\BaseDao',
      'type' => '->',
    ),
    4 => 
    array (
      'file' => '/root/apps/90server/ZPHP/Core/Route.php',
      'line' => 33,
      'function' => 'login_third',
      'args' => 
      array (
      ),
      'class' => 'ctrl\\Login',
      'type' => '->',
    ),
    5 => 
    array (
      'file' => '/root/apps/90server/Application/apps/socket/HttpServer.php',
      'line' => 53,
      'function' => 'route',
      'args' => 
      array (
      ),
      'class' => 'ZPHP\\Core\\Route',
      'type' => '::',
    ),
    6 => 
    array (
      'file' => 'null',
      'line' => 'null',
      'function' => 'onRequest',
      'args' => 
      array (
        0 => 'swoole_http_request::__set_state(array(
   \'fd\' => 18676,
   \'header\' => 
  array (
    \'host\' => \'101.201.39.169:8992\',
    \'content-type\' => \'application/x-www-form-urlencoded\',
    \'connection\' => \'keep-alive\',
    \'accept\' => \'*/*\',
    \'user-agent\' => \'NineZeroProject/1.0 (iPhone; iOS 9.3.2; Scale/2.00)\',
    \'accept-language\' => \'zh-Hans-US;q=1, ja-US;q=0.9, zh-Hant-US;q=0.8, en-US;q=0.7, ko-KR;q=0.6, ja-JP;q=0.5\',
    \'accept-encoding\' => \'gzip, deflate\',
    \'content-length\' => \'244\',
  ),
   \'server\' => 
  array (
    \'request_method\' => \'POST\',
    \'request_uri\' => \'/Login/login_third\',
    \'path_info\' => \'/Login/login_third\',
    \'request_time\' => 1465050928,
    \'request_time_float\' => 1465050928.104835,
    \'server_port\' => 8992,
    \'remote_port\' => 8254,
    \'remote_addr\' => \'222.161.53.171\',
    \'server_protocol\' => \'HTTP/1.1\',
    \'server_software\' => \'swoole-http-server\',
  ),
   \'post\' => 
  array (
    \'third_id\' => \'orNcGwtHlk5bMwbxKPXactLT3Gr0\',
    \'user_area_id\' => \'010\',
    \'user_avatar\' => \'http://wx.qlogo.cn/mmopen/4poLNngsRZeCHIqXT3k41RwBHD1AT8vehTXk2z2ibrltOACIX52abbvMs5SzGibBacuzJoicicI2bujndSegLamROB4OxF2roY85/0\',
    \'user_name\' => \'红豆黏糕\',
  ),
))',
        1 => 'swoole_http_response::__set_state(array(
   \'fd\' => 18676,
))',
      ),
      'class' => 'socket\\HttpServer',
      'type' => '->',
    ),
    7 => 
    array (
      'file' => '/root/apps/90server/ZPHP/Socket/Adapter/Swoole.php',
      'line' => 134,
      'function' => 'start',
      'args' => 
      array (
      ),
      'class' => 'swoole_http_server',
      'type' => '->',
    ),
    8 => 
    array (
      'file' => '/root/apps/90server/ZPHP/Server/Adapter/Socket.php',
      'line' => 31,
      'function' => 'run',
      'args' => 
      array (
      ),
      'class' => 'ZPHP\\Socket\\Adapter\\Swoole',
      'type' => '->',
    ),
    9 => 
    array (
      'file' => '/root/apps/90server/ZPHP/ZPHP.php',
      'line' => 189,
      'function' => 'run',
      'args' => 
      array (
      ),
      'class' => 'ZPHP\\Server\\Adapter\\Socket',
      'type' => '->',
    ),
    10 => 
    array (
      'file' => '/root/apps/90server/Application/webroot/main.php',
      'line' => 7,
      'function' => 'run',
      'args' => 
      array (
        0 => '\'/root/apps/90server/Application\'',
      ),
      'class' => 'ZPHP\\ZPHP',
      'type' => '::',
    ),
  ),
)
